[0.430s] Invoking command in '/home/dcole3/arduinobot_ws/build/arduinobot_controller': CMAKE_PREFIX_PATH=/opt/ros/humble /usr/bin/cmake --build /home/dcole3/arduinobot_ws/build/arduinobot_controller -- -j4 -l4
[0.948s] Invoked command in '/home/dcole3/arduinobot_ws/build/arduinobot_controller' returned '0': CMAKE_PREFIX_PATH=/opt/ros/humble /usr/bin/cmake --build /home/dcole3/arduinobot_ws/build/arduinobot_controller -- -j4 -l4
[1.018s] Invoking command in '/home/dcole3/arduinobot_ws/build/arduinobot_controller': CMAKE_PREFIX_PATH=/opt/ros/humble /usr/bin/cmake --install /home/dcole3/arduinobot_ws/build/arduinobot_controller
[1.036s] -- Install configuration: ""
[1.037s] -- Up-to-date: /home/dcole3/arduinobot_ws/install/arduinobot_controller/share/arduinobot_controller/config
[1.037s] -- Up-to-date: /home/dcole3/arduinobot_ws/install/arduinobot_controller/share/arduinobot_controller/config/arduinobot_controllers.yaml
[1.037s] -- Up-to-date: /home/dcole3/arduinobot_ws/install/arduinobot_controller/share/ament_index/resource_index/package_run_dependencies/arduinobot_controller
[1.037s] -- Up-to-date: /home/dcole3/arduinobot_ws/install/arduinobot_controller/share/ament_index/resource_index/parent_prefix_path/arduinobot_controller
[1.037s] -- Up-to-date: /home/dcole3/arduinobot_ws/install/arduinobot_controller/share/arduinobot_controller/environment/ament_prefix_path.sh
[1.038s] -- Up-to-date: /home/dcole3/arduinobot_ws/install/arduinobot_controller/share/arduinobot_controller/environment/ament_prefix_path.dsv
[1.039s] -- Up-to-date: /home/dcole3/arduinobot_ws/install/arduinobot_controller/share/arduinobot_controller/environment/path.sh
[1.039s] -- Up-to-date: /home/dcole3/arduinobot_ws/install/arduinobot_controller/share/arduinobot_controller/environment/path.dsv
[1.039s] -- Up-to-date: /home/dcole3/arduinobot_ws/install/arduinobot_controller/share/arduinobot_controller/local_setup.bash
[1.039s] -- Up-to-date: /home/dcole3/arduinobot_ws/install/arduinobot_controller/share/arduinobot_controller/local_setup.sh
[1.055s] -- Up-to-date: /home/dcole3/arduinobot_ws/install/arduinobot_controller/share/arduinobot_controller/local_setup.zsh
[1.055s] -- Up-to-date: /home/dcole3/arduinobot_ws/install/arduinobot_controller/share/arduinobot_controller/local_setup.dsv
[1.056s] -- Installing: /home/dcole3/arduinobot_ws/install/arduinobot_controller/share/arduinobot_controller/package.dsv
[1.058s] -- Up-to-date: /home/dcole3/arduinobot_ws/install/arduinobot_controller/share/ament_index/resource_index/packages/arduinobot_controller
[1.058s] -- Up-to-date: /home/dcole3/arduinobot_ws/install/arduinobot_controller/share/arduinobot_controller/cmake/arduinobot_controllerConfig.cmake
[1.058s] -- Up-to-date: /home/dcole3/arduinobot_ws/install/arduinobot_controller/share/arduinobot_controller/cmake/arduinobot_controllerConfig-version.cmake
[1.058s] -- Up-to-date: /home/dcole3/arduinobot_ws/install/arduinobot_controller/share/arduinobot_controller/package.xml
[1.202s] Invoked command in '/home/dcole3/arduinobot_ws/build/arduinobot_controller' returned '0': CMAKE_PREFIX_PATH=/opt/ros/humble /usr/bin/cmake --install /home/dcole3/arduinobot_ws/build/arduinobot_controller
