[0.329s] Invoking command in '/home/dcole3/GitHub/arduinobot_ws/build/arduinobot_controller': CMAKE_PREFIX_PATH=/opt/ros/humble /usr/bin/cmake --build /home/dcole3/GitHub/arduinobot_ws/build/arduinobot_controller -- -j4 -l4
[0.868s] Invoked command in '/home/dcole3/GitHub/arduinobot_ws/build/arduinobot_controller' returned '0': CMAKE_PREFIX_PATH=/opt/ros/humble /usr/bin/cmake --build /home/dcole3/GitHub/arduinobot_ws/build/arduinobot_controller -- -j4 -l4
[0.932s] Invoking command in '/home/dcole3/GitHub/arduinobot_ws/build/arduinobot_controller': CMAKE_PREFIX_PATH=/opt/ros/humble /usr/bin/cmake --install /home/dcole3/GitHub/arduinobot_ws/build/arduinobot_controller
[0.950s] -- Install configuration: ""
[0.950s] -- Up-to-date: /home/dcole3/GitHub/arduinobot_ws/install/arduinobot_controller/share/arduinobot_controller/config
[0.952s] -- Up-to-date: /home/dcole3/GitHub/arduinobot_ws/install/arduinobot_controller/share/arduinobot_controller/config/arduinobot_controllers.yaml
[0.952s] -- Up-to-date: /home/dcole3/GitHub/arduinobot_ws/install/arduinobot_controller/share/arduinobot_controller/launch
[0.952s] -- Up-to-date: /home/dcole3/GitHub/arduinobot_ws/install/arduinobot_controller/share/arduinobot_controller/launch/controller.launch.py
[0.952s] -- Up-to-date: /home/dcole3/GitHub/arduinobot_ws/install/arduinobot_controller/share/ament_index/resource_index/package_run_dependencies/arduinobot_controller
[0.953s] -- Up-to-date: /home/dcole3/GitHub/arduinobot_ws/install/arduinobot_controller/share/ament_index/resource_index/parent_prefix_path/arduinobot_controller
[0.953s] -- Up-to-date: /home/dcole3/GitHub/arduinobot_ws/install/arduinobot_controller/share/arduinobot_controller/environment/ament_prefix_path.sh
[0.953s] -- Up-to-date: /home/dcole3/GitHub/arduinobot_ws/install/arduinobot_controller/share/arduinobot_controller/environment/ament_prefix_path.dsv
[0.953s] -- Up-to-date: /home/dcole3/GitHub/arduinobot_ws/install/arduinobot_controller/share/arduinobot_controller/environment/path.sh
[0.954s] -- Up-to-date: /home/dcole3/GitHub/arduinobot_ws/install/arduinobot_controller/share/arduinobot_controller/environment/path.dsv
[0.954s] -- Up-to-date: /home/dcole3/GitHub/arduinobot_ws/install/arduinobot_controller/share/arduinobot_controller/local_setup.bash
[0.954s] -- Up-to-date: /home/dcole3/GitHub/arduinobot_ws/install/arduinobot_controller/share/arduinobot_controller/local_setup.sh
[0.954s] -- Up-to-date: /home/dcole3/GitHub/arduinobot_ws/install/arduinobot_controller/share/arduinobot_controller/local_setup.zsh
[0.954s] -- Up-to-date: /home/dcole3/GitHub/arduinobot_ws/install/arduinobot_controller/share/arduinobot_controller/local_setup.dsv
[0.955s] -- Installing: /home/dcole3/GitHub/arduinobot_ws/install/arduinobot_controller/share/arduinobot_controller/package.dsv
[0.957s] -- Up-to-date: /home/dcole3/GitHub/arduinobot_ws/install/arduinobot_controller/share/ament_index/resource_index/packages/arduinobot_controller
[0.957s] -- Up-to-date: /home/dcole3/GitHub/arduinobot_ws/install/arduinobot_controller/share/arduinobot_controller/cmake/arduinobot_controllerConfig.cmake
[0.958s] -- Up-to-date: /home/dcole3/GitHub/arduinobot_ws/install/arduinobot_controller/share/arduinobot_controller/cmake/arduinobot_controllerConfig-version.cmake
[0.958s] -- Up-to-date: /home/dcole3/GitHub/arduinobot_ws/install/arduinobot_controller/share/arduinobot_controller/package.xml
[0.967s] Invoked command in '/home/dcole3/GitHub/arduinobot_ws/build/arduinobot_controller' returned '0': CMAKE_PREFIX_PATH=/opt/ros/humble /usr/bin/cmake --install /home/dcole3/GitHub/arduinobot_ws/build/arduinobot_controller
