[0.344s] Invoking command in '/home/dcole3/arduinobot_ws/build/arduinobot_controller': CMAKE_PREFIX_PATH=/opt/ros/humble /usr/bin/cmake --build /home/dcole3/arduinobot_ws/build/arduinobot_controller -- -j4 -l4
[0.461s] -- Found ament_cmake: 1.3.6 (/opt/ros/humble/share/ament_cmake/cmake)
[0.847s] -- Found ament_lint_auto: 0.12.9 (/opt/ros/humble/share/ament_lint_auto/cmake)
[0.965s] -- Added test 'flake8' to check Python code syntax and style conventions
[0.966s] -- Added test 'lint_cmake' to check CMake code style
[0.967s] -- Added test 'pep257' to check Python code against some of the docstring style conventions in PEP 257
[0.969s] -- Added test 'xmllint' to check XML markup files
[0.971s] -- Configuring done
[0.978s] -- Generating done
[0.980s] -- Build files have been written to: /home/dcole3/arduinobot_ws/build/arduinobot_controller
[1.091s] Invoked command in '/home/dcole3/arduinobot_ws/build/arduinobot_controller' returned '0': CMAKE_PREFIX_PATH=/opt/ros/humble /usr/bin/cmake --build /home/dcole3/arduinobot_ws/build/arduinobot_controller -- -j4 -l4
[1.161s] Invoking command in '/home/dcole3/arduinobot_ws/build/arduinobot_controller': CMAKE_PREFIX_PATH=/opt/ros/humble /usr/bin/cmake --install /home/dcole3/arduinobot_ws/build/arduinobot_controller
[1.200s] -- Install configuration: ""
[1.200s] -- Up-to-date: /home/dcole3/arduinobot_ws/install/arduinobot_controller/share/arduinobot_controller/config
[1.201s] -- Up-to-date: /home/dcole3/arduinobot_ws/install/arduinobot_controller/share/arduinobot_controller/config/arduinobot_controllers.yaml
[1.201s] -- Installing: /home/dcole3/arduinobot_ws/install/arduinobot_controller/share/arduinobot_controller/launch
[1.201s] -- Installing: /home/dcole3/arduinobot_ws/install/arduinobot_controller/share/arduinobot_controller/launch/controller.launch.py
[1.202s] -- Installing: /home/dcole3/arduinobot_ws/install/arduinobot_controller/share/ament_index/resource_index/package_run_dependencies/arduinobot_controller
[1.202s] -- Up-to-date: /home/dcole3/arduinobot_ws/install/arduinobot_controller/share/ament_index/resource_index/parent_prefix_path/arduinobot_controller
[1.202s] -- Up-to-date: /home/dcole3/arduinobot_ws/install/arduinobot_controller/share/arduinobot_controller/environment/ament_prefix_path.sh
[1.202s] -- Installing: /home/dcole3/arduinobot_ws/install/arduinobot_controller/share/arduinobot_controller/environment/ament_prefix_path.dsv
[1.203s] -- Up-to-date: /home/dcole3/arduinobot_ws/install/arduinobot_controller/share/arduinobot_controller/environment/path.sh
[1.203s] -- Installing: /home/dcole3/arduinobot_ws/install/arduinobot_controller/share/arduinobot_controller/environment/path.dsv
[1.203s] -- Up-to-date: /home/dcole3/arduinobot_ws/install/arduinobot_controller/share/arduinobot_controller/local_setup.bash
[1.204s] -- Up-to-date: /home/dcole3/arduinobot_ws/install/arduinobot_controller/share/arduinobot_controller/local_setup.sh
[1.204s] -- Up-to-date: /home/dcole3/arduinobot_ws/install/arduinobot_controller/share/arduinobot_controller/local_setup.zsh
[1.204s] -- Installing: /home/dcole3/arduinobot_ws/install/arduinobot_controller/share/arduinobot_controller/local_setup.dsv
[1.205s] -- Installing: /home/dcole3/arduinobot_ws/install/arduinobot_controller/share/arduinobot_controller/package.dsv
[1.205s] -- Up-to-date: /home/dcole3/arduinobot_ws/install/arduinobot_controller/share/ament_index/resource_index/packages/arduinobot_controller
[1.205s] -- Up-to-date: /home/dcole3/arduinobot_ws/install/arduinobot_controller/share/arduinobot_controller/cmake/arduinobot_controllerConfig.cmake
[1.205s] -- Up-to-date: /home/dcole3/arduinobot_ws/install/arduinobot_controller/share/arduinobot_controller/cmake/arduinobot_controllerConfig-version.cmake
[1.206s] -- Installing: /home/dcole3/arduinobot_ws/install/arduinobot_controller/share/arduinobot_controller/package.xml
[1.428s] Invoked command in '/home/dcole3/arduinobot_ws/build/arduinobot_controller' returned '0': CMAKE_PREFIX_PATH=/opt/ros/humble /usr/bin/cmake --install /home/dcole3/arduinobot_ws/build/arduinobot_controller
