[0.352s] Invoking command in '/home/dcole3/GitHub/arduinobot_ws/build/arduinobot_controller': CMAKE_PREFIX_PATH=/opt/ros/humble /usr/bin/cmake /home/dcole3/GitHub/arduinobot_ws/src/arduinobot_controller -DCMAKE_INSTALL_PREFIX=/home/dcole3/GitHub/arduinobot_ws/install/arduinobot_controller
[0.589s] -- The C compiler identification is GNU 11.4.0
[0.793s] -- The CXX compiler identification is GNU 11.4.0
[0.817s] -- Detecting C compiler ABI info
[0.992s] -- Detecting C compiler ABI info - done
[1.017s] -- Check for working C compiler: /usr/bin/cc - skipped
[1.028s] -- Detecting C compile features
[1.028s] -- Detecting C compile features - done
[1.039s] -- Detecting CXX compiler ABI info
[1.288s] -- Detecting CXX compiler ABI info - done
[1.298s] -- Check for working CXX compiler: /usr/bin/c++ - skipped
[1.299s] -- Detecting CXX compile features
[1.300s] -- Detecting CXX compile features - done
[1.310s] -- Found ament_cmake: 1.3.8 (/opt/ros/humble/share/ament_cmake/cmake)
[1.801s] -- Found Python3: /usr/bin/python3 (found version "3.10.12") found components: Interpreter 
[2.142s] -- Found ament_lint_auto: 0.12.10 (/opt/ros/humble/share/ament_lint_auto/cmake)
[2.466s] -- Added test 'flake8' to check Python code syntax and style conventions
[2.467s] -- Added test 'lint_cmake' to check CMake code style
[2.469s] -- Added test 'pep257' to check Python code against some of the docstring style conventions in PEP 257
[2.472s] -- Added test 'xmllint' to check XML markup files
[2.478s] -- Configuring done
[2.492s] -- Generating done
[2.499s] -- Build files have been written to: /home/dcole3/GitHub/arduinobot_ws/build/arduinobot_controller
[2.509s] Invoked command in '/home/dcole3/GitHub/arduinobot_ws/build/arduinobot_controller' returned '0': CMAKE_PREFIX_PATH=/opt/ros/humble /usr/bin/cmake /home/dcole3/GitHub/arduinobot_ws/src/arduinobot_controller -DCMAKE_INSTALL_PREFIX=/home/dcole3/GitHub/arduinobot_ws/install/arduinobot_controller
[2.512s] Invoking command in '/home/dcole3/GitHub/arduinobot_ws/build/arduinobot_controller': CMAKE_PREFIX_PATH=/opt/ros/humble /usr/bin/cmake --build /home/dcole3/GitHub/arduinobot_ws/build/arduinobot_controller -- -j4 -l4
[2.599s] Invoked command in '/home/dcole3/GitHub/arduinobot_ws/build/arduinobot_controller' returned '0': CMAKE_PREFIX_PATH=/opt/ros/humble /usr/bin/cmake --build /home/dcole3/GitHub/arduinobot_ws/build/arduinobot_controller -- -j4 -l4
[2.684s] Invoking command in '/home/dcole3/GitHub/arduinobot_ws/build/arduinobot_controller': CMAKE_PREFIX_PATH=/opt/ros/humble /usr/bin/cmake --install /home/dcole3/GitHub/arduinobot_ws/build/arduinobot_controller
[2.699s] -- Install configuration: ""
[2.700s] -- Installing: /home/dcole3/GitHub/arduinobot_ws/install/arduinobot_controller/share/arduinobot_controller/config
[2.701s] -- Installing: /home/dcole3/GitHub/arduinobot_ws/install/arduinobot_controller/share/arduinobot_controller/config/arduinobot_controllers.yaml
[2.701s] -- Installing: /home/dcole3/GitHub/arduinobot_ws/install/arduinobot_controller/share/arduinobot_controller/launch
[2.702s] -- Installing: /home/dcole3/GitHub/arduinobot_ws/install/arduinobot_controller/share/arduinobot_controller/launch/controller.launch.py
[2.702s] -- Installing: /home/dcole3/GitHub/arduinobot_ws/install/arduinobot_controller/share/ament_index/resource_index/package_run_dependencies/arduinobot_controller
[2.703s] -- Installing: /home/dcole3/GitHub/arduinobot_ws/install/arduinobot_controller/share/ament_index/resource_index/parent_prefix_path/arduinobot_controller
[2.703s] -- Installing: /home/dcole3/GitHub/arduinobot_ws/install/arduinobot_controller/share/arduinobot_controller/environment/ament_prefix_path.sh
[2.703s] -- Installing: /home/dcole3/GitHub/arduinobot_ws/install/arduinobot_controller/share/arduinobot_controller/environment/ament_prefix_path.dsv
[2.704s] -- Installing: /home/dcole3/GitHub/arduinobot_ws/install/arduinobot_controller/share/arduinobot_controller/environment/path.sh
[2.704s] -- Installing: /home/dcole3/GitHub/arduinobot_ws/install/arduinobot_controller/share/arduinobot_controller/environment/path.dsv
[2.704s] -- Installing: /home/dcole3/GitHub/arduinobot_ws/install/arduinobot_controller/share/arduinobot_controller/local_setup.bash
[2.705s] -- Installing: /home/dcole3/GitHub/arduinobot_ws/install/arduinobot_controller/share/arduinobot_controller/local_setup.sh
[2.705s] -- Installing: /home/dcole3/GitHub/arduinobot_ws/install/arduinobot_controller/share/arduinobot_controller/local_setup.zsh
[2.705s] -- Installing: /home/dcole3/GitHub/arduinobot_ws/install/arduinobot_controller/share/arduinobot_controller/local_setup.dsv
[2.706s] -- Installing: /home/dcole3/GitHub/arduinobot_ws/install/arduinobot_controller/share/arduinobot_controller/package.dsv
[2.706s] -- Installing: /home/dcole3/GitHub/arduinobot_ws/install/arduinobot_controller/share/ament_index/resource_index/packages/arduinobot_controller
[2.706s] -- Installing: /home/dcole3/GitHub/arduinobot_ws/install/arduinobot_controller/share/arduinobot_controller/cmake/arduinobot_controllerConfig.cmake
[2.707s] -- Installing: /home/dcole3/GitHub/arduinobot_ws/install/arduinobot_controller/share/arduinobot_controller/cmake/arduinobot_controllerConfig-version.cmake
[2.707s] -- Installing: /home/dcole3/GitHub/arduinobot_ws/install/arduinobot_controller/share/arduinobot_controller/package.xml
[2.712s] Invoked command in '/home/dcole3/GitHub/arduinobot_ws/build/arduinobot_controller' returned '0': CMAKE_PREFIX_PATH=/opt/ros/humble /usr/bin/cmake --install /home/dcole3/GitHub/arduinobot_ws/build/arduinobot_controller
