[1.881s] DEBUG:colcon:Command line arguments: ['/usr/bin/colcon', 'build']
[1.881s] DEBUG:colcon:Parsed command line arguments: Namespace(log_base=None, log_level=None, verb_name='build', build_base='build', install_base='install', merge_install=False, symlink_install=False, test_result_base=None, continue_on_error=False, executor='parallel', parallel_workers=4, event_handlers=None, ignore_user_meta=False, metas=['./colcon.meta'], base_paths=['.'], packages_ignore=None, packages_ignore_regex=None, paths=None, packages_up_to=None, packages_up_to_regex=None, packages_above=None, packages_above_and_dependencies=None, packages_above_depth=None, packages_select_by_dep=None, packages_skip_by_dep=None, packages_skip_up_to=None, packages_select_build_failed=False, packages_skip_build_finished=False, packages_select_test_failures=False, packages_skip_test_passed=False, packages_select=None, packages_skip=None, packages_select_regex=None, packages_skip_regex=None, packages_start=None, packages_end=None, allow_overriding=[], cmake_args=None, cmake_target=None, cmake_target_skip_unavailable=False, cmake_clean_cache=False, cmake_clean_first=False, cmake_force_configure=False, ament_cmake_args=None, catkin_cmake_args=None, catkin_skip_building_tests=False, verb_parser=<colcon_defaults.argument_parser.defaults.DefaultArgumentsDecorator object at 0x7fc9dc87c490>, verb_extension=<colcon_core.verb.build.BuildVerb object at 0x7fc9dda97f40>, main=<bound method BuildVerb.main of <colcon_core.verb.build.BuildVerb object at 0x7fc9dda97f40>>)
[1.987s] Level 1:colcon.colcon_core.package_discovery:discover_packages(colcon_meta) check parameters
[1.987s] Level 1:colcon.colcon_core.package_discovery:discover_packages(recursive) check parameters
[1.987s] Level 1:colcon.colcon_core.package_discovery:discover_packages(ignore) check parameters
[1.987s] Level 1:colcon.colcon_core.package_discovery:discover_packages(path) check parameters
[1.987s] Level 1:colcon.colcon_core.package_discovery:discover_packages(colcon_meta) discover
[1.987s] Level 1:colcon.colcon_core.package_discovery:discover_packages(recursive) discover
[1.988s] INFO:colcon.colcon_core.package_discovery:Crawling recursively for packages in '/home/dcole3/arduinobot_ws'
[1.988s] Level 1:colcon.colcon_core.package_identification:_identify(.) by extensions ['ignore', 'ignore_ament_install']
[1.988s] Level 1:colcon.colcon_core.package_identification:_identify(.) by extension 'ignore'
[1.988s] Level 1:colcon.colcon_core.package_identification:_identify(.) by extension 'ignore_ament_install'
[1.988s] Level 1:colcon.colcon_core.package_identification:_identify(.) by extensions ['colcon_pkg']
[1.988s] Level 1:colcon.colcon_core.package_identification:_identify(.) by extension 'colcon_pkg'
[1.988s] Level 1:colcon.colcon_core.package_identification:_identify(.) by extensions ['colcon_meta']
[1.988s] Level 1:colcon.colcon_core.package_identification:_identify(.) by extension 'colcon_meta'
[1.988s] Level 1:colcon.colcon_core.package_identification:_identify(.) by extensions ['ros']
[1.988s] Level 1:colcon.colcon_core.package_identification:_identify(.) by extension 'ros'
[2.012s] Level 1:colcon.colcon_core.package_identification:_identify(.) by extensions ['cmake', 'python']
[2.012s] Level 1:colcon.colcon_core.package_identification:_identify(.) by extension 'cmake'
[2.013s] Level 1:colcon.colcon_core.package_identification:_identify(.) by extension 'python'
[2.013s] Level 1:colcon.colcon_core.package_identification:_identify(.) by extensions ['python_setup_py']
[2.013s] Level 1:colcon.colcon_core.package_identification:_identify(.) by extension 'python_setup_py'
[2.013s] Level 1:colcon.colcon_core.package_identification:_identify(build) by extensions ['ignore', 'ignore_ament_install']
[2.013s] Level 1:colcon.colcon_core.package_identification:_identify(build) by extension 'ignore'
[2.013s] Level 1:colcon.colcon_core.package_identification:_identify(build) ignored
[2.013s] Level 1:colcon.colcon_core.package_identification:_identify(install) by extensions ['ignore', 'ignore_ament_install']
[2.013s] Level 1:colcon.colcon_core.package_identification:_identify(install) by extension 'ignore'
[2.013s] Level 1:colcon.colcon_core.package_identification:_identify(install) ignored
[2.014s] Level 1:colcon.colcon_core.package_identification:_identify(log) by extensions ['ignore', 'ignore_ament_install']
[2.014s] Level 1:colcon.colcon_core.package_identification:_identify(log) by extension 'ignore'
[2.014s] Level 1:colcon.colcon_core.package_identification:_identify(log) ignored
[2.014s] Level 1:colcon.colcon_core.package_identification:_identify(src) by extensions ['ignore', 'ignore_ament_install']
[2.014s] Level 1:colcon.colcon_core.package_identification:_identify(src) by extension 'ignore'
[2.014s] Level 1:colcon.colcon_core.package_identification:_identify(src) by extension 'ignore_ament_install'
[2.014s] Level 1:colcon.colcon_core.package_identification:_identify(src) by extensions ['colcon_pkg']
[2.014s] Level 1:colcon.colcon_core.package_identification:_identify(src) by extension 'colcon_pkg'
[2.014s] Level 1:colcon.colcon_core.package_identification:_identify(src) by extensions ['colcon_meta']
[2.014s] Level 1:colcon.colcon_core.package_identification:_identify(src) by extension 'colcon_meta'
[2.014s] Level 1:colcon.colcon_core.package_identification:_identify(src) by extensions ['ros']
[2.014s] Level 1:colcon.colcon_core.package_identification:_identify(src) by extension 'ros'
[2.015s] Level 1:colcon.colcon_core.package_identification:_identify(src) by extensions ['cmake', 'python']
[2.015s] Level 1:colcon.colcon_core.package_identification:_identify(src) by extension 'cmake'
[2.015s] Level 1:colcon.colcon_core.package_identification:_identify(src) by extension 'python'
[2.015s] Level 1:colcon.colcon_core.package_identification:_identify(src) by extensions ['python_setup_py']
[2.015s] Level 1:colcon.colcon_core.package_identification:_identify(src) by extension 'python_setup_py'
[2.015s] Level 1:colcon.colcon_core.package_identification:_identify(src/arduinobot_cpp_examples) by extensions ['ignore', 'ignore_ament_install']
[2.015s] Level 1:colcon.colcon_core.package_identification:_identify(src/arduinobot_cpp_examples) by extension 'ignore'
[2.015s] Level 1:colcon.colcon_core.package_identification:_identify(src/arduinobot_cpp_examples) by extension 'ignore_ament_install'
[2.015s] Level 1:colcon.colcon_core.package_identification:_identify(src/arduinobot_cpp_examples) by extensions ['colcon_pkg']
[2.015s] Level 1:colcon.colcon_core.package_identification:_identify(src/arduinobot_cpp_examples) by extension 'colcon_pkg'
[2.015s] Level 1:colcon.colcon_core.package_identification:_identify(src/arduinobot_cpp_examples) by extensions ['colcon_meta']
[2.015s] Level 1:colcon.colcon_core.package_identification:_identify(src/arduinobot_cpp_examples) by extension 'colcon_meta'
[2.015s] Level 1:colcon.colcon_core.package_identification:_identify(src/arduinobot_cpp_examples) by extensions ['ros']
[2.015s] Level 1:colcon.colcon_core.package_identification:_identify(src/arduinobot_cpp_examples) by extension 'ros'
[2.019s] DEBUG:colcon.colcon_core.package_identification:Package 'src/arduinobot_cpp_examples' with type 'ros.ament_cmake' and name 'arduinobot_cpp_examples'
[2.020s] Level 1:colcon.colcon_core.package_identification:_identify(src/arduinobot_description) by extensions ['ignore', 'ignore_ament_install']
[2.020s] Level 1:colcon.colcon_core.package_identification:_identify(src/arduinobot_description) by extension 'ignore'
[2.020s] Level 1:colcon.colcon_core.package_identification:_identify(src/arduinobot_description) by extension 'ignore_ament_install'
[2.020s] Level 1:colcon.colcon_core.package_identification:_identify(src/arduinobot_description) by extensions ['colcon_pkg']
[2.020s] Level 1:colcon.colcon_core.package_identification:_identify(src/arduinobot_description) by extension 'colcon_pkg'
[2.020s] Level 1:colcon.colcon_core.package_identification:_identify(src/arduinobot_description) by extensions ['colcon_meta']
[2.020s] Level 1:colcon.colcon_core.package_identification:_identify(src/arduinobot_description) by extension 'colcon_meta'
[2.020s] Level 1:colcon.colcon_core.package_identification:_identify(src/arduinobot_description) by extensions ['ros']
[2.020s] Level 1:colcon.colcon_core.package_identification:_identify(src/arduinobot_description) by extension 'ros'
[2.021s] DEBUG:colcon.colcon_core.package_identification:Package 'src/arduinobot_description' with type 'ros.ament_cmake' and name 'arduinobot_description'
[2.021s] Level 1:colcon.colcon_core.package_identification:_identify(src/arduinobot_py_examples) by extensions ['ignore', 'ignore_ament_install']
[2.022s] Level 1:colcon.colcon_core.package_identification:_identify(src/arduinobot_py_examples) by extension 'ignore'
[2.022s] Level 1:colcon.colcon_core.package_identification:_identify(src/arduinobot_py_examples) by extension 'ignore_ament_install'
[2.022s] Level 1:colcon.colcon_core.package_identification:_identify(src/arduinobot_py_examples) by extensions ['colcon_pkg']
[2.022s] Level 1:colcon.colcon_core.package_identification:_identify(src/arduinobot_py_examples) by extension 'colcon_pkg'
[2.022s] Level 1:colcon.colcon_core.package_identification:_identify(src/arduinobot_py_examples) by extensions ['colcon_meta']
[2.022s] Level 1:colcon.colcon_core.package_identification:_identify(src/arduinobot_py_examples) by extension 'colcon_meta'
[2.022s] Level 1:colcon.colcon_core.package_identification:_identify(src/arduinobot_py_examples) by extensions ['ros']
[2.022s] Level 1:colcon.colcon_core.package_identification:_identify(src/arduinobot_py_examples) by extension 'ros'
[2.023s] DEBUG:colcon.colcon_core.package_identification:Package 'src/arduinobot_py_examples' with type 'ros.ament_python' and name 'arduinobot_py_examples'
[2.023s] Level 1:colcon.colcon_core.package_discovery:discover_packages(recursive) using defaults
[2.023s] Level 1:colcon.colcon_core.package_discovery:discover_packages(ignore) discover
[2.023s] Level 1:colcon.colcon_core.package_discovery:discover_packages(ignore) using defaults
[2.023s] Level 1:colcon.colcon_core.package_discovery:discover_packages(path) discover
[2.023s] Level 1:colcon.colcon_core.package_discovery:discover_packages(path) using defaults
[2.175s] Level 1:colcon.colcon_core.package_discovery:discover_packages(prefix_path) check parameters
[2.175s] Level 1:colcon.colcon_core.package_discovery:discover_packages(prefix_path) discover
[2.223s] DEBUG:colcon.colcon_installed_package_information.package_discovery:Found 354 installed packages in /opt/ros/humble
[2.225s] Level 1:colcon.colcon_core.package_discovery:discover_packages(prefix_path) using defaults
[2.394s] Level 5:colcon.colcon_core.verb:set package 'arduinobot_cpp_examples' build argument 'cmake_args' from command line to 'None'
[2.394s] Level 5:colcon.colcon_core.verb:set package 'arduinobot_cpp_examples' build argument 'cmake_target' from command line to 'None'
[2.394s] Level 5:colcon.colcon_core.verb:set package 'arduinobot_cpp_examples' build argument 'cmake_target_skip_unavailable' from command line to 'False'
[2.394s] Level 5:colcon.colcon_core.verb:set package 'arduinobot_cpp_examples' build argument 'cmake_clean_cache' from command line to 'False'
[2.394s] Level 5:colcon.colcon_core.verb:set package 'arduinobot_cpp_examples' build argument 'cmake_clean_first' from command line to 'False'
[2.395s] Level 5:colcon.colcon_core.verb:set package 'arduinobot_cpp_examples' build argument 'cmake_force_configure' from command line to 'False'
[2.395s] Level 5:colcon.colcon_core.verb:set package 'arduinobot_cpp_examples' build argument 'ament_cmake_args' from command line to 'None'
[2.395s] Level 5:colcon.colcon_core.verb:set package 'arduinobot_cpp_examples' build argument 'catkin_cmake_args' from command line to 'None'
[2.395s] Level 5:colcon.colcon_core.verb:set package 'arduinobot_cpp_examples' build argument 'catkin_skip_building_tests' from command line to 'False'
[2.395s] DEBUG:colcon.colcon_core.verb:Building package 'arduinobot_cpp_examples' with the following arguments: {'ament_cmake_args': None, 'build_base': '/home/dcole3/arduinobot_ws/build/arduinobot_cpp_examples', 'catkin_cmake_args': None, 'catkin_skip_building_tests': False, 'cmake_args': None, 'cmake_clean_cache': False, 'cmake_clean_first': False, 'cmake_force_configure': False, 'cmake_target': None, 'cmake_target_skip_unavailable': False, 'install_base': '/home/dcole3/arduinobot_ws/install/arduinobot_cpp_examples', 'merge_install': False, 'path': '/home/dcole3/arduinobot_ws/src/arduinobot_cpp_examples', 'symlink_install': False, 'test_result_base': None}
[2.416s] Level 5:colcon.colcon_core.verb:set package 'arduinobot_description' build argument 'cmake_args' from command line to 'None'
[2.416s] Level 5:colcon.colcon_core.verb:set package 'arduinobot_description' build argument 'cmake_target' from command line to 'None'
[2.416s] Level 5:colcon.colcon_core.verb:set package 'arduinobot_description' build argument 'cmake_target_skip_unavailable' from command line to 'False'
[2.416s] Level 5:colcon.colcon_core.verb:set package 'arduinobot_description' build argument 'cmake_clean_cache' from command line to 'False'
[2.417s] Level 5:colcon.colcon_core.verb:set package 'arduinobot_description' build argument 'cmake_clean_first' from command line to 'False'
[2.417s] Level 5:colcon.colcon_core.verb:set package 'arduinobot_description' build argument 'cmake_force_configure' from command line to 'False'
[2.417s] Level 5:colcon.colcon_core.verb:set package 'arduinobot_description' build argument 'ament_cmake_args' from command line to 'None'
[2.417s] Level 5:colcon.colcon_core.verb:set package 'arduinobot_description' build argument 'catkin_cmake_args' from command line to 'None'
[2.417s] Level 5:colcon.colcon_core.verb:set package 'arduinobot_description' build argument 'catkin_skip_building_tests' from command line to 'False'
[2.417s] DEBUG:colcon.colcon_core.verb:Building package 'arduinobot_description' with the following arguments: {'ament_cmake_args': None, 'build_base': '/home/dcole3/arduinobot_ws/build/arduinobot_description', 'catkin_cmake_args': None, 'catkin_skip_building_tests': False, 'cmake_args': None, 'cmake_clean_cache': False, 'cmake_clean_first': False, 'cmake_force_configure': False, 'cmake_target': None, 'cmake_target_skip_unavailable': False, 'install_base': '/home/dcole3/arduinobot_ws/install/arduinobot_description', 'merge_install': False, 'path': '/home/dcole3/arduinobot_ws/src/arduinobot_description', 'symlink_install': False, 'test_result_base': None}
[2.439s] Level 5:colcon.colcon_core.verb:set package 'arduinobot_py_examples' build argument 'cmake_args' from command line to 'None'
[2.439s] Level 5:colcon.colcon_core.verb:set package 'arduinobot_py_examples' build argument 'cmake_target' from command line to 'None'
[2.439s] Level 5:colcon.colcon_core.verb:set package 'arduinobot_py_examples' build argument 'cmake_target_skip_unavailable' from command line to 'False'
[2.439s] Level 5:colcon.colcon_core.verb:set package 'arduinobot_py_examples' build argument 'cmake_clean_cache' from command line to 'False'
[2.439s] Level 5:colcon.colcon_core.verb:set package 'arduinobot_py_examples' build argument 'cmake_clean_first' from command line to 'False'
[2.439s] Level 5:colcon.colcon_core.verb:set package 'arduinobot_py_examples' build argument 'cmake_force_configure' from command line to 'False'
[2.439s] Level 5:colcon.colcon_core.verb:set package 'arduinobot_py_examples' build argument 'ament_cmake_args' from command line to 'None'
[2.439s] Level 5:colcon.colcon_core.verb:set package 'arduinobot_py_examples' build argument 'catkin_cmake_args' from command line to 'None'
[2.439s] Level 5:colcon.colcon_core.verb:set package 'arduinobot_py_examples' build argument 'catkin_skip_building_tests' from command line to 'False'
[2.439s] DEBUG:colcon.colcon_core.verb:Building package 'arduinobot_py_examples' with the following arguments: {'ament_cmake_args': None, 'build_base': '/home/dcole3/arduinobot_ws/build/arduinobot_py_examples', 'catkin_cmake_args': None, 'catkin_skip_building_tests': False, 'cmake_args': None, 'cmake_clean_cache': False, 'cmake_clean_first': False, 'cmake_force_configure': False, 'cmake_target': None, 'cmake_target_skip_unavailable': False, 'install_base': '/home/dcole3/arduinobot_ws/install/arduinobot_py_examples', 'merge_install': False, 'path': '/home/dcole3/arduinobot_ws/src/arduinobot_py_examples', 'symlink_install': False, 'test_result_base': None}
[2.461s] INFO:colcon.colcon_core.executor:Executing jobs using 'parallel' executor
[2.484s] DEBUG:colcon.colcon_parallel_executor.executor.parallel:run_until_complete
[2.484s] INFO:colcon.colcon_ros.task.ament_cmake.build:Building ROS package in '/home/dcole3/arduinobot_ws/src/arduinobot_cpp_examples' with build type 'ament_cmake'
[2.484s] INFO:colcon.colcon_cmake.task.cmake.build:Building CMake package in '/home/dcole3/arduinobot_ws/src/arduinobot_cpp_examples'
[2.514s] INFO:colcon.colcon_core.plugin_system:Skipping extension 'colcon_core.shell.bat': Not used on non-Windows systems
[2.514s] INFO:colcon.colcon_core.shell:Skip shell extension 'powershell' for command environment: Not usable outside of PowerShell
[2.514s] DEBUG:colcon.colcon_core.shell:Skip shell extension 'dsv' for command environment
[2.562s] INFO:colcon.colcon_ros.task.ament_cmake.build:Building ROS package in '/home/dcole3/arduinobot_ws/src/arduinobot_description' with build type 'ament_cmake'
[2.562s] INFO:colcon.colcon_cmake.task.cmake.build:Building CMake package in '/home/dcole3/arduinobot_ws/src/arduinobot_description'
[2.586s] INFO:colcon.colcon_core.shell:Skip shell extension 'powershell' for command environment: Not usable outside of PowerShell
[2.586s] DEBUG:colcon.colcon_core.shell:Skip shell extension 'dsv' for command environment
[2.636s] INFO:colcon.colcon_ros.task.ament_python.build:Building ROS package in '/home/dcole3/arduinobot_ws/src/arduinobot_py_examples' with build type 'ament_python'
[2.636s] Level 1:colcon.colcon_core.shell:create_environment_hook('arduinobot_py_examples', 'ament_prefix_path')
[2.659s] INFO:colcon.colcon_core.shell:Creating environment hook '/home/dcole3/arduinobot_ws/install/arduinobot_py_examples/share/arduinobot_py_examples/hook/ament_prefix_path.ps1'
[2.661s] INFO:colcon.colcon_core.shell:Creating environment descriptor '/home/dcole3/arduinobot_ws/install/arduinobot_py_examples/share/arduinobot_py_examples/hook/ament_prefix_path.dsv'
[2.662s] INFO:colcon.colcon_core.shell:Creating environment hook '/home/dcole3/arduinobot_ws/install/arduinobot_py_examples/share/arduinobot_py_examples/hook/ament_prefix_path.sh'
[2.686s] INFO:colcon.colcon_core.shell:Skip shell extension 'powershell' for command environment: Not usable outside of PowerShell
[2.686s] DEBUG:colcon.colcon_core.shell:Skip shell extension 'dsv' for command environment
[2.742s] DEBUG:colcon.colcon_core.event_handler.log_command:Invoking command in '/home/dcole3/arduinobot_ws/build/arduinobot_cpp_examples': CMAKE_PREFIX_PATH=/opt/ros/humble /usr/bin/cmake --build /home/dcole3/arduinobot_ws/build/arduinobot_cpp_examples -- -j4 -l4
[2.752s] DEBUG:colcon.colcon_core.event_handler.log_command:Invoking command in '/home/dcole3/arduinobot_ws/build/arduinobot_description': CMAKE_PREFIX_PATH=/opt/ros/humble /usr/bin/cmake --build /home/dcole3/arduinobot_ws/build/arduinobot_description -- -j4 -l4
[3.183s] INFO:colcon.colcon_core.task.python.build:Building Python package in '/home/dcole3/arduinobot_ws/src/arduinobot_py_examples'
[3.205s] INFO:colcon.colcon_core.shell:Skip shell extension 'powershell' for command environment: Not usable outside of PowerShell
[3.205s] DEBUG:colcon.colcon_core.shell:Skip shell extension 'dsv' for command environment
[3.254s] DEBUG:colcon.colcon_core.event_handler.log_command:Invoked command in '/home/dcole3/arduinobot_ws/build/arduinobot_description' returned '0': CMAKE_PREFIX_PATH=/opt/ros/humble /usr/bin/cmake --build /home/dcole3/arduinobot_ws/build/arduinobot_description -- -j4 -l4
[3.256s] DEBUG:colcon.colcon_core.event_handler.log_command:Invoked command in '/home/dcole3/arduinobot_ws/build/arduinobot_cpp_examples' returned '0': CMAKE_PREFIX_PATH=/opt/ros/humble /usr/bin/cmake --build /home/dcole3/arduinobot_ws/build/arduinobot_cpp_examples -- -j4 -l4
[3.310s] DEBUG:colcon.colcon_core.event_handler.log_command:Invoking command in '/home/dcole3/arduinobot_ws/build/arduinobot_description': CMAKE_PREFIX_PATH=/opt/ros/humble /usr/bin/cmake --install /home/dcole3/arduinobot_ws/build/arduinobot_description
[3.316s] DEBUG:colcon.colcon_core.event_handler.log_command:Invoking command in '/home/dcole3/arduinobot_ws/build/arduinobot_cpp_examples': CMAKE_PREFIX_PATH=/opt/ros/humble /usr/bin/cmake --install /home/dcole3/arduinobot_ws/build/arduinobot_cpp_examples
[3.336s] Level 1:colcon.colcon_core.environment:create_environment_scripts_only(arduinobot_description)
[3.337s] DEBUG:colcon.colcon_core.event_handler.log_command:Invoked command in '/home/dcole3/arduinobot_ws/build/arduinobot_description' returned '0': CMAKE_PREFIX_PATH=/opt/ros/humble /usr/bin/cmake --install /home/dcole3/arduinobot_ws/build/arduinobot_description
[3.374s] Level 1:colcon.colcon_core.environment:checking '/home/dcole3/arduinobot_ws/install/arduinobot_description' for CMake module files
[3.375s] Level 1:colcon.colcon_core.environment:checking '/home/dcole3/arduinobot_ws/install/arduinobot_description' for CMake config files
[3.376s] Level 1:colcon.colcon_core.shell:create_environment_hook('arduinobot_description', 'cmake_prefix_path')
[3.401s] INFO:colcon.colcon_core.shell:Creating environment hook '/home/dcole3/arduinobot_ws/install/arduinobot_description/share/arduinobot_description/hook/cmake_prefix_path.ps1'
[3.402s] INFO:colcon.colcon_core.shell:Creating environment descriptor '/home/dcole3/arduinobot_ws/install/arduinobot_description/share/arduinobot_description/hook/cmake_prefix_path.dsv'
[3.402s] INFO:colcon.colcon_core.shell:Creating environment hook '/home/dcole3/arduinobot_ws/install/arduinobot_description/share/arduinobot_description/hook/cmake_prefix_path.sh'
[3.403s] Level 1:colcon.colcon_core.environment:checking '/home/dcole3/arduinobot_ws/install/arduinobot_description/bin'
[3.403s] Level 1:colcon.colcon_core.environment:checking '/home/dcole3/arduinobot_ws/install/arduinobot_description/lib/pkgconfig/arduinobot_description.pc'
[3.404s] Level 1:colcon.colcon_core.environment:checking '/home/dcole3/arduinobot_ws/install/arduinobot_description/lib/python3.10/site-packages'
[3.404s] Level 1:colcon.colcon_core.environment:checking '/home/dcole3/arduinobot_ws/install/arduinobot_description/bin'
[3.430s] INFO:colcon.colcon_core.shell:Creating package script '/home/dcole3/arduinobot_ws/install/arduinobot_description/share/arduinobot_description/package.ps1'
[3.431s] INFO:colcon.colcon_core.shell:Creating package descriptor '/home/dcole3/arduinobot_ws/install/arduinobot_description/share/arduinobot_description/package.dsv'
[3.432s] INFO:colcon.colcon_core.shell:Creating package script '/home/dcole3/arduinobot_ws/install/arduinobot_description/share/arduinobot_description/package.sh'
[3.434s] INFO:colcon.colcon_core.shell:Creating package script '/home/dcole3/arduinobot_ws/install/arduinobot_description/share/arduinobot_description/package.bash'
[3.435s] INFO:colcon.colcon_core.shell:Creating package script '/home/dcole3/arduinobot_ws/install/arduinobot_description/share/arduinobot_description/package.zsh'
[3.436s] Level 1:colcon.colcon_core.environment:create_file_with_runtime_dependencies(/home/dcole3/arduinobot_ws/install/arduinobot_description/share/colcon-core/packages/arduinobot_description)
[3.439s] Level 1:colcon.colcon_core.environment:create_environment_scripts_only(arduinobot_cpp_examples)
[3.440s] DEBUG:colcon.colcon_core.event_handler.log_command:Invoked command in '/home/dcole3/arduinobot_ws/build/arduinobot_cpp_examples' returned '0': CMAKE_PREFIX_PATH=/opt/ros/humble /usr/bin/cmake --install /home/dcole3/arduinobot_ws/build/arduinobot_cpp_examples
[3.479s] Level 1:colcon.colcon_core.environment:checking '/home/dcole3/arduinobot_ws/install/arduinobot_cpp_examples' for CMake module files
[3.480s] Level 1:colcon.colcon_core.environment:checking '/home/dcole3/arduinobot_ws/install/arduinobot_cpp_examples' for CMake config files
[3.481s] Level 1:colcon.colcon_core.shell:create_environment_hook('arduinobot_cpp_examples', 'cmake_prefix_path')
[3.506s] INFO:colcon.colcon_core.shell:Creating environment hook '/home/dcole3/arduinobot_ws/install/arduinobot_cpp_examples/share/arduinobot_cpp_examples/hook/cmake_prefix_path.ps1'
[3.506s] INFO:colcon.colcon_core.shell:Creating environment descriptor '/home/dcole3/arduinobot_ws/install/arduinobot_cpp_examples/share/arduinobot_cpp_examples/hook/cmake_prefix_path.dsv'
[3.507s] INFO:colcon.colcon_core.shell:Creating environment hook '/home/dcole3/arduinobot_ws/install/arduinobot_cpp_examples/share/arduinobot_cpp_examples/hook/cmake_prefix_path.sh'
[3.508s] Level 1:colcon.colcon_core.environment:checking '/home/dcole3/arduinobot_ws/install/arduinobot_cpp_examples/lib'
[3.508s] Level 1:colcon.colcon_core.environment:checking '/home/dcole3/arduinobot_ws/install/arduinobot_cpp_examples/bin'
[3.508s] Level 1:colcon.colcon_core.environment:checking '/home/dcole3/arduinobot_ws/install/arduinobot_cpp_examples/lib/pkgconfig/arduinobot_cpp_examples.pc'
[3.508s] Level 1:colcon.colcon_core.environment:checking '/home/dcole3/arduinobot_ws/install/arduinobot_cpp_examples/lib/python3.10/site-packages'
[3.509s] Level 1:colcon.colcon_core.environment:checking '/home/dcole3/arduinobot_ws/install/arduinobot_cpp_examples/bin'
[3.534s] INFO:colcon.colcon_core.shell:Creating package script '/home/dcole3/arduinobot_ws/install/arduinobot_cpp_examples/share/arduinobot_cpp_examples/package.ps1'
[3.534s] INFO:colcon.colcon_core.shell:Creating package descriptor '/home/dcole3/arduinobot_ws/install/arduinobot_cpp_examples/share/arduinobot_cpp_examples/package.dsv'
[3.535s] INFO:colcon.colcon_core.shell:Creating package script '/home/dcole3/arduinobot_ws/install/arduinobot_cpp_examples/share/arduinobot_cpp_examples/package.sh'
[3.535s] INFO:colcon.colcon_core.shell:Creating package script '/home/dcole3/arduinobot_ws/install/arduinobot_cpp_examples/share/arduinobot_cpp_examples/package.bash'
[3.536s] INFO:colcon.colcon_core.shell:Creating package script '/home/dcole3/arduinobot_ws/install/arduinobot_cpp_examples/share/arduinobot_cpp_examples/package.zsh'
[3.536s] Level 1:colcon.colcon_core.environment:create_file_with_runtime_dependencies(/home/dcole3/arduinobot_ws/install/arduinobot_cpp_examples/share/colcon-core/packages/arduinobot_cpp_examples)
[3.573s] Level 1:colcon.colcon_core.environment:create_environment_scripts_only(arduinobot_description)
[3.600s] Level 1:colcon.colcon_core.environment:checking '/home/dcole3/arduinobot_ws/install/arduinobot_description' for CMake module files
[3.600s] Level 1:colcon.colcon_core.environment:checking '/home/dcole3/arduinobot_ws/install/arduinobot_description' for CMake config files
[3.601s] Level 1:colcon.colcon_core.shell:create_environment_hook('arduinobot_description', 'cmake_prefix_path')
[3.626s] INFO:colcon.colcon_core.shell:Creating environment hook '/home/dcole3/arduinobot_ws/install/arduinobot_description/share/arduinobot_description/hook/cmake_prefix_path.ps1'
[3.626s] INFO:colcon.colcon_core.shell:Creating environment descriptor '/home/dcole3/arduinobot_ws/install/arduinobot_description/share/arduinobot_description/hook/cmake_prefix_path.dsv'
[3.627s] INFO:colcon.colcon_core.shell:Creating environment hook '/home/dcole3/arduinobot_ws/install/arduinobot_description/share/arduinobot_description/hook/cmake_prefix_path.sh'
[3.628s] Level 1:colcon.colcon_core.environment:checking '/home/dcole3/arduinobot_ws/install/arduinobot_description/bin'
[3.628s] Level 1:colcon.colcon_core.environment:checking '/home/dcole3/arduinobot_ws/install/arduinobot_description/lib/pkgconfig/arduinobot_description.pc'
[3.628s] Level 1:colcon.colcon_core.environment:checking '/home/dcole3/arduinobot_ws/install/arduinobot_description/lib/python3.10/site-packages'
[3.629s] Level 1:colcon.colcon_core.environment:checking '/home/dcole3/arduinobot_ws/install/arduinobot_description/bin'
[3.653s] INFO:colcon.colcon_core.shell:Creating package script '/home/dcole3/arduinobot_ws/install/arduinobot_description/share/arduinobot_description/package.ps1'
[3.654s] INFO:colcon.colcon_core.shell:Creating package descriptor '/home/dcole3/arduinobot_ws/install/arduinobot_description/share/arduinobot_description/package.dsv'
[3.655s] INFO:colcon.colcon_core.shell:Creating package script '/home/dcole3/arduinobot_ws/install/arduinobot_description/share/arduinobot_description/package.sh'
[3.655s] INFO:colcon.colcon_core.shell:Creating package script '/home/dcole3/arduinobot_ws/install/arduinobot_description/share/arduinobot_description/package.bash'
[3.656s] INFO:colcon.colcon_core.shell:Creating package script '/home/dcole3/arduinobot_ws/install/arduinobot_description/share/arduinobot_description/package.zsh'
[3.656s] Level 1:colcon.colcon_core.environment:create_file_with_runtime_dependencies(/home/dcole3/arduinobot_ws/install/arduinobot_description/share/colcon-core/packages/arduinobot_description)
[3.683s] Level 1:colcon.colcon_core.environment:create_environment_scripts_only(arduinobot_cpp_examples)
[3.710s] Level 1:colcon.colcon_core.environment:checking '/home/dcole3/arduinobot_ws/install/arduinobot_cpp_examples' for CMake module files
[3.711s] Level 1:colcon.colcon_core.environment:checking '/home/dcole3/arduinobot_ws/install/arduinobot_cpp_examples' for CMake config files
[3.711s] Level 1:colcon.colcon_core.shell:create_environment_hook('arduinobot_cpp_examples', 'cmake_prefix_path')
[3.739s] INFO:colcon.colcon_core.shell:Creating environment hook '/home/dcole3/arduinobot_ws/install/arduinobot_cpp_examples/share/arduinobot_cpp_examples/hook/cmake_prefix_path.ps1'
[3.739s] INFO:colcon.colcon_core.shell:Creating environment descriptor '/home/dcole3/arduinobot_ws/install/arduinobot_cpp_examples/share/arduinobot_cpp_examples/hook/cmake_prefix_path.dsv'
[3.740s] INFO:colcon.colcon_core.shell:Creating environment hook '/home/dcole3/arduinobot_ws/install/arduinobot_cpp_examples/share/arduinobot_cpp_examples/hook/cmake_prefix_path.sh'
[3.741s] Level 1:colcon.colcon_core.environment:checking '/home/dcole3/arduinobot_ws/install/arduinobot_cpp_examples/lib'
[3.741s] Level 1:colcon.colcon_core.environment:checking '/home/dcole3/arduinobot_ws/install/arduinobot_cpp_examples/bin'
[3.741s] Level 1:colcon.colcon_core.environment:checking '/home/dcole3/arduinobot_ws/install/arduinobot_cpp_examples/lib/pkgconfig/arduinobot_cpp_examples.pc'
[3.741s] Level 1:colcon.colcon_core.environment:checking '/home/dcole3/arduinobot_ws/install/arduinobot_cpp_examples/lib/python3.10/site-packages'
[3.742s] Level 1:colcon.colcon_core.environment:checking '/home/dcole3/arduinobot_ws/install/arduinobot_cpp_examples/bin'
[3.766s] INFO:colcon.colcon_core.shell:Creating package script '/home/dcole3/arduinobot_ws/install/arduinobot_cpp_examples/share/arduinobot_cpp_examples/package.ps1'
[3.767s] INFO:colcon.colcon_core.shell:Creating package descriptor '/home/dcole3/arduinobot_ws/install/arduinobot_cpp_examples/share/arduinobot_cpp_examples/package.dsv'
[3.768s] INFO:colcon.colcon_core.shell:Creating package script '/home/dcole3/arduinobot_ws/install/arduinobot_cpp_examples/share/arduinobot_cpp_examples/package.sh'
[3.768s] INFO:colcon.colcon_core.shell:Creating package script '/home/dcole3/arduinobot_ws/install/arduinobot_cpp_examples/share/arduinobot_cpp_examples/package.bash'
[3.769s] INFO:colcon.colcon_core.shell:Creating package script '/home/dcole3/arduinobot_ws/install/arduinobot_cpp_examples/share/arduinobot_cpp_examples/package.zsh'
[3.769s] Level 1:colcon.colcon_core.environment:create_file_with_runtime_dependencies(/home/dcole3/arduinobot_ws/install/arduinobot_cpp_examples/share/colcon-core/packages/arduinobot_cpp_examples)
[4.053s] DEBUG:colcon.colcon_core.event_handler.log_command:Invoking command in '/home/dcole3/arduinobot_ws/src/arduinobot_py_examples': PYTHONPATH=/home/dcole3/arduinobot_ws/build/arduinobot_py_examples/prefix_override:/home/dcole3/arduinobot_ws/install/arduinobot_py_examples/lib/python3.10/site-packages:${PYTHONPATH} /usr/bin/python3 setup.py egg_info --egg-base ../../build/arduinobot_py_examples build --build-base /home/dcole3/arduinobot_ws/build/arduinobot_py_examples/build install --record /home/dcole3/arduinobot_ws/build/arduinobot_py_examples/install.log --single-version-externally-managed
[4.468s] DEBUG:colcon.colcon_core.event_handler.log_command:Invoked command in '/home/dcole3/arduinobot_ws/src/arduinobot_py_examples' returned '0': PYTHONPATH=/home/dcole3/arduinobot_ws/build/arduinobot_py_examples/prefix_override:/home/dcole3/arduinobot_ws/install/arduinobot_py_examples/lib/python3.10/site-packages:${PYTHONPATH} /usr/bin/python3 setup.py egg_info --egg-base ../../build/arduinobot_py_examples build --build-base /home/dcole3/arduinobot_ws/build/arduinobot_py_examples/build install --record /home/dcole3/arduinobot_ws/build/arduinobot_py_examples/install.log --single-version-externally-managed
[4.490s] Level 1:colcon.colcon_core.environment:checking '/home/dcole3/arduinobot_ws/install/arduinobot_py_examples' for CMake module files
[4.491s] Level 1:colcon.colcon_core.environment:checking '/home/dcole3/arduinobot_ws/install/arduinobot_py_examples' for CMake config files
[4.492s] Level 1:colcon.colcon_core.environment:checking '/home/dcole3/arduinobot_ws/install/arduinobot_py_examples/lib'
[4.492s] Level 1:colcon.colcon_core.environment:checking '/home/dcole3/arduinobot_ws/install/arduinobot_py_examples/bin'
[4.492s] Level 1:colcon.colcon_core.environment:checking '/home/dcole3/arduinobot_ws/install/arduinobot_py_examples/lib/pkgconfig/arduinobot_py_examples.pc'
[4.492s] Level 1:colcon.colcon_core.environment:checking '/home/dcole3/arduinobot_ws/install/arduinobot_py_examples/lib/python3.10/site-packages'
[4.492s] Level 1:colcon.colcon_core.shell:create_environment_hook('arduinobot_py_examples', 'pythonpath')
[4.514s] INFO:colcon.colcon_core.shell:Creating environment hook '/home/dcole3/arduinobot_ws/install/arduinobot_py_examples/share/arduinobot_py_examples/hook/pythonpath.ps1'
[4.515s] INFO:colcon.colcon_core.shell:Creating environment descriptor '/home/dcole3/arduinobot_ws/install/arduinobot_py_examples/share/arduinobot_py_examples/hook/pythonpath.dsv'
[4.515s] INFO:colcon.colcon_core.shell:Creating environment hook '/home/dcole3/arduinobot_ws/install/arduinobot_py_examples/share/arduinobot_py_examples/hook/pythonpath.sh'
[4.516s] Level 1:colcon.colcon_core.environment:checking '/home/dcole3/arduinobot_ws/install/arduinobot_py_examples/bin'
[4.516s] Level 1:colcon.colcon_core.environment:create_environment_scripts_only(arduinobot_py_examples)
[4.540s] INFO:colcon.colcon_core.shell:Creating package script '/home/dcole3/arduinobot_ws/install/arduinobot_py_examples/share/arduinobot_py_examples/package.ps1'
[4.541s] INFO:colcon.colcon_core.shell:Creating package descriptor '/home/dcole3/arduinobot_ws/install/arduinobot_py_examples/share/arduinobot_py_examples/package.dsv'
[4.541s] INFO:colcon.colcon_core.shell:Creating package script '/home/dcole3/arduinobot_ws/install/arduinobot_py_examples/share/arduinobot_py_examples/package.sh'
[4.542s] INFO:colcon.colcon_core.shell:Creating package script '/home/dcole3/arduinobot_ws/install/arduinobot_py_examples/share/arduinobot_py_examples/package.bash'
[4.542s] INFO:colcon.colcon_core.shell:Creating package script '/home/dcole3/arduinobot_ws/install/arduinobot_py_examples/share/arduinobot_py_examples/package.zsh'
[4.542s] Level 1:colcon.colcon_core.environment:create_file_with_runtime_dependencies(/home/dcole3/arduinobot_ws/install/arduinobot_py_examples/share/colcon-core/packages/arduinobot_py_examples)
[4.543s] DEBUG:colcon.colcon_parallel_executor.executor.parallel:closing loop
[4.543s] DEBUG:colcon.colcon_parallel_executor.executor.parallel:loop closed
[4.544s] DEBUG:colcon.colcon_parallel_executor.executor.parallel:run_until_complete finished with '0'
[4.544s] DEBUG:colcon.colcon_core.event_reactor:joining thread
[4.575s] INFO:colcon.colcon_core.plugin_system:Skipping extension 'colcon_notification.desktop_notification.terminal_notifier': Not used on non-Darwin systems
[4.575s] INFO:colcon.colcon_core.plugin_system:Skipping extension 'colcon_notification.desktop_notification.win32': Not used on non-Windows systems
[4.575s] INFO:colcon.colcon_notification.desktop_notification:Sending desktop notification using 'notify2'
[4.598s] DEBUG:colcon.colcon_core.event_reactor:joined thread
[4.624s] INFO:colcon.colcon_core.shell:Creating prefix script '/home/dcole3/arduinobot_ws/install/local_setup.ps1'
[4.626s] INFO:colcon.colcon_core.shell:Creating prefix util module '/home/dcole3/arduinobot_ws/install/_local_setup_util_ps1.py'
[4.628s] INFO:colcon.colcon_core.shell:Creating prefix chain script '/home/dcole3/arduinobot_ws/install/setup.ps1'
[4.653s] INFO:colcon.colcon_core.shell:Creating prefix script '/home/dcole3/arduinobot_ws/install/local_setup.sh'
[4.654s] INFO:colcon.colcon_core.shell:Creating prefix util module '/home/dcole3/arduinobot_ws/install/_local_setup_util_sh.py'
[4.655s] INFO:colcon.colcon_core.shell:Creating prefix chain script '/home/dcole3/arduinobot_ws/install/setup.sh'
[4.678s] INFO:colcon.colcon_core.shell:Creating prefix script '/home/dcole3/arduinobot_ws/install/local_setup.bash'
[4.679s] INFO:colcon.colcon_core.shell:Creating prefix chain script '/home/dcole3/arduinobot_ws/install/setup.bash'
[4.702s] INFO:colcon.colcon_core.shell:Creating prefix script '/home/dcole3/arduinobot_ws/install/local_setup.zsh'
[4.703s] INFO:colcon.colcon_core.shell:Creating prefix chain script '/home/dcole3/arduinobot_ws/install/setup.zsh'
