[0.242s] Invoking command in '/home/dcole3/arduinobot_ws/build/arduinobot_description': CMAKE_PREFIX_PATH=/opt/ros/humble /usr/bin/cmake --build /home/dcole3/arduinobot_ws/build/arduinobot_description -- -j4 -l4
[0.880s] Invoked command in '/home/dcole3/arduinobot_ws/build/arduinobot_description' returned '0': CMAKE_PREFIX_PATH=/opt/ros/humble /usr/bin/cmake --build /home/dcole3/arduinobot_ws/build/arduinobot_description -- -j4 -l4
[0.955s] Invoking command in '/home/dcole3/arduinobot_ws/build/arduinobot_description': CMAKE_PREFIX_PATH=/opt/ros/humble /usr/bin/cmake --install /home/dcole3/arduinobot_ws/build/arduinobot_description
[0.976s] -- Install configuration: ""
[0.978s] -- Up-to-date: /home/dcole3/arduinobot_ws/install/arduinobot_description/share/arduinobot_description/meshes
[0.980s] -- Up-to-date: /home/dcole3/arduinobot_ws/install/arduinobot_description/share/arduinobot_description/meshes/round_plate.STL
[0.980s] -- Up-to-date: /home/dcole3/arduinobot_ws/install/arduinobot_description/share/arduinobot_description/meshes/forward_drive_arm.STL
[0.981s] -- Up-to-date: /home/dcole3/arduinobot_ws/install/arduinobot_description/share/arduinobot_description/meshes/servo_plate.STL
[0.981s] -- Up-to-date: /home/dcole3/arduinobot_ws/install/arduinobot_description/share/arduinobot_description/meshes/vertical_drive_arm.STL
[0.982s] -- Up-to-date: /home/dcole3/arduinobot_ws/install/arduinobot_description/share/arduinobot_description/meshes/right_finger.STL
[0.982s] -- Up-to-date: /home/dcole3/arduinobot_ws/install/arduinobot_description/share/arduinobot_description/meshes/basement.STL
[0.982s] -- Up-to-date: /home/dcole3/arduinobot_ws/install/arduinobot_description/share/arduinobot_description/meshes/claw_support.STL
[0.983s] -- Up-to-date: /home/dcole3/arduinobot_ws/install/arduinobot_description/share/arduinobot_description/meshes/left_finger.STL
[0.983s] -- Up-to-date: /home/dcole3/arduinobot_ws/install/arduinobot_description/share/arduinobot_description/meshes/plate.STL
[0.984s] -- Up-to-date: /home/dcole3/arduinobot_ws/install/arduinobot_description/share/arduinobot_description/meshes/triangular_link.STL
[0.984s] -- Up-to-date: /home/dcole3/arduinobot_ws/install/arduinobot_description/share/arduinobot_description/meshes/link.STL
[0.984s] -- Up-to-date: /home/dcole3/arduinobot_ws/install/arduinobot_description/share/arduinobot_description/meshes/base_plate.STL
[0.985s] -- Up-to-date: /home/dcole3/arduinobot_ws/install/arduinobot_description/share/arduinobot_description/meshes/horizontal_arm.STL
[0.985s] -- Up-to-date: /home/dcole3/arduinobot_ws/install/arduinobot_description/share/arduinobot_description/urdf
[0.985s] -- Up-to-date: /home/dcole3/arduinobot_ws/install/arduinobot_description/share/arduinobot_description/urdf/arduinobot.urdf.xacro
[0.988s] -- Up-to-date: /home/dcole3/arduinobot_ws/install/arduinobot_description/share/ament_index/resource_index/package_run_dependencies/arduinobot_description
[0.989s] -- Up-to-date: /home/dcole3/arduinobot_ws/install/arduinobot_description/share/ament_index/resource_index/parent_prefix_path/arduinobot_description
[0.990s] -- Up-to-date: /home/dcole3/arduinobot_ws/install/arduinobot_description/share/arduinobot_description/environment/ament_prefix_path.sh
[0.991s] -- Up-to-date: /home/dcole3/arduinobot_ws/install/arduinobot_description/share/arduinobot_description/environment/ament_prefix_path.dsv
[0.993s] -- Up-to-date: /home/dcole3/arduinobot_ws/install/arduinobot_description/share/arduinobot_description/environment/path.sh
[0.993s] -- Up-to-date: /home/dcole3/arduinobot_ws/install/arduinobot_description/share/arduinobot_description/environment/path.dsv
[0.994s] -- Up-to-date: /home/dcole3/arduinobot_ws/install/arduinobot_description/share/arduinobot_description/local_setup.bash
[0.994s] -- Up-to-date: /home/dcole3/arduinobot_ws/install/arduinobot_description/share/arduinobot_description/local_setup.sh
[0.994s] -- Up-to-date: /home/dcole3/arduinobot_ws/install/arduinobot_description/share/arduinobot_description/local_setup.zsh
[0.994s] -- Up-to-date: /home/dcole3/arduinobot_ws/install/arduinobot_description/share/arduinobot_description/local_setup.dsv
[0.994s] -- Installing: /home/dcole3/arduinobot_ws/install/arduinobot_description/share/arduinobot_description/package.dsv
[0.996s] -- Up-to-date: /home/dcole3/arduinobot_ws/install/arduinobot_description/share/ament_index/resource_index/packages/arduinobot_description
[0.996s] -- Up-to-date: /home/dcole3/arduinobot_ws/install/arduinobot_description/share/arduinobot_description/cmake/arduinobot_descriptionConfig.cmake
[1.000s] -- Up-to-date: /home/dcole3/arduinobot_ws/install/arduinobot_description/share/arduinobot_description/cmake/arduinobot_descriptionConfig-version.cmake
[1.007s] -- Up-to-date: /home/dcole3/arduinobot_ws/install/arduinobot_description/share/arduinobot_description/package.xml
[1.012s] Invoked command in '/home/dcole3/arduinobot_ws/build/arduinobot_description' returned '0': CMAKE_PREFIX_PATH=/opt/ros/humble /usr/bin/cmake --install /home/dcole3/arduinobot_ws/build/arduinobot_description
