[0.376s] Invoking command in '/home/dcole3/arduinobot_ws/build/arduinobot_controller': CMAKE_PREFIX_PATH=/opt/ros/humble /usr/bin/cmake --build /home/dcole3/arduinobot_ws/build/arduinobot_controller -- -j4 -l4
[0.422s] -- Found ament_cmake: 1.3.6 (/opt/ros/humble/share/ament_cmake/cmake)
[0.702s] -- Found ament_lint_auto: 0.12.9 (/opt/ros/humble/share/ament_lint_auto/cmake)
[0.807s] -- Added test 'lint_cmake' to check CMake code style
[0.809s] -- Added test 'xmllint' to check XML markup files
[0.811s] -- Configuring done
[0.818s] -- Generating done
[0.820s] -- Build files have been written to: /home/dcole3/arduinobot_ws/build/arduinobot_controller
[0.967s] Invoked command in '/home/dcole3/arduinobot_ws/build/arduinobot_controller' returned '0': CMAKE_PREFIX_PATH=/opt/ros/humble /usr/bin/cmake --build /home/dcole3/arduinobot_ws/build/arduinobot_controller -- -j4 -l4
[1.029s] Invoking command in '/home/dcole3/arduinobot_ws/build/arduinobot_controller': CMAKE_PREFIX_PATH=/opt/ros/humble /usr/bin/cmake --install /home/dcole3/arduinobot_ws/build/arduinobot_controller
[1.048s] -- Install configuration: ""
[1.048s] -- Up-to-date: /home/dcole3/arduinobot_ws/install/arduinobot_controller/share/arduinobot_controller/config
[1.049s] -- Up-to-date: /home/dcole3/arduinobot_ws/install/arduinobot_controller/share/arduinobot_controller/config/arduinobot_controllers.yaml
[1.050s] -- Up-to-date: /home/dcole3/arduinobot_ws/install/arduinobot_controller/share/ament_index/resource_index/package_run_dependencies/arduinobot_controller
[1.050s] -- Up-to-date: /home/dcole3/arduinobot_ws/install/arduinobot_controller/share/ament_index/resource_index/parent_prefix_path/arduinobot_controller
[1.050s] -- Up-to-date: /home/dcole3/arduinobot_ws/install/arduinobot_controller/share/arduinobot_controller/environment/ament_prefix_path.sh
[1.057s] -- Installing: /home/dcole3/arduinobot_ws/install/arduinobot_controller/share/arduinobot_controller/environment/ament_prefix_path.dsv
[1.061s] -- Up-to-date: /home/dcole3/arduinobot_ws/install/arduinobot_controller/share/arduinobot_controller/environment/path.sh
[1.061s] -- Installing: /home/dcole3/arduinobot_ws/install/arduinobot_controller/share/arduinobot_controller/environment/path.dsv
[1.062s] -- Up-to-date: /home/dcole3/arduinobot_ws/install/arduinobot_controller/share/arduinobot_controller/local_setup.bash
[1.062s] -- Up-to-date: /home/dcole3/arduinobot_ws/install/arduinobot_controller/share/arduinobot_controller/local_setup.sh
[1.063s] -- Up-to-date: /home/dcole3/arduinobot_ws/install/arduinobot_controller/share/arduinobot_controller/local_setup.zsh
[1.063s] -- Installing: /home/dcole3/arduinobot_ws/install/arduinobot_controller/share/arduinobot_controller/local_setup.dsv
[1.064s] -- Installing: /home/dcole3/arduinobot_ws/install/arduinobot_controller/share/arduinobot_controller/package.dsv
[1.065s] -- Up-to-date: /home/dcole3/arduinobot_ws/install/arduinobot_controller/share/ament_index/resource_index/packages/arduinobot_controller
[1.065s] -- Up-to-date: /home/dcole3/arduinobot_ws/install/arduinobot_controller/share/arduinobot_controller/cmake/arduinobot_controllerConfig.cmake
[1.066s] -- Up-to-date: /home/dcole3/arduinobot_ws/install/arduinobot_controller/share/arduinobot_controller/cmake/arduinobot_controllerConfig-version.cmake
[1.066s] -- Up-to-date: /home/dcole3/arduinobot_ws/install/arduinobot_controller/share/arduinobot_controller/package.xml
[1.193s] Invoked command in '/home/dcole3/arduinobot_ws/build/arduinobot_controller' returned '0': CMAKE_PREFIX_PATH=/opt/ros/humble /usr/bin/cmake --install /home/dcole3/arduinobot_ws/build/arduinobot_controller
