[0.242s] Invoking command in '/home/dcole3/arduinobot_ws/build/arduinobot_cpp_examples': CMAKE_PREFIX_PATH=/opt/ros/humble /usr/bin/cmake --build /home/dcole3/arduinobot_ws/build/arduinobot_cpp_examples -- -j4 -l4
[0.280s] -- Found ament_cmake: 1.3.6 (/opt/ros/humble/share/ament_cmake/cmake)
[0.642s] -- Found rclcpp: 16.0.7 (/opt/ros/humble/share/rclcpp/cmake)
[0.731s] -- Found rosidl_generator_c: 3.1.5 (/opt/ros/humble/share/rosidl_generator_c/cmake)
[0.739s] -- Found rosidl_adapter: 3.1.5 (/opt/ros/humble/share/rosidl_adapter/cmake)
[0.757s] -- Found rosidl_generator_cpp: 3.1.5 (/opt/ros/humble/share/rosidl_generator_cpp/cmake)
[0.791s] -- Using all available rosidl_typesupport_c: rosidl_typesupport_fastrtps_c;rosidl_typesupport_introspection_c
[0.846s] -- Using all available rosidl_typesupport_cpp: rosidl_typesupport_fastrtps_cpp;rosidl_typesupport_introspection_cpp
[1.012s] -- Found rmw_implementation_cmake: 6.1.1 (/opt/ros/humble/share/rmw_implementation_cmake/cmake)
[1.014s] -- Found rmw_fastrtps_cpp: 6.2.5 (/opt/ros/humble/share/rmw_fastrtps_cpp/cmake)
[1.274s] -- Using RMW implementation 'rmw_fastrtps_cpp' as default
[1.719s] [31mCMake Error at CMakeLists.txt:20 (install):
[1.719s]   install does not recognize sub-command TARGETs
[1.719s] 
[1.719s] [0m
[1.720s] -- Found ament_lint_auto: 0.12.9 (/opt/ros/humble/share/ament_lint_auto/cmake)
[1.875s] -- Added test 'cppcheck' to perform static code analysis on C / C++ code
[1.875s] -- Configured cppcheck include dirs: 
[1.875s] -- Configured cppcheck exclude dirs and/or files: 
[1.876s] -- Added test 'lint_cmake' to check CMake code style
[1.877s] -- Added test 'uncrustify' to check C / C++ code style
[1.878s] -- Configured uncrustify additional arguments: 
[1.878s] -- Added test 'xmllint' to check XML markup files
[1.879s] -- Configuring incomplete, errors occurred!
[1.879s] See also "/home/dcole3/arduinobot_ws/build/arduinobot_cpp_examples/CMakeFiles/CMakeOutput.log".
[1.895s] gmake: *** [Makefile:226: cmake_check_build_system] Error 1
[1.898s] Invoked command in '/home/dcole3/arduinobot_ws/build/arduinobot_cpp_examples' returned '2': CMAKE_PREFIX_PATH=/opt/ros/humble /usr/bin/cmake --build /home/dcole3/arduinobot_ws/build/arduinobot_cpp_examples -- -j4 -l4
