[0.190s] Invoking command in '/home/dcole3/arduinobot_ws/build/arduinobot_description': CMAKE_PREFIX_PATH=/opt/ros/humble /usr/bin/cmake --build /home/dcole3/arduinobot_ws/build/arduinobot_description -- -j4 -l4
[0.692s] Invoked command in '/home/dcole3/arduinobot_ws/build/arduinobot_description' returned '0': CMAKE_PREFIX_PATH=/opt/ros/humble /usr/bin/cmake --build /home/dcole3/arduinobot_ws/build/arduinobot_description -- -j4 -l4
[0.748s] Invoking command in '/home/dcole3/arduinobot_ws/build/arduinobot_description': CMAKE_PREFIX_PATH=/opt/ros/humble /usr/bin/cmake --install /home/dcole3/arduinobot_ws/build/arduinobot_description
[0.763s] -- Install configuration: ""
[0.764s] -- Up-to-date: /home/dcole3/arduinobot_ws/install/arduinobot_description/share/arduinobot_description/meshes
[0.764s] -- Up-to-date: /home/dcole3/arduinobot_ws/install/arduinobot_description/share/arduinobot_description/meshes/round_plate.STL
[0.765s] -- Up-to-date: /home/dcole3/arduinobot_ws/install/arduinobot_description/share/arduinobot_description/meshes/forward_drive_arm.STL
[0.765s] -- Up-to-date: /home/dcole3/arduinobot_ws/install/arduinobot_description/share/arduinobot_description/meshes/servo_plate.STL
[0.765s] -- Up-to-date: /home/dcole3/arduinobot_ws/install/arduinobot_description/share/arduinobot_description/meshes/vertical_drive_arm.STL
[0.765s] -- Up-to-date: /home/dcole3/arduinobot_ws/install/arduinobot_description/share/arduinobot_description/meshes/right_finger.STL
[0.766s] -- Up-to-date: /home/dcole3/arduinobot_ws/install/arduinobot_description/share/arduinobot_description/meshes/basement.STL
[0.766s] -- Up-to-date: /home/dcole3/arduinobot_ws/install/arduinobot_description/share/arduinobot_description/meshes/claw_support.STL
[0.766s] -- Installing: /home/dcole3/arduinobot_ws/install/arduinobot_description/share/arduinobot_description/meshes/pi_camera.STL
[0.766s] -- Up-to-date: /home/dcole3/arduinobot_ws/install/arduinobot_description/share/arduinobot_description/meshes/left_finger.STL
[0.766s] -- Up-to-date: /home/dcole3/arduinobot_ws/install/arduinobot_description/share/arduinobot_description/meshes/plate.STL
[0.767s] -- Up-to-date: /home/dcole3/arduinobot_ws/install/arduinobot_description/share/arduinobot_description/meshes/triangular_link.STL
[0.767s] -- Up-to-date: /home/dcole3/arduinobot_ws/install/arduinobot_description/share/arduinobot_description/meshes/link.STL
[0.767s] -- Up-to-date: /home/dcole3/arduinobot_ws/install/arduinobot_description/share/arduinobot_description/meshes/base_plate.STL
[0.768s] -- Up-to-date: /home/dcole3/arduinobot_ws/install/arduinobot_description/share/arduinobot_description/meshes/horizontal_arm.STL
[0.768s] -- Up-to-date: /home/dcole3/arduinobot_ws/install/arduinobot_description/share/arduinobot_description/urdf
[0.768s] -- Up-to-date: /home/dcole3/arduinobot_ws/install/arduinobot_description/share/arduinobot_description/urdf/arduinobot.urdf.xacro
[0.768s] -- Up-to-date: /home/dcole3/arduinobot_ws/install/arduinobot_description/share/arduinobot_description/launch
[0.768s] -- Up-to-date: /home/dcole3/arduinobot_ws/install/arduinobot_description/share/arduinobot_description/launch/display.launch.py
[0.769s] -- Up-to-date: /home/dcole3/arduinobot_ws/install/arduinobot_description/share/arduinobot_description/rviz
[0.769s] -- Up-to-date: /home/dcole3/arduinobot_ws/install/arduinobot_description/share/arduinobot_description/rviz/display.rviz
[0.769s] -- Up-to-date: /home/dcole3/arduinobot_ws/install/arduinobot_description/share/ament_index/resource_index/package_run_dependencies/arduinobot_description
[0.770s] -- Up-to-date: /home/dcole3/arduinobot_ws/install/arduinobot_description/share/ament_index/resource_index/parent_prefix_path/arduinobot_description
[0.770s] -- Up-to-date: /home/dcole3/arduinobot_ws/install/arduinobot_description/share/arduinobot_description/environment/ament_prefix_path.sh
[0.770s] -- Up-to-date: /home/dcole3/arduinobot_ws/install/arduinobot_description/share/arduinobot_description/environment/ament_prefix_path.dsv
[0.770s] -- Up-to-date: /home/dcole3/arduinobot_ws/install/arduinobot_description/share/arduinobot_description/environment/path.sh
[0.771s] -- Up-to-date: /home/dcole3/arduinobot_ws/install/arduinobot_description/share/arduinobot_description/environment/path.dsv
[0.771s] -- Up-to-date: /home/dcole3/arduinobot_ws/install/arduinobot_description/share/arduinobot_description/local_setup.bash
[0.772s] -- Up-to-date: /home/dcole3/arduinobot_ws/install/arduinobot_description/share/arduinobot_description/local_setup.sh
[0.772s] -- Up-to-date: /home/dcole3/arduinobot_ws/install/arduinobot_description/share/arduinobot_description/local_setup.zsh
[0.772s] -- Up-to-date: /home/dcole3/arduinobot_ws/install/arduinobot_description/share/arduinobot_description/local_setup.dsv
[0.772s] -- Installing: /home/dcole3/arduinobot_ws/install/arduinobot_description/share/arduinobot_description/package.dsv
[0.772s] -- Up-to-date: /home/dcole3/arduinobot_ws/install/arduinobot_description/share/ament_index/resource_index/packages/arduinobot_description
[0.772s] -- Up-to-date: /home/dcole3/arduinobot_ws/install/arduinobot_description/share/arduinobot_description/cmake/arduinobot_descriptionConfig.cmake
[0.772s] -- Up-to-date: /home/dcole3/arduinobot_ws/install/arduinobot_description/share/arduinobot_description/cmake/arduinobot_descriptionConfig-version.cmake
[0.773s] -- Up-to-date: /home/dcole3/arduinobot_ws/install/arduinobot_description/share/arduinobot_description/package.xml
[0.775s] Invoked command in '/home/dcole3/arduinobot_ws/build/arduinobot_description' returned '0': CMAKE_PREFIX_PATH=/opt/ros/humble /usr/bin/cmake --install /home/dcole3/arduinobot_ws/build/arduinobot_description
