[1.575s] Invoking command in '/home/dcole3/GitHub/arduinobot_ws/src/arduinobot_py_examples': PYTHONPATH=/home/dcole3/GitHub/arduinobot_ws/build/arduinobot_py_examples/prefix_override:/home/dcole3/GitHub/arduinobot_ws/install/arduinobot_py_examples/lib/python3.10/site-packages:${PYTHONPATH} /usr/bin/python3 setup.py egg_info --egg-base ../../build/arduinobot_py_examples build --build-base /home/dcole3/GitHub/arduinobot_ws/build/arduinobot_py_examples/build install --record /home/dcole3/GitHub/arduinobot_ws/build/arduinobot_py_examples/install.log --single-version-externally-managed
[1.917s] running egg_info
[1.919s] writing ../../build/arduinobot_py_examples/arduinobot_py_examples.egg-info/PKG-INFO
[1.919s] writing dependency_links to ../../build/arduinobot_py_examples/arduinobot_py_examples.egg-info/dependency_links.txt
[1.919s] writing entry points to ../../build/arduinobot_py_examples/arduinobot_py_examples.egg-info/entry_points.txt
[1.919s] writing requirements to ../../build/arduinobot_py_examples/arduinobot_py_examples.egg-info/requires.txt
[1.920s] writing top-level names to ../../build/arduinobot_py_examples/arduinobot_py_examples.egg-info/top_level.txt
[1.922s] reading manifest file '../../build/arduinobot_py_examples/arduinobot_py_examples.egg-info/SOURCES.txt'
[1.924s] writing manifest file '../../build/arduinobot_py_examples/arduinobot_py_examples.egg-info/SOURCES.txt'
[1.924s] running build
[1.924s] running build_py
[1.925s] running install
[1.925s] /usr/lib/python3/dist-packages/setuptools/command/install.py:34: SetuptoolsDeprecationWarning: setup.py install is deprecated. Use build and pip and other standards-based tools.
[1.925s]   warnings.warn(
[1.926s] running install_lib
[1.928s] running install_data
[1.929s] running install_egg_info
[1.931s] removing '/home/dcole3/GitHub/arduinobot_ws/install/arduinobot_py_examples/lib/python3.10/site-packages/arduinobot_py_examples-0.0.0-py3.10.egg-info' (and everything under it)
[1.931s] Copying ../../build/arduinobot_py_examples/arduinobot_py_examples.egg-info to /home/dcole3/GitHub/arduinobot_ws/install/arduinobot_py_examples/lib/python3.10/site-packages/arduinobot_py_examples-0.0.0-py3.10.egg-info
[1.933s] running install_scripts
[1.964s] Installing simple_parameter script to /home/dcole3/GitHub/arduinobot_ws/install/arduinobot_py_examples/lib/arduinobot_py_examples
[1.964s] Installing simple_publisher script to /home/dcole3/GitHub/arduinobot_ws/install/arduinobot_py_examples/lib/arduinobot_py_examples
[1.965s] Installing simple_subscriber script to /home/dcole3/GitHub/arduinobot_ws/install/arduinobot_py_examples/lib/arduinobot_py_examples
[1.965s] writing list of installed files to '/home/dcole3/GitHub/arduinobot_ws/build/arduinobot_py_examples/install.log'
[2.007s] Invoked command in '/home/dcole3/GitHub/arduinobot_ws/src/arduinobot_py_examples' returned '0': PYTHONPATH=/home/dcole3/GitHub/arduinobot_ws/build/arduinobot_py_examples/prefix_override:/home/dcole3/GitHub/arduinobot_ws/install/arduinobot_py_examples/lib/python3.10/site-packages:${PYTHONPATH} /usr/bin/python3 setup.py egg_info --egg-base ../../build/arduinobot_py_examples build --build-base /home/dcole3/GitHub/arduinobot_ws/build/arduinobot_py_examples/build install --record /home/dcole3/GitHub/arduinobot_ws/build/arduinobot_py_examples/install.log --single-version-externally-managed
