[0.314s] Invoking command in '/home/dcole3/arduinobot_ws/build/arduinobot_cpp_examples': CMAKE_PREFIX_PATH=/opt/ros/humble /usr/bin/cmake --build /home/dcole3/arduinobot_ws/build/arduinobot_cpp_examples -- -j4 -l4
[0.414s] [35m[1mConsolidate compiler generated dependencies of target simple_subscriber[0m
[0.459s] [100%] Built target simple_subscriber
[0.460s] [100%] Built target simple_publisher
[1.215s] Invoked command in '/home/dcole3/arduinobot_ws/build/arduinobot_cpp_examples' returned '0': CMAKE_PREFIX_PATH=/opt/ros/humble /usr/bin/cmake --build /home/dcole3/arduinobot_ws/build/arduinobot_cpp_examples -- -j4 -l4
[1.334s] Invoking command in '/home/dcole3/arduinobot_ws/build/arduinobot_cpp_examples': CMAKE_PREFIX_PATH=/opt/ros/humble /usr/bin/cmake --install /home/dcole3/arduinobot_ws/build/arduinobot_cpp_examples
[1.347s] -- Install configuration: ""
[1.353s] -- Up-to-date: /home/dcole3/arduinobot_ws/install/arduinobot_cpp_examples/lib/arduinobot_cpp_examples/simple_publisher
[1.353s] -- Up-to-date: /home/dcole3/arduinobot_ws/install/arduinobot_cpp_examples/lib/arduinobot_cpp_examples/simple_subscriber
[1.353s] -- Up-to-date: /home/dcole3/arduinobot_ws/install/arduinobot_cpp_examples/share/ament_index/resource_index/package_run_dependencies/arduinobot_cpp_examples
[1.354s] -- Up-to-date: /home/dcole3/arduinobot_ws/install/arduinobot_cpp_examples/share/ament_index/resource_index/parent_prefix_path/arduinobot_cpp_examples
[1.354s] -- Up-to-date: /home/dcole3/arduinobot_ws/install/arduinobot_cpp_examples/share/arduinobot_cpp_examples/environment/ament_prefix_path.sh
[1.354s] -- Up-to-date: /home/dcole3/arduinobot_ws/install/arduinobot_cpp_examples/share/arduinobot_cpp_examples/environment/ament_prefix_path.dsv
[1.355s] -- Up-to-date: /home/dcole3/arduinobot_ws/install/arduinobot_cpp_examples/share/arduinobot_cpp_examples/environment/path.sh
[1.355s] -- Up-to-date: /home/dcole3/arduinobot_ws/install/arduinobot_cpp_examples/share/arduinobot_cpp_examples/environment/path.dsv
[1.355s] -- Up-to-date: /home/dcole3/arduinobot_ws/install/arduinobot_cpp_examples/share/arduinobot_cpp_examples/local_setup.bash
[1.355s] -- Up-to-date: /home/dcole3/arduinobot_ws/install/arduinobot_cpp_examples/share/arduinobot_cpp_examples/local_setup.sh
[1.355s] -- Up-to-date: /home/dcole3/arduinobot_ws/install/arduinobot_cpp_examples/share/arduinobot_cpp_examples/local_setup.zsh
[1.355s] -- Up-to-date: /home/dcole3/arduinobot_ws/install/arduinobot_cpp_examples/share/arduinobot_cpp_examples/local_setup.dsv
[1.356s] -- Installing: /home/dcole3/arduinobot_ws/install/arduinobot_cpp_examples/share/arduinobot_cpp_examples/package.dsv
[1.356s] -- Up-to-date: /home/dcole3/arduinobot_ws/install/arduinobot_cpp_examples/share/ament_index/resource_index/packages/arduinobot_cpp_examples
[1.356s] -- Up-to-date: /home/dcole3/arduinobot_ws/install/arduinobot_cpp_examples/share/arduinobot_cpp_examples/cmake/arduinobot_cpp_examplesConfig.cmake
[1.356s] -- Up-to-date: /home/dcole3/arduinobot_ws/install/arduinobot_cpp_examples/share/arduinobot_cpp_examples/cmake/arduinobot_cpp_examplesConfig-version.cmake
[1.356s] -- Up-to-date: /home/dcole3/arduinobot_ws/install/arduinobot_cpp_examples/share/arduinobot_cpp_examples/package.xml
[1.364s] Invoked command in '/home/dcole3/arduinobot_ws/build/arduinobot_cpp_examples' returned '0': CMAKE_PREFIX_PATH=/opt/ros/humble /usr/bin/cmake --install /home/dcole3/arduinobot_ws/build/arduinobot_cpp_examples
