[0.217s] Invoking command in '/home/dcole3/arduinobot_ws/build/arduinobot_cpp_examples': CMAKE_PREFIX_PATH=/opt/ros/humble /usr/bin/cmake --build /home/dcole3/arduinobot_ws/build/arduinobot_cpp_examples -- -j4 -l4
[0.293s] -- Found ament_cmake: 1.3.6 (/opt/ros/humble/share/ament_cmake/cmake)
[0.631s] -- Found rclcpp: 16.0.7 (/opt/ros/humble/share/rclcpp/cmake)
[0.702s] -- Found rosidl_generator_c: 3.1.5 (/opt/ros/humble/share/rosidl_generator_c/cmake)
[0.709s] -- Found rosidl_adapter: 3.1.5 (/opt/ros/humble/share/rosidl_adapter/cmake)
[0.725s] -- Found rosidl_generator_cpp: 3.1.5 (/opt/ros/humble/share/rosidl_generator_cpp/cmake)
[0.751s] -- Using all available rosidl_typesupport_c: rosidl_typesupport_fastrtps_c;rosidl_typesupport_introspection_c
[0.798s] -- Using all available rosidl_typesupport_cpp: rosidl_typesupport_fastrtps_cpp;rosidl_typesupport_introspection_cpp
[0.908s] -- Found rmw_implementation_cmake: 6.1.1 (/opt/ros/humble/share/rmw_implementation_cmake/cmake)
[0.912s] -- Found rmw_fastrtps_cpp: 6.2.5 (/opt/ros/humble/share/rmw_fastrtps_cpp/cmake)
[1.216s] -- Using RMW implementation 'rmw_fastrtps_cpp' as default
[1.577s] -- Found ament_lint_auto: 0.12.9 (/opt/ros/humble/share/ament_lint_auto/cmake)
[1.703s] -- Added test 'cppcheck' to perform static code analysis on C / C++ code
[1.703s] -- Configured cppcheck include dirs: 
[1.704s] -- Configured cppcheck exclude dirs and/or files: 
[1.704s] -- Added test 'lint_cmake' to check CMake code style
[1.706s] -- Added test 'uncrustify' to check C / C++ code style
[1.707s] -- Configured uncrustify additional arguments: 
[1.707s] -- Added test 'xmllint' to check XML markup files
[1.710s] -- Configuring done
[1.744s] -- Generating done
[1.749s] -- Build files have been written to: /home/dcole3/arduinobot_ws/build/arduinobot_cpp_examples
[1.808s] [35m[1mConsolidate compiler generated dependencies of target simple_publisher[0m
[1.846s] [ 25%] [32mBuilding CXX object CMakeFiles/simple_subscriber.dir/src/simple_subscriber.cpp.o[0m
[1.861s] [ 75%] Built target simple_publisher
[13.798s] [100%] [32m[1mLinking CXX executable simple_subscriber[0m
[14.498s] [100%] Built target simple_subscriber
[14.523s] Invoked command in '/home/dcole3/arduinobot_ws/build/arduinobot_cpp_examples' returned '0': CMAKE_PREFIX_PATH=/opt/ros/humble /usr/bin/cmake --build /home/dcole3/arduinobot_ws/build/arduinobot_cpp_examples -- -j4 -l4
[14.579s] Invoking command in '/home/dcole3/arduinobot_ws/build/arduinobot_cpp_examples': CMAKE_PREFIX_PATH=/opt/ros/humble /usr/bin/cmake --install /home/dcole3/arduinobot_ws/build/arduinobot_cpp_examples
[14.592s] -- Install configuration: ""
[14.593s] -- Up-to-date: /home/dcole3/arduinobot_ws/install/arduinobot_cpp_examples/lib/arduinobot_cpp_examples/simple_publisher
[14.594s] -- Installing: /home/dcole3/arduinobot_ws/install/arduinobot_cpp_examples/lib/arduinobot_cpp_examples/simple_subscriber
[14.600s] -- Set runtime path of "/home/dcole3/arduinobot_ws/install/arduinobot_cpp_examples/lib/arduinobot_cpp_examples/simple_subscriber" to ""
[14.600s] -- Up-to-date: /home/dcole3/arduinobot_ws/install/arduinobot_cpp_examples/share/ament_index/resource_index/package_run_dependencies/arduinobot_cpp_examples
[14.600s] -- Up-to-date: /home/dcole3/arduinobot_ws/install/arduinobot_cpp_examples/share/ament_index/resource_index/parent_prefix_path/arduinobot_cpp_examples
[14.600s] -- Up-to-date: /home/dcole3/arduinobot_ws/install/arduinobot_cpp_examples/share/arduinobot_cpp_examples/environment/ament_prefix_path.sh
[14.601s] -- Installing: /home/dcole3/arduinobot_ws/install/arduinobot_cpp_examples/share/arduinobot_cpp_examples/environment/ament_prefix_path.dsv
[14.601s] -- Up-to-date: /home/dcole3/arduinobot_ws/install/arduinobot_cpp_examples/share/arduinobot_cpp_examples/environment/path.sh
[14.601s] -- Installing: /home/dcole3/arduinobot_ws/install/arduinobot_cpp_examples/share/arduinobot_cpp_examples/environment/path.dsv
[14.602s] -- Up-to-date: /home/dcole3/arduinobot_ws/install/arduinobot_cpp_examples/share/arduinobot_cpp_examples/local_setup.bash
[14.602s] -- Up-to-date: /home/dcole3/arduinobot_ws/install/arduinobot_cpp_examples/share/arduinobot_cpp_examples/local_setup.sh
[14.602s] -- Up-to-date: /home/dcole3/arduinobot_ws/install/arduinobot_cpp_examples/share/arduinobot_cpp_examples/local_setup.zsh
[14.602s] -- Installing: /home/dcole3/arduinobot_ws/install/arduinobot_cpp_examples/share/arduinobot_cpp_examples/local_setup.dsv
[14.603s] -- Installing: /home/dcole3/arduinobot_ws/install/arduinobot_cpp_examples/share/arduinobot_cpp_examples/package.dsv
[14.603s] -- Up-to-date: /home/dcole3/arduinobot_ws/install/arduinobot_cpp_examples/share/ament_index/resource_index/packages/arduinobot_cpp_examples
[14.604s] -- Up-to-date: /home/dcole3/arduinobot_ws/install/arduinobot_cpp_examples/share/arduinobot_cpp_examples/cmake/arduinobot_cpp_examplesConfig.cmake
[14.604s] -- Up-to-date: /home/dcole3/arduinobot_ws/install/arduinobot_cpp_examples/share/arduinobot_cpp_examples/cmake/arduinobot_cpp_examplesConfig-version.cmake
[14.604s] -- Up-to-date: /home/dcole3/arduinobot_ws/install/arduinobot_cpp_examples/share/arduinobot_cpp_examples/package.xml
[14.609s] Invoked command in '/home/dcole3/arduinobot_ws/build/arduinobot_cpp_examples' returned '0': CMAKE_PREFIX_PATH=/opt/ros/humble /usr/bin/cmake --install /home/dcole3/arduinobot_ws/build/arduinobot_cpp_examples
