[0.406s] Invoking command in '/home/dcole3/arduinobot_ws/build/arduinobot_cpp_examples': CMAKE_PREFIX_PATH=/opt/ros/humble /usr/bin/cmake --build /home/dcole3/arduinobot_ws/build/arduinobot_cpp_examples -- -j4 -l4
[0.715s] [ 75%] Built target simple_publisher
[0.715s] [100%] Built target simple_subscriber
[1.183s] Invoked command in '/home/dcole3/arduinobot_ws/build/arduinobot_cpp_examples' returned '0': CMAKE_PREFIX_PATH=/opt/ros/humble /usr/bin/cmake --build /home/dcole3/arduinobot_ws/build/arduinobot_cpp_examples -- -j4 -l4
[1.272s] Invoking command in '/home/dcole3/arduinobot_ws/build/arduinobot_cpp_examples': CMAKE_PREFIX_PATH=/opt/ros/humble /usr/bin/cmake --install /home/dcole3/arduinobot_ws/build/arduinobot_cpp_examples
[1.303s] -- Install configuration: ""
[1.314s] -- Up-to-date: /home/dcole3/arduinobot_ws/install/arduinobot_cpp_examples/lib/arduinobot_cpp_examples/simple_publisher
[1.318s] -- Up-to-date: /home/dcole3/arduinobot_ws/install/arduinobot_cpp_examples/lib/arduinobot_cpp_examples/simple_subscriber
[1.318s] -- Up-to-date: /home/dcole3/arduinobot_ws/install/arduinobot_cpp_examples/share/ament_index/resource_index/package_run_dependencies/arduinobot_cpp_examples
[1.318s] -- Up-to-date: /home/dcole3/arduinobot_ws/install/arduinobot_cpp_examples/share/ament_index/resource_index/parent_prefix_path/arduinobot_cpp_examples
[1.319s] -- Up-to-date: /home/dcole3/arduinobot_ws/install/arduinobot_cpp_examples/share/arduinobot_cpp_examples/environment/ament_prefix_path.sh
[1.319s] -- Up-to-date: /home/dcole3/arduinobot_ws/install/arduinobot_cpp_examples/share/arduinobot_cpp_examples/environment/ament_prefix_path.dsv
[1.319s] -- Up-to-date: /home/dcole3/arduinobot_ws/install/arduinobot_cpp_examples/share/arduinobot_cpp_examples/environment/path.sh
[1.319s] -- Up-to-date: /home/dcole3/arduinobot_ws/install/arduinobot_cpp_examples/share/arduinobot_cpp_examples/environment/path.dsv
[1.320s] -- Up-to-date: /home/dcole3/arduinobot_ws/install/arduinobot_cpp_examples/share/arduinobot_cpp_examples/local_setup.bash
[1.320s] -- Up-to-date: /home/dcole3/arduinobot_ws/install/arduinobot_cpp_examples/share/arduinobot_cpp_examples/local_setup.sh
[1.321s] -- Up-to-date: /home/dcole3/arduinobot_ws/install/arduinobot_cpp_examples/share/arduinobot_cpp_examples/local_setup.zsh
[1.321s] -- Up-to-date: /home/dcole3/arduinobot_ws/install/arduinobot_cpp_examples/share/arduinobot_cpp_examples/local_setup.dsv
[1.321s] -- Installing: /home/dcole3/arduinobot_ws/install/arduinobot_cpp_examples/share/arduinobot_cpp_examples/package.dsv
[1.321s] -- Up-to-date: /home/dcole3/arduinobot_ws/install/arduinobot_cpp_examples/share/ament_index/resource_index/packages/arduinobot_cpp_examples
[1.333s] -- Up-to-date: /home/dcole3/arduinobot_ws/install/arduinobot_cpp_examples/share/arduinobot_cpp_examples/cmake/arduinobot_cpp_examplesConfig.cmake
[1.334s] -- Up-to-date: /home/dcole3/arduinobot_ws/install/arduinobot_cpp_examples/share/arduinobot_cpp_examples/cmake/arduinobot_cpp_examplesConfig-version.cmake
[1.337s] -- Up-to-date: /home/dcole3/arduinobot_ws/install/arduinobot_cpp_examples/share/arduinobot_cpp_examples/package.xml
[1.476s] Invoked command in '/home/dcole3/arduinobot_ws/build/arduinobot_cpp_examples' returned '0': CMAKE_PREFIX_PATH=/opt/ros/humble /usr/bin/cmake --install /home/dcole3/arduinobot_ws/build/arduinobot_cpp_examples
