[2.101s] Invoking command in '/home/dcole3/GitHub/arduinobot_ws/src/arduinobot_py_examples': PYTHONPATH=/home/dcole3/GitHub/arduinobot_ws/build/arduinobot_py_examples/prefix_override:/home/dcole3/GitHub/arduinobot_ws/install/arduinobot_py_examples/lib/python3.10/site-packages:${PYTHONPATH} /usr/bin/python3 setup.py egg_info --egg-base ../../build/arduinobot_py_examples build --build-base /home/dcole3/GitHub/arduinobot_ws/build/arduinobot_py_examples/build install --record /home/dcole3/GitHub/arduinobot_ws/build/arduinobot_py_examples/install.log --single-version-externally-managed
[2.727s] running egg_info
[2.728s] creating ../../build/arduinobot_py_examples/arduinobot_py_examples.egg-info
[2.728s] writing ../../build/arduinobot_py_examples/arduinobot_py_examples.egg-info/PKG-INFO
[2.730s] writing dependency_links to ../../build/arduinobot_py_examples/arduinobot_py_examples.egg-info/dependency_links.txt
[2.730s] writing entry points to ../../build/arduinobot_py_examples/arduinobot_py_examples.egg-info/entry_points.txt
[2.730s] writing requirements to ../../build/arduinobot_py_examples/arduinobot_py_examples.egg-info/requires.txt
[2.731s] writing top-level names to ../../build/arduinobot_py_examples/arduinobot_py_examples.egg-info/top_level.txt
[2.732s] writing manifest file '../../build/arduinobot_py_examples/arduinobot_py_examples.egg-info/SOURCES.txt'
[2.740s] reading manifest file '../../build/arduinobot_py_examples/arduinobot_py_examples.egg-info/SOURCES.txt'
[2.740s] writing manifest file '../../build/arduinobot_py_examples/arduinobot_py_examples.egg-info/SOURCES.txt'
[2.740s] running build
[2.741s] running build_py
[2.741s] creating /home/dcole3/GitHub/arduinobot_ws/build/arduinobot_py_examples/build
[2.741s] creating /home/dcole3/GitHub/arduinobot_ws/build/arduinobot_py_examples/build/lib
[2.741s] creating /home/dcole3/GitHub/arduinobot_ws/build/arduinobot_py_examples/build/lib/arduinobot_py_examples
[2.741s] copying arduinobot_py_examples/__init__.py -> /home/dcole3/GitHub/arduinobot_ws/build/arduinobot_py_examples/build/lib/arduinobot_py_examples
[2.742s] copying arduinobot_py_examples/simple_parameter.py -> /home/dcole3/GitHub/arduinobot_ws/build/arduinobot_py_examples/build/lib/arduinobot_py_examples
[2.742s] copying arduinobot_py_examples/simple_subscriber.py -> /home/dcole3/GitHub/arduinobot_ws/build/arduinobot_py_examples/build/lib/arduinobot_py_examples
[2.742s] copying arduinobot_py_examples/simple_publisher.py -> /home/dcole3/GitHub/arduinobot_ws/build/arduinobot_py_examples/build/lib/arduinobot_py_examples
[2.742s] running install
[2.744s] /usr/lib/python3/dist-packages/setuptools/command/install.py:34: SetuptoolsDeprecationWarning: setup.py install is deprecated. Use build and pip and other standards-based tools.
[2.744s]   warnings.warn(
[2.744s] running install_lib
[2.746s] creating /home/dcole3/GitHub/arduinobot_ws/install/arduinobot_py_examples/lib/python3.10/site-packages/arduinobot_py_examples
[2.746s] copying /home/dcole3/GitHub/arduinobot_ws/build/arduinobot_py_examples/build/lib/arduinobot_py_examples/__init__.py -> /home/dcole3/GitHub/arduinobot_ws/install/arduinobot_py_examples/lib/python3.10/site-packages/arduinobot_py_examples
[2.746s] copying /home/dcole3/GitHub/arduinobot_ws/build/arduinobot_py_examples/build/lib/arduinobot_py_examples/simple_parameter.py -> /home/dcole3/GitHub/arduinobot_ws/install/arduinobot_py_examples/lib/python3.10/site-packages/arduinobot_py_examples
[2.747s] copying /home/dcole3/GitHub/arduinobot_ws/build/arduinobot_py_examples/build/lib/arduinobot_py_examples/simple_subscriber.py -> /home/dcole3/GitHub/arduinobot_ws/install/arduinobot_py_examples/lib/python3.10/site-packages/arduinobot_py_examples
[2.747s] copying /home/dcole3/GitHub/arduinobot_ws/build/arduinobot_py_examples/build/lib/arduinobot_py_examples/simple_publisher.py -> /home/dcole3/GitHub/arduinobot_ws/install/arduinobot_py_examples/lib/python3.10/site-packages/arduinobot_py_examples
[2.748s] byte-compiling /home/dcole3/GitHub/arduinobot_ws/install/arduinobot_py_examples/lib/python3.10/site-packages/arduinobot_py_examples/__init__.py to __init__.cpython-310.pyc
[2.748s] byte-compiling /home/dcole3/GitHub/arduinobot_ws/install/arduinobot_py_examples/lib/python3.10/site-packages/arduinobot_py_examples/simple_parameter.py to simple_parameter.cpython-310.pyc
[2.749s] byte-compiling /home/dcole3/GitHub/arduinobot_ws/install/arduinobot_py_examples/lib/python3.10/site-packages/arduinobot_py_examples/simple_subscriber.py to simple_subscriber.cpython-310.pyc
[2.750s] byte-compiling /home/dcole3/GitHub/arduinobot_ws/install/arduinobot_py_examples/lib/python3.10/site-packages/arduinobot_py_examples/simple_publisher.py to simple_publisher.cpython-310.pyc
[2.751s] running install_data
[2.753s] creating /home/dcole3/GitHub/arduinobot_ws/install/arduinobot_py_examples/share/ament_index
[2.753s] creating /home/dcole3/GitHub/arduinobot_ws/install/arduinobot_py_examples/share/ament_index/resource_index
[2.754s] creating /home/dcole3/GitHub/arduinobot_ws/install/arduinobot_py_examples/share/ament_index/resource_index/packages
[2.754s] copying resource/arduinobot_py_examples -> /home/dcole3/GitHub/arduinobot_ws/install/arduinobot_py_examples/share/ament_index/resource_index/packages
[2.754s] copying package.xml -> /home/dcole3/GitHub/arduinobot_ws/install/arduinobot_py_examples/share/arduinobot_py_examples
[2.754s] running install_egg_info
[2.758s] Copying ../../build/arduinobot_py_examples/arduinobot_py_examples.egg-info to /home/dcole3/GitHub/arduinobot_ws/install/arduinobot_py_examples/lib/python3.10/site-packages/arduinobot_py_examples-0.0.0-py3.10.egg-info
[2.764s] running install_scripts
[2.816s] Installing simple_parameter script to /home/dcole3/GitHub/arduinobot_ws/install/arduinobot_py_examples/lib/arduinobot_py_examples
[2.816s] Installing simple_publisher script to /home/dcole3/GitHub/arduinobot_ws/install/arduinobot_py_examples/lib/arduinobot_py_examples
[2.817s] Installing simple_subscriber script to /home/dcole3/GitHub/arduinobot_ws/install/arduinobot_py_examples/lib/arduinobot_py_examples
[2.818s] writing list of installed files to '/home/dcole3/GitHub/arduinobot_ws/build/arduinobot_py_examples/install.log'
[3.064s] Invoked command in '/home/dcole3/GitHub/arduinobot_ws/src/arduinobot_py_examples' returned '0': PYTHONPATH=/home/dcole3/GitHub/arduinobot_ws/build/arduinobot_py_examples/prefix_override:/home/dcole3/GitHub/arduinobot_ws/install/arduinobot_py_examples/lib/python3.10/site-packages:${PYTHONPATH} /usr/bin/python3 setup.py egg_info --egg-base ../../build/arduinobot_py_examples build --build-base /home/dcole3/GitHub/arduinobot_ws/build/arduinobot_py_examples/build install --record /home/dcole3/GitHub/arduinobot_ws/build/arduinobot_py_examples/install.log --single-version-externally-managed
