[0.265s] Invoking command in '/home/dcole3/GitHub/arduinobot_ws/build/arduinobot_cpp_examples': CMAKE_PREFIX_PATH=/opt/ros/humble /usr/bin/cmake /home/dcole3/GitHub/arduinobot_ws/src/arduinobot_cpp_examples -DCMAKE_INSTALL_PREFIX=/home/dcole3/GitHub/arduinobot_ws/install/arduinobot_cpp_examples
[0.495s] -- The C compiler identification is GNU 11.4.0
[0.702s] -- The CXX compiler identification is GNU 11.4.0
[0.726s] -- Detecting C compiler ABI info
[0.927s] -- Detecting C compiler ABI info - done
[0.950s] -- Check for working C compiler: /usr/bin/cc - skipped
[0.951s] -- Detecting C compile features
[0.952s] -- Detecting C compile features - done
[0.960s] -- Detecting CXX compiler ABI info
[1.200s] -- Detecting CXX compiler ABI info - done
[1.224s] -- Check for working CXX compiler: /usr/bin/c++ - skipped
[1.224s] -- Detecting CXX compile features
[1.226s] -- Detecting CXX compile features - done
[1.231s] -- Found ament_cmake: 1.3.8 (/opt/ros/humble/share/ament_cmake/cmake)
[1.681s] -- Found Python3: /usr/bin/python3 (found version "3.10.12") found components: Interpreter 
[2.062s] -- Found rclcpp: 16.0.8 (/opt/ros/humble/share/rclcpp/cmake)
[2.317s] -- Found rosidl_generator_c: 3.1.5 (/opt/ros/humble/share/rosidl_generator_c/cmake)
[2.333s] -- Found rosidl_adapter: 3.1.5 (/opt/ros/humble/share/rosidl_adapter/cmake)
[2.373s] -- Found rosidl_generator_cpp: 3.1.5 (/opt/ros/humble/share/rosidl_generator_cpp/cmake)
[2.448s] -- Using all available rosidl_typesupport_c: rosidl_typesupport_fastrtps_c;rosidl_typesupport_introspection_c
[2.526s] -- Using all available rosidl_typesupport_cpp: rosidl_typesupport_fastrtps_cpp;rosidl_typesupport_introspection_cpp
[2.771s] -- Found rmw_implementation_cmake: 6.1.1 (/opt/ros/humble/share/rmw_implementation_cmake/cmake)
[2.782s] -- Found rmw_fastrtps_cpp: 6.2.6 (/opt/ros/humble/share/rmw_fastrtps_cpp/cmake)
[3.053s] -- Found OpenSSL: /usr/lib/x86_64-linux-gnu/libcrypto.so (found version "3.0.2")  
[3.114s] -- Found FastRTPS: /opt/ros/humble/include  
[3.190s] -- Using RMW implementation 'rmw_fastrtps_cpp' as default
[3.209s] -- Looking for pthread.h
[3.332s] -- Looking for pthread.h - found
[3.333s] -- Performing Test CMAKE_HAVE_LIBC_PTHREAD
[3.434s] -- Performing Test CMAKE_HAVE_LIBC_PTHREAD - Success
[3.436s] -- Found Threads: TRUE  
[3.845s] -- Found ament_lint_auto: 0.12.10 (/opt/ros/humble/share/ament_lint_auto/cmake)
[3.973s] -- Added test 'cppcheck' to perform static code analysis on C / C++ code
[3.974s] -- Configured cppcheck include dirs: 
[3.974s] -- Configured cppcheck exclude dirs and/or files: 
[3.975s] -- Added test 'lint_cmake' to check CMake code style
[3.977s] -- Added test 'uncrustify' to check C / C++ code style
[3.977s] -- Configured uncrustify additional arguments: 
[3.978s] -- Added test 'xmllint' to check XML markup files
[3.980s] -- Configuring done
[4.006s] -- Generating done
[4.010s] -- Build files have been written to: /home/dcole3/GitHub/arduinobot_ws/build/arduinobot_cpp_examples
[4.027s] Invoked command in '/home/dcole3/GitHub/arduinobot_ws/build/arduinobot_cpp_examples' returned '0': CMAKE_PREFIX_PATH=/opt/ros/humble /usr/bin/cmake /home/dcole3/GitHub/arduinobot_ws/src/arduinobot_cpp_examples -DCMAKE_INSTALL_PREFIX=/home/dcole3/GitHub/arduinobot_ws/install/arduinobot_cpp_examples
[4.029s] Invoking command in '/home/dcole3/GitHub/arduinobot_ws/build/arduinobot_cpp_examples': CMAKE_PREFIX_PATH=/opt/ros/humble /usr/bin/cmake --build /home/dcole3/GitHub/arduinobot_ws/build/arduinobot_cpp_examples -- -j4 -l4
[4.104s] [ 16%] [32mBuilding CXX object CMakeFiles/simple_publisher.dir/src/simple_publisher.cpp.o[0m
[4.108s] [ 33%] [32mBuilding CXX object CMakeFiles/simple_parameter.dir/src/simple_parameter.cpp.o[0m
[4.110s] [ 50%] [32mBuilding CXX object CMakeFiles/simple_subscriber.dir/src/simple_subscriber.cpp.o[0m
[10.639s] [ 66%] [32m[1mLinking CXX executable simple_parameter[0m
[10.902s] [ 66%] Built target simple_parameter
[13.425s] [ 83%] [32m[1mLinking CXX executable simple_publisher[0m
[13.748s] [ 83%] Built target simple_publisher
[18.796s] [100%] [32m[1mLinking CXX executable simple_subscriber[0m
[19.372s] [100%] Built target simple_subscriber
[19.393s] Invoked command in '/home/dcole3/GitHub/arduinobot_ws/build/arduinobot_cpp_examples' returned '0': CMAKE_PREFIX_PATH=/opt/ros/humble /usr/bin/cmake --build /home/dcole3/GitHub/arduinobot_ws/build/arduinobot_cpp_examples -- -j4 -l4
[19.435s] Invoking command in '/home/dcole3/GitHub/arduinobot_ws/build/arduinobot_cpp_examples': CMAKE_PREFIX_PATH=/opt/ros/humble /usr/bin/cmake --install /home/dcole3/GitHub/arduinobot_ws/build/arduinobot_cpp_examples
[19.447s] -- Install configuration: ""
[19.448s] -- Installing: /home/dcole3/GitHub/arduinobot_ws/install/arduinobot_cpp_examples/lib/arduinobot_cpp_examples/simple_publisher
[19.451s] -- Set runtime path of "/home/dcole3/GitHub/arduinobot_ws/install/arduinobot_cpp_examples/lib/arduinobot_cpp_examples/simple_publisher" to ""
[19.451s] -- Installing: /home/dcole3/GitHub/arduinobot_ws/install/arduinobot_cpp_examples/lib/arduinobot_cpp_examples/simple_subscriber
[19.456s] -- Set runtime path of "/home/dcole3/GitHub/arduinobot_ws/install/arduinobot_cpp_examples/lib/arduinobot_cpp_examples/simple_subscriber" to ""
[19.456s] -- Installing: /home/dcole3/GitHub/arduinobot_ws/install/arduinobot_cpp_examples/lib/arduinobot_cpp_examples/simple_parameter
[19.456s] -- Set runtime path of "/home/dcole3/GitHub/arduinobot_ws/install/arduinobot_cpp_examples/lib/arduinobot_cpp_examples/simple_parameter" to ""
[19.456s] -- Installing: /home/dcole3/GitHub/arduinobot_ws/install/arduinobot_cpp_examples/share/ament_index/resource_index/package_run_dependencies/arduinobot_cpp_examples
[19.457s] -- Installing: /home/dcole3/GitHub/arduinobot_ws/install/arduinobot_cpp_examples/share/ament_index/resource_index/parent_prefix_path/arduinobot_cpp_examples
[19.458s] -- Installing: /home/dcole3/GitHub/arduinobot_ws/install/arduinobot_cpp_examples/share/arduinobot_cpp_examples/environment/ament_prefix_path.sh
[19.459s] -- Installing: /home/dcole3/GitHub/arduinobot_ws/install/arduinobot_cpp_examples/share/arduinobot_cpp_examples/environment/ament_prefix_path.dsv
[19.459s] -- Installing: /home/dcole3/GitHub/arduinobot_ws/install/arduinobot_cpp_examples/share/arduinobot_cpp_examples/environment/path.sh
[19.460s] -- Installing: /home/dcole3/GitHub/arduinobot_ws/install/arduinobot_cpp_examples/share/arduinobot_cpp_examples/environment/path.dsv
[19.460s] -- Installing: /home/dcole3/GitHub/arduinobot_ws/install/arduinobot_cpp_examples/share/arduinobot_cpp_examples/local_setup.bash
[19.461s] -- Installing: /home/dcole3/GitHub/arduinobot_ws/install/arduinobot_cpp_examples/share/arduinobot_cpp_examples/local_setup.sh
[19.461s] -- Installing: /home/dcole3/GitHub/arduinobot_ws/install/arduinobot_cpp_examples/share/arduinobot_cpp_examples/local_setup.zsh
[19.462s] -- Installing: /home/dcole3/GitHub/arduinobot_ws/install/arduinobot_cpp_examples/share/arduinobot_cpp_examples/local_setup.dsv
[19.462s] -- Installing: /home/dcole3/GitHub/arduinobot_ws/install/arduinobot_cpp_examples/share/arduinobot_cpp_examples/package.dsv
[19.463s] -- Installing: /home/dcole3/GitHub/arduinobot_ws/install/arduinobot_cpp_examples/share/ament_index/resource_index/packages/arduinobot_cpp_examples
[19.463s] -- Installing: /home/dcole3/GitHub/arduinobot_ws/install/arduinobot_cpp_examples/share/arduinobot_cpp_examples/cmake/arduinobot_cpp_examplesConfig.cmake
[19.463s] -- Installing: /home/dcole3/GitHub/arduinobot_ws/install/arduinobot_cpp_examples/share/arduinobot_cpp_examples/cmake/arduinobot_cpp_examplesConfig-version.cmake
[19.464s] -- Installing: /home/dcole3/GitHub/arduinobot_ws/install/arduinobot_cpp_examples/share/arduinobot_cpp_examples/package.xml
[19.467s] Invoked command in '/home/dcole3/GitHub/arduinobot_ws/build/arduinobot_cpp_examples' returned '0': CMAKE_PREFIX_PATH=/opt/ros/humble /usr/bin/cmake --install /home/dcole3/GitHub/arduinobot_ws/build/arduinobot_cpp_examples
