[0.239s] Invoking command in '/home/dcole3/arduinobot_ws/build/arduinobot_cpp_examples': CMAKE_PREFIX_PATH=/opt/ros/humble /usr/bin/cmake --build /home/dcole3/arduinobot_ws/build/arduinobot_cpp_examples -- -j4 -l4
[0.285s] -- Found ament_cmake: 1.3.6 (/opt/ros/humble/share/ament_cmake/cmake)
[0.707s] -- Found rclcpp: 16.0.7 (/opt/ros/humble/share/rclcpp/cmake)
[0.777s] -- Found rosidl_generator_c: 3.1.5 (/opt/ros/humble/share/rosidl_generator_c/cmake)
[0.781s] -- Found rosidl_adapter: 3.1.5 (/opt/ros/humble/share/rosidl_adapter/cmake)
[0.792s] -- Found rosidl_generator_cpp: 3.1.5 (/opt/ros/humble/share/rosidl_generator_cpp/cmake)
[0.814s] -- Using all available rosidl_typesupport_c: rosidl_typesupport_fastrtps_c;rosidl_typesupport_introspection_c
[0.848s] -- Using all available rosidl_typesupport_cpp: rosidl_typesupport_fastrtps_cpp;rosidl_typesupport_introspection_cpp
[1.006s] -- Found rmw_implementation_cmake: 6.1.1 (/opt/ros/humble/share/rmw_implementation_cmake/cmake)
[1.010s] -- Found rmw_fastrtps_cpp: 6.2.5 (/opt/ros/humble/share/rmw_fastrtps_cpp/cmake)
[1.278s] -- Using RMW implementation 'rmw_fastrtps_cpp' as default
[1.798s] [31mCMake Error at CMakeLists.txt:20 (install):
[1.798s]   install does not recognize sub-command TARGET
[1.798s] 
[1.798s] [0m
[1.798s] -- Found ament_lint_auto: 0.12.9 (/opt/ros/humble/share/ament_lint_auto/cmake)
[1.960s] -- Added test 'cppcheck' to perform static code analysis on C / C++ code
[1.960s] -- Configured cppcheck include dirs: 
[1.960s] -- Configured cppcheck exclude dirs and/or files: 
[1.961s] -- Added test 'lint_cmake' to check CMake code style
[1.963s] -- Added test 'uncrustify' to check C / C++ code style
[1.964s] -- Configured uncrustify additional arguments: 
[1.965s] -- Added test 'xmllint' to check XML markup files
[1.968s] -- Configuring incomplete, errors occurred!
[1.968s] See also "/home/dcole3/arduinobot_ws/build/arduinobot_cpp_examples/CMakeFiles/CMakeOutput.log".
[1.978s] gmake: *** [Makefile:226: cmake_check_build_system] Error 1
[1.983s] Invoked command in '/home/dcole3/arduinobot_ws/build/arduinobot_cpp_examples' returned '2': CMAKE_PREFIX_PATH=/opt/ros/humble /usr/bin/cmake --build /home/dcole3/arduinobot_ws/build/arduinobot_cpp_examples -- -j4 -l4
