[0.267s] Invoking command in '/home/dcole3/arduinobot_ws/build/arduinobot_description': CMAKE_PREFIX_PATH=/opt/ros/humble /usr/bin/cmake --build /home/dcole3/arduinobot_ws/build/arduinobot_description -- -j4 -l4
[1.269s] Invoked command in '/home/dcole3/arduinobot_ws/build/arduinobot_description' returned '0': CMAKE_PREFIX_PATH=/opt/ros/humble /usr/bin/cmake --build /home/dcole3/arduinobot_ws/build/arduinobot_description -- -j4 -l4
[1.336s] Invoking command in '/home/dcole3/arduinobot_ws/build/arduinobot_description': CMAKE_PREFIX_PATH=/opt/ros/humble /usr/bin/cmake --install /home/dcole3/arduinobot_ws/build/arduinobot_description
[1.354s] -- Install configuration: ""
[1.355s] -- Up-to-date: /home/dcole3/arduinobot_ws/install/arduinobot_description/share/arduinobot_description/meshes
[1.355s] -- Up-to-date: /home/dcole3/arduinobot_ws/install/arduinobot_description/share/arduinobot_description/meshes/round_plate.STL
[1.356s] -- Up-to-date: /home/dcole3/arduinobot_ws/install/arduinobot_description/share/arduinobot_description/meshes/forward_drive_arm.STL
[1.356s] -- Up-to-date: /home/dcole3/arduinobot_ws/install/arduinobot_description/share/arduinobot_description/meshes/servo_plate.STL
[1.357s] -- Up-to-date: /home/dcole3/arduinobot_ws/install/arduinobot_description/share/arduinobot_description/meshes/vertical_drive_arm.STL
[1.357s] -- Up-to-date: /home/dcole3/arduinobot_ws/install/arduinobot_description/share/arduinobot_description/meshes/right_finger.STL
[1.358s] -- Up-to-date: /home/dcole3/arduinobot_ws/install/arduinobot_description/share/arduinobot_description/meshes/basement.STL
[1.358s] -- Up-to-date: /home/dcole3/arduinobot_ws/install/arduinobot_description/share/arduinobot_description/meshes/claw_support.STL
[1.358s] -- Up-to-date: /home/dcole3/arduinobot_ws/install/arduinobot_description/share/arduinobot_description/meshes/left_finger.STL
[1.359s] -- Up-to-date: /home/dcole3/arduinobot_ws/install/arduinobot_description/share/arduinobot_description/meshes/plate.STL
[1.359s] -- Up-to-date: /home/dcole3/arduinobot_ws/install/arduinobot_description/share/arduinobot_description/meshes/triangular_link.STL
[1.360s] -- Up-to-date: /home/dcole3/arduinobot_ws/install/arduinobot_description/share/arduinobot_description/meshes/link.STL
[1.360s] -- Up-to-date: /home/dcole3/arduinobot_ws/install/arduinobot_description/share/arduinobot_description/meshes/base_plate.STL
[1.360s] -- Up-to-date: /home/dcole3/arduinobot_ws/install/arduinobot_description/share/arduinobot_description/meshes/horizontal_arm.STL
[1.361s] -- Up-to-date: /home/dcole3/arduinobot_ws/install/arduinobot_description/share/arduinobot_description/urdf
[1.361s] -- Up-to-date: /home/dcole3/arduinobot_ws/install/arduinobot_description/share/arduinobot_description/urdf/arduinobot.urdf.xacro
[1.363s] -- Up-to-date: /home/dcole3/arduinobot_ws/install/arduinobot_description/share/ament_index/resource_index/package_run_dependencies/arduinobot_description
[1.363s] -- Up-to-date: /home/dcole3/arduinobot_ws/install/arduinobot_description/share/ament_index/resource_index/parent_prefix_path/arduinobot_description
[1.364s] -- Up-to-date: /home/dcole3/arduinobot_ws/install/arduinobot_description/share/arduinobot_description/environment/ament_prefix_path.sh
[1.365s] -- Up-to-date: /home/dcole3/arduinobot_ws/install/arduinobot_description/share/arduinobot_description/environment/ament_prefix_path.dsv
[1.365s] -- Up-to-date: /home/dcole3/arduinobot_ws/install/arduinobot_description/share/arduinobot_description/environment/path.sh
[1.366s] -- Up-to-date: /home/dcole3/arduinobot_ws/install/arduinobot_description/share/arduinobot_description/environment/path.dsv
[1.366s] -- Up-to-date: /home/dcole3/arduinobot_ws/install/arduinobot_description/share/arduinobot_description/local_setup.bash
[1.367s] -- Up-to-date: /home/dcole3/arduinobot_ws/install/arduinobot_description/share/arduinobot_description/local_setup.sh
[1.367s] -- Up-to-date: /home/dcole3/arduinobot_ws/install/arduinobot_description/share/arduinobot_description/local_setup.zsh
[1.367s] -- Up-to-date: /home/dcole3/arduinobot_ws/install/arduinobot_description/share/arduinobot_description/local_setup.dsv
[1.367s] -- Installing: /home/dcole3/arduinobot_ws/install/arduinobot_description/share/arduinobot_description/package.dsv
[1.368s] -- Up-to-date: /home/dcole3/arduinobot_ws/install/arduinobot_description/share/ament_index/resource_index/packages/arduinobot_description
[1.370s] -- Up-to-date: /home/dcole3/arduinobot_ws/install/arduinobot_description/share/arduinobot_description/cmake/arduinobot_descriptionConfig.cmake
[1.370s] -- Up-to-date: /home/dcole3/arduinobot_ws/install/arduinobot_description/share/arduinobot_description/cmake/arduinobot_descriptionConfig-version.cmake
[1.371s] -- Up-to-date: /home/dcole3/arduinobot_ws/install/arduinobot_description/share/arduinobot_description/package.xml
[1.377s] Invoked command in '/home/dcole3/arduinobot_ws/build/arduinobot_description' returned '0': CMAKE_PREFIX_PATH=/opt/ros/humble /usr/bin/cmake --install /home/dcole3/arduinobot_ws/build/arduinobot_description
