[2.200s] DEBUG:colcon:Command line arguments: ['/usr/bin/colcon', 'build']
[2.200s] DEBUG:colcon:Parsed command line arguments: Namespace(log_base=None, log_level=None, verb_name='build', build_base='build', install_base='install', merge_install=False, symlink_install=False, test_result_base=None, continue_on_error=False, executor='parallel', parallel_workers=4, event_handlers=None, ignore_user_meta=False, metas=['./colcon.meta'], base_paths=['.'], packages_ignore=None, packages_ignore_regex=None, paths=None, packages_up_to=None, packages_up_to_regex=None, packages_above=None, packages_above_and_dependencies=None, packages_above_depth=None, packages_select_by_dep=None, packages_skip_by_dep=None, packages_skip_up_to=None, packages_select_build_failed=False, packages_skip_build_finished=False, packages_select_test_failures=False, packages_skip_test_passed=False, packages_select=None, packages_skip=None, packages_select_regex=None, packages_skip_regex=None, packages_start=None, packages_end=None, allow_overriding=[], cmake_args=None, cmake_target=None, cmake_target_skip_unavailable=False, cmake_clean_cache=False, cmake_clean_first=False, cmake_force_configure=False, ament_cmake_args=None, catkin_cmake_args=None, catkin_skip_building_tests=False, verb_parser=<colcon_defaults.argument_parser.defaults.DefaultArgumentsDecorator object at 0x7f7152832dd0>, verb_extension=<colcon_core.verb.build.BuildVerb object at 0x7f71539dbf40>, main=<bound method BuildVerb.main of <colcon_core.verb.build.BuildVerb object at 0x7f71539dbf40>>)
[2.334s] Level 1:colcon.colcon_core.package_discovery:discover_packages(colcon_meta) check parameters
[2.334s] Level 1:colcon.colcon_core.package_discovery:discover_packages(recursive) check parameters
[2.334s] Level 1:colcon.colcon_core.package_discovery:discover_packages(ignore) check parameters
[2.335s] Level 1:colcon.colcon_core.package_discovery:discover_packages(path) check parameters
[2.335s] Level 1:colcon.colcon_core.package_discovery:discover_packages(colcon_meta) discover
[2.335s] Level 1:colcon.colcon_core.package_discovery:discover_packages(recursive) discover
[2.335s] INFO:colcon.colcon_core.package_discovery:Crawling recursively for packages in '/home/dcole3/arduinobot_ws'
[2.335s] Level 1:colcon.colcon_core.package_identification:_identify(.) by extensions ['ignore', 'ignore_ament_install']
[2.336s] Level 1:colcon.colcon_core.package_identification:_identify(.) by extension 'ignore'
[2.336s] Level 1:colcon.colcon_core.package_identification:_identify(.) by extension 'ignore_ament_install'
[2.336s] Level 1:colcon.colcon_core.package_identification:_identify(.) by extensions ['colcon_pkg']
[2.336s] Level 1:colcon.colcon_core.package_identification:_identify(.) by extension 'colcon_pkg'
[2.336s] Level 1:colcon.colcon_core.package_identification:_identify(.) by extensions ['colcon_meta']
[2.336s] Level 1:colcon.colcon_core.package_identification:_identify(.) by extension 'colcon_meta'
[2.337s] Level 1:colcon.colcon_core.package_identification:_identify(.) by extensions ['ros']
[2.337s] Level 1:colcon.colcon_core.package_identification:_identify(.) by extension 'ros'
[2.370s] Level 1:colcon.colcon_core.package_identification:_identify(.) by extensions ['cmake', 'python']
[2.371s] Level 1:colcon.colcon_core.package_identification:_identify(.) by extension 'cmake'
[2.371s] Level 1:colcon.colcon_core.package_identification:_identify(.) by extension 'python'
[2.371s] Level 1:colcon.colcon_core.package_identification:_identify(.) by extensions ['python_setup_py']
[2.371s] Level 1:colcon.colcon_core.package_identification:_identify(.) by extension 'python_setup_py'
[2.372s] Level 1:colcon.colcon_core.package_identification:_identify(build) by extensions ['ignore', 'ignore_ament_install']
[2.372s] Level 1:colcon.colcon_core.package_identification:_identify(build) by extension 'ignore'
[2.372s] Level 1:colcon.colcon_core.package_identification:_identify(build) ignored
[2.372s] Level 1:colcon.colcon_core.package_identification:_identify(install) by extensions ['ignore', 'ignore_ament_install']
[2.372s] Level 1:colcon.colcon_core.package_identification:_identify(install) by extension 'ignore'
[2.372s] Level 1:colcon.colcon_core.package_identification:_identify(install) ignored
[2.373s] Level 1:colcon.colcon_core.package_identification:_identify(log) by extensions ['ignore', 'ignore_ament_install']
[2.373s] Level 1:colcon.colcon_core.package_identification:_identify(log) by extension 'ignore'
[2.373s] Level 1:colcon.colcon_core.package_identification:_identify(log) ignored
[2.373s] Level 1:colcon.colcon_core.package_identification:_identify(src) by extensions ['ignore', 'ignore_ament_install']
[2.374s] Level 1:colcon.colcon_core.package_identification:_identify(src) by extension 'ignore'
[2.374s] Level 1:colcon.colcon_core.package_identification:_identify(src) by extension 'ignore_ament_install'
[2.374s] Level 1:colcon.colcon_core.package_identification:_identify(src) by extensions ['colcon_pkg']
[2.374s] Level 1:colcon.colcon_core.package_identification:_identify(src) by extension 'colcon_pkg'
[2.374s] Level 1:colcon.colcon_core.package_identification:_identify(src) by extensions ['colcon_meta']
[2.374s] Level 1:colcon.colcon_core.package_identification:_identify(src) by extension 'colcon_meta'
[2.375s] Level 1:colcon.colcon_core.package_identification:_identify(src) by extensions ['ros']
[2.375s] Level 1:colcon.colcon_core.package_identification:_identify(src) by extension 'ros'
[2.375s] Level 1:colcon.colcon_core.package_identification:_identify(src) by extensions ['cmake', 'python']
[2.375s] Level 1:colcon.colcon_core.package_identification:_identify(src) by extension 'cmake'
[2.375s] Level 1:colcon.colcon_core.package_identification:_identify(src) by extension 'python'
[2.375s] Level 1:colcon.colcon_core.package_identification:_identify(src) by extensions ['python_setup_py']
[2.375s] Level 1:colcon.colcon_core.package_identification:_identify(src) by extension 'python_setup_py'
[2.376s] Level 1:colcon.colcon_core.package_identification:_identify(src/arduinobot_cpp_examples) by extensions ['ignore', 'ignore_ament_install']
[2.376s] Level 1:colcon.colcon_core.package_identification:_identify(src/arduinobot_cpp_examples) by extension 'ignore'
[2.377s] Level 1:colcon.colcon_core.package_identification:_identify(src/arduinobot_cpp_examples) by extension 'ignore_ament_install'
[2.377s] Level 1:colcon.colcon_core.package_identification:_identify(src/arduinobot_cpp_examples) by extensions ['colcon_pkg']
[2.377s] Level 1:colcon.colcon_core.package_identification:_identify(src/arduinobot_cpp_examples) by extension 'colcon_pkg'
[2.377s] Level 1:colcon.colcon_core.package_identification:_identify(src/arduinobot_cpp_examples) by extensions ['colcon_meta']
[2.377s] Level 1:colcon.colcon_core.package_identification:_identify(src/arduinobot_cpp_examples) by extension 'colcon_meta'
[2.377s] Level 1:colcon.colcon_core.package_identification:_identify(src/arduinobot_cpp_examples) by extensions ['ros']
[2.377s] Level 1:colcon.colcon_core.package_identification:_identify(src/arduinobot_cpp_examples) by extension 'ros'
[2.384s] DEBUG:colcon.colcon_core.package_identification:Package 'src/arduinobot_cpp_examples' with type 'ros.ament_cmake' and name 'arduinobot_cpp_examples'
[2.386s] Level 1:colcon.colcon_core.package_identification:_identify(src/arduinobot_description) by extensions ['ignore', 'ignore_ament_install']
[2.386s] Level 1:colcon.colcon_core.package_identification:_identify(src/arduinobot_description) by extension 'ignore'
[2.386s] Level 1:colcon.colcon_core.package_identification:_identify(src/arduinobot_description) by extension 'ignore_ament_install'
[2.387s] Level 1:colcon.colcon_core.package_identification:_identify(src/arduinobot_description) by extensions ['colcon_pkg']
[2.387s] Level 1:colcon.colcon_core.package_identification:_identify(src/arduinobot_description) by extension 'colcon_pkg'
[2.387s] Level 1:colcon.colcon_core.package_identification:_identify(src/arduinobot_description) by extensions ['colcon_meta']
[2.387s] Level 1:colcon.colcon_core.package_identification:_identify(src/arduinobot_description) by extension 'colcon_meta'
[2.387s] Level 1:colcon.colcon_core.package_identification:_identify(src/arduinobot_description) by extensions ['ros']
[2.387s] Level 1:colcon.colcon_core.package_identification:_identify(src/arduinobot_description) by extension 'ros'
[2.389s] DEBUG:colcon.colcon_core.package_identification:Package 'src/arduinobot_description' with type 'ros.ament_cmake' and name 'arduinobot_description'
[2.390s] Level 1:colcon.colcon_core.package_identification:_identify(src/arduinobot_py_examples) by extensions ['ignore', 'ignore_ament_install']
[2.390s] Level 1:colcon.colcon_core.package_identification:_identify(src/arduinobot_py_examples) by extension 'ignore'
[2.390s] Level 1:colcon.colcon_core.package_identification:_identify(src/arduinobot_py_examples) by extension 'ignore_ament_install'
[2.391s] Level 1:colcon.colcon_core.package_identification:_identify(src/arduinobot_py_examples) by extensions ['colcon_pkg']
[2.391s] Level 1:colcon.colcon_core.package_identification:_identify(src/arduinobot_py_examples) by extension 'colcon_pkg'
[2.391s] Level 1:colcon.colcon_core.package_identification:_identify(src/arduinobot_py_examples) by extensions ['colcon_meta']
[2.391s] Level 1:colcon.colcon_core.package_identification:_identify(src/arduinobot_py_examples) by extension 'colcon_meta'
[2.391s] Level 1:colcon.colcon_core.package_identification:_identify(src/arduinobot_py_examples) by extensions ['ros']
[2.391s] Level 1:colcon.colcon_core.package_identification:_identify(src/arduinobot_py_examples) by extension 'ros'
[2.393s] DEBUG:colcon.colcon_core.package_identification:Package 'src/arduinobot_py_examples' with type 'ros.ament_python' and name 'arduinobot_py_examples'
[2.393s] Level 1:colcon.colcon_core.package_discovery:discover_packages(recursive) using defaults
[2.393s] Level 1:colcon.colcon_core.package_discovery:discover_packages(ignore) discover
[2.393s] Level 1:colcon.colcon_core.package_discovery:discover_packages(ignore) using defaults
[2.393s] Level 1:colcon.colcon_core.package_discovery:discover_packages(path) discover
[2.393s] Level 1:colcon.colcon_core.package_discovery:discover_packages(path) using defaults
[2.572s] Level 1:colcon.colcon_core.package_discovery:discover_packages(prefix_path) check parameters
[2.572s] Level 1:colcon.colcon_core.package_discovery:discover_packages(prefix_path) discover
[2.630s] DEBUG:colcon.colcon_installed_package_information.package_discovery:Found 354 installed packages in /opt/ros/humble
[2.632s] Level 1:colcon.colcon_core.package_discovery:discover_packages(prefix_path) using defaults
[2.835s] Level 5:colcon.colcon_core.verb:set package 'arduinobot_cpp_examples' build argument 'cmake_args' from command line to 'None'
[2.835s] Level 5:colcon.colcon_core.verb:set package 'arduinobot_cpp_examples' build argument 'cmake_target' from command line to 'None'
[2.835s] Level 5:colcon.colcon_core.verb:set package 'arduinobot_cpp_examples' build argument 'cmake_target_skip_unavailable' from command line to 'False'
[2.835s] Level 5:colcon.colcon_core.verb:set package 'arduinobot_cpp_examples' build argument 'cmake_clean_cache' from command line to 'False'
[2.835s] Level 5:colcon.colcon_core.verb:set package 'arduinobot_cpp_examples' build argument 'cmake_clean_first' from command line to 'False'
[2.835s] Level 5:colcon.colcon_core.verb:set package 'arduinobot_cpp_examples' build argument 'cmake_force_configure' from command line to 'False'
[2.835s] Level 5:colcon.colcon_core.verb:set package 'arduinobot_cpp_examples' build argument 'ament_cmake_args' from command line to 'None'
[2.836s] Level 5:colcon.colcon_core.verb:set package 'arduinobot_cpp_examples' build argument 'catkin_cmake_args' from command line to 'None'
[2.836s] Level 5:colcon.colcon_core.verb:set package 'arduinobot_cpp_examples' build argument 'catkin_skip_building_tests' from command line to 'False'
[2.836s] DEBUG:colcon.colcon_core.verb:Building package 'arduinobot_cpp_examples' with the following arguments: {'ament_cmake_args': None, 'build_base': '/home/dcole3/arduinobot_ws/build/arduinobot_cpp_examples', 'catkin_cmake_args': None, 'catkin_skip_building_tests': False, 'cmake_args': None, 'cmake_clean_cache': False, 'cmake_clean_first': False, 'cmake_force_configure': False, 'cmake_target': None, 'cmake_target_skip_unavailable': False, 'install_base': '/home/dcole3/arduinobot_ws/install/arduinobot_cpp_examples', 'merge_install': False, 'path': '/home/dcole3/arduinobot_ws/src/arduinobot_cpp_examples', 'symlink_install': False, 'test_result_base': None}
[2.865s] Level 5:colcon.colcon_core.verb:set package 'arduinobot_description' build argument 'cmake_args' from command line to 'None'
[2.865s] Level 5:colcon.colcon_core.verb:set package 'arduinobot_description' build argument 'cmake_target' from command line to 'None'
[2.865s] Level 5:colcon.colcon_core.verb:set package 'arduinobot_description' build argument 'cmake_target_skip_unavailable' from command line to 'False'
[2.865s] Level 5:colcon.colcon_core.verb:set package 'arduinobot_description' build argument 'cmake_clean_cache' from command line to 'False'
[2.865s] Level 5:colcon.colcon_core.verb:set package 'arduinobot_description' build argument 'cmake_clean_first' from command line to 'False'
[2.865s] Level 5:colcon.colcon_core.verb:set package 'arduinobot_description' build argument 'cmake_force_configure' from command line to 'False'
[2.865s] Level 5:colcon.colcon_core.verb:set package 'arduinobot_description' build argument 'ament_cmake_args' from command line to 'None'
[2.865s] Level 5:colcon.colcon_core.verb:set package 'arduinobot_description' build argument 'catkin_cmake_args' from command line to 'None'
[2.865s] Level 5:colcon.colcon_core.verb:set package 'arduinobot_description' build argument 'catkin_skip_building_tests' from command line to 'False'
[2.866s] DEBUG:colcon.colcon_core.verb:Building package 'arduinobot_description' with the following arguments: {'ament_cmake_args': None, 'build_base': '/home/dcole3/arduinobot_ws/build/arduinobot_description', 'catkin_cmake_args': None, 'catkin_skip_building_tests': False, 'cmake_args': None, 'cmake_clean_cache': False, 'cmake_clean_first': False, 'cmake_force_configure': False, 'cmake_target': None, 'cmake_target_skip_unavailable': False, 'install_base': '/home/dcole3/arduinobot_ws/install/arduinobot_description', 'merge_install': False, 'path': '/home/dcole3/arduinobot_ws/src/arduinobot_description', 'symlink_install': False, 'test_result_base': None}
[2.898s] Level 5:colcon.colcon_core.verb:set package 'arduinobot_py_examples' build argument 'cmake_args' from command line to 'None'
[2.898s] Level 5:colcon.colcon_core.verb:set package 'arduinobot_py_examples' build argument 'cmake_target' from command line to 'None'
[2.898s] Level 5:colcon.colcon_core.verb:set package 'arduinobot_py_examples' build argument 'cmake_target_skip_unavailable' from command line to 'False'
[2.898s] Level 5:colcon.colcon_core.verb:set package 'arduinobot_py_examples' build argument 'cmake_clean_cache' from command line to 'False'
[2.898s] Level 5:colcon.colcon_core.verb:set package 'arduinobot_py_examples' build argument 'cmake_clean_first' from command line to 'False'
[2.898s] Level 5:colcon.colcon_core.verb:set package 'arduinobot_py_examples' build argument 'cmake_force_configure' from command line to 'False'
[2.898s] Level 5:colcon.colcon_core.verb:set package 'arduinobot_py_examples' build argument 'ament_cmake_args' from command line to 'None'
[2.898s] Level 5:colcon.colcon_core.verb:set package 'arduinobot_py_examples' build argument 'catkin_cmake_args' from command line to 'None'
[2.898s] Level 5:colcon.colcon_core.verb:set package 'arduinobot_py_examples' build argument 'catkin_skip_building_tests' from command line to 'False'
[2.898s] DEBUG:colcon.colcon_core.verb:Building package 'arduinobot_py_examples' with the following arguments: {'ament_cmake_args': None, 'build_base': '/home/dcole3/arduinobot_ws/build/arduinobot_py_examples', 'catkin_cmake_args': None, 'catkin_skip_building_tests': False, 'cmake_args': None, 'cmake_clean_cache': False, 'cmake_clean_first': False, 'cmake_force_configure': False, 'cmake_target': None, 'cmake_target_skip_unavailable': False, 'install_base': '/home/dcole3/arduinobot_ws/install/arduinobot_py_examples', 'merge_install': False, 'path': '/home/dcole3/arduinobot_ws/src/arduinobot_py_examples', 'symlink_install': False, 'test_result_base': None}
[2.940s] INFO:colcon.colcon_core.executor:Executing jobs using 'parallel' executor
[2.983s] DEBUG:colcon.colcon_parallel_executor.executor.parallel:run_until_complete
[2.984s] INFO:colcon.colcon_ros.task.ament_cmake.build:Building ROS package in '/home/dcole3/arduinobot_ws/src/arduinobot_cpp_examples' with build type 'ament_cmake'
[2.984s] INFO:colcon.colcon_cmake.task.cmake.build:Building CMake package in '/home/dcole3/arduinobot_ws/src/arduinobot_cpp_examples'
[3.035s] INFO:colcon.colcon_core.plugin_system:Skipping extension 'colcon_core.shell.bat': Not used on non-Windows systems
[3.036s] INFO:colcon.colcon_core.shell:Skip shell extension 'powershell' for command environment: Not usable outside of PowerShell
[3.036s] DEBUG:colcon.colcon_core.shell:Skip shell extension 'dsv' for command environment
[3.128s] INFO:colcon.colcon_ros.task.ament_cmake.build:Building ROS package in '/home/dcole3/arduinobot_ws/src/arduinobot_description' with build type 'ament_cmake'
[3.128s] INFO:colcon.colcon_cmake.task.cmake.build:Building CMake package in '/home/dcole3/arduinobot_ws/src/arduinobot_description'
[3.162s] INFO:colcon.colcon_core.shell:Skip shell extension 'powershell' for command environment: Not usable outside of PowerShell
[3.162s] DEBUG:colcon.colcon_core.shell:Skip shell extension 'dsv' for command environment
[3.230s] INFO:colcon.colcon_ros.task.ament_python.build:Building ROS package in '/home/dcole3/arduinobot_ws/src/arduinobot_py_examples' with build type 'ament_python'
[3.230s] Level 1:colcon.colcon_core.shell:create_environment_hook('arduinobot_py_examples', 'ament_prefix_path')
[3.272s] INFO:colcon.colcon_core.shell:Creating environment hook '/home/dcole3/arduinobot_ws/install/arduinobot_py_examples/share/arduinobot_py_examples/hook/ament_prefix_path.ps1'
[3.275s] INFO:colcon.colcon_core.shell:Creating environment descriptor '/home/dcole3/arduinobot_ws/install/arduinobot_py_examples/share/arduinobot_py_examples/hook/ament_prefix_path.dsv'
[3.280s] INFO:colcon.colcon_core.shell:Creating environment hook '/home/dcole3/arduinobot_ws/install/arduinobot_py_examples/share/arduinobot_py_examples/hook/ament_prefix_path.sh'
[3.321s] INFO:colcon.colcon_core.shell:Skip shell extension 'powershell' for command environment: Not usable outside of PowerShell
[3.321s] DEBUG:colcon.colcon_core.shell:Skip shell extension 'dsv' for command environment
[3.391s] DEBUG:colcon.colcon_core.event_handler.log_command:Invoking command in '/home/dcole3/arduinobot_ws/build/arduinobot_cpp_examples': CMAKE_PREFIX_PATH=/opt/ros/humble /usr/bin/cmake --build /home/dcole3/arduinobot_ws/build/arduinobot_cpp_examples -- -j4 -l4
[3.403s] DEBUG:colcon.colcon_core.event_handler.log_command:Invoking command in '/home/dcole3/arduinobot_ws/build/arduinobot_description': CMAKE_PREFIX_PATH=/opt/ros/humble /usr/bin/cmake --build /home/dcole3/arduinobot_ws/build/arduinobot_description -- -j4 -l4
[4.052s] INFO:colcon.colcon_core.task.python.build:Building Python package in '/home/dcole3/arduinobot_ws/src/arduinobot_py_examples'
[4.089s] INFO:colcon.colcon_core.shell:Skip shell extension 'powershell' for command environment: Not usable outside of PowerShell
[4.089s] DEBUG:colcon.colcon_core.shell:Skip shell extension 'dsv' for command environment
[4.169s] DEBUG:colcon.colcon_core.event_handler.log_command:Invoked command in '/home/dcole3/arduinobot_ws/build/arduinobot_cpp_examples' returned '0': CMAKE_PREFIX_PATH=/opt/ros/humble /usr/bin/cmake --build /home/dcole3/arduinobot_ws/build/arduinobot_cpp_examples -- -j4 -l4
[4.170s] DEBUG:colcon.colcon_core.event_handler.log_command:Invoked command in '/home/dcole3/arduinobot_ws/build/arduinobot_description' returned '0': CMAKE_PREFIX_PATH=/opt/ros/humble /usr/bin/cmake --build /home/dcole3/arduinobot_ws/build/arduinobot_description -- -j4 -l4
[4.251s] DEBUG:colcon.colcon_core.event_handler.log_command:Invoking command in '/home/dcole3/arduinobot_ws/build/arduinobot_description': CMAKE_PREFIX_PATH=/opt/ros/humble /usr/bin/cmake --install /home/dcole3/arduinobot_ws/build/arduinobot_description
[4.257s] DEBUG:colcon.colcon_core.event_handler.log_command:Invoking command in '/home/dcole3/arduinobot_ws/build/arduinobot_cpp_examples': CMAKE_PREFIX_PATH=/opt/ros/humble /usr/bin/cmake --install /home/dcole3/arduinobot_ws/build/arduinobot_cpp_examples
[4.292s] Level 1:colcon.colcon_core.environment:create_environment_scripts_only(arduinobot_description)
[4.300s] DEBUG:colcon.colcon_core.event_handler.log_command:Invoked command in '/home/dcole3/arduinobot_ws/build/arduinobot_description' returned '0': CMAKE_PREFIX_PATH=/opt/ros/humble /usr/bin/cmake --install /home/dcole3/arduinobot_ws/build/arduinobot_description
[4.354s] Level 1:colcon.colcon_core.environment:checking '/home/dcole3/arduinobot_ws/install/arduinobot_description' for CMake module files
[4.355s] Level 1:colcon.colcon_core.environment:checking '/home/dcole3/arduinobot_ws/install/arduinobot_description' for CMake config files
[4.357s] Level 1:colcon.colcon_core.shell:create_environment_hook('arduinobot_description', 'cmake_prefix_path')
[4.388s] INFO:colcon.colcon_core.shell:Creating environment hook '/home/dcole3/arduinobot_ws/install/arduinobot_description/share/arduinobot_description/hook/cmake_prefix_path.ps1'
[4.389s] INFO:colcon.colcon_core.shell:Creating environment descriptor '/home/dcole3/arduinobot_ws/install/arduinobot_description/share/arduinobot_description/hook/cmake_prefix_path.dsv'
[4.390s] INFO:colcon.colcon_core.shell:Creating environment hook '/home/dcole3/arduinobot_ws/install/arduinobot_description/share/arduinobot_description/hook/cmake_prefix_path.sh'
[4.391s] Level 1:colcon.colcon_core.environment:checking '/home/dcole3/arduinobot_ws/install/arduinobot_description/bin'
[4.391s] Level 1:colcon.colcon_core.environment:checking '/home/dcole3/arduinobot_ws/install/arduinobot_description/lib/pkgconfig/arduinobot_description.pc'
[4.392s] Level 1:colcon.colcon_core.environment:checking '/home/dcole3/arduinobot_ws/install/arduinobot_description/lib/python3.10/site-packages'
[4.392s] Level 1:colcon.colcon_core.environment:checking '/home/dcole3/arduinobot_ws/install/arduinobot_description/bin'
[4.438s] INFO:colcon.colcon_core.shell:Creating package script '/home/dcole3/arduinobot_ws/install/arduinobot_description/share/arduinobot_description/package.ps1'
[4.441s] INFO:colcon.colcon_core.shell:Creating package descriptor '/home/dcole3/arduinobot_ws/install/arduinobot_description/share/arduinobot_description/package.dsv'
[4.444s] INFO:colcon.colcon_core.shell:Creating package script '/home/dcole3/arduinobot_ws/install/arduinobot_description/share/arduinobot_description/package.sh'
[4.447s] INFO:colcon.colcon_core.shell:Creating package script '/home/dcole3/arduinobot_ws/install/arduinobot_description/share/arduinobot_description/package.bash'
[4.450s] INFO:colcon.colcon_core.shell:Creating package script '/home/dcole3/arduinobot_ws/install/arduinobot_description/share/arduinobot_description/package.zsh'
[4.453s] Level 1:colcon.colcon_core.environment:create_file_with_runtime_dependencies(/home/dcole3/arduinobot_ws/install/arduinobot_description/share/colcon-core/packages/arduinobot_description)
[4.459s] Level 1:colcon.colcon_core.environment:create_environment_scripts_only(arduinobot_cpp_examples)
[4.461s] DEBUG:colcon.colcon_core.event_handler.log_command:Invoked command in '/home/dcole3/arduinobot_ws/build/arduinobot_cpp_examples' returned '0': CMAKE_PREFIX_PATH=/opt/ros/humble /usr/bin/cmake --install /home/dcole3/arduinobot_ws/build/arduinobot_cpp_examples
[4.514s] Level 1:colcon.colcon_core.environment:checking '/home/dcole3/arduinobot_ws/install/arduinobot_cpp_examples' for CMake module files
[4.517s] Level 1:colcon.colcon_core.environment:checking '/home/dcole3/arduinobot_ws/install/arduinobot_cpp_examples' for CMake config files
[4.519s] Level 1:colcon.colcon_core.shell:create_environment_hook('arduinobot_cpp_examples', 'cmake_prefix_path')
[4.573s] INFO:colcon.colcon_core.shell:Creating environment hook '/home/dcole3/arduinobot_ws/install/arduinobot_cpp_examples/share/arduinobot_cpp_examples/hook/cmake_prefix_path.ps1'
[4.574s] INFO:colcon.colcon_core.shell:Creating environment descriptor '/home/dcole3/arduinobot_ws/install/arduinobot_cpp_examples/share/arduinobot_cpp_examples/hook/cmake_prefix_path.dsv'
[4.575s] INFO:colcon.colcon_core.shell:Creating environment hook '/home/dcole3/arduinobot_ws/install/arduinobot_cpp_examples/share/arduinobot_cpp_examples/hook/cmake_prefix_path.sh'
[4.576s] Level 1:colcon.colcon_core.environment:checking '/home/dcole3/arduinobot_ws/install/arduinobot_cpp_examples/lib'
[4.577s] Level 1:colcon.colcon_core.environment:checking '/home/dcole3/arduinobot_ws/install/arduinobot_cpp_examples/bin'
[4.577s] Level 1:colcon.colcon_core.environment:checking '/home/dcole3/arduinobot_ws/install/arduinobot_cpp_examples/lib/pkgconfig/arduinobot_cpp_examples.pc'
[4.578s] Level 1:colcon.colcon_core.environment:checking '/home/dcole3/arduinobot_ws/install/arduinobot_cpp_examples/lib/python3.10/site-packages'
[4.579s] Level 1:colcon.colcon_core.environment:checking '/home/dcole3/arduinobot_ws/install/arduinobot_cpp_examples/bin'
[4.636s] INFO:colcon.colcon_core.shell:Creating package script '/home/dcole3/arduinobot_ws/install/arduinobot_cpp_examples/share/arduinobot_cpp_examples/package.ps1'
[4.638s] INFO:colcon.colcon_core.shell:Creating package descriptor '/home/dcole3/arduinobot_ws/install/arduinobot_cpp_examples/share/arduinobot_cpp_examples/package.dsv'
[4.639s] INFO:colcon.colcon_core.shell:Creating package script '/home/dcole3/arduinobot_ws/install/arduinobot_cpp_examples/share/arduinobot_cpp_examples/package.sh'
[4.640s] INFO:colcon.colcon_core.shell:Creating package script '/home/dcole3/arduinobot_ws/install/arduinobot_cpp_examples/share/arduinobot_cpp_examples/package.bash'
[4.640s] INFO:colcon.colcon_core.shell:Creating package script '/home/dcole3/arduinobot_ws/install/arduinobot_cpp_examples/share/arduinobot_cpp_examples/package.zsh'
[4.641s] Level 1:colcon.colcon_core.environment:create_file_with_runtime_dependencies(/home/dcole3/arduinobot_ws/install/arduinobot_cpp_examples/share/colcon-core/packages/arduinobot_cpp_examples)
[4.708s] Level 1:colcon.colcon_core.environment:create_environment_scripts_only(arduinobot_description)
[4.748s] Level 1:colcon.colcon_core.environment:checking '/home/dcole3/arduinobot_ws/install/arduinobot_description' for CMake module files
[4.749s] Level 1:colcon.colcon_core.environment:checking '/home/dcole3/arduinobot_ws/install/arduinobot_description' for CMake config files
[4.750s] Level 1:colcon.colcon_core.shell:create_environment_hook('arduinobot_description', 'cmake_prefix_path')
[4.781s] INFO:colcon.colcon_core.shell:Creating environment hook '/home/dcole3/arduinobot_ws/install/arduinobot_description/share/arduinobot_description/hook/cmake_prefix_path.ps1'
[4.782s] INFO:colcon.colcon_core.shell:Creating environment descriptor '/home/dcole3/arduinobot_ws/install/arduinobot_description/share/arduinobot_description/hook/cmake_prefix_path.dsv'
[4.783s] INFO:colcon.colcon_core.shell:Creating environment hook '/home/dcole3/arduinobot_ws/install/arduinobot_description/share/arduinobot_description/hook/cmake_prefix_path.sh'
[4.785s] Level 1:colcon.colcon_core.environment:checking '/home/dcole3/arduinobot_ws/install/arduinobot_description/bin'
[4.785s] Level 1:colcon.colcon_core.environment:checking '/home/dcole3/arduinobot_ws/install/arduinobot_description/lib/pkgconfig/arduinobot_description.pc'
[4.785s] Level 1:colcon.colcon_core.environment:checking '/home/dcole3/arduinobot_ws/install/arduinobot_description/lib/python3.10/site-packages'
[4.786s] Level 1:colcon.colcon_core.environment:checking '/home/dcole3/arduinobot_ws/install/arduinobot_description/bin'
[4.817s] INFO:colcon.colcon_core.shell:Creating package script '/home/dcole3/arduinobot_ws/install/arduinobot_description/share/arduinobot_description/package.ps1'
[4.820s] INFO:colcon.colcon_core.shell:Creating package descriptor '/home/dcole3/arduinobot_ws/install/arduinobot_description/share/arduinobot_description/package.dsv'
[4.821s] INFO:colcon.colcon_core.shell:Creating package script '/home/dcole3/arduinobot_ws/install/arduinobot_description/share/arduinobot_description/package.sh'
[4.822s] INFO:colcon.colcon_core.shell:Creating package script '/home/dcole3/arduinobot_ws/install/arduinobot_description/share/arduinobot_description/package.bash'
[4.823s] INFO:colcon.colcon_core.shell:Creating package script '/home/dcole3/arduinobot_ws/install/arduinobot_description/share/arduinobot_description/package.zsh'
[4.823s] Level 1:colcon.colcon_core.environment:create_file_with_runtime_dependencies(/home/dcole3/arduinobot_ws/install/arduinobot_description/share/colcon-core/packages/arduinobot_description)
[4.862s] Level 1:colcon.colcon_core.environment:create_environment_scripts_only(arduinobot_cpp_examples)
[4.911s] Level 1:colcon.colcon_core.environment:checking '/home/dcole3/arduinobot_ws/install/arduinobot_cpp_examples' for CMake module files
[4.913s] Level 1:colcon.colcon_core.environment:checking '/home/dcole3/arduinobot_ws/install/arduinobot_cpp_examples' for CMake config files
[4.914s] Level 1:colcon.colcon_core.shell:create_environment_hook('arduinobot_cpp_examples', 'cmake_prefix_path')
[4.967s] INFO:colcon.colcon_core.shell:Creating environment hook '/home/dcole3/arduinobot_ws/install/arduinobot_cpp_examples/share/arduinobot_cpp_examples/hook/cmake_prefix_path.ps1'
[4.968s] INFO:colcon.colcon_core.shell:Creating environment descriptor '/home/dcole3/arduinobot_ws/install/arduinobot_cpp_examples/share/arduinobot_cpp_examples/hook/cmake_prefix_path.dsv'
[4.969s] INFO:colcon.colcon_core.shell:Creating environment hook '/home/dcole3/arduinobot_ws/install/arduinobot_cpp_examples/share/arduinobot_cpp_examples/hook/cmake_prefix_path.sh'
[4.970s] Level 1:colcon.colcon_core.environment:checking '/home/dcole3/arduinobot_ws/install/arduinobot_cpp_examples/lib'
[4.970s] Level 1:colcon.colcon_core.environment:checking '/home/dcole3/arduinobot_ws/install/arduinobot_cpp_examples/bin'
[4.971s] Level 1:colcon.colcon_core.environment:checking '/home/dcole3/arduinobot_ws/install/arduinobot_cpp_examples/lib/pkgconfig/arduinobot_cpp_examples.pc'
[4.971s] Level 1:colcon.colcon_core.environment:checking '/home/dcole3/arduinobot_ws/install/arduinobot_cpp_examples/lib/python3.10/site-packages'
[4.972s] Level 1:colcon.colcon_core.environment:checking '/home/dcole3/arduinobot_ws/install/arduinobot_cpp_examples/bin'
[5.011s] INFO:colcon.colcon_core.shell:Creating package script '/home/dcole3/arduinobot_ws/install/arduinobot_cpp_examples/share/arduinobot_cpp_examples/package.ps1'
[5.012s] INFO:colcon.colcon_core.shell:Creating package descriptor '/home/dcole3/arduinobot_ws/install/arduinobot_cpp_examples/share/arduinobot_cpp_examples/package.dsv'
[5.014s] INFO:colcon.colcon_core.shell:Creating package script '/home/dcole3/arduinobot_ws/install/arduinobot_cpp_examples/share/arduinobot_cpp_examples/package.sh'
[5.015s] INFO:colcon.colcon_core.shell:Creating package script '/home/dcole3/arduinobot_ws/install/arduinobot_cpp_examples/share/arduinobot_cpp_examples/package.bash'
[5.016s] INFO:colcon.colcon_core.shell:Creating package script '/home/dcole3/arduinobot_ws/install/arduinobot_cpp_examples/share/arduinobot_cpp_examples/package.zsh'
[5.017s] Level 1:colcon.colcon_core.environment:create_file_with_runtime_dependencies(/home/dcole3/arduinobot_ws/install/arduinobot_cpp_examples/share/colcon-core/packages/arduinobot_cpp_examples)
[5.304s] DEBUG:colcon.colcon_core.event_handler.log_command:Invoking command in '/home/dcole3/arduinobot_ws/src/arduinobot_py_examples': PYTHONPATH=/home/dcole3/arduinobot_ws/build/arduinobot_py_examples/prefix_override:/home/dcole3/arduinobot_ws/install/arduinobot_py_examples/lib/python3.10/site-packages:${PYTHONPATH} /usr/bin/python3 setup.py egg_info --egg-base ../../build/arduinobot_py_examples build --build-base /home/dcole3/arduinobot_ws/build/arduinobot_py_examples/build install --record /home/dcole3/arduinobot_ws/build/arduinobot_py_examples/install.log --single-version-externally-managed
[5.844s] DEBUG:colcon.colcon_core.event_handler.log_command:Invoked command in '/home/dcole3/arduinobot_ws/src/arduinobot_py_examples' returned '0': PYTHONPATH=/home/dcole3/arduinobot_ws/build/arduinobot_py_examples/prefix_override:/home/dcole3/arduinobot_ws/install/arduinobot_py_examples/lib/python3.10/site-packages:${PYTHONPATH} /usr/bin/python3 setup.py egg_info --egg-base ../../build/arduinobot_py_examples build --build-base /home/dcole3/arduinobot_ws/build/arduinobot_py_examples/build install --record /home/dcole3/arduinobot_ws/build/arduinobot_py_examples/install.log --single-version-externally-managed
[5.872s] Level 1:colcon.colcon_core.environment:checking '/home/dcole3/arduinobot_ws/install/arduinobot_py_examples' for CMake module files
[5.873s] Level 1:colcon.colcon_core.environment:checking '/home/dcole3/arduinobot_ws/install/arduinobot_py_examples' for CMake config files
[5.874s] Level 1:colcon.colcon_core.environment:checking '/home/dcole3/arduinobot_ws/install/arduinobot_py_examples/lib'
[5.874s] Level 1:colcon.colcon_core.environment:checking '/home/dcole3/arduinobot_ws/install/arduinobot_py_examples/bin'
[5.874s] Level 1:colcon.colcon_core.environment:checking '/home/dcole3/arduinobot_ws/install/arduinobot_py_examples/lib/pkgconfig/arduinobot_py_examples.pc'
[5.875s] Level 1:colcon.colcon_core.environment:checking '/home/dcole3/arduinobot_ws/install/arduinobot_py_examples/lib/python3.10/site-packages'
[5.875s] Level 1:colcon.colcon_core.shell:create_environment_hook('arduinobot_py_examples', 'pythonpath')
[5.903s] INFO:colcon.colcon_core.shell:Creating environment hook '/home/dcole3/arduinobot_ws/install/arduinobot_py_examples/share/arduinobot_py_examples/hook/pythonpath.ps1'
[5.904s] INFO:colcon.colcon_core.shell:Creating environment descriptor '/home/dcole3/arduinobot_ws/install/arduinobot_py_examples/share/arduinobot_py_examples/hook/pythonpath.dsv'
[5.904s] INFO:colcon.colcon_core.shell:Creating environment hook '/home/dcole3/arduinobot_ws/install/arduinobot_py_examples/share/arduinobot_py_examples/hook/pythonpath.sh'
[5.905s] Level 1:colcon.colcon_core.environment:checking '/home/dcole3/arduinobot_ws/install/arduinobot_py_examples/bin'
[5.905s] Level 1:colcon.colcon_core.environment:create_environment_scripts_only(arduinobot_py_examples)
[5.931s] INFO:colcon.colcon_core.shell:Creating package script '/home/dcole3/arduinobot_ws/install/arduinobot_py_examples/share/arduinobot_py_examples/package.ps1'
[5.933s] INFO:colcon.colcon_core.shell:Creating package descriptor '/home/dcole3/arduinobot_ws/install/arduinobot_py_examples/share/arduinobot_py_examples/package.dsv'
[5.933s] INFO:colcon.colcon_core.shell:Creating package script '/home/dcole3/arduinobot_ws/install/arduinobot_py_examples/share/arduinobot_py_examples/package.sh'
[5.934s] INFO:colcon.colcon_core.shell:Creating package script '/home/dcole3/arduinobot_ws/install/arduinobot_py_examples/share/arduinobot_py_examples/package.bash'
[5.935s] INFO:colcon.colcon_core.shell:Creating package script '/home/dcole3/arduinobot_ws/install/arduinobot_py_examples/share/arduinobot_py_examples/package.zsh'
[5.936s] Level 1:colcon.colcon_core.environment:create_file_with_runtime_dependencies(/home/dcole3/arduinobot_ws/install/arduinobot_py_examples/share/colcon-core/packages/arduinobot_py_examples)
[5.937s] DEBUG:colcon.colcon_parallel_executor.executor.parallel:closing loop
[5.938s] DEBUG:colcon.colcon_parallel_executor.executor.parallel:loop closed
[5.938s] DEBUG:colcon.colcon_parallel_executor.executor.parallel:run_until_complete finished with '0'
[5.938s] DEBUG:colcon.colcon_core.event_reactor:joining thread
[5.981s] INFO:colcon.colcon_core.plugin_system:Skipping extension 'colcon_notification.desktop_notification.terminal_notifier': Not used on non-Darwin systems
[5.981s] INFO:colcon.colcon_core.plugin_system:Skipping extension 'colcon_notification.desktop_notification.win32': Not used on non-Windows systems
[5.982s] INFO:colcon.colcon_notification.desktop_notification:Sending desktop notification using 'notify2'
[6.055s] DEBUG:colcon.colcon_core.event_reactor:joined thread
[6.091s] INFO:colcon.colcon_core.shell:Creating prefix script '/home/dcole3/arduinobot_ws/install/local_setup.ps1'
[6.093s] INFO:colcon.colcon_core.shell:Creating prefix util module '/home/dcole3/arduinobot_ws/install/_local_setup_util_ps1.py'
[6.096s] INFO:colcon.colcon_core.shell:Creating prefix chain script '/home/dcole3/arduinobot_ws/install/setup.ps1'
[6.145s] INFO:colcon.colcon_core.shell:Creating prefix script '/home/dcole3/arduinobot_ws/install/local_setup.sh'
[6.146s] INFO:colcon.colcon_core.shell:Creating prefix util module '/home/dcole3/arduinobot_ws/install/_local_setup_util_sh.py'
[6.147s] INFO:colcon.colcon_core.shell:Creating prefix chain script '/home/dcole3/arduinobot_ws/install/setup.sh'
[6.178s] INFO:colcon.colcon_core.shell:Creating prefix script '/home/dcole3/arduinobot_ws/install/local_setup.bash'
[6.179s] INFO:colcon.colcon_core.shell:Creating prefix chain script '/home/dcole3/arduinobot_ws/install/setup.bash'
[6.210s] INFO:colcon.colcon_core.shell:Creating prefix script '/home/dcole3/arduinobot_ws/install/local_setup.zsh'
[6.211s] INFO:colcon.colcon_core.shell:Creating prefix chain script '/home/dcole3/arduinobot_ws/install/setup.zsh'
