[1.319s] Invoking command in '/home/dcole3/arduinobot_ws/src/arduinobot_py_examples': PYTHONPATH=/home/dcole3/arduinobot_ws/build/arduinobot_py_examples/prefix_override:/home/dcole3/arduinobot_ws/install/arduinobot_py_examples/lib/python3.10/site-packages:${PYTHONPATH} /usr/bin/python3 setup.py egg_info --egg-base ../../build/arduinobot_py_examples build --build-base /home/dcole3/arduinobot_ws/build/arduinobot_py_examples/build install --record /home/dcole3/arduinobot_ws/build/arduinobot_py_examples/install.log --single-version-externally-managed
[1.676s] running egg_info
[1.678s] writing ../../build/arduinobot_py_examples/arduinobot_py_examples.egg-info/PKG-INFO
[1.678s] writing dependency_links to ../../build/arduinobot_py_examples/arduinobot_py_examples.egg-info/dependency_links.txt
[1.681s] writing entry points to ../../build/arduinobot_py_examples/arduinobot_py_examples.egg-info/entry_points.txt
[1.681s] writing requirements to ../../build/arduinobot_py_examples/arduinobot_py_examples.egg-info/requires.txt
[1.681s] writing top-level names to ../../build/arduinobot_py_examples/arduinobot_py_examples.egg-info/top_level.txt
[1.684s] reading manifest file '../../build/arduinobot_py_examples/arduinobot_py_examples.egg-info/SOURCES.txt'
[1.685s] writing manifest file '../../build/arduinobot_py_examples/arduinobot_py_examples.egg-info/SOURCES.txt'
[1.685s] running build
[1.685s] running build_py
[1.686s] running install
[1.686s] /usr/lib/python3/dist-packages/setuptools/command/install.py:34: SetuptoolsDeprecationWarning: setup.py install is deprecated. Use build and pip and other standards-based tools.
[1.686s]   warnings.warn(
[1.687s] running install_lib
[1.690s] running install_data
[1.691s] running install_egg_info
[1.693s] removing '/home/dcole3/arduinobot_ws/install/arduinobot_py_examples/lib/python3.10/site-packages/arduinobot_py_examples-0.0.0-py3.10.egg-info' (and everything under it)
[1.694s] Copying ../../build/arduinobot_py_examples/arduinobot_py_examples.egg-info to /home/dcole3/arduinobot_ws/install/arduinobot_py_examples/lib/python3.10/site-packages/arduinobot_py_examples-0.0.0-py3.10.egg-info
[1.695s] running install_scripts
[1.724s] Installing simple_publisher script to /home/dcole3/arduinobot_ws/install/arduinobot_py_examples/lib/arduinobot_py_examples
[1.724s] Installing simple_subscriber script to /home/dcole3/arduinobot_ws/install/arduinobot_py_examples/lib/arduinobot_py_examples
[1.725s] writing list of installed files to '/home/dcole3/arduinobot_ws/build/arduinobot_py_examples/install.log'
[1.766s] Invoked command in '/home/dcole3/arduinobot_ws/src/arduinobot_py_examples' returned '0': PYTHONPATH=/home/dcole3/arduinobot_ws/build/arduinobot_py_examples/prefix_override:/home/dcole3/arduinobot_ws/install/arduinobot_py_examples/lib/python3.10/site-packages:${PYTHONPATH} /usr/bin/python3 setup.py egg_info --egg-base ../../build/arduinobot_py_examples build --build-base /home/dcole3/arduinobot_ws/build/arduinobot_py_examples/build install --record /home/dcole3/arduinobot_ws/build/arduinobot_py_examples/install.log --single-version-externally-managed
