[0.189s] Invoking command in '/home/dcole3/GitHub/arduinobot_ws/build/arduinobot_description': CMAKE_PREFIX_PATH=/opt/ros/humble /usr/bin/cmake /home/dcole3/GitHub/arduinobot_ws/src/arduinobot_description -DCMAKE_INSTALL_PREFIX=/home/dcole3/GitHub/arduinobot_ws/install/arduinobot_description
[0.428s] -- The C compiler identification is GNU 11.4.0
[0.618s] -- The CXX compiler identification is GNU 11.4.0
[0.649s] -- Detecting C compiler ABI info
[0.841s] -- Detecting C compiler ABI info - done
[0.866s] -- Check for working C compiler: /usr/bin/cc - skipped
[0.867s] -- Detecting C compile features
[0.869s] -- Detecting C compile features - done
[0.879s] -- Detecting CXX compiler ABI info
[1.097s] -- Detecting CXX compiler ABI info - done
[1.116s] -- Check for working CXX compiler: /usr/bin/c++ - skipped
[1.120s] -- Detecting CXX compile features
[1.120s] -- Detecting CXX compile features - done
[1.142s] -- Found ament_cmake: 1.3.8 (/opt/ros/humble/share/ament_cmake/cmake)
[1.604s] -- Found Python3: /usr/bin/python3 (found version "3.10.12") found components: Interpreter 
[1.986s] -- Found ament_lint_auto: 0.12.10 (/opt/ros/humble/share/ament_lint_auto/cmake)
[2.277s] -- Added test 'flake8' to check Python code syntax and style conventions
[2.279s] -- Added test 'lint_cmake' to check CMake code style
[2.281s] -- Added test 'pep257' to check Python code against some of the docstring style conventions in PEP 257
[2.287s] -- Added test 'xmllint' to check XML markup files
[2.295s] -- Configuring done
[2.317s] -- Generating done
[2.319s] -- Build files have been written to: /home/dcole3/GitHub/arduinobot_ws/build/arduinobot_description
[2.337s] Invoked command in '/home/dcole3/GitHub/arduinobot_ws/build/arduinobot_description' returned '0': CMAKE_PREFIX_PATH=/opt/ros/humble /usr/bin/cmake /home/dcole3/GitHub/arduinobot_ws/src/arduinobot_description -DCMAKE_INSTALL_PREFIX=/home/dcole3/GitHub/arduinobot_ws/install/arduinobot_description
[2.338s] Invoking command in '/home/dcole3/GitHub/arduinobot_ws/build/arduinobot_description': CMAKE_PREFIX_PATH=/opt/ros/humble /usr/bin/cmake --build /home/dcole3/GitHub/arduinobot_ws/build/arduinobot_description -- -j4 -l4
[2.423s] Invoked command in '/home/dcole3/GitHub/arduinobot_ws/build/arduinobot_description' returned '0': CMAKE_PREFIX_PATH=/opt/ros/humble /usr/bin/cmake --build /home/dcole3/GitHub/arduinobot_ws/build/arduinobot_description -- -j4 -l4
[2.506s] Invoking command in '/home/dcole3/GitHub/arduinobot_ws/build/arduinobot_description': CMAKE_PREFIX_PATH=/opt/ros/humble /usr/bin/cmake --install /home/dcole3/GitHub/arduinobot_ws/build/arduinobot_description
[2.524s] -- Install configuration: ""
[2.525s] -- Installing: /home/dcole3/GitHub/arduinobot_ws/install/arduinobot_description/share/arduinobot_description/meshes
[2.525s] -- Installing: /home/dcole3/GitHub/arduinobot_ws/install/arduinobot_description/share/arduinobot_description/meshes/round_plate.STL
[2.528s] -- Installing: /home/dcole3/GitHub/arduinobot_ws/install/arduinobot_description/share/arduinobot_description/meshes/forward_drive_arm.STL
[2.544s] -- Installing: /home/dcole3/GitHub/arduinobot_ws/install/arduinobot_description/share/arduinobot_description/meshes/servo_plate.STL
[2.545s] -- Installing: /home/dcole3/GitHub/arduinobot_ws/install/arduinobot_description/share/arduinobot_description/meshes/vertical_drive_arm.STL
[2.550s] -- Installing: /home/dcole3/GitHub/arduinobot_ws/install/arduinobot_description/share/arduinobot_description/meshes/right_finger.STL
[2.551s] -- Installing: /home/dcole3/GitHub/arduinobot_ws/install/arduinobot_description/share/arduinobot_description/meshes/basement.STL
[2.557s] -- Installing: /home/dcole3/GitHub/arduinobot_ws/install/arduinobot_description/share/arduinobot_description/meshes/claw_support.STL
[2.560s] -- Installing: /home/dcole3/GitHub/arduinobot_ws/install/arduinobot_description/share/arduinobot_description/meshes/pi_camera.STL
[2.561s] -- Installing: /home/dcole3/GitHub/arduinobot_ws/install/arduinobot_description/share/arduinobot_description/meshes/left_finger.STL
[2.562s] -- Installing: /home/dcole3/GitHub/arduinobot_ws/install/arduinobot_description/share/arduinobot_description/meshes/plate.STL
[2.571s] -- Installing: /home/dcole3/GitHub/arduinobot_ws/install/arduinobot_description/share/arduinobot_description/meshes/triangular_link.STL
[2.581s] -- Installing: /home/dcole3/GitHub/arduinobot_ws/install/arduinobot_description/share/arduinobot_description/meshes/link.STL
[2.585s] -- Installing: /home/dcole3/GitHub/arduinobot_ws/install/arduinobot_description/share/arduinobot_description/meshes/base_plate.STL
[2.599s] -- Installing: /home/dcole3/GitHub/arduinobot_ws/install/arduinobot_description/share/arduinobot_description/meshes/horizontal_arm.STL
[2.605s] -- Installing: /home/dcole3/GitHub/arduinobot_ws/install/arduinobot_description/share/arduinobot_description/urdf
[2.606s] -- Installing: /home/dcole3/GitHub/arduinobot_ws/install/arduinobot_description/share/arduinobot_description/urdf/arduinobot.urdf.xacro
[2.606s] -- Installing: /home/dcole3/GitHub/arduinobot_ws/install/arduinobot_description/share/arduinobot_description/urdf/arduinobot_ros2_control.xacro
[2.606s] -- Installing: /home/dcole3/GitHub/arduinobot_ws/install/arduinobot_description/share/arduinobot_description/urdf/arduinobot_gazebo.xacro
[2.607s] -- Installing: /home/dcole3/GitHub/arduinobot_ws/install/arduinobot_description/share/arduinobot_description/launch
[2.607s] -- Installing: /home/dcole3/GitHub/arduinobot_ws/install/arduinobot_description/share/arduinobot_description/launch/gazebo.launch.py
[2.607s] -- Installing: /home/dcole3/GitHub/arduinobot_ws/install/arduinobot_description/share/arduinobot_description/launch/display.launch.py
[2.608s] -- Installing: /home/dcole3/GitHub/arduinobot_ws/install/arduinobot_description/share/arduinobot_description/rviz
[2.608s] -- Installing: /home/dcole3/GitHub/arduinobot_ws/install/arduinobot_description/share/arduinobot_description/rviz/display.rviz
[2.608s] -- Installing: /home/dcole3/GitHub/arduinobot_ws/install/arduinobot_description/share/ament_index/resource_index/package_run_dependencies/arduinobot_description
[2.609s] -- Installing: /home/dcole3/GitHub/arduinobot_ws/install/arduinobot_description/share/ament_index/resource_index/parent_prefix_path/arduinobot_description
[2.609s] -- Installing: /home/dcole3/GitHub/arduinobot_ws/install/arduinobot_description/share/arduinobot_description/environment/ament_prefix_path.sh
[2.609s] -- Installing: /home/dcole3/GitHub/arduinobot_ws/install/arduinobot_description/share/arduinobot_description/environment/ament_prefix_path.dsv
[2.610s] -- Installing: /home/dcole3/GitHub/arduinobot_ws/install/arduinobot_description/share/arduinobot_description/environment/path.sh
[2.610s] -- Installing: /home/dcole3/GitHub/arduinobot_ws/install/arduinobot_description/share/arduinobot_description/environment/path.dsv
[2.610s] -- Installing: /home/dcole3/GitHub/arduinobot_ws/install/arduinobot_description/share/arduinobot_description/local_setup.bash
[2.610s] -- Installing: /home/dcole3/GitHub/arduinobot_ws/install/arduinobot_description/share/arduinobot_description/local_setup.sh
[2.611s] -- Installing: /home/dcole3/GitHub/arduinobot_ws/install/arduinobot_description/share/arduinobot_description/local_setup.zsh
[2.611s] -- Installing: /home/dcole3/GitHub/arduinobot_ws/install/arduinobot_description/share/arduinobot_description/local_setup.dsv
[2.611s] -- Installing: /home/dcole3/GitHub/arduinobot_ws/install/arduinobot_description/share/arduinobot_description/package.dsv
[2.612s] -- Installing: /home/dcole3/GitHub/arduinobot_ws/install/arduinobot_description/share/ament_index/resource_index/packages/arduinobot_description
[2.612s] -- Installing: /home/dcole3/GitHub/arduinobot_ws/install/arduinobot_description/share/arduinobot_description/cmake/arduinobot_descriptionConfig.cmake
[2.613s] -- Installing: /home/dcole3/GitHub/arduinobot_ws/install/arduinobot_description/share/arduinobot_description/cmake/arduinobot_descriptionConfig-version.cmake
[2.613s] -- Installing: /home/dcole3/GitHub/arduinobot_ws/install/arduinobot_description/share/arduinobot_description/package.xml
[2.694s] Invoked command in '/home/dcole3/GitHub/arduinobot_ws/build/arduinobot_description' returned '0': CMAKE_PREFIX_PATH=/opt/ros/humble /usr/bin/cmake --install /home/dcole3/GitHub/arduinobot_ws/build/arduinobot_description
