[1.493s] DEBUG:colcon:Command line arguments: ['/usr/bin/colcon', 'build']
[1.494s] DEBUG:colcon:Parsed command line arguments: Namespace(log_base=None, log_level=None, verb_name='build', build_base='build', install_base='install', merge_install=False, symlink_install=False, test_result_base=None, continue_on_error=False, executor='parallel', parallel_workers=4, event_handlers=None, ignore_user_meta=False, metas=['./colcon.meta'], base_paths=['.'], packages_ignore=None, packages_ignore_regex=None, paths=None, packages_up_to=None, packages_up_to_regex=None, packages_above=None, packages_above_and_dependencies=None, packages_above_depth=None, packages_select_by_dep=None, packages_skip_by_dep=None, packages_skip_up_to=None, packages_select_build_failed=False, packages_skip_build_finished=False, packages_select_test_failures=False, packages_skip_test_passed=False, packages_select=None, packages_skip=None, packages_select_regex=None, packages_skip_regex=None, packages_start=None, packages_end=None, allow_overriding=[], cmake_args=None, cmake_target=None, cmake_target_skip_unavailable=False, cmake_clean_cache=False, cmake_clean_first=False, cmake_force_configure=False, ament_cmake_args=None, catkin_cmake_args=None, catkin_skip_building_tests=False, verb_parser=<colcon_defaults.argument_parser.defaults.DefaultArgumentsDecorator object at 0x7f70deba61a0>, verb_extension=<colcon_core.verb.build.BuildVerb object at 0x7f70dfd97f40>, main=<bound method BuildVerb.main of <colcon_core.verb.build.BuildVerb object at 0x7f70dfd97f40>>)
[1.561s] Level 1:colcon.colcon_core.package_discovery:discover_packages(colcon_meta) check parameters
[1.561s] Level 1:colcon.colcon_core.package_discovery:discover_packages(recursive) check parameters
[1.561s] Level 1:colcon.colcon_core.package_discovery:discover_packages(ignore) check parameters
[1.561s] Level 1:colcon.colcon_core.package_discovery:discover_packages(path) check parameters
[1.561s] Level 1:colcon.colcon_core.package_discovery:discover_packages(colcon_meta) discover
[1.562s] Level 1:colcon.colcon_core.package_discovery:discover_packages(recursive) discover
[1.562s] INFO:colcon.colcon_core.package_discovery:Crawling recursively for packages in '/home/dcole3/arduinobot_ws'
[1.562s] Level 1:colcon.colcon_core.package_identification:_identify(.) by extensions ['ignore', 'ignore_ament_install']
[1.562s] Level 1:colcon.colcon_core.package_identification:_identify(.) by extension 'ignore'
[1.562s] Level 1:colcon.colcon_core.package_identification:_identify(.) by extension 'ignore_ament_install'
[1.562s] Level 1:colcon.colcon_core.package_identification:_identify(.) by extensions ['colcon_pkg']
[1.562s] Level 1:colcon.colcon_core.package_identification:_identify(.) by extension 'colcon_pkg'
[1.562s] Level 1:colcon.colcon_core.package_identification:_identify(.) by extensions ['colcon_meta']
[1.563s] Level 1:colcon.colcon_core.package_identification:_identify(.) by extension 'colcon_meta'
[1.563s] Level 1:colcon.colcon_core.package_identification:_identify(.) by extensions ['ros']
[1.563s] Level 1:colcon.colcon_core.package_identification:_identify(.) by extension 'ros'
[1.579s] Level 1:colcon.colcon_core.package_identification:_identify(.) by extensions ['cmake', 'python']
[1.580s] Level 1:colcon.colcon_core.package_identification:_identify(.) by extension 'cmake'
[1.580s] Level 1:colcon.colcon_core.package_identification:_identify(.) by extension 'python'
[1.580s] Level 1:colcon.colcon_core.package_identification:_identify(.) by extensions ['python_setup_py']
[1.580s] Level 1:colcon.colcon_core.package_identification:_identify(.) by extension 'python_setup_py'
[1.580s] Level 1:colcon.colcon_core.package_identification:_identify(build) by extensions ['ignore', 'ignore_ament_install']
[1.580s] Level 1:colcon.colcon_core.package_identification:_identify(build) by extension 'ignore'
[1.580s] Level 1:colcon.colcon_core.package_identification:_identify(build) ignored
[1.580s] Level 1:colcon.colcon_core.package_identification:_identify(install) by extensions ['ignore', 'ignore_ament_install']
[1.581s] Level 1:colcon.colcon_core.package_identification:_identify(install) by extension 'ignore'
[1.581s] Level 1:colcon.colcon_core.package_identification:_identify(install) ignored
[1.581s] Level 1:colcon.colcon_core.package_identification:_identify(log) by extensions ['ignore', 'ignore_ament_install']
[1.581s] Level 1:colcon.colcon_core.package_identification:_identify(log) by extension 'ignore'
[1.581s] Level 1:colcon.colcon_core.package_identification:_identify(log) ignored
[1.581s] Level 1:colcon.colcon_core.package_identification:_identify(src) by extensions ['ignore', 'ignore_ament_install']
[1.581s] Level 1:colcon.colcon_core.package_identification:_identify(src) by extension 'ignore'
[1.582s] Level 1:colcon.colcon_core.package_identification:_identify(src) by extension 'ignore_ament_install'
[1.582s] Level 1:colcon.colcon_core.package_identification:_identify(src) by extensions ['colcon_pkg']
[1.582s] Level 1:colcon.colcon_core.package_identification:_identify(src) by extension 'colcon_pkg'
[1.582s] Level 1:colcon.colcon_core.package_identification:_identify(src) by extensions ['colcon_meta']
[1.582s] Level 1:colcon.colcon_core.package_identification:_identify(src) by extension 'colcon_meta'
[1.582s] Level 1:colcon.colcon_core.package_identification:_identify(src) by extensions ['ros']
[1.582s] Level 1:colcon.colcon_core.package_identification:_identify(src) by extension 'ros'
[1.582s] Level 1:colcon.colcon_core.package_identification:_identify(src) by extensions ['cmake', 'python']
[1.582s] Level 1:colcon.colcon_core.package_identification:_identify(src) by extension 'cmake'
[1.582s] Level 1:colcon.colcon_core.package_identification:_identify(src) by extension 'python'
[1.582s] Level 1:colcon.colcon_core.package_identification:_identify(src) by extensions ['python_setup_py']
[1.582s] Level 1:colcon.colcon_core.package_identification:_identify(src) by extension 'python_setup_py'
[1.582s] Level 1:colcon.colcon_core.package_identification:_identify(src/arduinobot_cpp_examples) by extensions ['ignore', 'ignore_ament_install']
[1.583s] Level 1:colcon.colcon_core.package_identification:_identify(src/arduinobot_cpp_examples) by extension 'ignore'
[1.583s] Level 1:colcon.colcon_core.package_identification:_identify(src/arduinobot_cpp_examples) by extension 'ignore_ament_install'
[1.583s] Level 1:colcon.colcon_core.package_identification:_identify(src/arduinobot_cpp_examples) by extensions ['colcon_pkg']
[1.583s] Level 1:colcon.colcon_core.package_identification:_identify(src/arduinobot_cpp_examples) by extension 'colcon_pkg'
[1.583s] Level 1:colcon.colcon_core.package_identification:_identify(src/arduinobot_cpp_examples) by extensions ['colcon_meta']
[1.583s] Level 1:colcon.colcon_core.package_identification:_identify(src/arduinobot_cpp_examples) by extension 'colcon_meta'
[1.583s] Level 1:colcon.colcon_core.package_identification:_identify(src/arduinobot_cpp_examples) by extensions ['ros']
[1.583s] Level 1:colcon.colcon_core.package_identification:_identify(src/arduinobot_cpp_examples) by extension 'ros'
[1.587s] DEBUG:colcon.colcon_core.package_identification:Package 'src/arduinobot_cpp_examples' with type 'ros.ament_cmake' and name 'arduinobot_cpp_examples'
[1.587s] Level 1:colcon.colcon_core.package_identification:_identify(src/arduinobot_description) by extensions ['ignore', 'ignore_ament_install']
[1.587s] Level 1:colcon.colcon_core.package_identification:_identify(src/arduinobot_description) by extension 'ignore'
[1.587s] Level 1:colcon.colcon_core.package_identification:_identify(src/arduinobot_description) by extension 'ignore_ament_install'
[1.587s] Level 1:colcon.colcon_core.package_identification:_identify(src/arduinobot_description) by extensions ['colcon_pkg']
[1.587s] Level 1:colcon.colcon_core.package_identification:_identify(src/arduinobot_description) by extension 'colcon_pkg'
[1.587s] Level 1:colcon.colcon_core.package_identification:_identify(src/arduinobot_description) by extensions ['colcon_meta']
[1.587s] Level 1:colcon.colcon_core.package_identification:_identify(src/arduinobot_description) by extension 'colcon_meta'
[1.588s] Level 1:colcon.colcon_core.package_identification:_identify(src/arduinobot_description) by extensions ['ros']
[1.588s] Level 1:colcon.colcon_core.package_identification:_identify(src/arduinobot_description) by extension 'ros'
[1.589s] DEBUG:colcon.colcon_core.package_identification:Package 'src/arduinobot_description' with type 'ros.ament_cmake' and name 'arduinobot_description'
[1.589s] Level 1:colcon.colcon_core.package_identification:_identify(src/arduinobot_py_examples) by extensions ['ignore', 'ignore_ament_install']
[1.589s] Level 1:colcon.colcon_core.package_identification:_identify(src/arduinobot_py_examples) by extension 'ignore'
[1.589s] Level 1:colcon.colcon_core.package_identification:_identify(src/arduinobot_py_examples) by extension 'ignore_ament_install'
[1.589s] Level 1:colcon.colcon_core.package_identification:_identify(src/arduinobot_py_examples) by extensions ['colcon_pkg']
[1.589s] Level 1:colcon.colcon_core.package_identification:_identify(src/arduinobot_py_examples) by extension 'colcon_pkg'
[1.589s] Level 1:colcon.colcon_core.package_identification:_identify(src/arduinobot_py_examples) by extensions ['colcon_meta']
[1.589s] Level 1:colcon.colcon_core.package_identification:_identify(src/arduinobot_py_examples) by extension 'colcon_meta'
[1.589s] Level 1:colcon.colcon_core.package_identification:_identify(src/arduinobot_py_examples) by extensions ['ros']
[1.590s] Level 1:colcon.colcon_core.package_identification:_identify(src/arduinobot_py_examples) by extension 'ros'
[1.590s] DEBUG:colcon.colcon_core.package_identification:Package 'src/arduinobot_py_examples' with type 'ros.ament_python' and name 'arduinobot_py_examples'
[1.590s] Level 1:colcon.colcon_core.package_discovery:discover_packages(recursive) using defaults
[1.591s] Level 1:colcon.colcon_core.package_discovery:discover_packages(ignore) discover
[1.591s] Level 1:colcon.colcon_core.package_discovery:discover_packages(ignore) using defaults
[1.591s] Level 1:colcon.colcon_core.package_discovery:discover_packages(path) discover
[1.591s] Level 1:colcon.colcon_core.package_discovery:discover_packages(path) using defaults
[1.730s] Level 1:colcon.colcon_core.package_discovery:discover_packages(prefix_path) check parameters
[1.730s] Level 1:colcon.colcon_core.package_discovery:discover_packages(prefix_path) discover
[1.776s] DEBUG:colcon.colcon_installed_package_information.package_discovery:Found 3 installed packages in /home/dcole3/arduinobot_ws/install
[1.800s] DEBUG:colcon.colcon_installed_package_information.package_discovery:Found 354 installed packages in /opt/ros/humble
[1.802s] Level 1:colcon.colcon_core.package_discovery:discover_packages(prefix_path) using defaults
[1.967s] Level 5:colcon.colcon_core.verb:set package 'arduinobot_cpp_examples' build argument 'cmake_args' from command line to 'None'
[1.967s] Level 5:colcon.colcon_core.verb:set package 'arduinobot_cpp_examples' build argument 'cmake_target' from command line to 'None'
[1.967s] Level 5:colcon.colcon_core.verb:set package 'arduinobot_cpp_examples' build argument 'cmake_target_skip_unavailable' from command line to 'False'
[1.967s] Level 5:colcon.colcon_core.verb:set package 'arduinobot_cpp_examples' build argument 'cmake_clean_cache' from command line to 'False'
[1.967s] Level 5:colcon.colcon_core.verb:set package 'arduinobot_cpp_examples' build argument 'cmake_clean_first' from command line to 'False'
[1.967s] Level 5:colcon.colcon_core.verb:set package 'arduinobot_cpp_examples' build argument 'cmake_force_configure' from command line to 'False'
[1.967s] Level 5:colcon.colcon_core.verb:set package 'arduinobot_cpp_examples' build argument 'ament_cmake_args' from command line to 'None'
[1.967s] Level 5:colcon.colcon_core.verb:set package 'arduinobot_cpp_examples' build argument 'catkin_cmake_args' from command line to 'None'
[1.967s] Level 5:colcon.colcon_core.verb:set package 'arduinobot_cpp_examples' build argument 'catkin_skip_building_tests' from command line to 'False'
[1.967s] DEBUG:colcon.colcon_core.verb:Building package 'arduinobot_cpp_examples' with the following arguments: {'ament_cmake_args': None, 'build_base': '/home/dcole3/arduinobot_ws/build/arduinobot_cpp_examples', 'catkin_cmake_args': None, 'catkin_skip_building_tests': False, 'cmake_args': None, 'cmake_clean_cache': False, 'cmake_clean_first': False, 'cmake_force_configure': False, 'cmake_target': None, 'cmake_target_skip_unavailable': False, 'install_base': '/home/dcole3/arduinobot_ws/install/arduinobot_cpp_examples', 'merge_install': False, 'path': '/home/dcole3/arduinobot_ws/src/arduinobot_cpp_examples', 'symlink_install': False, 'test_result_base': None}
[1.990s] Level 5:colcon.colcon_core.verb:set package 'arduinobot_description' build argument 'cmake_args' from command line to 'None'
[1.990s] Level 5:colcon.colcon_core.verb:set package 'arduinobot_description' build argument 'cmake_target' from command line to 'None'
[1.990s] Level 5:colcon.colcon_core.verb:set package 'arduinobot_description' build argument 'cmake_target_skip_unavailable' from command line to 'False'
[1.990s] Level 5:colcon.colcon_core.verb:set package 'arduinobot_description' build argument 'cmake_clean_cache' from command line to 'False'
[1.990s] Level 5:colcon.colcon_core.verb:set package 'arduinobot_description' build argument 'cmake_clean_first' from command line to 'False'
[1.990s] Level 5:colcon.colcon_core.verb:set package 'arduinobot_description' build argument 'cmake_force_configure' from command line to 'False'
[1.990s] Level 5:colcon.colcon_core.verb:set package 'arduinobot_description' build argument 'ament_cmake_args' from command line to 'None'
[1.990s] Level 5:colcon.colcon_core.verb:set package 'arduinobot_description' build argument 'catkin_cmake_args' from command line to 'None'
[1.990s] Level 5:colcon.colcon_core.verb:set package 'arduinobot_description' build argument 'catkin_skip_building_tests' from command line to 'False'
[1.990s] DEBUG:colcon.colcon_core.verb:Building package 'arduinobot_description' with the following arguments: {'ament_cmake_args': None, 'build_base': '/home/dcole3/arduinobot_ws/build/arduinobot_description', 'catkin_cmake_args': None, 'catkin_skip_building_tests': False, 'cmake_args': None, 'cmake_clean_cache': False, 'cmake_clean_first': False, 'cmake_force_configure': False, 'cmake_target': None, 'cmake_target_skip_unavailable': False, 'install_base': '/home/dcole3/arduinobot_ws/install/arduinobot_description', 'merge_install': False, 'path': '/home/dcole3/arduinobot_ws/src/arduinobot_description', 'symlink_install': False, 'test_result_base': None}
[2.012s] Level 5:colcon.colcon_core.verb:set package 'arduinobot_py_examples' build argument 'cmake_args' from command line to 'None'
[2.012s] Level 5:colcon.colcon_core.verb:set package 'arduinobot_py_examples' build argument 'cmake_target' from command line to 'None'
[2.012s] Level 5:colcon.colcon_core.verb:set package 'arduinobot_py_examples' build argument 'cmake_target_skip_unavailable' from command line to 'False'
[2.013s] Level 5:colcon.colcon_core.verb:set package 'arduinobot_py_examples' build argument 'cmake_clean_cache' from command line to 'False'
[2.013s] Level 5:colcon.colcon_core.verb:set package 'arduinobot_py_examples' build argument 'cmake_clean_first' from command line to 'False'
[2.013s] Level 5:colcon.colcon_core.verb:set package 'arduinobot_py_examples' build argument 'cmake_force_configure' from command line to 'False'
[2.013s] Level 5:colcon.colcon_core.verb:set package 'arduinobot_py_examples' build argument 'ament_cmake_args' from command line to 'None'
[2.013s] Level 5:colcon.colcon_core.verb:set package 'arduinobot_py_examples' build argument 'catkin_cmake_args' from command line to 'None'
[2.013s] Level 5:colcon.colcon_core.verb:set package 'arduinobot_py_examples' build argument 'catkin_skip_building_tests' from command line to 'False'
[2.013s] DEBUG:colcon.colcon_core.verb:Building package 'arduinobot_py_examples' with the following arguments: {'ament_cmake_args': None, 'build_base': '/home/dcole3/arduinobot_ws/build/arduinobot_py_examples', 'catkin_cmake_args': None, 'catkin_skip_building_tests': False, 'cmake_args': None, 'cmake_clean_cache': False, 'cmake_clean_first': False, 'cmake_force_configure': False, 'cmake_target': None, 'cmake_target_skip_unavailable': False, 'install_base': '/home/dcole3/arduinobot_ws/install/arduinobot_py_examples', 'merge_install': False, 'path': '/home/dcole3/arduinobot_ws/src/arduinobot_py_examples', 'symlink_install': False, 'test_result_base': None}
[2.041s] INFO:colcon.colcon_core.executor:Executing jobs using 'parallel' executor
[2.064s] DEBUG:colcon.colcon_parallel_executor.executor.parallel:run_until_complete
[2.065s] INFO:colcon.colcon_ros.task.ament_cmake.build:Building ROS package in '/home/dcole3/arduinobot_ws/src/arduinobot_cpp_examples' with build type 'ament_cmake'
[2.065s] INFO:colcon.colcon_cmake.task.cmake.build:Building CMake package in '/home/dcole3/arduinobot_ws/src/arduinobot_cpp_examples'
[2.112s] INFO:colcon.colcon_core.plugin_system:Skipping extension 'colcon_core.shell.bat': Not used on non-Windows systems
[2.113s] INFO:colcon.colcon_core.shell:Skip shell extension 'powershell' for command environment: Not usable outside of PowerShell
[2.113s] DEBUG:colcon.colcon_core.shell:Skip shell extension 'dsv' for command environment
[2.214s] INFO:colcon.colcon_ros.task.ament_cmake.build:Building ROS package in '/home/dcole3/arduinobot_ws/src/arduinobot_description' with build type 'ament_cmake'
[2.214s] INFO:colcon.colcon_cmake.task.cmake.build:Building CMake package in '/home/dcole3/arduinobot_ws/src/arduinobot_description'
[2.250s] INFO:colcon.colcon_core.shell:Skip shell extension 'powershell' for command environment: Not usable outside of PowerShell
[2.250s] DEBUG:colcon.colcon_core.shell:Skip shell extension 'dsv' for command environment
[2.326s] INFO:colcon.colcon_ros.task.ament_python.build:Building ROS package in '/home/dcole3/arduinobot_ws/src/arduinobot_py_examples' with build type 'ament_python'
[2.327s] Level 1:colcon.colcon_core.shell:create_environment_hook('arduinobot_py_examples', 'ament_prefix_path')
[2.349s] INFO:colcon.colcon_core.shell:Creating environment hook '/home/dcole3/arduinobot_ws/install/arduinobot_py_examples/share/arduinobot_py_examples/hook/ament_prefix_path.ps1'
[2.350s] INFO:colcon.colcon_core.shell:Creating environment descriptor '/home/dcole3/arduinobot_ws/install/arduinobot_py_examples/share/arduinobot_py_examples/hook/ament_prefix_path.dsv'
[2.351s] INFO:colcon.colcon_core.shell:Creating environment hook '/home/dcole3/arduinobot_ws/install/arduinobot_py_examples/share/arduinobot_py_examples/hook/ament_prefix_path.sh'
[2.376s] INFO:colcon.colcon_core.shell:Skip shell extension 'powershell' for command environment: Not usable outside of PowerShell
[2.376s] DEBUG:colcon.colcon_core.shell:Skip shell extension 'dsv' for command environment
[2.457s] DEBUG:colcon.colcon_core.event_handler.log_command:Invoking command in '/home/dcole3/arduinobot_ws/build/arduinobot_cpp_examples': CMAKE_PREFIX_PATH=${CMAKE_PREFIX_PATH}:/home/dcole3/arduinobot_ws/install/arduinobot_py_examples:/opt/ros/humble /usr/bin/cmake --build /home/dcole3/arduinobot_ws/build/arduinobot_cpp_examples -- -j4 -l4
[2.461s] DEBUG:colcon.colcon_core.event_handler.log_command:Invoking command in '/home/dcole3/arduinobot_ws/build/arduinobot_description': CMAKE_PREFIX_PATH=${CMAKE_PREFIX_PATH}:/home/dcole3/arduinobot_ws/install/arduinobot_py_examples:/opt/ros/humble /usr/bin/cmake --build /home/dcole3/arduinobot_ws/build/arduinobot_description -- -j4 -l4
[2.883s] INFO:colcon.colcon_core.task.python.build:Building Python package in '/home/dcole3/arduinobot_ws/src/arduinobot_py_examples'
[2.916s] INFO:colcon.colcon_core.shell:Skip shell extension 'powershell' for command environment: Not usable outside of PowerShell
[2.916s] DEBUG:colcon.colcon_core.shell:Skip shell extension 'dsv' for command environment
[2.998s] DEBUG:colcon.colcon_core.event_handler.log_command:Invoked command in '/home/dcole3/arduinobot_ws/build/arduinobot_description' returned '0': CMAKE_PREFIX_PATH=${CMAKE_PREFIX_PATH}:/home/dcole3/arduinobot_ws/install/arduinobot_py_examples:/opt/ros/humble /usr/bin/cmake --build /home/dcole3/arduinobot_ws/build/arduinobot_description -- -j4 -l4
[3.000s] DEBUG:colcon.colcon_core.event_handler.log_command:Invoked command in '/home/dcole3/arduinobot_ws/build/arduinobot_cpp_examples' returned '0': CMAKE_PREFIX_PATH=${CMAKE_PREFIX_PATH}:/home/dcole3/arduinobot_ws/install/arduinobot_py_examples:/opt/ros/humble /usr/bin/cmake --build /home/dcole3/arduinobot_ws/build/arduinobot_cpp_examples -- -j4 -l4
[3.054s] DEBUG:colcon.colcon_core.event_handler.log_command:Invoking command in '/home/dcole3/arduinobot_ws/build/arduinobot_description': CMAKE_PREFIX_PATH=${CMAKE_PREFIX_PATH}:/home/dcole3/arduinobot_ws/install/arduinobot_py_examples:/opt/ros/humble /usr/bin/cmake --install /home/dcole3/arduinobot_ws/build/arduinobot_description
[3.058s] DEBUG:colcon.colcon_core.event_handler.log_command:Invoking command in '/home/dcole3/arduinobot_ws/build/arduinobot_cpp_examples': CMAKE_PREFIX_PATH=${CMAKE_PREFIX_PATH}:/home/dcole3/arduinobot_ws/install/arduinobot_py_examples:/opt/ros/humble /usr/bin/cmake --install /home/dcole3/arduinobot_ws/build/arduinobot_cpp_examples
[3.083s] Level 1:colcon.colcon_core.environment:create_environment_scripts_only(arduinobot_cpp_examples)
[3.090s] DEBUG:colcon.colcon_core.event_handler.log_command:Invoked command in '/home/dcole3/arduinobot_ws/build/arduinobot_cpp_examples' returned '0': CMAKE_PREFIX_PATH=${CMAKE_PREFIX_PATH}:/home/dcole3/arduinobot_ws/install/arduinobot_py_examples:/opt/ros/humble /usr/bin/cmake --install /home/dcole3/arduinobot_ws/build/arduinobot_cpp_examples
[3.141s] Level 1:colcon.colcon_core.environment:checking '/home/dcole3/arduinobot_ws/install/arduinobot_cpp_examples' for CMake module files
[3.142s] Level 1:colcon.colcon_core.environment:checking '/home/dcole3/arduinobot_ws/install/arduinobot_cpp_examples' for CMake config files
[3.142s] Level 1:colcon.colcon_core.shell:create_environment_hook('arduinobot_cpp_examples', 'cmake_prefix_path')
[3.183s] INFO:colcon.colcon_core.shell:Creating environment hook '/home/dcole3/arduinobot_ws/install/arduinobot_cpp_examples/share/arduinobot_cpp_examples/hook/cmake_prefix_path.ps1'
[3.183s] INFO:colcon.colcon_core.shell:Creating environment descriptor '/home/dcole3/arduinobot_ws/install/arduinobot_cpp_examples/share/arduinobot_cpp_examples/hook/cmake_prefix_path.dsv'
[3.184s] INFO:colcon.colcon_core.shell:Creating environment hook '/home/dcole3/arduinobot_ws/install/arduinobot_cpp_examples/share/arduinobot_cpp_examples/hook/cmake_prefix_path.sh'
[3.185s] Level 1:colcon.colcon_core.environment:checking '/home/dcole3/arduinobot_ws/install/arduinobot_cpp_examples/lib'
[3.186s] Level 1:colcon.colcon_core.environment:checking '/home/dcole3/arduinobot_ws/install/arduinobot_cpp_examples/bin'
[3.186s] Level 1:colcon.colcon_core.environment:checking '/home/dcole3/arduinobot_ws/install/arduinobot_cpp_examples/lib/pkgconfig/arduinobot_cpp_examples.pc'
[3.187s] Level 1:colcon.colcon_core.environment:checking '/home/dcole3/arduinobot_ws/install/arduinobot_cpp_examples/lib/python3.10/site-packages'
[3.187s] Level 1:colcon.colcon_core.environment:checking '/home/dcole3/arduinobot_ws/install/arduinobot_cpp_examples/bin'
[3.230s] INFO:colcon.colcon_core.shell:Creating package script '/home/dcole3/arduinobot_ws/install/arduinobot_cpp_examples/share/arduinobot_cpp_examples/package.ps1'
[3.232s] INFO:colcon.colcon_core.shell:Creating package descriptor '/home/dcole3/arduinobot_ws/install/arduinobot_cpp_examples/share/arduinobot_cpp_examples/package.dsv'
[3.233s] INFO:colcon.colcon_core.shell:Creating package script '/home/dcole3/arduinobot_ws/install/arduinobot_cpp_examples/share/arduinobot_cpp_examples/package.sh'
[3.235s] INFO:colcon.colcon_core.shell:Creating package script '/home/dcole3/arduinobot_ws/install/arduinobot_cpp_examples/share/arduinobot_cpp_examples/package.bash'
[3.237s] INFO:colcon.colcon_core.shell:Creating package script '/home/dcole3/arduinobot_ws/install/arduinobot_cpp_examples/share/arduinobot_cpp_examples/package.zsh'
[3.238s] Level 1:colcon.colcon_core.environment:create_file_with_runtime_dependencies(/home/dcole3/arduinobot_ws/install/arduinobot_cpp_examples/share/colcon-core/packages/arduinobot_cpp_examples)
[3.241s] Level 1:colcon.colcon_core.environment:create_environment_scripts_only(arduinobot_description)
[3.244s] DEBUG:colcon.colcon_core.event_handler.log_command:Invoked command in '/home/dcole3/arduinobot_ws/build/arduinobot_description' returned '0': CMAKE_PREFIX_PATH=${CMAKE_PREFIX_PATH}:/home/dcole3/arduinobot_ws/install/arduinobot_py_examples:/opt/ros/humble /usr/bin/cmake --install /home/dcole3/arduinobot_ws/build/arduinobot_description
[3.290s] Level 1:colcon.colcon_core.environment:checking '/home/dcole3/arduinobot_ws/install/arduinobot_description' for CMake module files
[3.291s] Level 1:colcon.colcon_core.environment:checking '/home/dcole3/arduinobot_ws/install/arduinobot_description' for CMake config files
[3.292s] Level 1:colcon.colcon_core.shell:create_environment_hook('arduinobot_description', 'cmake_prefix_path')
[3.333s] INFO:colcon.colcon_core.shell:Creating environment hook '/home/dcole3/arduinobot_ws/install/arduinobot_description/share/arduinobot_description/hook/cmake_prefix_path.ps1'
[3.334s] INFO:colcon.colcon_core.shell:Creating environment descriptor '/home/dcole3/arduinobot_ws/install/arduinobot_description/share/arduinobot_description/hook/cmake_prefix_path.dsv'
[3.335s] INFO:colcon.colcon_core.shell:Creating environment hook '/home/dcole3/arduinobot_ws/install/arduinobot_description/share/arduinobot_description/hook/cmake_prefix_path.sh'
[3.336s] Level 1:colcon.colcon_core.environment:checking '/home/dcole3/arduinobot_ws/install/arduinobot_description/bin'
[3.336s] Level 1:colcon.colcon_core.environment:checking '/home/dcole3/arduinobot_ws/install/arduinobot_description/lib/pkgconfig/arduinobot_description.pc'
[3.337s] Level 1:colcon.colcon_core.environment:checking '/home/dcole3/arduinobot_ws/install/arduinobot_description/lib/python3.10/site-packages'
[3.337s] Level 1:colcon.colcon_core.environment:checking '/home/dcole3/arduinobot_ws/install/arduinobot_description/bin'
[3.379s] INFO:colcon.colcon_core.shell:Creating package script '/home/dcole3/arduinobot_ws/install/arduinobot_description/share/arduinobot_description/package.ps1'
[3.380s] INFO:colcon.colcon_core.shell:Creating package descriptor '/home/dcole3/arduinobot_ws/install/arduinobot_description/share/arduinobot_description/package.dsv'
[3.381s] INFO:colcon.colcon_core.shell:Creating package script '/home/dcole3/arduinobot_ws/install/arduinobot_description/share/arduinobot_description/package.sh'
[3.382s] INFO:colcon.colcon_core.shell:Creating package script '/home/dcole3/arduinobot_ws/install/arduinobot_description/share/arduinobot_description/package.bash'
[3.383s] INFO:colcon.colcon_core.shell:Creating package script '/home/dcole3/arduinobot_ws/install/arduinobot_description/share/arduinobot_description/package.zsh'
[3.383s] Level 1:colcon.colcon_core.environment:create_file_with_runtime_dependencies(/home/dcole3/arduinobot_ws/install/arduinobot_description/share/colcon-core/packages/arduinobot_description)
[3.430s] Level 1:colcon.colcon_core.environment:create_environment_scripts_only(arduinobot_cpp_examples)
[3.472s] Level 1:colcon.colcon_core.environment:checking '/home/dcole3/arduinobot_ws/install/arduinobot_cpp_examples' for CMake module files
[3.474s] Level 1:colcon.colcon_core.environment:checking '/home/dcole3/arduinobot_ws/install/arduinobot_cpp_examples' for CMake config files
[3.475s] Level 1:colcon.colcon_core.shell:create_environment_hook('arduinobot_cpp_examples', 'cmake_prefix_path')
[3.523s] INFO:colcon.colcon_core.shell:Creating environment hook '/home/dcole3/arduinobot_ws/install/arduinobot_cpp_examples/share/arduinobot_cpp_examples/hook/cmake_prefix_path.ps1'
[3.524s] INFO:colcon.colcon_core.shell:Creating environment descriptor '/home/dcole3/arduinobot_ws/install/arduinobot_cpp_examples/share/arduinobot_cpp_examples/hook/cmake_prefix_path.dsv'
[3.525s] INFO:colcon.colcon_core.shell:Creating environment hook '/home/dcole3/arduinobot_ws/install/arduinobot_cpp_examples/share/arduinobot_cpp_examples/hook/cmake_prefix_path.sh'
[3.526s] Level 1:colcon.colcon_core.environment:checking '/home/dcole3/arduinobot_ws/install/arduinobot_cpp_examples/lib'
[3.527s] Level 1:colcon.colcon_core.environment:checking '/home/dcole3/arduinobot_ws/install/arduinobot_cpp_examples/bin'
[3.527s] Level 1:colcon.colcon_core.environment:checking '/home/dcole3/arduinobot_ws/install/arduinobot_cpp_examples/lib/pkgconfig/arduinobot_cpp_examples.pc'
[3.527s] Level 1:colcon.colcon_core.environment:checking '/home/dcole3/arduinobot_ws/install/arduinobot_cpp_examples/lib/python3.10/site-packages'
[3.528s] Level 1:colcon.colcon_core.environment:checking '/home/dcole3/arduinobot_ws/install/arduinobot_cpp_examples/bin'
[3.576s] INFO:colcon.colcon_core.shell:Creating package script '/home/dcole3/arduinobot_ws/install/arduinobot_cpp_examples/share/arduinobot_cpp_examples/package.ps1'
[3.578s] INFO:colcon.colcon_core.shell:Creating package descriptor '/home/dcole3/arduinobot_ws/install/arduinobot_cpp_examples/share/arduinobot_cpp_examples/package.dsv'
[3.579s] INFO:colcon.colcon_core.shell:Creating package script '/home/dcole3/arduinobot_ws/install/arduinobot_cpp_examples/share/arduinobot_cpp_examples/package.sh'
[3.580s] INFO:colcon.colcon_core.shell:Creating package script '/home/dcole3/arduinobot_ws/install/arduinobot_cpp_examples/share/arduinobot_cpp_examples/package.bash'
[3.581s] INFO:colcon.colcon_core.shell:Creating package script '/home/dcole3/arduinobot_ws/install/arduinobot_cpp_examples/share/arduinobot_cpp_examples/package.zsh'
[3.582s] Level 1:colcon.colcon_core.environment:create_file_with_runtime_dependencies(/home/dcole3/arduinobot_ws/install/arduinobot_cpp_examples/share/colcon-core/packages/arduinobot_cpp_examples)
[3.637s] Level 1:colcon.colcon_core.environment:create_environment_scripts_only(arduinobot_description)
[3.690s] Level 1:colcon.colcon_core.environment:checking '/home/dcole3/arduinobot_ws/install/arduinobot_description' for CMake module files
[3.691s] Level 1:colcon.colcon_core.environment:checking '/home/dcole3/arduinobot_ws/install/arduinobot_description' for CMake config files
[3.692s] Level 1:colcon.colcon_core.shell:create_environment_hook('arduinobot_description', 'cmake_prefix_path')
[3.740s] INFO:colcon.colcon_core.shell:Creating environment hook '/home/dcole3/arduinobot_ws/install/arduinobot_description/share/arduinobot_description/hook/cmake_prefix_path.ps1'
[3.741s] INFO:colcon.colcon_core.shell:Creating environment descriptor '/home/dcole3/arduinobot_ws/install/arduinobot_description/share/arduinobot_description/hook/cmake_prefix_path.dsv'
[3.742s] INFO:colcon.colcon_core.shell:Creating environment hook '/home/dcole3/arduinobot_ws/install/arduinobot_description/share/arduinobot_description/hook/cmake_prefix_path.sh'
[3.744s] Level 1:colcon.colcon_core.environment:checking '/home/dcole3/arduinobot_ws/install/arduinobot_description/bin'
[3.745s] Level 1:colcon.colcon_core.environment:checking '/home/dcole3/arduinobot_ws/install/arduinobot_description/lib/pkgconfig/arduinobot_description.pc'
[3.745s] Level 1:colcon.colcon_core.environment:checking '/home/dcole3/arduinobot_ws/install/arduinobot_description/lib/python3.10/site-packages'
[3.747s] Level 1:colcon.colcon_core.environment:checking '/home/dcole3/arduinobot_ws/install/arduinobot_description/bin'
[3.793s] INFO:colcon.colcon_core.shell:Creating package script '/home/dcole3/arduinobot_ws/install/arduinobot_description/share/arduinobot_description/package.ps1'
[3.794s] INFO:colcon.colcon_core.shell:Creating package descriptor '/home/dcole3/arduinobot_ws/install/arduinobot_description/share/arduinobot_description/package.dsv'
[3.795s] INFO:colcon.colcon_core.shell:Creating package script '/home/dcole3/arduinobot_ws/install/arduinobot_description/share/arduinobot_description/package.sh'
[3.796s] INFO:colcon.colcon_core.shell:Creating package script '/home/dcole3/arduinobot_ws/install/arduinobot_description/share/arduinobot_description/package.bash'
[3.797s] INFO:colcon.colcon_core.shell:Creating package script '/home/dcole3/arduinobot_ws/install/arduinobot_description/share/arduinobot_description/package.zsh'
[3.798s] Level 1:colcon.colcon_core.environment:create_file_with_runtime_dependencies(/home/dcole3/arduinobot_ws/install/arduinobot_description/share/colcon-core/packages/arduinobot_description)
[3.938s] DEBUG:colcon.colcon_core.event_handler.log_command:Invoking command in '/home/dcole3/arduinobot_ws/src/arduinobot_py_examples': PYTHONPATH=/home/dcole3/arduinobot_ws/build/arduinobot_py_examples/prefix_override:/home/dcole3/arduinobot_ws/install/arduinobot_py_examples/lib/python3.10/site-packages:${PYTHONPATH} /usr/bin/python3 setup.py egg_info --egg-base ../../build/arduinobot_py_examples build --build-base /home/dcole3/arduinobot_ws/build/arduinobot_py_examples/build install --record /home/dcole3/arduinobot_ws/build/arduinobot_py_examples/install.log --single-version-externally-managed
[4.731s] DEBUG:colcon.colcon_core.event_handler.log_command:Invoked command in '/home/dcole3/arduinobot_ws/src/arduinobot_py_examples' returned '0': PYTHONPATH=/home/dcole3/arduinobot_ws/build/arduinobot_py_examples/prefix_override:/home/dcole3/arduinobot_ws/install/arduinobot_py_examples/lib/python3.10/site-packages:${PYTHONPATH} /usr/bin/python3 setup.py egg_info --egg-base ../../build/arduinobot_py_examples build --build-base /home/dcole3/arduinobot_ws/build/arduinobot_py_examples/build install --record /home/dcole3/arduinobot_ws/build/arduinobot_py_examples/install.log --single-version-externally-managed
[4.765s] Level 1:colcon.colcon_core.environment:checking '/home/dcole3/arduinobot_ws/install/arduinobot_py_examples' for CMake module files
[4.766s] Level 1:colcon.colcon_core.environment:checking '/home/dcole3/arduinobot_ws/install/arduinobot_py_examples' for CMake config files
[4.766s] Level 1:colcon.colcon_core.environment:checking '/home/dcole3/arduinobot_ws/install/arduinobot_py_examples/lib'
[4.767s] Level 1:colcon.colcon_core.environment:checking '/home/dcole3/arduinobot_ws/install/arduinobot_py_examples/bin'
[4.767s] Level 1:colcon.colcon_core.environment:checking '/home/dcole3/arduinobot_ws/install/arduinobot_py_examples/lib/pkgconfig/arduinobot_py_examples.pc'
[4.767s] Level 1:colcon.colcon_core.environment:checking '/home/dcole3/arduinobot_ws/install/arduinobot_py_examples/lib/python3.10/site-packages'
[4.767s] Level 1:colcon.colcon_core.shell:create_environment_hook('arduinobot_py_examples', 'pythonpath')
[4.804s] INFO:colcon.colcon_core.shell:Creating environment hook '/home/dcole3/arduinobot_ws/install/arduinobot_py_examples/share/arduinobot_py_examples/hook/pythonpath.ps1'
[4.806s] INFO:colcon.colcon_core.shell:Creating environment descriptor '/home/dcole3/arduinobot_ws/install/arduinobot_py_examples/share/arduinobot_py_examples/hook/pythonpath.dsv'
[4.806s] INFO:colcon.colcon_core.shell:Creating environment hook '/home/dcole3/arduinobot_ws/install/arduinobot_py_examples/share/arduinobot_py_examples/hook/pythonpath.sh'
[4.808s] Level 1:colcon.colcon_core.environment:checking '/home/dcole3/arduinobot_ws/install/arduinobot_py_examples/bin'
[4.808s] Level 1:colcon.colcon_core.environment:create_environment_scripts_only(arduinobot_py_examples)
[4.856s] INFO:colcon.colcon_core.shell:Creating package script '/home/dcole3/arduinobot_ws/install/arduinobot_py_examples/share/arduinobot_py_examples/package.ps1'
[4.857s] INFO:colcon.colcon_core.shell:Creating package descriptor '/home/dcole3/arduinobot_ws/install/arduinobot_py_examples/share/arduinobot_py_examples/package.dsv'
[4.858s] INFO:colcon.colcon_core.shell:Creating package script '/home/dcole3/arduinobot_ws/install/arduinobot_py_examples/share/arduinobot_py_examples/package.sh'
[4.859s] INFO:colcon.colcon_core.shell:Creating package script '/home/dcole3/arduinobot_ws/install/arduinobot_py_examples/share/arduinobot_py_examples/package.bash'
[4.860s] INFO:colcon.colcon_core.shell:Creating package script '/home/dcole3/arduinobot_ws/install/arduinobot_py_examples/share/arduinobot_py_examples/package.zsh'
[4.860s] Level 1:colcon.colcon_core.environment:create_file_with_runtime_dependencies(/home/dcole3/arduinobot_ws/install/arduinobot_py_examples/share/colcon-core/packages/arduinobot_py_examples)
[4.862s] DEBUG:colcon.colcon_parallel_executor.executor.parallel:closing loop
[4.862s] DEBUG:colcon.colcon_parallel_executor.executor.parallel:loop closed
[4.862s] DEBUG:colcon.colcon_parallel_executor.executor.parallel:run_until_complete finished with '0'
[4.863s] DEBUG:colcon.colcon_core.event_reactor:joining thread
[4.926s] INFO:colcon.colcon_core.plugin_system:Skipping extension 'colcon_notification.desktop_notification.terminal_notifier': Not used on non-Darwin systems
[4.926s] INFO:colcon.colcon_core.plugin_system:Skipping extension 'colcon_notification.desktop_notification.win32': Not used on non-Windows systems
[4.927s] INFO:colcon.colcon_notification.desktop_notification:Sending desktop notification using 'notify2'
[4.961s] DEBUG:colcon.colcon_core.event_reactor:joined thread
[5.011s] INFO:colcon.colcon_core.shell:Creating prefix script '/home/dcole3/arduinobot_ws/install/local_setup.ps1'
[5.013s] INFO:colcon.colcon_core.shell:Creating prefix util module '/home/dcole3/arduinobot_ws/install/_local_setup_util_ps1.py'
[5.016s] INFO:colcon.colcon_core.shell:Creating prefix chain script '/home/dcole3/arduinobot_ws/install/setup.ps1'
[5.066s] INFO:colcon.colcon_core.shell:Creating prefix script '/home/dcole3/arduinobot_ws/install/local_setup.sh'
[5.068s] INFO:colcon.colcon_core.shell:Creating prefix util module '/home/dcole3/arduinobot_ws/install/_local_setup_util_sh.py'
[5.069s] INFO:colcon.colcon_core.shell:Creating prefix chain script '/home/dcole3/arduinobot_ws/install/setup.sh'
[5.117s] INFO:colcon.colcon_core.shell:Creating prefix script '/home/dcole3/arduinobot_ws/install/local_setup.bash'
[5.118s] INFO:colcon.colcon_core.shell:Creating prefix chain script '/home/dcole3/arduinobot_ws/install/setup.bash'
[5.166s] INFO:colcon.colcon_core.shell:Creating prefix script '/home/dcole3/arduinobot_ws/install/local_setup.zsh'
[5.167s] INFO:colcon.colcon_core.shell:Creating prefix chain script '/home/dcole3/arduinobot_ws/install/setup.zsh'
