[0.191s] Invoking command in '/home/dcole3/GitHub/arduinobot_ws/build/arduinobot_description': CMAKE_PREFIX_PATH=/opt/ros/humble /usr/bin/cmake --build /home/dcole3/GitHub/arduinobot_ws/build/arduinobot_description -- -j4 -l4
[0.723s] Invoked command in '/home/dcole3/GitHub/arduinobot_ws/build/arduinobot_description' returned '0': CMAKE_PREFIX_PATH=/opt/ros/humble /usr/bin/cmake --build /home/dcole3/GitHub/arduinobot_ws/build/arduinobot_description -- -j4 -l4
[0.792s] Invoking command in '/home/dcole3/GitHub/arduinobot_ws/build/arduinobot_description': CMAKE_PREFIX_PATH=/opt/ros/humble /usr/bin/cmake --install /home/dcole3/GitHub/arduinobot_ws/build/arduinobot_description
[0.820s] -- Install configuration: ""
[0.823s] -- Up-to-date: /home/dcole3/GitHub/arduinobot_ws/install/arduinobot_description/share/arduinobot_description/meshes
[0.824s] -- Up-to-date: /home/dcole3/GitHub/arduinobot_ws/install/arduinobot_description/share/arduinobot_description/meshes/round_plate.STL
[0.824s] -- Up-to-date: /home/dcole3/GitHub/arduinobot_ws/install/arduinobot_description/share/arduinobot_description/meshes/forward_drive_arm.STL
[0.827s] -- Up-to-date: /home/dcole3/GitHub/arduinobot_ws/install/arduinobot_description/share/arduinobot_description/meshes/servo_plate.STL
[0.828s] -- Up-to-date: /home/dcole3/GitHub/arduinobot_ws/install/arduinobot_description/share/arduinobot_description/meshes/vertical_drive_arm.STL
[0.828s] -- Up-to-date: /home/dcole3/GitHub/arduinobot_ws/install/arduinobot_description/share/arduinobot_description/meshes/right_finger.STL
[0.828s] -- Up-to-date: /home/dcole3/GitHub/arduinobot_ws/install/arduinobot_description/share/arduinobot_description/meshes/basement.STL
[0.829s] -- Up-to-date: /home/dcole3/GitHub/arduinobot_ws/install/arduinobot_description/share/arduinobot_description/meshes/claw_support.STL
[0.829s] -- Up-to-date: /home/dcole3/GitHub/arduinobot_ws/install/arduinobot_description/share/arduinobot_description/meshes/pi_camera.STL
[0.830s] -- Up-to-date: /home/dcole3/GitHub/arduinobot_ws/install/arduinobot_description/share/arduinobot_description/meshes/left_finger.STL
[0.830s] -- Up-to-date: /home/dcole3/GitHub/arduinobot_ws/install/arduinobot_description/share/arduinobot_description/meshes/plate.STL
[0.830s] -- Up-to-date: /home/dcole3/GitHub/arduinobot_ws/install/arduinobot_description/share/arduinobot_description/meshes/triangular_link.STL
[0.831s] -- Up-to-date: /home/dcole3/GitHub/arduinobot_ws/install/arduinobot_description/share/arduinobot_description/meshes/link.STL
[0.831s] -- Up-to-date: /home/dcole3/GitHub/arduinobot_ws/install/arduinobot_description/share/arduinobot_description/meshes/base_plate.STL
[0.832s] -- Up-to-date: /home/dcole3/GitHub/arduinobot_ws/install/arduinobot_description/share/arduinobot_description/meshes/horizontal_arm.STL
[0.832s] -- Up-to-date: /home/dcole3/GitHub/arduinobot_ws/install/arduinobot_description/share/arduinobot_description/urdf
[0.832s] -- Up-to-date: /home/dcole3/GitHub/arduinobot_ws/install/arduinobot_description/share/arduinobot_description/urdf/arduinobot.urdf.xacro
[0.833s] -- Up-to-date: /home/dcole3/GitHub/arduinobot_ws/install/arduinobot_description/share/arduinobot_description/urdf/arduinobot_ros2_control.xacro
[0.833s] -- Up-to-date: /home/dcole3/GitHub/arduinobot_ws/install/arduinobot_description/share/arduinobot_description/urdf/arduinobot_gazebo.xacro
[0.834s] -- Up-to-date: /home/dcole3/GitHub/arduinobot_ws/install/arduinobot_description/share/arduinobot_description/launch
[0.834s] -- Up-to-date: /home/dcole3/GitHub/arduinobot_ws/install/arduinobot_description/share/arduinobot_description/launch/gazebo.launch.py
[0.834s] -- Up-to-date: /home/dcole3/GitHub/arduinobot_ws/install/arduinobot_description/share/arduinobot_description/launch/display.launch.py
[0.834s] -- Up-to-date: /home/dcole3/GitHub/arduinobot_ws/install/arduinobot_description/share/arduinobot_description/rviz
[0.834s] -- Up-to-date: /home/dcole3/GitHub/arduinobot_ws/install/arduinobot_description/share/arduinobot_description/rviz/display.rviz
[0.834s] -- Up-to-date: /home/dcole3/GitHub/arduinobot_ws/install/arduinobot_description/share/ament_index/resource_index/package_run_dependencies/arduinobot_description
[0.835s] -- Up-to-date: /home/dcole3/GitHub/arduinobot_ws/install/arduinobot_description/share/ament_index/resource_index/parent_prefix_path/arduinobot_description
[0.835s] -- Up-to-date: /home/dcole3/GitHub/arduinobot_ws/install/arduinobot_description/share/arduinobot_description/environment/ament_prefix_path.sh
[0.835s] -- Up-to-date: /home/dcole3/GitHub/arduinobot_ws/install/arduinobot_description/share/arduinobot_description/environment/ament_prefix_path.dsv
[0.835s] -- Up-to-date: /home/dcole3/GitHub/arduinobot_ws/install/arduinobot_description/share/arduinobot_description/environment/path.sh
[0.835s] -- Up-to-date: /home/dcole3/GitHub/arduinobot_ws/install/arduinobot_description/share/arduinobot_description/environment/path.dsv
[0.836s] -- Up-to-date: /home/dcole3/GitHub/arduinobot_ws/install/arduinobot_description/share/arduinobot_description/local_setup.bash
[0.836s] -- Up-to-date: /home/dcole3/GitHub/arduinobot_ws/install/arduinobot_description/share/arduinobot_description/local_setup.sh
[0.836s] -- Up-to-date: /home/dcole3/GitHub/arduinobot_ws/install/arduinobot_description/share/arduinobot_description/local_setup.zsh
[0.836s] -- Up-to-date: /home/dcole3/GitHub/arduinobot_ws/install/arduinobot_description/share/arduinobot_description/local_setup.dsv
[0.836s] -- Installing: /home/dcole3/GitHub/arduinobot_ws/install/arduinobot_description/share/arduinobot_description/package.dsv
[0.841s] -- Up-to-date: /home/dcole3/GitHub/arduinobot_ws/install/arduinobot_description/share/ament_index/resource_index/packages/arduinobot_description
[0.842s] -- Up-to-date: /home/dcole3/GitHub/arduinobot_ws/install/arduinobot_description/share/arduinobot_description/cmake/arduinobot_descriptionConfig.cmake
[0.842s] -- Up-to-date: /home/dcole3/GitHub/arduinobot_ws/install/arduinobot_description/share/arduinobot_description/cmake/arduinobot_descriptionConfig-version.cmake
[0.842s] -- Up-to-date: /home/dcole3/GitHub/arduinobot_ws/install/arduinobot_description/share/arduinobot_description/package.xml
[1.094s] Invoked command in '/home/dcole3/GitHub/arduinobot_ws/build/arduinobot_description' returned '0': CMAKE_PREFIX_PATH=/opt/ros/humble /usr/bin/cmake --install /home/dcole3/GitHub/arduinobot_ws/build/arduinobot_description
