[0.351s] Invoking command in '/home/dcole3/arduinobot_ws/build/arduinobot_cpp_examples': CMAKE_PREFIX_PATH=/opt/ros/humble /usr/bin/cmake --build /home/dcole3/arduinobot_ws/build/arduinobot_cpp_examples -- -j4 -l4
[0.698s] -- Found ament_cmake: 1.3.6 (/opt/ros/humble/share/ament_cmake/cmake)
[1.194s] -- Found rclcpp: 16.0.7 (/opt/ros/humble/share/rclcpp/cmake)
[1.352s] -- Found rosidl_generator_c: 3.1.5 (/opt/ros/humble/share/rosidl_generator_c/cmake)
[1.359s] -- Found rosidl_adapter: 3.1.5 (/opt/ros/humble/share/rosidl_adapter/cmake)
[1.377s] -- Found rosidl_generator_cpp: 3.1.5 (/opt/ros/humble/share/rosidl_generator_cpp/cmake)
[1.409s] -- Using all available rosidl_typesupport_c: rosidl_typesupport_fastrtps_c;rosidl_typesupport_introspection_c
[1.467s] -- Using all available rosidl_typesupport_cpp: rosidl_typesupport_fastrtps_cpp;rosidl_typesupport_introspection_cpp
[1.613s] -- Found rmw_implementation_cmake: 6.1.1 (/opt/ros/humble/share/rmw_implementation_cmake/cmake)
[1.622s] -- Found rmw_fastrtps_cpp: 6.2.5 (/opt/ros/humble/share/rmw_fastrtps_cpp/cmake)
[1.920s] -- Using RMW implementation 'rmw_fastrtps_cpp' as default
[2.324s] [31mCMake Error at CMakeLists.txt:12 (find_package):
[2.324s]   By not providing "Findrcl_interfaces,.cmake" in CMAKE_MODULE_PATH this
[2.324s]   project has asked CMake to find a package configuration file provided by
[2.324s]   "rcl_interfaces,", but CMake did not find one.
[2.325s] 
[2.325s]   Could not find a package configuration file provided by "rcl_interfaces,"
[2.325s]   with any of the following names:
[2.325s] 
[2.325s]     rcl_interfaces,Config.cmake
[2.325s]     rcl_interfaces,-config.cmake
[2.325s] 
[2.326s]   Add the installation prefix of "rcl_interfaces," to CMAKE_PREFIX_PATH or
[2.326s]   set "rcl_interfaces,_DIR" to a directory containing one of the above files.
[2.326s]   If "rcl_interfaces," provides a separate development package or SDK, be
[2.326s]   sure it has been installed.
[2.326s] 
[2.326s] [0m
[2.327s] -- Configuring incomplete, errors occurred!
[2.327s] See also "/home/dcole3/arduinobot_ws/build/arduinobot_cpp_examples/CMakeFiles/CMakeOutput.log".
[2.343s] gmake: *** [Makefile:308: cmake_check_build_system] Error 1
[2.348s] Invoked command in '/home/dcole3/arduinobot_ws/build/arduinobot_cpp_examples' returned '2': CMAKE_PREFIX_PATH=/opt/ros/humble /usr/bin/cmake --build /home/dcole3/arduinobot_ws/build/arduinobot_cpp_examples -- -j4 -l4
