[1.804s] DEBUG:colcon:Command line arguments: ['/usr/bin/colcon', 'build']
[1.804s] DEBUG:colcon:Parsed command line arguments: Namespace(log_base=None, log_level=None, verb_name='build', build_base='build', install_base='install', merge_install=False, symlink_install=False, test_result_base=None, continue_on_error=False, executor='parallel', parallel_workers=4, event_handlers=None, ignore_user_meta=False, metas=['./colcon.meta'], base_paths=['.'], packages_ignore=None, packages_ignore_regex=None, paths=None, packages_up_to=None, packages_up_to_regex=None, packages_above=None, packages_above_and_dependencies=None, packages_above_depth=None, packages_select_by_dep=None, packages_skip_by_dep=None, packages_skip_up_to=None, packages_select_build_failed=False, packages_skip_build_finished=False, packages_select_test_failures=False, packages_skip_test_passed=False, packages_select=None, packages_skip=None, packages_select_regex=None, packages_skip_regex=None, packages_start=None, packages_end=None, allow_overriding=[], cmake_args=None, cmake_target=None, cmake_target_skip_unavailable=False, cmake_clean_cache=False, cmake_clean_first=False, cmake_force_configure=False, ament_cmake_args=None, catkin_cmake_args=None, catkin_skip_building_tests=False, verb_parser=<colcon_defaults.argument_parser.defaults.DefaultArgumentsDecorator object at 0x7f06d45835b0>, verb_extension=<colcon_core.verb.build.BuildVerb object at 0x7f06d5797f40>, main=<bound method BuildVerb.main of <colcon_core.verb.build.BuildVerb object at 0x7f06d5797f40>>)
[1.896s] Level 1:colcon.colcon_core.package_discovery:discover_packages(colcon_meta) check parameters
[1.896s] Level 1:colcon.colcon_core.package_discovery:discover_packages(recursive) check parameters
[1.897s] Level 1:colcon.colcon_core.package_discovery:discover_packages(ignore) check parameters
[1.897s] Level 1:colcon.colcon_core.package_discovery:discover_packages(path) check parameters
[1.897s] Level 1:colcon.colcon_core.package_discovery:discover_packages(colcon_meta) discover
[1.897s] Level 1:colcon.colcon_core.package_discovery:discover_packages(recursive) discover
[1.897s] INFO:colcon.colcon_core.package_discovery:Crawling recursively for packages in '/home/dcole3/arduinobot_ws'
[1.897s] Level 1:colcon.colcon_core.package_identification:_identify(.) by extensions ['ignore', 'ignore_ament_install']
[1.897s] Level 1:colcon.colcon_core.package_identification:_identify(.) by extension 'ignore'
[1.898s] Level 1:colcon.colcon_core.package_identification:_identify(.) by extension 'ignore_ament_install'
[1.898s] Level 1:colcon.colcon_core.package_identification:_identify(.) by extensions ['colcon_pkg']
[1.898s] Level 1:colcon.colcon_core.package_identification:_identify(.) by extension 'colcon_pkg'
[1.898s] Level 1:colcon.colcon_core.package_identification:_identify(.) by extensions ['colcon_meta']
[1.898s] Level 1:colcon.colcon_core.package_identification:_identify(.) by extension 'colcon_meta'
[1.898s] Level 1:colcon.colcon_core.package_identification:_identify(.) by extensions ['ros']
[1.898s] Level 1:colcon.colcon_core.package_identification:_identify(.) by extension 'ros'
[1.914s] Level 1:colcon.colcon_core.package_identification:_identify(.) by extensions ['cmake', 'python']
[1.914s] Level 1:colcon.colcon_core.package_identification:_identify(.) by extension 'cmake'
[1.914s] Level 1:colcon.colcon_core.package_identification:_identify(.) by extension 'python'
[1.914s] Level 1:colcon.colcon_core.package_identification:_identify(.) by extensions ['python_setup_py']
[1.914s] Level 1:colcon.colcon_core.package_identification:_identify(.) by extension 'python_setup_py'
[1.915s] Level 1:colcon.colcon_core.package_identification:_identify(build) by extensions ['ignore', 'ignore_ament_install']
[1.915s] Level 1:colcon.colcon_core.package_identification:_identify(build) by extension 'ignore'
[1.915s] Level 1:colcon.colcon_core.package_identification:_identify(build) ignored
[1.915s] Level 1:colcon.colcon_core.package_identification:_identify(install) by extensions ['ignore', 'ignore_ament_install']
[1.916s] Level 1:colcon.colcon_core.package_identification:_identify(install) by extension 'ignore'
[1.916s] Level 1:colcon.colcon_core.package_identification:_identify(install) ignored
[1.916s] Level 1:colcon.colcon_core.package_identification:_identify(log) by extensions ['ignore', 'ignore_ament_install']
[1.916s] Level 1:colcon.colcon_core.package_identification:_identify(log) by extension 'ignore'
[1.916s] Level 1:colcon.colcon_core.package_identification:_identify(log) ignored
[1.916s] Level 1:colcon.colcon_core.package_identification:_identify(src) by extensions ['ignore', 'ignore_ament_install']
[1.917s] Level 1:colcon.colcon_core.package_identification:_identify(src) by extension 'ignore'
[1.917s] Level 1:colcon.colcon_core.package_identification:_identify(src) by extension 'ignore_ament_install'
[1.917s] Level 1:colcon.colcon_core.package_identification:_identify(src) by extensions ['colcon_pkg']
[1.917s] Level 1:colcon.colcon_core.package_identification:_identify(src) by extension 'colcon_pkg'
[1.917s] Level 1:colcon.colcon_core.package_identification:_identify(src) by extensions ['colcon_meta']
[1.917s] Level 1:colcon.colcon_core.package_identification:_identify(src) by extension 'colcon_meta'
[1.917s] Level 1:colcon.colcon_core.package_identification:_identify(src) by extensions ['ros']
[1.917s] Level 1:colcon.colcon_core.package_identification:_identify(src) by extension 'ros'
[1.917s] Level 1:colcon.colcon_core.package_identification:_identify(src) by extensions ['cmake', 'python']
[1.917s] Level 1:colcon.colcon_core.package_identification:_identify(src) by extension 'cmake'
[1.918s] Level 1:colcon.colcon_core.package_identification:_identify(src) by extension 'python'
[1.918s] Level 1:colcon.colcon_core.package_identification:_identify(src) by extensions ['python_setup_py']
[1.918s] Level 1:colcon.colcon_core.package_identification:_identify(src) by extension 'python_setup_py'
[1.918s] Level 1:colcon.colcon_core.package_identification:_identify(src/arduinobot_cpp_examples) by extensions ['ignore', 'ignore_ament_install']
[1.918s] Level 1:colcon.colcon_core.package_identification:_identify(src/arduinobot_cpp_examples) by extension 'ignore'
[1.918s] Level 1:colcon.colcon_core.package_identification:_identify(src/arduinobot_cpp_examples) by extension 'ignore_ament_install'
[1.918s] Level 1:colcon.colcon_core.package_identification:_identify(src/arduinobot_cpp_examples) by extensions ['colcon_pkg']
[1.918s] Level 1:colcon.colcon_core.package_identification:_identify(src/arduinobot_cpp_examples) by extension 'colcon_pkg'
[1.919s] Level 1:colcon.colcon_core.package_identification:_identify(src/arduinobot_cpp_examples) by extensions ['colcon_meta']
[1.919s] Level 1:colcon.colcon_core.package_identification:_identify(src/arduinobot_cpp_examples) by extension 'colcon_meta'
[1.919s] Level 1:colcon.colcon_core.package_identification:_identify(src/arduinobot_cpp_examples) by extensions ['ros']
[1.919s] Level 1:colcon.colcon_core.package_identification:_identify(src/arduinobot_cpp_examples) by extension 'ros'
[1.922s] DEBUG:colcon.colcon_core.package_identification:Package 'src/arduinobot_cpp_examples' with type 'ros.ament_cmake' and name 'arduinobot_cpp_examples'
[1.923s] Level 1:colcon.colcon_core.package_identification:_identify(src/arduinobot_description) by extensions ['ignore', 'ignore_ament_install']
[1.923s] Level 1:colcon.colcon_core.package_identification:_identify(src/arduinobot_description) by extension 'ignore'
[1.923s] Level 1:colcon.colcon_core.package_identification:_identify(src/arduinobot_description) by extension 'ignore_ament_install'
[1.923s] Level 1:colcon.colcon_core.package_identification:_identify(src/arduinobot_description) by extensions ['colcon_pkg']
[1.923s] Level 1:colcon.colcon_core.package_identification:_identify(src/arduinobot_description) by extension 'colcon_pkg'
[1.923s] Level 1:colcon.colcon_core.package_identification:_identify(src/arduinobot_description) by extensions ['colcon_meta']
[1.923s] Level 1:colcon.colcon_core.package_identification:_identify(src/arduinobot_description) by extension 'colcon_meta'
[1.924s] Level 1:colcon.colcon_core.package_identification:_identify(src/arduinobot_description) by extensions ['ros']
[1.924s] Level 1:colcon.colcon_core.package_identification:_identify(src/arduinobot_description) by extension 'ros'
[1.924s] DEBUG:colcon.colcon_core.package_identification:Package 'src/arduinobot_description' with type 'ros.ament_cmake' and name 'arduinobot_description'
[1.925s] Level 1:colcon.colcon_core.package_identification:_identify(src/arduinobot_py_examples) by extensions ['ignore', 'ignore_ament_install']
[1.925s] Level 1:colcon.colcon_core.package_identification:_identify(src/arduinobot_py_examples) by extension 'ignore'
[1.925s] Level 1:colcon.colcon_core.package_identification:_identify(src/arduinobot_py_examples) by extension 'ignore_ament_install'
[1.925s] Level 1:colcon.colcon_core.package_identification:_identify(src/arduinobot_py_examples) by extensions ['colcon_pkg']
[1.925s] Level 1:colcon.colcon_core.package_identification:_identify(src/arduinobot_py_examples) by extension 'colcon_pkg'
[1.925s] Level 1:colcon.colcon_core.package_identification:_identify(src/arduinobot_py_examples) by extensions ['colcon_meta']
[1.925s] Level 1:colcon.colcon_core.package_identification:_identify(src/arduinobot_py_examples) by extension 'colcon_meta'
[1.926s] Level 1:colcon.colcon_core.package_identification:_identify(src/arduinobot_py_examples) by extensions ['ros']
[1.926s] Level 1:colcon.colcon_core.package_identification:_identify(src/arduinobot_py_examples) by extension 'ros'
[1.926s] DEBUG:colcon.colcon_core.package_identification:Package 'src/arduinobot_py_examples' with type 'ros.ament_python' and name 'arduinobot_py_examples'
[1.927s] Level 1:colcon.colcon_core.package_discovery:discover_packages(recursive) using defaults
[1.927s] Level 1:colcon.colcon_core.package_discovery:discover_packages(ignore) discover
[1.927s] Level 1:colcon.colcon_core.package_discovery:discover_packages(ignore) using defaults
[1.927s] Level 1:colcon.colcon_core.package_discovery:discover_packages(path) discover
[1.927s] Level 1:colcon.colcon_core.package_discovery:discover_packages(path) using defaults
[2.069s] Level 1:colcon.colcon_core.package_discovery:discover_packages(prefix_path) check parameters
[2.069s] Level 1:colcon.colcon_core.package_discovery:discover_packages(prefix_path) discover
[2.115s] DEBUG:colcon.colcon_installed_package_information.package_discovery:Found 354 installed packages in /opt/ros/humble
[2.117s] Level 1:colcon.colcon_core.package_discovery:discover_packages(prefix_path) using defaults
[2.330s] Level 5:colcon.colcon_core.verb:set package 'arduinobot_cpp_examples' build argument 'cmake_args' from command line to 'None'
[2.331s] Level 5:colcon.colcon_core.verb:set package 'arduinobot_cpp_examples' build argument 'cmake_target' from command line to 'None'
[2.331s] Level 5:colcon.colcon_core.verb:set package 'arduinobot_cpp_examples' build argument 'cmake_target_skip_unavailable' from command line to 'False'
[2.331s] Level 5:colcon.colcon_core.verb:set package 'arduinobot_cpp_examples' build argument 'cmake_clean_cache' from command line to 'False'
[2.331s] Level 5:colcon.colcon_core.verb:set package 'arduinobot_cpp_examples' build argument 'cmake_clean_first' from command line to 'False'
[2.331s] Level 5:colcon.colcon_core.verb:set package 'arduinobot_cpp_examples' build argument 'cmake_force_configure' from command line to 'False'
[2.331s] Level 5:colcon.colcon_core.verb:set package 'arduinobot_cpp_examples' build argument 'ament_cmake_args' from command line to 'None'
[2.331s] Level 5:colcon.colcon_core.verb:set package 'arduinobot_cpp_examples' build argument 'catkin_cmake_args' from command line to 'None'
[2.331s] Level 5:colcon.colcon_core.verb:set package 'arduinobot_cpp_examples' build argument 'catkin_skip_building_tests' from command line to 'False'
[2.331s] DEBUG:colcon.colcon_core.verb:Building package 'arduinobot_cpp_examples' with the following arguments: {'ament_cmake_args': None, 'build_base': '/home/dcole3/arduinobot_ws/build/arduinobot_cpp_examples', 'catkin_cmake_args': None, 'catkin_skip_building_tests': False, 'cmake_args': None, 'cmake_clean_cache': False, 'cmake_clean_first': False, 'cmake_force_configure': False, 'cmake_target': None, 'cmake_target_skip_unavailable': False, 'install_base': '/home/dcole3/arduinobot_ws/install/arduinobot_cpp_examples', 'merge_install': False, 'path': '/home/dcole3/arduinobot_ws/src/arduinobot_cpp_examples', 'symlink_install': False, 'test_result_base': None}
[2.354s] Level 5:colcon.colcon_core.verb:set package 'arduinobot_description' build argument 'cmake_args' from command line to 'None'
[2.354s] Level 5:colcon.colcon_core.verb:set package 'arduinobot_description' build argument 'cmake_target' from command line to 'None'
[2.354s] Level 5:colcon.colcon_core.verb:set package 'arduinobot_description' build argument 'cmake_target_skip_unavailable' from command line to 'False'
[2.354s] Level 5:colcon.colcon_core.verb:set package 'arduinobot_description' build argument 'cmake_clean_cache' from command line to 'False'
[2.355s] Level 5:colcon.colcon_core.verb:set package 'arduinobot_description' build argument 'cmake_clean_first' from command line to 'False'
[2.355s] Level 5:colcon.colcon_core.verb:set package 'arduinobot_description' build argument 'cmake_force_configure' from command line to 'False'
[2.355s] Level 5:colcon.colcon_core.verb:set package 'arduinobot_description' build argument 'ament_cmake_args' from command line to 'None'
[2.355s] Level 5:colcon.colcon_core.verb:set package 'arduinobot_description' build argument 'catkin_cmake_args' from command line to 'None'
[2.355s] Level 5:colcon.colcon_core.verb:set package 'arduinobot_description' build argument 'catkin_skip_building_tests' from command line to 'False'
[2.355s] DEBUG:colcon.colcon_core.verb:Building package 'arduinobot_description' with the following arguments: {'ament_cmake_args': None, 'build_base': '/home/dcole3/arduinobot_ws/build/arduinobot_description', 'catkin_cmake_args': None, 'catkin_skip_building_tests': False, 'cmake_args': None, 'cmake_clean_cache': False, 'cmake_clean_first': False, 'cmake_force_configure': False, 'cmake_target': None, 'cmake_target_skip_unavailable': False, 'install_base': '/home/dcole3/arduinobot_ws/install/arduinobot_description', 'merge_install': False, 'path': '/home/dcole3/arduinobot_ws/src/arduinobot_description', 'symlink_install': False, 'test_result_base': None}
[2.376s] Level 5:colcon.colcon_core.verb:set package 'arduinobot_py_examples' build argument 'cmake_args' from command line to 'None'
[2.376s] Level 5:colcon.colcon_core.verb:set package 'arduinobot_py_examples' build argument 'cmake_target' from command line to 'None'
[2.376s] Level 5:colcon.colcon_core.verb:set package 'arduinobot_py_examples' build argument 'cmake_target_skip_unavailable' from command line to 'False'
[2.376s] Level 5:colcon.colcon_core.verb:set package 'arduinobot_py_examples' build argument 'cmake_clean_cache' from command line to 'False'
[2.376s] Level 5:colcon.colcon_core.verb:set package 'arduinobot_py_examples' build argument 'cmake_clean_first' from command line to 'False'
[2.376s] Level 5:colcon.colcon_core.verb:set package 'arduinobot_py_examples' build argument 'cmake_force_configure' from command line to 'False'
[2.376s] Level 5:colcon.colcon_core.verb:set package 'arduinobot_py_examples' build argument 'ament_cmake_args' from command line to 'None'
[2.376s] Level 5:colcon.colcon_core.verb:set package 'arduinobot_py_examples' build argument 'catkin_cmake_args' from command line to 'None'
[2.376s] Level 5:colcon.colcon_core.verb:set package 'arduinobot_py_examples' build argument 'catkin_skip_building_tests' from command line to 'False'
[2.376s] DEBUG:colcon.colcon_core.verb:Building package 'arduinobot_py_examples' with the following arguments: {'ament_cmake_args': None, 'build_base': '/home/dcole3/arduinobot_ws/build/arduinobot_py_examples', 'catkin_cmake_args': None, 'catkin_skip_building_tests': False, 'cmake_args': None, 'cmake_clean_cache': False, 'cmake_clean_first': False, 'cmake_force_configure': False, 'cmake_target': None, 'cmake_target_skip_unavailable': False, 'install_base': '/home/dcole3/arduinobot_ws/install/arduinobot_py_examples', 'merge_install': False, 'path': '/home/dcole3/arduinobot_ws/src/arduinobot_py_examples', 'symlink_install': False, 'test_result_base': None}
[2.412s] INFO:colcon.colcon_core.executor:Executing jobs using 'parallel' executor
[2.438s] DEBUG:colcon.colcon_parallel_executor.executor.parallel:run_until_complete
[2.438s] INFO:colcon.colcon_ros.task.ament_cmake.build:Building ROS package in '/home/dcole3/arduinobot_ws/src/arduinobot_cpp_examples' with build type 'ament_cmake'
[2.438s] INFO:colcon.colcon_cmake.task.cmake.build:Building CMake package in '/home/dcole3/arduinobot_ws/src/arduinobot_cpp_examples'
[2.470s] INFO:colcon.colcon_core.plugin_system:Skipping extension 'colcon_core.shell.bat': Not used on non-Windows systems
[2.471s] INFO:colcon.colcon_core.shell:Skip shell extension 'powershell' for command environment: Not usable outside of PowerShell
[2.471s] DEBUG:colcon.colcon_core.shell:Skip shell extension 'dsv' for command environment
[2.521s] INFO:colcon.colcon_ros.task.ament_cmake.build:Building ROS package in '/home/dcole3/arduinobot_ws/src/arduinobot_description' with build type 'ament_cmake'
[2.522s] INFO:colcon.colcon_cmake.task.cmake.build:Building CMake package in '/home/dcole3/arduinobot_ws/src/arduinobot_description'
[2.553s] INFO:colcon.colcon_core.shell:Skip shell extension 'powershell' for command environment: Not usable outside of PowerShell
[2.553s] DEBUG:colcon.colcon_core.shell:Skip shell extension 'dsv' for command environment
[2.600s] INFO:colcon.colcon_ros.task.ament_python.build:Building ROS package in '/home/dcole3/arduinobot_ws/src/arduinobot_py_examples' with build type 'ament_python'
[2.601s] Level 1:colcon.colcon_core.shell:create_environment_hook('arduinobot_py_examples', 'ament_prefix_path')
[2.624s] INFO:colcon.colcon_core.shell:Creating environment hook '/home/dcole3/arduinobot_ws/install/arduinobot_py_examples/share/arduinobot_py_examples/hook/ament_prefix_path.ps1'
[2.626s] INFO:colcon.colcon_core.shell:Creating environment descriptor '/home/dcole3/arduinobot_ws/install/arduinobot_py_examples/share/arduinobot_py_examples/hook/ament_prefix_path.dsv'
[2.629s] INFO:colcon.colcon_core.shell:Creating environment hook '/home/dcole3/arduinobot_ws/install/arduinobot_py_examples/share/arduinobot_py_examples/hook/ament_prefix_path.sh'
[2.656s] INFO:colcon.colcon_core.shell:Skip shell extension 'powershell' for command environment: Not usable outside of PowerShell
[2.656s] DEBUG:colcon.colcon_core.shell:Skip shell extension 'dsv' for command environment
[2.710s] DEBUG:colcon.colcon_core.event_handler.log_command:Invoking command in '/home/dcole3/arduinobot_ws/build/arduinobot_cpp_examples': CMAKE_PREFIX_PATH=/opt/ros/humble /usr/bin/cmake --build /home/dcole3/arduinobot_ws/build/arduinobot_cpp_examples -- -j4 -l4
[2.718s] DEBUG:colcon.colcon_core.event_handler.log_command:Invoking command in '/home/dcole3/arduinobot_ws/build/arduinobot_description': CMAKE_PREFIX_PATH=/opt/ros/humble /usr/bin/cmake --build /home/dcole3/arduinobot_ws/build/arduinobot_description -- -j4 -l4
[3.151s] INFO:colcon.colcon_core.task.python.build:Building Python package in '/home/dcole3/arduinobot_ws/src/arduinobot_py_examples'
[3.176s] INFO:colcon.colcon_core.shell:Skip shell extension 'powershell' for command environment: Not usable outside of PowerShell
[3.176s] DEBUG:colcon.colcon_core.shell:Skip shell extension 'dsv' for command environment
[3.224s] DEBUG:colcon.colcon_core.event_handler.log_command:Invoked command in '/home/dcole3/arduinobot_ws/build/arduinobot_description' returned '0': CMAKE_PREFIX_PATH=/opt/ros/humble /usr/bin/cmake --build /home/dcole3/arduinobot_ws/build/arduinobot_description -- -j4 -l4
[3.226s] DEBUG:colcon.colcon_core.event_handler.log_command:Invoked command in '/home/dcole3/arduinobot_ws/build/arduinobot_cpp_examples' returned '0': CMAKE_PREFIX_PATH=/opt/ros/humble /usr/bin/cmake --build /home/dcole3/arduinobot_ws/build/arduinobot_cpp_examples -- -j4 -l4
[3.282s] DEBUG:colcon.colcon_core.event_handler.log_command:Invoking command in '/home/dcole3/arduinobot_ws/build/arduinobot_description': CMAKE_PREFIX_PATH=/opt/ros/humble /usr/bin/cmake --install /home/dcole3/arduinobot_ws/build/arduinobot_description
[3.287s] DEBUG:colcon.colcon_core.event_handler.log_command:Invoking command in '/home/dcole3/arduinobot_ws/build/arduinobot_cpp_examples': CMAKE_PREFIX_PATH=/opt/ros/humble /usr/bin/cmake --install /home/dcole3/arduinobot_ws/build/arduinobot_cpp_examples
[3.309s] Level 1:colcon.colcon_core.environment:create_environment_scripts_only(arduinobot_description)
[3.316s] DEBUG:colcon.colcon_core.event_handler.log_command:Invoked command in '/home/dcole3/arduinobot_ws/build/arduinobot_description' returned '0': CMAKE_PREFIX_PATH=/opt/ros/humble /usr/bin/cmake --install /home/dcole3/arduinobot_ws/build/arduinobot_description
[3.346s] Level 1:colcon.colcon_core.environment:checking '/home/dcole3/arduinobot_ws/install/arduinobot_description' for CMake module files
[3.347s] Level 1:colcon.colcon_core.environment:checking '/home/dcole3/arduinobot_ws/install/arduinobot_description' for CMake config files
[3.349s] Level 1:colcon.colcon_core.shell:create_environment_hook('arduinobot_description', 'cmake_prefix_path')
[3.389s] INFO:colcon.colcon_core.shell:Creating environment hook '/home/dcole3/arduinobot_ws/install/arduinobot_description/share/arduinobot_description/hook/cmake_prefix_path.ps1'
[3.390s] INFO:colcon.colcon_core.shell:Creating environment descriptor '/home/dcole3/arduinobot_ws/install/arduinobot_description/share/arduinobot_description/hook/cmake_prefix_path.dsv'
[3.391s] INFO:colcon.colcon_core.shell:Creating environment hook '/home/dcole3/arduinobot_ws/install/arduinobot_description/share/arduinobot_description/hook/cmake_prefix_path.sh'
[3.392s] Level 1:colcon.colcon_core.environment:checking '/home/dcole3/arduinobot_ws/install/arduinobot_description/bin'
[3.392s] Level 1:colcon.colcon_core.environment:checking '/home/dcole3/arduinobot_ws/install/arduinobot_description/lib/pkgconfig/arduinobot_description.pc'
[3.393s] Level 1:colcon.colcon_core.environment:checking '/home/dcole3/arduinobot_ws/install/arduinobot_description/lib/python3.10/site-packages'
[3.393s] Level 1:colcon.colcon_core.environment:checking '/home/dcole3/arduinobot_ws/install/arduinobot_description/bin'
[3.430s] INFO:colcon.colcon_core.shell:Creating package script '/home/dcole3/arduinobot_ws/install/arduinobot_description/share/arduinobot_description/package.ps1'
[3.431s] INFO:colcon.colcon_core.shell:Creating package descriptor '/home/dcole3/arduinobot_ws/install/arduinobot_description/share/arduinobot_description/package.dsv'
[3.432s] INFO:colcon.colcon_core.shell:Creating package script '/home/dcole3/arduinobot_ws/install/arduinobot_description/share/arduinobot_description/package.sh'
[3.433s] INFO:colcon.colcon_core.shell:Creating package script '/home/dcole3/arduinobot_ws/install/arduinobot_description/share/arduinobot_description/package.bash'
[3.434s] INFO:colcon.colcon_core.shell:Creating package script '/home/dcole3/arduinobot_ws/install/arduinobot_description/share/arduinobot_description/package.zsh'
[3.436s] Level 1:colcon.colcon_core.environment:create_file_with_runtime_dependencies(/home/dcole3/arduinobot_ws/install/arduinobot_description/share/colcon-core/packages/arduinobot_description)
[3.438s] Level 1:colcon.colcon_core.environment:create_environment_scripts_only(arduinobot_cpp_examples)
[3.439s] DEBUG:colcon.colcon_core.event_handler.log_command:Invoked command in '/home/dcole3/arduinobot_ws/build/arduinobot_cpp_examples' returned '0': CMAKE_PREFIX_PATH=/opt/ros/humble /usr/bin/cmake --install /home/dcole3/arduinobot_ws/build/arduinobot_cpp_examples
[3.473s] Level 1:colcon.colcon_core.environment:checking '/home/dcole3/arduinobot_ws/install/arduinobot_cpp_examples' for CMake module files
[3.475s] Level 1:colcon.colcon_core.environment:checking '/home/dcole3/arduinobot_ws/install/arduinobot_cpp_examples' for CMake config files
[3.477s] Level 1:colcon.colcon_core.shell:create_environment_hook('arduinobot_cpp_examples', 'cmake_prefix_path')
[3.518s] INFO:colcon.colcon_core.shell:Creating environment hook '/home/dcole3/arduinobot_ws/install/arduinobot_cpp_examples/share/arduinobot_cpp_examples/hook/cmake_prefix_path.ps1'
[3.519s] INFO:colcon.colcon_core.shell:Creating environment descriptor '/home/dcole3/arduinobot_ws/install/arduinobot_cpp_examples/share/arduinobot_cpp_examples/hook/cmake_prefix_path.dsv'
[3.520s] INFO:colcon.colcon_core.shell:Creating environment hook '/home/dcole3/arduinobot_ws/install/arduinobot_cpp_examples/share/arduinobot_cpp_examples/hook/cmake_prefix_path.sh'
[3.521s] Level 1:colcon.colcon_core.environment:checking '/home/dcole3/arduinobot_ws/install/arduinobot_cpp_examples/lib'
[3.521s] Level 1:colcon.colcon_core.environment:checking '/home/dcole3/arduinobot_ws/install/arduinobot_cpp_examples/bin'
[3.521s] Level 1:colcon.colcon_core.environment:checking '/home/dcole3/arduinobot_ws/install/arduinobot_cpp_examples/lib/pkgconfig/arduinobot_cpp_examples.pc'
[3.522s] Level 1:colcon.colcon_core.environment:checking '/home/dcole3/arduinobot_ws/install/arduinobot_cpp_examples/lib/python3.10/site-packages'
[3.522s] Level 1:colcon.colcon_core.environment:checking '/home/dcole3/arduinobot_ws/install/arduinobot_cpp_examples/bin'
[3.554s] INFO:colcon.colcon_core.shell:Creating package script '/home/dcole3/arduinobot_ws/install/arduinobot_cpp_examples/share/arduinobot_cpp_examples/package.ps1'
[3.555s] INFO:colcon.colcon_core.shell:Creating package descriptor '/home/dcole3/arduinobot_ws/install/arduinobot_cpp_examples/share/arduinobot_cpp_examples/package.dsv'
[3.556s] INFO:colcon.colcon_core.shell:Creating package script '/home/dcole3/arduinobot_ws/install/arduinobot_cpp_examples/share/arduinobot_cpp_examples/package.sh'
[3.557s] INFO:colcon.colcon_core.shell:Creating package script '/home/dcole3/arduinobot_ws/install/arduinobot_cpp_examples/share/arduinobot_cpp_examples/package.bash'
[3.557s] INFO:colcon.colcon_core.shell:Creating package script '/home/dcole3/arduinobot_ws/install/arduinobot_cpp_examples/share/arduinobot_cpp_examples/package.zsh'
[3.558s] Level 1:colcon.colcon_core.environment:create_file_with_runtime_dependencies(/home/dcole3/arduinobot_ws/install/arduinobot_cpp_examples/share/colcon-core/packages/arduinobot_cpp_examples)
[3.602s] Level 1:colcon.colcon_core.environment:create_environment_scripts_only(arduinobot_description)
[3.628s] Level 1:colcon.colcon_core.environment:checking '/home/dcole3/arduinobot_ws/install/arduinobot_description' for CMake module files
[3.629s] Level 1:colcon.colcon_core.environment:checking '/home/dcole3/arduinobot_ws/install/arduinobot_description' for CMake config files
[3.629s] Level 1:colcon.colcon_core.shell:create_environment_hook('arduinobot_description', 'cmake_prefix_path')
[3.654s] INFO:colcon.colcon_core.shell:Creating environment hook '/home/dcole3/arduinobot_ws/install/arduinobot_description/share/arduinobot_description/hook/cmake_prefix_path.ps1'
[3.655s] INFO:colcon.colcon_core.shell:Creating environment descriptor '/home/dcole3/arduinobot_ws/install/arduinobot_description/share/arduinobot_description/hook/cmake_prefix_path.dsv'
[3.655s] INFO:colcon.colcon_core.shell:Creating environment hook '/home/dcole3/arduinobot_ws/install/arduinobot_description/share/arduinobot_description/hook/cmake_prefix_path.sh'
[3.656s] Level 1:colcon.colcon_core.environment:checking '/home/dcole3/arduinobot_ws/install/arduinobot_description/bin'
[3.656s] Level 1:colcon.colcon_core.environment:checking '/home/dcole3/arduinobot_ws/install/arduinobot_description/lib/pkgconfig/arduinobot_description.pc'
[3.657s] Level 1:colcon.colcon_core.environment:checking '/home/dcole3/arduinobot_ws/install/arduinobot_description/lib/python3.10/site-packages'
[3.657s] Level 1:colcon.colcon_core.environment:checking '/home/dcole3/arduinobot_ws/install/arduinobot_description/bin'
[3.685s] INFO:colcon.colcon_core.shell:Creating package script '/home/dcole3/arduinobot_ws/install/arduinobot_description/share/arduinobot_description/package.ps1'
[3.686s] INFO:colcon.colcon_core.shell:Creating package descriptor '/home/dcole3/arduinobot_ws/install/arduinobot_description/share/arduinobot_description/package.dsv'
[3.688s] INFO:colcon.colcon_core.shell:Creating package script '/home/dcole3/arduinobot_ws/install/arduinobot_description/share/arduinobot_description/package.sh'
[3.689s] INFO:colcon.colcon_core.shell:Creating package script '/home/dcole3/arduinobot_ws/install/arduinobot_description/share/arduinobot_description/package.bash'
[3.689s] INFO:colcon.colcon_core.shell:Creating package script '/home/dcole3/arduinobot_ws/install/arduinobot_description/share/arduinobot_description/package.zsh'
[3.690s] Level 1:colcon.colcon_core.environment:create_file_with_runtime_dependencies(/home/dcole3/arduinobot_ws/install/arduinobot_description/share/colcon-core/packages/arduinobot_description)
[3.717s] Level 1:colcon.colcon_core.environment:create_environment_scripts_only(arduinobot_cpp_examples)
[3.741s] Level 1:colcon.colcon_core.environment:checking '/home/dcole3/arduinobot_ws/install/arduinobot_cpp_examples' for CMake module files
[3.742s] Level 1:colcon.colcon_core.environment:checking '/home/dcole3/arduinobot_ws/install/arduinobot_cpp_examples' for CMake config files
[3.743s] Level 1:colcon.colcon_core.shell:create_environment_hook('arduinobot_cpp_examples', 'cmake_prefix_path')
[3.769s] INFO:colcon.colcon_core.shell:Creating environment hook '/home/dcole3/arduinobot_ws/install/arduinobot_cpp_examples/share/arduinobot_cpp_examples/hook/cmake_prefix_path.ps1'
[3.770s] INFO:colcon.colcon_core.shell:Creating environment descriptor '/home/dcole3/arduinobot_ws/install/arduinobot_cpp_examples/share/arduinobot_cpp_examples/hook/cmake_prefix_path.dsv'
[3.770s] INFO:colcon.colcon_core.shell:Creating environment hook '/home/dcole3/arduinobot_ws/install/arduinobot_cpp_examples/share/arduinobot_cpp_examples/hook/cmake_prefix_path.sh'
[3.772s] Level 1:colcon.colcon_core.environment:checking '/home/dcole3/arduinobot_ws/install/arduinobot_cpp_examples/lib'
[3.772s] Level 1:colcon.colcon_core.environment:checking '/home/dcole3/arduinobot_ws/install/arduinobot_cpp_examples/bin'
[3.772s] Level 1:colcon.colcon_core.environment:checking '/home/dcole3/arduinobot_ws/install/arduinobot_cpp_examples/lib/pkgconfig/arduinobot_cpp_examples.pc'
[3.772s] Level 1:colcon.colcon_core.environment:checking '/home/dcole3/arduinobot_ws/install/arduinobot_cpp_examples/lib/python3.10/site-packages'
[3.773s] Level 1:colcon.colcon_core.environment:checking '/home/dcole3/arduinobot_ws/install/arduinobot_cpp_examples/bin'
[3.798s] INFO:colcon.colcon_core.shell:Creating package script '/home/dcole3/arduinobot_ws/install/arduinobot_cpp_examples/share/arduinobot_cpp_examples/package.ps1'
[3.799s] INFO:colcon.colcon_core.shell:Creating package descriptor '/home/dcole3/arduinobot_ws/install/arduinobot_cpp_examples/share/arduinobot_cpp_examples/package.dsv'
[3.800s] INFO:colcon.colcon_core.shell:Creating package script '/home/dcole3/arduinobot_ws/install/arduinobot_cpp_examples/share/arduinobot_cpp_examples/package.sh'
[3.801s] INFO:colcon.colcon_core.shell:Creating package script '/home/dcole3/arduinobot_ws/install/arduinobot_cpp_examples/share/arduinobot_cpp_examples/package.bash'
[3.801s] INFO:colcon.colcon_core.shell:Creating package script '/home/dcole3/arduinobot_ws/install/arduinobot_cpp_examples/share/arduinobot_cpp_examples/package.zsh'
[3.802s] Level 1:colcon.colcon_core.environment:create_file_with_runtime_dependencies(/home/dcole3/arduinobot_ws/install/arduinobot_cpp_examples/share/colcon-core/packages/arduinobot_cpp_examples)
[3.938s] DEBUG:colcon.colcon_core.event_handler.log_command:Invoking command in '/home/dcole3/arduinobot_ws/src/arduinobot_py_examples': PYTHONPATH=/home/dcole3/arduinobot_ws/build/arduinobot_py_examples/prefix_override:/home/dcole3/arduinobot_ws/install/arduinobot_py_examples/lib/python3.10/site-packages:${PYTHONPATH} /usr/bin/python3 setup.py egg_info --egg-base ../../build/arduinobot_py_examples build --build-base /home/dcole3/arduinobot_ws/build/arduinobot_py_examples/build install --record /home/dcole3/arduinobot_ws/build/arduinobot_py_examples/install.log --single-version-externally-managed
[4.358s] DEBUG:colcon.colcon_core.event_handler.log_command:Invoked command in '/home/dcole3/arduinobot_ws/src/arduinobot_py_examples' returned '0': PYTHONPATH=/home/dcole3/arduinobot_ws/build/arduinobot_py_examples/prefix_override:/home/dcole3/arduinobot_ws/install/arduinobot_py_examples/lib/python3.10/site-packages:${PYTHONPATH} /usr/bin/python3 setup.py egg_info --egg-base ../../build/arduinobot_py_examples build --build-base /home/dcole3/arduinobot_ws/build/arduinobot_py_examples/build install --record /home/dcole3/arduinobot_ws/build/arduinobot_py_examples/install.log --single-version-externally-managed
[4.380s] Level 1:colcon.colcon_core.environment:checking '/home/dcole3/arduinobot_ws/install/arduinobot_py_examples' for CMake module files
[4.381s] Level 1:colcon.colcon_core.environment:checking '/home/dcole3/arduinobot_ws/install/arduinobot_py_examples' for CMake config files
[4.382s] Level 1:colcon.colcon_core.environment:checking '/home/dcole3/arduinobot_ws/install/arduinobot_py_examples/lib'
[4.383s] Level 1:colcon.colcon_core.environment:checking '/home/dcole3/arduinobot_ws/install/arduinobot_py_examples/bin'
[4.383s] Level 1:colcon.colcon_core.environment:checking '/home/dcole3/arduinobot_ws/install/arduinobot_py_examples/lib/pkgconfig/arduinobot_py_examples.pc'
[4.383s] Level 1:colcon.colcon_core.environment:checking '/home/dcole3/arduinobot_ws/install/arduinobot_py_examples/lib/python3.10/site-packages'
[4.383s] Level 1:colcon.colcon_core.shell:create_environment_hook('arduinobot_py_examples', 'pythonpath')
[4.405s] INFO:colcon.colcon_core.shell:Creating environment hook '/home/dcole3/arduinobot_ws/install/arduinobot_py_examples/share/arduinobot_py_examples/hook/pythonpath.ps1'
[4.406s] INFO:colcon.colcon_core.shell:Creating environment descriptor '/home/dcole3/arduinobot_ws/install/arduinobot_py_examples/share/arduinobot_py_examples/hook/pythonpath.dsv'
[4.407s] INFO:colcon.colcon_core.shell:Creating environment hook '/home/dcole3/arduinobot_ws/install/arduinobot_py_examples/share/arduinobot_py_examples/hook/pythonpath.sh'
[4.408s] Level 1:colcon.colcon_core.environment:checking '/home/dcole3/arduinobot_ws/install/arduinobot_py_examples/bin'
[4.408s] Level 1:colcon.colcon_core.environment:create_environment_scripts_only(arduinobot_py_examples)
[4.430s] INFO:colcon.colcon_core.shell:Creating package script '/home/dcole3/arduinobot_ws/install/arduinobot_py_examples/share/arduinobot_py_examples/package.ps1'
[4.431s] INFO:colcon.colcon_core.shell:Creating package descriptor '/home/dcole3/arduinobot_ws/install/arduinobot_py_examples/share/arduinobot_py_examples/package.dsv'
[4.431s] INFO:colcon.colcon_core.shell:Creating package script '/home/dcole3/arduinobot_ws/install/arduinobot_py_examples/share/arduinobot_py_examples/package.sh'
[4.432s] INFO:colcon.colcon_core.shell:Creating package script '/home/dcole3/arduinobot_ws/install/arduinobot_py_examples/share/arduinobot_py_examples/package.bash'
[4.433s] INFO:colcon.colcon_core.shell:Creating package script '/home/dcole3/arduinobot_ws/install/arduinobot_py_examples/share/arduinobot_py_examples/package.zsh'
[4.433s] Level 1:colcon.colcon_core.environment:create_file_with_runtime_dependencies(/home/dcole3/arduinobot_ws/install/arduinobot_py_examples/share/colcon-core/packages/arduinobot_py_examples)
[4.434s] DEBUG:colcon.colcon_parallel_executor.executor.parallel:closing loop
[4.434s] DEBUG:colcon.colcon_parallel_executor.executor.parallel:loop closed
[4.434s] DEBUG:colcon.colcon_parallel_executor.executor.parallel:run_until_complete finished with '0'
[4.435s] DEBUG:colcon.colcon_core.event_reactor:joining thread
[4.469s] INFO:colcon.colcon_core.plugin_system:Skipping extension 'colcon_notification.desktop_notification.terminal_notifier': Not used on non-Darwin systems
[4.469s] INFO:colcon.colcon_core.plugin_system:Skipping extension 'colcon_notification.desktop_notification.win32': Not used on non-Windows systems
[4.469s] INFO:colcon.colcon_notification.desktop_notification:Sending desktop notification using 'notify2'
[4.490s] DEBUG:colcon.colcon_core.event_reactor:joined thread
[4.519s] INFO:colcon.colcon_core.shell:Creating prefix script '/home/dcole3/arduinobot_ws/install/local_setup.ps1'
[4.521s] INFO:colcon.colcon_core.shell:Creating prefix util module '/home/dcole3/arduinobot_ws/install/_local_setup_util_ps1.py'
[4.523s] INFO:colcon.colcon_core.shell:Creating prefix chain script '/home/dcole3/arduinobot_ws/install/setup.ps1'
[4.550s] INFO:colcon.colcon_core.shell:Creating prefix script '/home/dcole3/arduinobot_ws/install/local_setup.sh'
[4.551s] INFO:colcon.colcon_core.shell:Creating prefix util module '/home/dcole3/arduinobot_ws/install/_local_setup_util_sh.py'
[4.552s] INFO:colcon.colcon_core.shell:Creating prefix chain script '/home/dcole3/arduinobot_ws/install/setup.sh'
[4.575s] INFO:colcon.colcon_core.shell:Creating prefix script '/home/dcole3/arduinobot_ws/install/local_setup.bash'
[4.576s] INFO:colcon.colcon_core.shell:Creating prefix chain script '/home/dcole3/arduinobot_ws/install/setup.bash'
[4.599s] INFO:colcon.colcon_core.shell:Creating prefix script '/home/dcole3/arduinobot_ws/install/local_setup.zsh'
[4.600s] INFO:colcon.colcon_core.shell:Creating prefix chain script '/home/dcole3/arduinobot_ws/install/setup.zsh'
