[0.206s] Invoking command in '/home/dcole3/arduinobot_ws/build/arduinobot_description': CMAKE_PREFIX_PATH=/opt/ros/humble /usr/bin/cmake --build /home/dcole3/arduinobot_ws/build/arduinobot_description -- -j4 -l4
[0.271s] -- Found ament_cmake: 1.3.6 (/opt/ros/humble/share/ament_cmake/cmake)
[0.568s] -- Found ament_lint_auto: 0.12.9 (/opt/ros/humble/share/ament_lint_auto/cmake)
[0.697s] -- Added test 'lint_cmake' to check CMake code style
[0.700s] -- Added test 'xmllint' to check XML markup files
[0.705s] -- Configuring done
[0.714s] -- Generating done
[0.718s] -- Build files have been written to: /home/dcole3/arduinobot_ws/build/arduinobot_description
[0.818s] Invoked command in '/home/dcole3/arduinobot_ws/build/arduinobot_description' returned '0': CMAKE_PREFIX_PATH=/opt/ros/humble /usr/bin/cmake --build /home/dcole3/arduinobot_ws/build/arduinobot_description -- -j4 -l4
[0.880s] Invoking command in '/home/dcole3/arduinobot_ws/build/arduinobot_description': CMAKE_PREFIX_PATH=/opt/ros/humble /usr/bin/cmake --install /home/dcole3/arduinobot_ws/build/arduinobot_description
[0.898s] -- Install configuration: ""
[0.900s] -- Installing: /home/dcole3/arduinobot_ws/install/arduinobot_description/share/arduinobot_description/meshes
[0.901s] -- Installing: /home/dcole3/arduinobot_ws/install/arduinobot_description/share/arduinobot_description/meshes/round_plate.STL
[0.902s] -- Installing: /home/dcole3/arduinobot_ws/install/arduinobot_description/share/arduinobot_description/meshes/forward_drive_arm.STL
[0.906s] -- Installing: /home/dcole3/arduinobot_ws/install/arduinobot_description/share/arduinobot_description/meshes/servo_plate.STL
[0.907s] -- Installing: /home/dcole3/arduinobot_ws/install/arduinobot_description/share/arduinobot_description/meshes/vertical_drive_arm.STL
[0.907s] -- Installing: /home/dcole3/arduinobot_ws/install/arduinobot_description/share/arduinobot_description/meshes/right_finger.STL
[0.907s] -- Installing: /home/dcole3/arduinobot_ws/install/arduinobot_description/share/arduinobot_description/meshes/basement.STL
[0.912s] -- Installing: /home/dcole3/arduinobot_ws/install/arduinobot_description/share/arduinobot_description/meshes/claw_support.STL
[0.914s] -- Installing: /home/dcole3/arduinobot_ws/install/arduinobot_description/share/arduinobot_description/meshes/left_finger.STL
[0.914s] -- Installing: /home/dcole3/arduinobot_ws/install/arduinobot_description/share/arduinobot_description/meshes/plate.STL
[0.923s] -- Installing: /home/dcole3/arduinobot_ws/install/arduinobot_description/share/arduinobot_description/meshes/triangular_link.STL
[0.927s] -- Installing: /home/dcole3/arduinobot_ws/install/arduinobot_description/share/arduinobot_description/meshes/link.STL
[0.935s] -- Installing: /home/dcole3/arduinobot_ws/install/arduinobot_description/share/arduinobot_description/meshes/base_plate.STL
[0.944s] -- Installing: /home/dcole3/arduinobot_ws/install/arduinobot_description/share/arduinobot_description/meshes/horizontal_arm.STL
[0.953s] -- Installing: /home/dcole3/arduinobot_ws/install/arduinobot_description/share/arduinobot_description/urdf
[0.954s] -- Installing: /home/dcole3/arduinobot_ws/install/arduinobot_description/share/arduinobot_description/urdf/arduinobot.urdf.xacro
[0.954s] -- Up-to-date: /home/dcole3/arduinobot_ws/install/arduinobot_description/share/ament_index/resource_index/package_run_dependencies/arduinobot_description
[0.955s] -- Up-to-date: /home/dcole3/arduinobot_ws/install/arduinobot_description/share/ament_index/resource_index/parent_prefix_path/arduinobot_description
[0.955s] -- Up-to-date: /home/dcole3/arduinobot_ws/install/arduinobot_description/share/arduinobot_description/environment/ament_prefix_path.sh
[0.956s] -- Installing: /home/dcole3/arduinobot_ws/install/arduinobot_description/share/arduinobot_description/environment/ament_prefix_path.dsv
[0.956s] -- Up-to-date: /home/dcole3/arduinobot_ws/install/arduinobot_description/share/arduinobot_description/environment/path.sh
[0.956s] -- Installing: /home/dcole3/arduinobot_ws/install/arduinobot_description/share/arduinobot_description/environment/path.dsv
[0.956s] -- Up-to-date: /home/dcole3/arduinobot_ws/install/arduinobot_description/share/arduinobot_description/local_setup.bash
[0.956s] -- Up-to-date: /home/dcole3/arduinobot_ws/install/arduinobot_description/share/arduinobot_description/local_setup.sh
[0.956s] -- Up-to-date: /home/dcole3/arduinobot_ws/install/arduinobot_description/share/arduinobot_description/local_setup.zsh
[0.957s] -- Installing: /home/dcole3/arduinobot_ws/install/arduinobot_description/share/arduinobot_description/local_setup.dsv
[0.957s] -- Installing: /home/dcole3/arduinobot_ws/install/arduinobot_description/share/arduinobot_description/package.dsv
[0.957s] -- Up-to-date: /home/dcole3/arduinobot_ws/install/arduinobot_description/share/ament_index/resource_index/packages/arduinobot_description
[0.957s] -- Up-to-date: /home/dcole3/arduinobot_ws/install/arduinobot_description/share/arduinobot_description/cmake/arduinobot_descriptionConfig.cmake
[0.957s] -- Up-to-date: /home/dcole3/arduinobot_ws/install/arduinobot_description/share/arduinobot_description/cmake/arduinobot_descriptionConfig-version.cmake
[0.957s] -- Up-to-date: /home/dcole3/arduinobot_ws/install/arduinobot_description/share/arduinobot_description/package.xml
[1.052s] Invoked command in '/home/dcole3/arduinobot_ws/build/arduinobot_description' returned '0': CMAKE_PREFIX_PATH=/opt/ros/humble /usr/bin/cmake --install /home/dcole3/arduinobot_ws/build/arduinobot_description
