[1.601s] DEBUG:colcon:Command line arguments: ['/usr/bin/colcon', 'build']
[1.602s] DEBUG:colcon:Parsed command line arguments: Namespace(log_base=None, log_level=None, verb_name='build', build_base='build', install_base='install', merge_install=False, symlink_install=False, test_result_base=None, continue_on_error=False, executor='parallel', parallel_workers=4, event_handlers=None, ignore_user_meta=False, metas=['./colcon.meta'], base_paths=['.'], packages_ignore=None, packages_ignore_regex=None, paths=None, packages_up_to=None, packages_up_to_regex=None, packages_above=None, packages_above_and_dependencies=None, packages_above_depth=None, packages_select_by_dep=None, packages_skip_by_dep=None, packages_skip_up_to=None, packages_select_build_failed=False, packages_skip_build_finished=False, packages_select_test_failures=False, packages_skip_test_passed=False, packages_select=None, packages_skip=None, packages_select_regex=None, packages_skip_regex=None, packages_start=None, packages_end=None, allow_overriding=[], cmake_args=None, cmake_target=None, cmake_target_skip_unavailable=False, cmake_clean_cache=False, cmake_clean_first=False, cmake_force_configure=False, ament_cmake_args=None, catkin_cmake_args=None, catkin_skip_building_tests=False, verb_parser=<colcon_defaults.argument_parser.defaults.DefaultArgumentsDecorator object at 0x7f0c11da7460>, verb_extension=<colcon_core.verb.build.BuildVerb object at 0x7f0c11da5ba0>, main=<bound method BuildVerb.main of <colcon_core.verb.build.BuildVerb object at 0x7f0c11da5ba0>>)
[1.671s] Level 1:colcon.colcon_core.package_discovery:discover_packages(colcon_meta) check parameters
[1.671s] Level 1:colcon.colcon_core.package_discovery:discover_packages(recursive) check parameters
[1.671s] Level 1:colcon.colcon_core.package_discovery:discover_packages(ignore) check parameters
[1.671s] Level 1:colcon.colcon_core.package_discovery:discover_packages(path) check parameters
[1.671s] Level 1:colcon.colcon_core.package_discovery:discover_packages(colcon_meta) discover
[1.671s] Level 1:colcon.colcon_core.package_discovery:discover_packages(recursive) discover
[1.671s] INFO:colcon.colcon_core.package_discovery:Crawling recursively for packages in '/home/dcole3/GitHub/arduinobot_ws'
[1.671s] Level 1:colcon.colcon_core.package_identification:_identify(.) by extensions ['ignore', 'ignore_ament_install']
[1.671s] Level 1:colcon.colcon_core.package_identification:_identify(.) by extension 'ignore'
[1.671s] Level 1:colcon.colcon_core.package_identification:_identify(.) by extension 'ignore_ament_install'
[1.671s] Level 1:colcon.colcon_core.package_identification:_identify(.) by extensions ['colcon_pkg']
[1.672s] Level 1:colcon.colcon_core.package_identification:_identify(.) by extension 'colcon_pkg'
[1.672s] Level 1:colcon.colcon_core.package_identification:_identify(.) by extensions ['colcon_meta']
[1.672s] Level 1:colcon.colcon_core.package_identification:_identify(.) by extension 'colcon_meta'
[1.672s] Level 1:colcon.colcon_core.package_identification:_identify(.) by extensions ['ros']
[1.672s] Level 1:colcon.colcon_core.package_identification:_identify(.) by extension 'ros'
[1.690s] Level 1:colcon.colcon_core.package_identification:_identify(.) by extensions ['cmake', 'python']
[1.691s] Level 1:colcon.colcon_core.package_identification:_identify(.) by extension 'cmake'
[1.691s] Level 1:colcon.colcon_core.package_identification:_identify(.) by extension 'python'
[1.691s] Level 1:colcon.colcon_core.package_identification:_identify(.) by extensions ['python_setup_py']
[1.691s] Level 1:colcon.colcon_core.package_identification:_identify(.) by extension 'python_setup_py'
[1.691s] Level 1:colcon.colcon_core.package_identification:_identify(build) by extensions ['ignore', 'ignore_ament_install']
[1.691s] Level 1:colcon.colcon_core.package_identification:_identify(build) by extension 'ignore'
[1.691s] Level 1:colcon.colcon_core.package_identification:_identify(build) ignored
[1.691s] Level 1:colcon.colcon_core.package_identification:_identify(install) by extensions ['ignore', 'ignore_ament_install']
[1.692s] Level 1:colcon.colcon_core.package_identification:_identify(install) by extension 'ignore'
[1.692s] Level 1:colcon.colcon_core.package_identification:_identify(install) ignored
[1.692s] Level 1:colcon.colcon_core.package_identification:_identify(log) by extensions ['ignore', 'ignore_ament_install']
[1.692s] Level 1:colcon.colcon_core.package_identification:_identify(log) by extension 'ignore'
[1.692s] Level 1:colcon.colcon_core.package_identification:_identify(log) ignored
[1.692s] Level 1:colcon.colcon_core.package_identification:_identify(src) by extensions ['ignore', 'ignore_ament_install']
[1.692s] Level 1:colcon.colcon_core.package_identification:_identify(src) by extension 'ignore'
[1.692s] Level 1:colcon.colcon_core.package_identification:_identify(src) by extension 'ignore_ament_install'
[1.692s] Level 1:colcon.colcon_core.package_identification:_identify(src) by extensions ['colcon_pkg']
[1.692s] Level 1:colcon.colcon_core.package_identification:_identify(src) by extension 'colcon_pkg'
[1.692s] Level 1:colcon.colcon_core.package_identification:_identify(src) by extensions ['colcon_meta']
[1.692s] Level 1:colcon.colcon_core.package_identification:_identify(src) by extension 'colcon_meta'
[1.693s] Level 1:colcon.colcon_core.package_identification:_identify(src) by extensions ['ros']
[1.693s] Level 1:colcon.colcon_core.package_identification:_identify(src) by extension 'ros'
[1.693s] Level 1:colcon.colcon_core.package_identification:_identify(src) by extensions ['cmake', 'python']
[1.693s] Level 1:colcon.colcon_core.package_identification:_identify(src) by extension 'cmake'
[1.693s] Level 1:colcon.colcon_core.package_identification:_identify(src) by extension 'python'
[1.693s] Level 1:colcon.colcon_core.package_identification:_identify(src) by extensions ['python_setup_py']
[1.693s] Level 1:colcon.colcon_core.package_identification:_identify(src) by extension 'python_setup_py'
[1.693s] Level 1:colcon.colcon_core.package_identification:_identify(src/arduinobot_controller) by extensions ['ignore', 'ignore_ament_install']
[1.693s] Level 1:colcon.colcon_core.package_identification:_identify(src/arduinobot_controller) by extension 'ignore'
[1.693s] Level 1:colcon.colcon_core.package_identification:_identify(src/arduinobot_controller) by extension 'ignore_ament_install'
[1.693s] Level 1:colcon.colcon_core.package_identification:_identify(src/arduinobot_controller) by extensions ['colcon_pkg']
[1.693s] Level 1:colcon.colcon_core.package_identification:_identify(src/arduinobot_controller) by extension 'colcon_pkg'
[1.693s] Level 1:colcon.colcon_core.package_identification:_identify(src/arduinobot_controller) by extensions ['colcon_meta']
[1.693s] Level 1:colcon.colcon_core.package_identification:_identify(src/arduinobot_controller) by extension 'colcon_meta'
[1.694s] Level 1:colcon.colcon_core.package_identification:_identify(src/arduinobot_controller) by extensions ['ros']
[1.694s] Level 1:colcon.colcon_core.package_identification:_identify(src/arduinobot_controller) by extension 'ros'
[1.697s] DEBUG:colcon.colcon_core.package_identification:Package 'src/arduinobot_controller' with type 'ros.ament_cmake' and name 'arduinobot_controller'
[1.697s] Level 1:colcon.colcon_core.package_identification:_identify(src/arduinobot_cpp_examples) by extensions ['ignore', 'ignore_ament_install']
[1.697s] Level 1:colcon.colcon_core.package_identification:_identify(src/arduinobot_cpp_examples) by extension 'ignore'
[1.697s] Level 1:colcon.colcon_core.package_identification:_identify(src/arduinobot_cpp_examples) by extension 'ignore_ament_install'
[1.698s] Level 1:colcon.colcon_core.package_identification:_identify(src/arduinobot_cpp_examples) by extensions ['colcon_pkg']
[1.698s] Level 1:colcon.colcon_core.package_identification:_identify(src/arduinobot_cpp_examples) by extension 'colcon_pkg'
[1.698s] Level 1:colcon.colcon_core.package_identification:_identify(src/arduinobot_cpp_examples) by extensions ['colcon_meta']
[1.698s] Level 1:colcon.colcon_core.package_identification:_identify(src/arduinobot_cpp_examples) by extension 'colcon_meta'
[1.698s] Level 1:colcon.colcon_core.package_identification:_identify(src/arduinobot_cpp_examples) by extensions ['ros']
[1.698s] Level 1:colcon.colcon_core.package_identification:_identify(src/arduinobot_cpp_examples) by extension 'ros'
[1.699s] DEBUG:colcon.colcon_core.package_identification:Package 'src/arduinobot_cpp_examples' with type 'ros.ament_cmake' and name 'arduinobot_cpp_examples'
[1.699s] Level 1:colcon.colcon_core.package_identification:_identify(src/arduinobot_description) by extensions ['ignore', 'ignore_ament_install']
[1.699s] Level 1:colcon.colcon_core.package_identification:_identify(src/arduinobot_description) by extension 'ignore'
[1.699s] Level 1:colcon.colcon_core.package_identification:_identify(src/arduinobot_description) by extension 'ignore_ament_install'
[1.699s] Level 1:colcon.colcon_core.package_identification:_identify(src/arduinobot_description) by extensions ['colcon_pkg']
[1.699s] Level 1:colcon.colcon_core.package_identification:_identify(src/arduinobot_description) by extension 'colcon_pkg'
[1.699s] Level 1:colcon.colcon_core.package_identification:_identify(src/arduinobot_description) by extensions ['colcon_meta']
[1.699s] Level 1:colcon.colcon_core.package_identification:_identify(src/arduinobot_description) by extension 'colcon_meta'
[1.700s] Level 1:colcon.colcon_core.package_identification:_identify(src/arduinobot_description) by extensions ['ros']
[1.700s] Level 1:colcon.colcon_core.package_identification:_identify(src/arduinobot_description) by extension 'ros'
[1.700s] DEBUG:colcon.colcon_core.package_identification:Package 'src/arduinobot_description' with type 'ros.ament_cmake' and name 'arduinobot_description'
[1.701s] Level 1:colcon.colcon_core.package_identification:_identify(src/arduinobot_py_examples) by extensions ['ignore', 'ignore_ament_install']
[1.701s] Level 1:colcon.colcon_core.package_identification:_identify(src/arduinobot_py_examples) by extension 'ignore'
[1.701s] Level 1:colcon.colcon_core.package_identification:_identify(src/arduinobot_py_examples) by extension 'ignore_ament_install'
[1.701s] Level 1:colcon.colcon_core.package_identification:_identify(src/arduinobot_py_examples) by extensions ['colcon_pkg']
[1.701s] Level 1:colcon.colcon_core.package_identification:_identify(src/arduinobot_py_examples) by extension 'colcon_pkg'
[1.701s] Level 1:colcon.colcon_core.package_identification:_identify(src/arduinobot_py_examples) by extensions ['colcon_meta']
[1.701s] Level 1:colcon.colcon_core.package_identification:_identify(src/arduinobot_py_examples) by extension 'colcon_meta'
[1.701s] Level 1:colcon.colcon_core.package_identification:_identify(src/arduinobot_py_examples) by extensions ['ros']
[1.701s] Level 1:colcon.colcon_core.package_identification:_identify(src/arduinobot_py_examples) by extension 'ros'
[1.702s] DEBUG:colcon.colcon_core.package_identification:Package 'src/arduinobot_py_examples' with type 'ros.ament_python' and name 'arduinobot_py_examples'
[1.702s] Level 1:colcon.colcon_core.package_discovery:discover_packages(recursive) using defaults
[1.702s] Level 1:colcon.colcon_core.package_discovery:discover_packages(ignore) discover
[1.702s] Level 1:colcon.colcon_core.package_discovery:discover_packages(ignore) using defaults
[1.703s] Level 1:colcon.colcon_core.package_discovery:discover_packages(path) discover
[1.703s] Level 1:colcon.colcon_core.package_discovery:discover_packages(path) using defaults
[1.848s] Level 1:colcon.colcon_core.package_discovery:discover_packages(prefix_path) check parameters
[1.848s] Level 1:colcon.colcon_core.package_discovery:discover_packages(prefix_path) discover
[1.894s] DEBUG:colcon.colcon_installed_package_information.package_discovery:Found 358 installed packages in /opt/ros/humble
[1.896s] Level 1:colcon.colcon_core.package_discovery:discover_packages(prefix_path) using defaults
[2.063s] Level 5:colcon.colcon_core.verb:set package 'arduinobot_controller' build argument 'cmake_args' from command line to 'None'
[2.063s] Level 5:colcon.colcon_core.verb:set package 'arduinobot_controller' build argument 'cmake_target' from command line to 'None'
[2.064s] Level 5:colcon.colcon_core.verb:set package 'arduinobot_controller' build argument 'cmake_target_skip_unavailable' from command line to 'False'
[2.064s] Level 5:colcon.colcon_core.verb:set package 'arduinobot_controller' build argument 'cmake_clean_cache' from command line to 'False'
[2.064s] Level 5:colcon.colcon_core.verb:set package 'arduinobot_controller' build argument 'cmake_clean_first' from command line to 'False'
[2.064s] Level 5:colcon.colcon_core.verb:set package 'arduinobot_controller' build argument 'cmake_force_configure' from command line to 'False'
[2.064s] Level 5:colcon.colcon_core.verb:set package 'arduinobot_controller' build argument 'ament_cmake_args' from command line to 'None'
[2.064s] Level 5:colcon.colcon_core.verb:set package 'arduinobot_controller' build argument 'catkin_cmake_args' from command line to 'None'
[2.064s] Level 5:colcon.colcon_core.verb:set package 'arduinobot_controller' build argument 'catkin_skip_building_tests' from command line to 'False'
[2.064s] DEBUG:colcon.colcon_core.verb:Building package 'arduinobot_controller' with the following arguments: {'ament_cmake_args': None, 'build_base': '/home/dcole3/GitHub/arduinobot_ws/build/arduinobot_controller', 'catkin_cmake_args': None, 'catkin_skip_building_tests': False, 'cmake_args': None, 'cmake_clean_cache': False, 'cmake_clean_first': False, 'cmake_force_configure': False, 'cmake_target': None, 'cmake_target_skip_unavailable': False, 'install_base': '/home/dcole3/GitHub/arduinobot_ws/install/arduinobot_controller', 'merge_install': False, 'path': '/home/dcole3/GitHub/arduinobot_ws/src/arduinobot_controller', 'symlink_install': False, 'test_result_base': None}
[2.085s] Level 5:colcon.colcon_core.verb:set package 'arduinobot_cpp_examples' build argument 'cmake_args' from command line to 'None'
[2.085s] Level 5:colcon.colcon_core.verb:set package 'arduinobot_cpp_examples' build argument 'cmake_target' from command line to 'None'
[2.086s] Level 5:colcon.colcon_core.verb:set package 'arduinobot_cpp_examples' build argument 'cmake_target_skip_unavailable' from command line to 'False'
[2.086s] Level 5:colcon.colcon_core.verb:set package 'arduinobot_cpp_examples' build argument 'cmake_clean_cache' from command line to 'False'
[2.086s] Level 5:colcon.colcon_core.verb:set package 'arduinobot_cpp_examples' build argument 'cmake_clean_first' from command line to 'False'
[2.086s] Level 5:colcon.colcon_core.verb:set package 'arduinobot_cpp_examples' build argument 'cmake_force_configure' from command line to 'False'
[2.086s] Level 5:colcon.colcon_core.verb:set package 'arduinobot_cpp_examples' build argument 'ament_cmake_args' from command line to 'None'
[2.086s] Level 5:colcon.colcon_core.verb:set package 'arduinobot_cpp_examples' build argument 'catkin_cmake_args' from command line to 'None'
[2.086s] Level 5:colcon.colcon_core.verb:set package 'arduinobot_cpp_examples' build argument 'catkin_skip_building_tests' from command line to 'False'
[2.086s] DEBUG:colcon.colcon_core.verb:Building package 'arduinobot_cpp_examples' with the following arguments: {'ament_cmake_args': None, 'build_base': '/home/dcole3/GitHub/arduinobot_ws/build/arduinobot_cpp_examples', 'catkin_cmake_args': None, 'catkin_skip_building_tests': False, 'cmake_args': None, 'cmake_clean_cache': False, 'cmake_clean_first': False, 'cmake_force_configure': False, 'cmake_target': None, 'cmake_target_skip_unavailable': False, 'install_base': '/home/dcole3/GitHub/arduinobot_ws/install/arduinobot_cpp_examples', 'merge_install': False, 'path': '/home/dcole3/GitHub/arduinobot_ws/src/arduinobot_cpp_examples', 'symlink_install': False, 'test_result_base': None}
[2.108s] Level 5:colcon.colcon_core.verb:set package 'arduinobot_description' build argument 'cmake_args' from command line to 'None'
[2.109s] Level 5:colcon.colcon_core.verb:set package 'arduinobot_description' build argument 'cmake_target' from command line to 'None'
[2.109s] Level 5:colcon.colcon_core.verb:set package 'arduinobot_description' build argument 'cmake_target_skip_unavailable' from command line to 'False'
[2.109s] Level 5:colcon.colcon_core.verb:set package 'arduinobot_description' build argument 'cmake_clean_cache' from command line to 'False'
[2.109s] Level 5:colcon.colcon_core.verb:set package 'arduinobot_description' build argument 'cmake_clean_first' from command line to 'False'
[2.109s] Level 5:colcon.colcon_core.verb:set package 'arduinobot_description' build argument 'cmake_force_configure' from command line to 'False'
[2.109s] Level 5:colcon.colcon_core.verb:set package 'arduinobot_description' build argument 'ament_cmake_args' from command line to 'None'
[2.109s] Level 5:colcon.colcon_core.verb:set package 'arduinobot_description' build argument 'catkin_cmake_args' from command line to 'None'
[2.109s] Level 5:colcon.colcon_core.verb:set package 'arduinobot_description' build argument 'catkin_skip_building_tests' from command line to 'False'
[2.109s] DEBUG:colcon.colcon_core.verb:Building package 'arduinobot_description' with the following arguments: {'ament_cmake_args': None, 'build_base': '/home/dcole3/GitHub/arduinobot_ws/build/arduinobot_description', 'catkin_cmake_args': None, 'catkin_skip_building_tests': False, 'cmake_args': None, 'cmake_clean_cache': False, 'cmake_clean_first': False, 'cmake_force_configure': False, 'cmake_target': None, 'cmake_target_skip_unavailable': False, 'install_base': '/home/dcole3/GitHub/arduinobot_ws/install/arduinobot_description', 'merge_install': False, 'path': '/home/dcole3/GitHub/arduinobot_ws/src/arduinobot_description', 'symlink_install': False, 'test_result_base': None}
[2.131s] Level 5:colcon.colcon_core.verb:set package 'arduinobot_py_examples' build argument 'cmake_args' from command line to 'None'
[2.131s] Level 5:colcon.colcon_core.verb:set package 'arduinobot_py_examples' build argument 'cmake_target' from command line to 'None'
[2.131s] Level 5:colcon.colcon_core.verb:set package 'arduinobot_py_examples' build argument 'cmake_target_skip_unavailable' from command line to 'False'
[2.131s] Level 5:colcon.colcon_core.verb:set package 'arduinobot_py_examples' build argument 'cmake_clean_cache' from command line to 'False'
[2.131s] Level 5:colcon.colcon_core.verb:set package 'arduinobot_py_examples' build argument 'cmake_clean_first' from command line to 'False'
[2.131s] Level 5:colcon.colcon_core.verb:set package 'arduinobot_py_examples' build argument 'cmake_force_configure' from command line to 'False'
[2.131s] Level 5:colcon.colcon_core.verb:set package 'arduinobot_py_examples' build argument 'ament_cmake_args' from command line to 'None'
[2.131s] Level 5:colcon.colcon_core.verb:set package 'arduinobot_py_examples' build argument 'catkin_cmake_args' from command line to 'None'
[2.131s] Level 5:colcon.colcon_core.verb:set package 'arduinobot_py_examples' build argument 'catkin_skip_building_tests' from command line to 'False'
[2.131s] DEBUG:colcon.colcon_core.verb:Building package 'arduinobot_py_examples' with the following arguments: {'ament_cmake_args': None, 'build_base': '/home/dcole3/GitHub/arduinobot_ws/build/arduinobot_py_examples', 'catkin_cmake_args': None, 'catkin_skip_building_tests': False, 'cmake_args': None, 'cmake_clean_cache': False, 'cmake_clean_first': False, 'cmake_force_configure': False, 'cmake_target': None, 'cmake_target_skip_unavailable': False, 'install_base': '/home/dcole3/GitHub/arduinobot_ws/install/arduinobot_py_examples', 'merge_install': False, 'path': '/home/dcole3/GitHub/arduinobot_ws/src/arduinobot_py_examples', 'symlink_install': False, 'test_result_base': None}
[2.152s] INFO:colcon.colcon_core.executor:Executing jobs using 'parallel' executor
[2.174s] DEBUG:colcon.colcon_parallel_executor.executor.parallel:run_until_complete
[2.175s] INFO:colcon.colcon_ros.task.ament_cmake.build:Building ROS package in '/home/dcole3/GitHub/arduinobot_ws/src/arduinobot_controller' with build type 'ament_cmake'
[2.175s] INFO:colcon.colcon_cmake.task.cmake.build:Building CMake package in '/home/dcole3/GitHub/arduinobot_ws/src/arduinobot_controller'
[2.213s] INFO:colcon.colcon_core.plugin_system:Skipping extension 'colcon_core.shell.bat': Not used on non-Windows systems
[2.213s] INFO:colcon.colcon_core.shell:Skip shell extension 'powershell' for command environment: Not usable outside of PowerShell
[2.214s] DEBUG:colcon.colcon_core.shell:Skip shell extension 'dsv' for command environment
[2.266s] INFO:colcon.colcon_ros.task.ament_cmake.build:Building ROS package in '/home/dcole3/GitHub/arduinobot_ws/src/arduinobot_cpp_examples' with build type 'ament_cmake'
[2.266s] INFO:colcon.colcon_cmake.task.cmake.build:Building CMake package in '/home/dcole3/GitHub/arduinobot_ws/src/arduinobot_cpp_examples'
[2.290s] INFO:colcon.colcon_core.shell:Skip shell extension 'powershell' for command environment: Not usable outside of PowerShell
[2.290s] DEBUG:colcon.colcon_core.shell:Skip shell extension 'dsv' for command environment
[2.345s] INFO:colcon.colcon_ros.task.ament_cmake.build:Building ROS package in '/home/dcole3/GitHub/arduinobot_ws/src/arduinobot_description' with build type 'ament_cmake'
[2.345s] INFO:colcon.colcon_cmake.task.cmake.build:Building CMake package in '/home/dcole3/GitHub/arduinobot_ws/src/arduinobot_description'
[2.372s] INFO:colcon.colcon_core.shell:Skip shell extension 'powershell' for command environment: Not usable outside of PowerShell
[2.372s] DEBUG:colcon.colcon_core.shell:Skip shell extension 'dsv' for command environment
[2.422s] INFO:colcon.colcon_ros.task.ament_python.build:Building ROS package in '/home/dcole3/GitHub/arduinobot_ws/src/arduinobot_py_examples' with build type 'ament_python'
[2.422s] Level 1:colcon.colcon_core.shell:create_environment_hook('arduinobot_py_examples', 'ament_prefix_path')
[2.445s] INFO:colcon.colcon_core.shell:Creating environment hook '/home/dcole3/GitHub/arduinobot_ws/install/arduinobot_py_examples/share/arduinobot_py_examples/hook/ament_prefix_path.ps1'
[2.446s] INFO:colcon.colcon_core.shell:Creating environment descriptor '/home/dcole3/GitHub/arduinobot_ws/install/arduinobot_py_examples/share/arduinobot_py_examples/hook/ament_prefix_path.dsv'
[2.447s] INFO:colcon.colcon_core.shell:Creating environment hook '/home/dcole3/GitHub/arduinobot_ws/install/arduinobot_py_examples/share/arduinobot_py_examples/hook/ament_prefix_path.sh'
[2.472s] INFO:colcon.colcon_core.shell:Skip shell extension 'powershell' for command environment: Not usable outside of PowerShell
[2.472s] DEBUG:colcon.colcon_core.shell:Skip shell extension 'dsv' for command environment
[2.529s] DEBUG:colcon.colcon_core.event_handler.log_command:Invoking command in '/home/dcole3/GitHub/arduinobot_ws/build/arduinobot_controller': CMAKE_PREFIX_PATH=/opt/ros/humble /usr/bin/cmake /home/dcole3/GitHub/arduinobot_ws/src/arduinobot_controller -DCMAKE_INSTALL_PREFIX=/home/dcole3/GitHub/arduinobot_ws/install/arduinobot_controller
[2.531s] DEBUG:colcon.colcon_core.event_handler.log_command:Invoking command in '/home/dcole3/GitHub/arduinobot_ws/build/arduinobot_cpp_examples': CMAKE_PREFIX_PATH=/opt/ros/humble /usr/bin/cmake /home/dcole3/GitHub/arduinobot_ws/src/arduinobot_cpp_examples -DCMAKE_INSTALL_PREFIX=/home/dcole3/GitHub/arduinobot_ws/install/arduinobot_cpp_examples
[2.535s] DEBUG:colcon.colcon_core.event_handler.log_command:Invoking command in '/home/dcole3/GitHub/arduinobot_ws/build/arduinobot_description': CMAKE_PREFIX_PATH=/opt/ros/humble /usr/bin/cmake /home/dcole3/GitHub/arduinobot_ws/src/arduinobot_description -DCMAKE_INSTALL_PREFIX=/home/dcole3/GitHub/arduinobot_ws/install/arduinobot_description
[3.233s] INFO:colcon.colcon_core.task.python.build:Building Python package in '/home/dcole3/GitHub/arduinobot_ws/src/arduinobot_py_examples'
[3.278s] INFO:colcon.colcon_core.shell:Skip shell extension 'powershell' for command environment: Not usable outside of PowerShell
[3.279s] DEBUG:colcon.colcon_core.shell:Skip shell extension 'dsv' for command environment
[4.524s] DEBUG:colcon.colcon_core.event_handler.log_command:Invoking command in '/home/dcole3/GitHub/arduinobot_ws/src/arduinobot_py_examples': PYTHONPATH=/home/dcole3/GitHub/arduinobot_ws/build/arduinobot_py_examples/prefix_override:/home/dcole3/GitHub/arduinobot_ws/install/arduinobot_py_examples/lib/python3.10/site-packages:${PYTHONPATH} /usr/bin/python3 setup.py egg_info --egg-base ../../build/arduinobot_py_examples build --build-base /home/dcole3/GitHub/arduinobot_ws/build/arduinobot_py_examples/build install --record /home/dcole3/GitHub/arduinobot_ws/build/arduinobot_py_examples/install.log --single-version-externally-managed
[4.682s] DEBUG:colcon.colcon_core.event_handler.log_command:Invoked command in '/home/dcole3/GitHub/arduinobot_ws/build/arduinobot_description' returned '0': CMAKE_PREFIX_PATH=/opt/ros/humble /usr/bin/cmake /home/dcole3/GitHub/arduinobot_ws/src/arduinobot_description -DCMAKE_INSTALL_PREFIX=/home/dcole3/GitHub/arduinobot_ws/install/arduinobot_description
[4.683s] DEBUG:colcon.colcon_core.event_handler.log_command:Invoking command in '/home/dcole3/GitHub/arduinobot_ws/build/arduinobot_description': CMAKE_PREFIX_PATH=/opt/ros/humble /usr/bin/cmake --build /home/dcole3/GitHub/arduinobot_ws/build/arduinobot_description -- -j4 -l4
[4.686s] DEBUG:colcon.colcon_core.event_handler.log_command:Invoked command in '/home/dcole3/GitHub/arduinobot_ws/build/arduinobot_controller' returned '0': CMAKE_PREFIX_PATH=/opt/ros/humble /usr/bin/cmake /home/dcole3/GitHub/arduinobot_ws/src/arduinobot_controller -DCMAKE_INSTALL_PREFIX=/home/dcole3/GitHub/arduinobot_ws/install/arduinobot_controller
[4.688s] DEBUG:colcon.colcon_core.event_handler.log_command:Invoking command in '/home/dcole3/GitHub/arduinobot_ws/build/arduinobot_controller': CMAKE_PREFIX_PATH=/opt/ros/humble /usr/bin/cmake --build /home/dcole3/GitHub/arduinobot_ws/build/arduinobot_controller -- -j4 -l4
[4.769s] DEBUG:colcon.colcon_core.event_handler.log_command:Invoked command in '/home/dcole3/GitHub/arduinobot_ws/build/arduinobot_description' returned '0': CMAKE_PREFIX_PATH=/opt/ros/humble /usr/bin/cmake --build /home/dcole3/GitHub/arduinobot_ws/build/arduinobot_description -- -j4 -l4
[4.775s] DEBUG:colcon.colcon_core.event_handler.log_command:Invoked command in '/home/dcole3/GitHub/arduinobot_ws/build/arduinobot_controller' returned '0': CMAKE_PREFIX_PATH=/opt/ros/humble /usr/bin/cmake --build /home/dcole3/GitHub/arduinobot_ws/build/arduinobot_controller -- -j4 -l4
[4.851s] DEBUG:colcon.colcon_core.event_handler.log_command:Invoking command in '/home/dcole3/GitHub/arduinobot_ws/build/arduinobot_description': CMAKE_PREFIX_PATH=/opt/ros/humble /usr/bin/cmake --install /home/dcole3/GitHub/arduinobot_ws/build/arduinobot_description
[4.861s] DEBUG:colcon.colcon_core.event_handler.log_command:Invoking command in '/home/dcole3/GitHub/arduinobot_ws/build/arduinobot_controller': CMAKE_PREFIX_PATH=/opt/ros/humble /usr/bin/cmake --install /home/dcole3/GitHub/arduinobot_ws/build/arduinobot_controller
[4.887s] Level 1:colcon.colcon_core.environment:create_environment_scripts_only(arduinobot_controller)
[4.889s] DEBUG:colcon.colcon_core.event_handler.log_command:Invoked command in '/home/dcole3/GitHub/arduinobot_ws/build/arduinobot_controller' returned '0': CMAKE_PREFIX_PATH=/opt/ros/humble /usr/bin/cmake --install /home/dcole3/GitHub/arduinobot_ws/build/arduinobot_controller
[4.950s] Level 1:colcon.colcon_core.environment:checking '/home/dcole3/GitHub/arduinobot_ws/install/arduinobot_controller' for CMake module files
[4.957s] Level 1:colcon.colcon_core.environment:checking '/home/dcole3/GitHub/arduinobot_ws/install/arduinobot_controller' for CMake config files
[4.959s] Level 1:colcon.colcon_core.shell:create_environment_hook('arduinobot_controller', 'cmake_prefix_path')
[4.984s] INFO:colcon.colcon_core.shell:Creating environment hook '/home/dcole3/GitHub/arduinobot_ws/install/arduinobot_controller/share/arduinobot_controller/hook/cmake_prefix_path.ps1'
[4.984s] INFO:colcon.colcon_core.shell:Creating environment descriptor '/home/dcole3/GitHub/arduinobot_ws/install/arduinobot_controller/share/arduinobot_controller/hook/cmake_prefix_path.dsv'
[4.985s] INFO:colcon.colcon_core.shell:Creating environment hook '/home/dcole3/GitHub/arduinobot_ws/install/arduinobot_controller/share/arduinobot_controller/hook/cmake_prefix_path.sh'
[4.986s] Level 1:colcon.colcon_core.environment:checking '/home/dcole3/GitHub/arduinobot_ws/install/arduinobot_controller/bin'
[4.986s] Level 1:colcon.colcon_core.environment:checking '/home/dcole3/GitHub/arduinobot_ws/install/arduinobot_controller/lib/pkgconfig/arduinobot_controller.pc'
[4.986s] Level 1:colcon.colcon_core.environment:checking '/home/dcole3/GitHub/arduinobot_ws/install/arduinobot_controller/lib/python3.10/site-packages'
[4.987s] Level 1:colcon.colcon_core.environment:checking '/home/dcole3/GitHub/arduinobot_ws/install/arduinobot_controller/bin'
[5.029s] INFO:colcon.colcon_core.shell:Creating package script '/home/dcole3/GitHub/arduinobot_ws/install/arduinobot_controller/share/arduinobot_controller/package.ps1'
[5.031s] INFO:colcon.colcon_core.shell:Creating package descriptor '/home/dcole3/GitHub/arduinobot_ws/install/arduinobot_controller/share/arduinobot_controller/package.dsv'
[5.031s] INFO:colcon.colcon_core.shell:Creating package script '/home/dcole3/GitHub/arduinobot_ws/install/arduinobot_controller/share/arduinobot_controller/package.sh'
[5.033s] INFO:colcon.colcon_core.shell:Creating package script '/home/dcole3/GitHub/arduinobot_ws/install/arduinobot_controller/share/arduinobot_controller/package.bash'
[5.034s] INFO:colcon.colcon_core.shell:Creating package script '/home/dcole3/GitHub/arduinobot_ws/install/arduinobot_controller/share/arduinobot_controller/package.zsh'
[5.034s] Level 1:colcon.colcon_core.environment:create_file_with_runtime_dependencies(/home/dcole3/GitHub/arduinobot_ws/install/arduinobot_controller/share/colcon-core/packages/arduinobot_controller)
[5.038s] Level 1:colcon.colcon_core.environment:create_environment_scripts_only(arduinobot_description)
[5.039s] DEBUG:colcon.colcon_core.event_handler.log_command:Invoked command in '/home/dcole3/GitHub/arduinobot_ws/build/arduinobot_description' returned '0': CMAKE_PREFIX_PATH=/opt/ros/humble /usr/bin/cmake --install /home/dcole3/GitHub/arduinobot_ws/build/arduinobot_description
[5.082s] Level 1:colcon.colcon_core.environment:checking '/home/dcole3/GitHub/arduinobot_ws/install/arduinobot_description' for CMake module files
[5.083s] Level 1:colcon.colcon_core.environment:checking '/home/dcole3/GitHub/arduinobot_ws/install/arduinobot_description' for CMake config files
[5.084s] Level 1:colcon.colcon_core.shell:create_environment_hook('arduinobot_description', 'cmake_prefix_path')
[5.110s] INFO:colcon.colcon_core.shell:Creating environment hook '/home/dcole3/GitHub/arduinobot_ws/install/arduinobot_description/share/arduinobot_description/hook/cmake_prefix_path.ps1'
[5.111s] INFO:colcon.colcon_core.shell:Creating environment descriptor '/home/dcole3/GitHub/arduinobot_ws/install/arduinobot_description/share/arduinobot_description/hook/cmake_prefix_path.dsv'
[5.111s] INFO:colcon.colcon_core.shell:Creating environment hook '/home/dcole3/GitHub/arduinobot_ws/install/arduinobot_description/share/arduinobot_description/hook/cmake_prefix_path.sh'
[5.112s] Level 1:colcon.colcon_core.environment:checking '/home/dcole3/GitHub/arduinobot_ws/install/arduinobot_description/bin'
[5.112s] Level 1:colcon.colcon_core.environment:checking '/home/dcole3/GitHub/arduinobot_ws/install/arduinobot_description/lib/pkgconfig/arduinobot_description.pc'
[5.112s] Level 1:colcon.colcon_core.environment:checking '/home/dcole3/GitHub/arduinobot_ws/install/arduinobot_description/lib/python3.10/site-packages'
[5.113s] Level 1:colcon.colcon_core.environment:checking '/home/dcole3/GitHub/arduinobot_ws/install/arduinobot_description/bin'
[5.161s] INFO:colcon.colcon_core.shell:Creating package script '/home/dcole3/GitHub/arduinobot_ws/install/arduinobot_description/share/arduinobot_description/package.ps1'
[5.165s] INFO:colcon.colcon_core.shell:Creating package descriptor '/home/dcole3/GitHub/arduinobot_ws/install/arduinobot_description/share/arduinobot_description/package.dsv'
[5.167s] INFO:colcon.colcon_core.shell:Creating package script '/home/dcole3/GitHub/arduinobot_ws/install/arduinobot_description/share/arduinobot_description/package.sh'
[5.170s] INFO:colcon.colcon_core.shell:Creating package script '/home/dcole3/GitHub/arduinobot_ws/install/arduinobot_description/share/arduinobot_description/package.bash'
[5.171s] INFO:colcon.colcon_core.shell:Creating package script '/home/dcole3/GitHub/arduinobot_ws/install/arduinobot_description/share/arduinobot_description/package.zsh'
[5.172s] Level 1:colcon.colcon_core.environment:create_file_with_runtime_dependencies(/home/dcole3/GitHub/arduinobot_ws/install/arduinobot_description/share/colcon-core/packages/arduinobot_description)
[5.225s] Level 1:colcon.colcon_core.environment:create_environment_scripts_only(arduinobot_controller)
[5.262s] Level 1:colcon.colcon_core.environment:checking '/home/dcole3/GitHub/arduinobot_ws/install/arduinobot_controller' for CMake module files
[5.263s] Level 1:colcon.colcon_core.environment:checking '/home/dcole3/GitHub/arduinobot_ws/install/arduinobot_controller' for CMake config files
[5.264s] Level 1:colcon.colcon_core.shell:create_environment_hook('arduinobot_controller', 'cmake_prefix_path')
[5.307s] INFO:colcon.colcon_core.shell:Creating environment hook '/home/dcole3/GitHub/arduinobot_ws/install/arduinobot_controller/share/arduinobot_controller/hook/cmake_prefix_path.ps1'
[5.308s] INFO:colcon.colcon_core.shell:Creating environment descriptor '/home/dcole3/GitHub/arduinobot_ws/install/arduinobot_controller/share/arduinobot_controller/hook/cmake_prefix_path.dsv'
[5.308s] INFO:colcon.colcon_core.shell:Creating environment hook '/home/dcole3/GitHub/arduinobot_ws/install/arduinobot_controller/share/arduinobot_controller/hook/cmake_prefix_path.sh'
[5.309s] Level 1:colcon.colcon_core.environment:checking '/home/dcole3/GitHub/arduinobot_ws/install/arduinobot_controller/bin'
[5.309s] Level 1:colcon.colcon_core.environment:checking '/home/dcole3/GitHub/arduinobot_ws/install/arduinobot_controller/lib/pkgconfig/arduinobot_controller.pc'
[5.310s] Level 1:colcon.colcon_core.environment:checking '/home/dcole3/GitHub/arduinobot_ws/install/arduinobot_controller/lib/python3.10/site-packages'
[5.310s] Level 1:colcon.colcon_core.environment:checking '/home/dcole3/GitHub/arduinobot_ws/install/arduinobot_controller/bin'
[5.349s] INFO:colcon.colcon_core.shell:Creating package script '/home/dcole3/GitHub/arduinobot_ws/install/arduinobot_controller/share/arduinobot_controller/package.ps1'
[5.350s] INFO:colcon.colcon_core.shell:Creating package descriptor '/home/dcole3/GitHub/arduinobot_ws/install/arduinobot_controller/share/arduinobot_controller/package.dsv'
[5.350s] INFO:colcon.colcon_core.shell:Creating package script '/home/dcole3/GitHub/arduinobot_ws/install/arduinobot_controller/share/arduinobot_controller/package.sh'
[5.351s] INFO:colcon.colcon_core.shell:Creating package script '/home/dcole3/GitHub/arduinobot_ws/install/arduinobot_controller/share/arduinobot_controller/package.bash'
[5.352s] INFO:colcon.colcon_core.shell:Creating package script '/home/dcole3/GitHub/arduinobot_ws/install/arduinobot_controller/share/arduinobot_controller/package.zsh'
[5.353s] Level 1:colcon.colcon_core.environment:create_file_with_runtime_dependencies(/home/dcole3/GitHub/arduinobot_ws/install/arduinobot_controller/share/colcon-core/packages/arduinobot_controller)
[5.394s] Level 1:colcon.colcon_core.environment:create_environment_scripts_only(arduinobot_description)
[5.423s] Level 1:colcon.colcon_core.environment:checking '/home/dcole3/GitHub/arduinobot_ws/install/arduinobot_description' for CMake module files
[5.423s] Level 1:colcon.colcon_core.environment:checking '/home/dcole3/GitHub/arduinobot_ws/install/arduinobot_description' for CMake config files
[5.424s] Level 1:colcon.colcon_core.shell:create_environment_hook('arduinobot_description', 'cmake_prefix_path')
[5.451s] INFO:colcon.colcon_core.shell:Creating environment hook '/home/dcole3/GitHub/arduinobot_ws/install/arduinobot_description/share/arduinobot_description/hook/cmake_prefix_path.ps1'
[5.452s] INFO:colcon.colcon_core.shell:Creating environment descriptor '/home/dcole3/GitHub/arduinobot_ws/install/arduinobot_description/share/arduinobot_description/hook/cmake_prefix_path.dsv'
[5.453s] INFO:colcon.colcon_core.shell:Creating environment hook '/home/dcole3/GitHub/arduinobot_ws/install/arduinobot_description/share/arduinobot_description/hook/cmake_prefix_path.sh'
[5.453s] Level 1:colcon.colcon_core.environment:checking '/home/dcole3/GitHub/arduinobot_ws/install/arduinobot_description/bin'
[5.454s] Level 1:colcon.colcon_core.environment:checking '/home/dcole3/GitHub/arduinobot_ws/install/arduinobot_description/lib/pkgconfig/arduinobot_description.pc'
[5.454s] Level 1:colcon.colcon_core.environment:checking '/home/dcole3/GitHub/arduinobot_ws/install/arduinobot_description/lib/python3.10/site-packages'
[5.454s] Level 1:colcon.colcon_core.environment:checking '/home/dcole3/GitHub/arduinobot_ws/install/arduinobot_description/bin'
[5.480s] INFO:colcon.colcon_core.shell:Creating package script '/home/dcole3/GitHub/arduinobot_ws/install/arduinobot_description/share/arduinobot_description/package.ps1'
[5.480s] INFO:colcon.colcon_core.shell:Creating package descriptor '/home/dcole3/GitHub/arduinobot_ws/install/arduinobot_description/share/arduinobot_description/package.dsv'
[5.481s] INFO:colcon.colcon_core.shell:Creating package script '/home/dcole3/GitHub/arduinobot_ws/install/arduinobot_description/share/arduinobot_description/package.sh'
[5.482s] INFO:colcon.colcon_core.shell:Creating package script '/home/dcole3/GitHub/arduinobot_ws/install/arduinobot_description/share/arduinobot_description/package.bash'
[5.483s] INFO:colcon.colcon_core.shell:Creating package script '/home/dcole3/GitHub/arduinobot_ws/install/arduinobot_description/share/arduinobot_description/package.zsh'
[5.484s] Level 1:colcon.colcon_core.environment:create_file_with_runtime_dependencies(/home/dcole3/GitHub/arduinobot_ws/install/arduinobot_description/share/colcon-core/packages/arduinobot_description)
[5.487s] DEBUG:colcon.colcon_core.event_handler.log_command:Invoked command in '/home/dcole3/GitHub/arduinobot_ws/src/arduinobot_py_examples' returned '0': PYTHONPATH=/home/dcole3/GitHub/arduinobot_ws/build/arduinobot_py_examples/prefix_override:/home/dcole3/GitHub/arduinobot_ws/install/arduinobot_py_examples/lib/python3.10/site-packages:${PYTHONPATH} /usr/bin/python3 setup.py egg_info --egg-base ../../build/arduinobot_py_examples build --build-base /home/dcole3/GitHub/arduinobot_ws/build/arduinobot_py_examples/build install --record /home/dcole3/GitHub/arduinobot_ws/build/arduinobot_py_examples/install.log --single-version-externally-managed
[5.516s] Level 1:colcon.colcon_core.environment:checking '/home/dcole3/GitHub/arduinobot_ws/install/arduinobot_py_examples' for CMake module files
[5.517s] Level 1:colcon.colcon_core.environment:checking '/home/dcole3/GitHub/arduinobot_ws/install/arduinobot_py_examples' for CMake config files
[5.518s] Level 1:colcon.colcon_core.environment:checking '/home/dcole3/GitHub/arduinobot_ws/install/arduinobot_py_examples/lib'
[5.518s] Level 1:colcon.colcon_core.environment:checking '/home/dcole3/GitHub/arduinobot_ws/install/arduinobot_py_examples/bin'
[5.518s] Level 1:colcon.colcon_core.environment:checking '/home/dcole3/GitHub/arduinobot_ws/install/arduinobot_py_examples/lib/pkgconfig/arduinobot_py_examples.pc'
[5.518s] Level 1:colcon.colcon_core.environment:checking '/home/dcole3/GitHub/arduinobot_ws/install/arduinobot_py_examples/lib/python3.10/site-packages'
[5.518s] Level 1:colcon.colcon_core.shell:create_environment_hook('arduinobot_py_examples', 'pythonpath')
[5.546s] INFO:colcon.colcon_core.shell:Creating environment hook '/home/dcole3/GitHub/arduinobot_ws/install/arduinobot_py_examples/share/arduinobot_py_examples/hook/pythonpath.ps1'
[5.547s] INFO:colcon.colcon_core.shell:Creating environment descriptor '/home/dcole3/GitHub/arduinobot_ws/install/arduinobot_py_examples/share/arduinobot_py_examples/hook/pythonpath.dsv'
[5.548s] INFO:colcon.colcon_core.shell:Creating environment hook '/home/dcole3/GitHub/arduinobot_ws/install/arduinobot_py_examples/share/arduinobot_py_examples/hook/pythonpath.sh'
[5.548s] Level 1:colcon.colcon_core.environment:checking '/home/dcole3/GitHub/arduinobot_ws/install/arduinobot_py_examples/bin'
[5.549s] Level 1:colcon.colcon_core.environment:create_environment_scripts_only(arduinobot_py_examples)
[5.579s] INFO:colcon.colcon_core.shell:Creating package script '/home/dcole3/GitHub/arduinobot_ws/install/arduinobot_py_examples/share/arduinobot_py_examples/package.ps1'
[5.581s] INFO:colcon.colcon_core.shell:Creating package descriptor '/home/dcole3/GitHub/arduinobot_ws/install/arduinobot_py_examples/share/arduinobot_py_examples/package.dsv'
[5.582s] INFO:colcon.colcon_core.shell:Creating package script '/home/dcole3/GitHub/arduinobot_ws/install/arduinobot_py_examples/share/arduinobot_py_examples/package.sh'
[5.583s] INFO:colcon.colcon_core.shell:Creating package script '/home/dcole3/GitHub/arduinobot_ws/install/arduinobot_py_examples/share/arduinobot_py_examples/package.bash'
[5.583s] INFO:colcon.colcon_core.shell:Creating package script '/home/dcole3/GitHub/arduinobot_ws/install/arduinobot_py_examples/share/arduinobot_py_examples/package.zsh'
[5.584s] Level 1:colcon.colcon_core.environment:create_file_with_runtime_dependencies(/home/dcole3/GitHub/arduinobot_ws/install/arduinobot_py_examples/share/colcon-core/packages/arduinobot_py_examples)
[6.293s] DEBUG:colcon.colcon_core.event_handler.log_command:Invoked command in '/home/dcole3/GitHub/arduinobot_ws/build/arduinobot_cpp_examples' returned '0': CMAKE_PREFIX_PATH=/opt/ros/humble /usr/bin/cmake /home/dcole3/GitHub/arduinobot_ws/src/arduinobot_cpp_examples -DCMAKE_INSTALL_PREFIX=/home/dcole3/GitHub/arduinobot_ws/install/arduinobot_cpp_examples
[6.296s] DEBUG:colcon.colcon_core.event_handler.log_command:Invoking command in '/home/dcole3/GitHub/arduinobot_ws/build/arduinobot_cpp_examples': CMAKE_PREFIX_PATH=/opt/ros/humble /usr/bin/cmake --build /home/dcole3/GitHub/arduinobot_ws/build/arduinobot_cpp_examples -- -j4 -l4
[21.659s] DEBUG:colcon.colcon_core.event_handler.log_command:Invoked command in '/home/dcole3/GitHub/arduinobot_ws/build/arduinobot_cpp_examples' returned '0': CMAKE_PREFIX_PATH=/opt/ros/humble /usr/bin/cmake --build /home/dcole3/GitHub/arduinobot_ws/build/arduinobot_cpp_examples -- -j4 -l4
[21.702s] DEBUG:colcon.colcon_core.event_handler.log_command:Invoking command in '/home/dcole3/GitHub/arduinobot_ws/build/arduinobot_cpp_examples': CMAKE_PREFIX_PATH=/opt/ros/humble /usr/bin/cmake --install /home/dcole3/GitHub/arduinobot_ws/build/arduinobot_cpp_examples
[21.733s] Level 1:colcon.colcon_core.environment:create_environment_scripts_only(arduinobot_cpp_examples)
[21.733s] DEBUG:colcon.colcon_core.event_handler.log_command:Invoked command in '/home/dcole3/GitHub/arduinobot_ws/build/arduinobot_cpp_examples' returned '0': CMAKE_PREFIX_PATH=/opt/ros/humble /usr/bin/cmake --install /home/dcole3/GitHub/arduinobot_ws/build/arduinobot_cpp_examples
[21.834s] Level 1:colcon.colcon_core.environment:checking '/home/dcole3/GitHub/arduinobot_ws/install/arduinobot_cpp_examples' for CMake module files
[21.835s] Level 1:colcon.colcon_core.environment:checking '/home/dcole3/GitHub/arduinobot_ws/install/arduinobot_cpp_examples' for CMake config files
[21.836s] Level 1:colcon.colcon_core.shell:create_environment_hook('arduinobot_cpp_examples', 'cmake_prefix_path')
[21.860s] INFO:colcon.colcon_core.shell:Creating environment hook '/home/dcole3/GitHub/arduinobot_ws/install/arduinobot_cpp_examples/share/arduinobot_cpp_examples/hook/cmake_prefix_path.ps1'
[21.862s] INFO:colcon.colcon_core.shell:Creating environment descriptor '/home/dcole3/GitHub/arduinobot_ws/install/arduinobot_cpp_examples/share/arduinobot_cpp_examples/hook/cmake_prefix_path.dsv'
[21.863s] INFO:colcon.colcon_core.shell:Creating environment hook '/home/dcole3/GitHub/arduinobot_ws/install/arduinobot_cpp_examples/share/arduinobot_cpp_examples/hook/cmake_prefix_path.sh'
[21.865s] Level 1:colcon.colcon_core.environment:checking '/home/dcole3/GitHub/arduinobot_ws/install/arduinobot_cpp_examples/lib'
[21.865s] Level 1:colcon.colcon_core.environment:checking '/home/dcole3/GitHub/arduinobot_ws/install/arduinobot_cpp_examples/bin'
[21.865s] Level 1:colcon.colcon_core.environment:checking '/home/dcole3/GitHub/arduinobot_ws/install/arduinobot_cpp_examples/lib/pkgconfig/arduinobot_cpp_examples.pc'
[21.866s] Level 1:colcon.colcon_core.environment:checking '/home/dcole3/GitHub/arduinobot_ws/install/arduinobot_cpp_examples/lib/python3.10/site-packages'
[21.866s] Level 1:colcon.colcon_core.environment:checking '/home/dcole3/GitHub/arduinobot_ws/install/arduinobot_cpp_examples/bin'
[21.888s] INFO:colcon.colcon_core.shell:Creating package script '/home/dcole3/GitHub/arduinobot_ws/install/arduinobot_cpp_examples/share/arduinobot_cpp_examples/package.ps1'
[21.889s] INFO:colcon.colcon_core.shell:Creating package descriptor '/home/dcole3/GitHub/arduinobot_ws/install/arduinobot_cpp_examples/share/arduinobot_cpp_examples/package.dsv'
[21.890s] INFO:colcon.colcon_core.shell:Creating package script '/home/dcole3/GitHub/arduinobot_ws/install/arduinobot_cpp_examples/share/arduinobot_cpp_examples/package.sh'
[21.891s] INFO:colcon.colcon_core.shell:Creating package script '/home/dcole3/GitHub/arduinobot_ws/install/arduinobot_cpp_examples/share/arduinobot_cpp_examples/package.bash'
[21.892s] INFO:colcon.colcon_core.shell:Creating package script '/home/dcole3/GitHub/arduinobot_ws/install/arduinobot_cpp_examples/share/arduinobot_cpp_examples/package.zsh'
[21.892s] Level 1:colcon.colcon_core.environment:create_file_with_runtime_dependencies(/home/dcole3/GitHub/arduinobot_ws/install/arduinobot_cpp_examples/share/colcon-core/packages/arduinobot_cpp_examples)
[21.957s] Level 1:colcon.colcon_core.environment:create_environment_scripts_only(arduinobot_cpp_examples)
[21.978s] Level 1:colcon.colcon_core.environment:checking '/home/dcole3/GitHub/arduinobot_ws/install/arduinobot_cpp_examples' for CMake module files
[21.979s] Level 1:colcon.colcon_core.environment:checking '/home/dcole3/GitHub/arduinobot_ws/install/arduinobot_cpp_examples' for CMake config files
[21.979s] Level 1:colcon.colcon_core.shell:create_environment_hook('arduinobot_cpp_examples', 'cmake_prefix_path')
[22.000s] INFO:colcon.colcon_core.shell:Creating environment hook '/home/dcole3/GitHub/arduinobot_ws/install/arduinobot_cpp_examples/share/arduinobot_cpp_examples/hook/cmake_prefix_path.ps1'
[22.001s] INFO:colcon.colcon_core.shell:Creating environment descriptor '/home/dcole3/GitHub/arduinobot_ws/install/arduinobot_cpp_examples/share/arduinobot_cpp_examples/hook/cmake_prefix_path.dsv'
[22.002s] INFO:colcon.colcon_core.shell:Creating environment hook '/home/dcole3/GitHub/arduinobot_ws/install/arduinobot_cpp_examples/share/arduinobot_cpp_examples/hook/cmake_prefix_path.sh'
[22.003s] Level 1:colcon.colcon_core.environment:checking '/home/dcole3/GitHub/arduinobot_ws/install/arduinobot_cpp_examples/lib'
[22.003s] Level 1:colcon.colcon_core.environment:checking '/home/dcole3/GitHub/arduinobot_ws/install/arduinobot_cpp_examples/bin'
[22.003s] Level 1:colcon.colcon_core.environment:checking '/home/dcole3/GitHub/arduinobot_ws/install/arduinobot_cpp_examples/lib/pkgconfig/arduinobot_cpp_examples.pc'
[22.004s] Level 1:colcon.colcon_core.environment:checking '/home/dcole3/GitHub/arduinobot_ws/install/arduinobot_cpp_examples/lib/python3.10/site-packages'
[22.004s] Level 1:colcon.colcon_core.environment:checking '/home/dcole3/GitHub/arduinobot_ws/install/arduinobot_cpp_examples/bin'
[22.030s] INFO:colcon.colcon_core.shell:Creating package script '/home/dcole3/GitHub/arduinobot_ws/install/arduinobot_cpp_examples/share/arduinobot_cpp_examples/package.ps1'
[22.031s] INFO:colcon.colcon_core.shell:Creating package descriptor '/home/dcole3/GitHub/arduinobot_ws/install/arduinobot_cpp_examples/share/arduinobot_cpp_examples/package.dsv'
[22.032s] INFO:colcon.colcon_core.shell:Creating package script '/home/dcole3/GitHub/arduinobot_ws/install/arduinobot_cpp_examples/share/arduinobot_cpp_examples/package.sh'
[22.032s] INFO:colcon.colcon_core.shell:Creating package script '/home/dcole3/GitHub/arduinobot_ws/install/arduinobot_cpp_examples/share/arduinobot_cpp_examples/package.bash'
[22.033s] INFO:colcon.colcon_core.shell:Creating package script '/home/dcole3/GitHub/arduinobot_ws/install/arduinobot_cpp_examples/share/arduinobot_cpp_examples/package.zsh'
[22.033s] Level 1:colcon.colcon_core.environment:create_file_with_runtime_dependencies(/home/dcole3/GitHub/arduinobot_ws/install/arduinobot_cpp_examples/share/colcon-core/packages/arduinobot_cpp_examples)
[22.034s] DEBUG:colcon.colcon_parallel_executor.executor.parallel:closing loop
[22.034s] DEBUG:colcon.colcon_parallel_executor.executor.parallel:loop closed
[22.034s] DEBUG:colcon.colcon_parallel_executor.executor.parallel:run_until_complete finished with '0'
[22.035s] DEBUG:colcon.colcon_core.event_reactor:joining thread
[22.080s] INFO:colcon.colcon_core.plugin_system:Skipping extension 'colcon_notification.desktop_notification.terminal_notifier': Not used on non-Darwin systems
[22.080s] INFO:colcon.colcon_core.plugin_system:Skipping extension 'colcon_notification.desktop_notification.win32': Not used on non-Windows systems
[22.080s] INFO:colcon.colcon_notification.desktop_notification:Sending desktop notification using 'notify2'
[22.101s] DEBUG:colcon.colcon_core.event_reactor:joined thread
[22.126s] INFO:colcon.colcon_core.shell:Creating prefix script '/home/dcole3/GitHub/arduinobot_ws/install/local_setup.ps1'
[22.128s] INFO:colcon.colcon_core.shell:Creating prefix util module '/home/dcole3/GitHub/arduinobot_ws/install/_local_setup_util_ps1.py'
[22.130s] INFO:colcon.colcon_core.shell:Creating prefix chain script '/home/dcole3/GitHub/arduinobot_ws/install/setup.ps1'
[22.157s] INFO:colcon.colcon_core.shell:Creating prefix script '/home/dcole3/GitHub/arduinobot_ws/install/local_setup.sh'
[22.158s] INFO:colcon.colcon_core.shell:Creating prefix util module '/home/dcole3/GitHub/arduinobot_ws/install/_local_setup_util_sh.py'
[22.159s] INFO:colcon.colcon_core.shell:Creating prefix chain script '/home/dcole3/GitHub/arduinobot_ws/install/setup.sh'
[22.190s] INFO:colcon.colcon_core.shell:Creating prefix script '/home/dcole3/GitHub/arduinobot_ws/install/local_setup.bash'
[22.191s] INFO:colcon.colcon_core.shell:Creating prefix chain script '/home/dcole3/GitHub/arduinobot_ws/install/setup.bash'
[22.221s] INFO:colcon.colcon_core.shell:Creating prefix script '/home/dcole3/GitHub/arduinobot_ws/install/local_setup.zsh'
[22.222s] INFO:colcon.colcon_core.shell:Creating prefix chain script '/home/dcole3/GitHub/arduinobot_ws/install/setup.zsh'
