[1.930s] DEBUG:colcon:Command line arguments: ['/usr/bin/colcon', 'build']
[1.930s] DEBUG:colcon:Parsed command line arguments: Namespace(log_base=None, log_level=None, verb_name='build', build_base='build', install_base='install', merge_install=False, symlink_install=False, test_result_base=None, continue_on_error=False, executor='parallel', parallel_workers=4, event_handlers=None, ignore_user_meta=False, metas=['./colcon.meta'], base_paths=['.'], packages_ignore=None, packages_ignore_regex=None, paths=None, packages_up_to=None, packages_up_to_regex=None, packages_above=None, packages_above_and_dependencies=None, packages_above_depth=None, packages_select_by_dep=None, packages_skip_by_dep=None, packages_skip_up_to=None, packages_select_build_failed=False, packages_skip_build_finished=False, packages_select_test_failures=False, packages_skip_test_passed=False, packages_select=None, packages_skip=None, packages_select_regex=None, packages_skip_regex=None, packages_start=None, packages_end=None, allow_overriding=[], cmake_args=None, cmake_target=None, cmake_target_skip_unavailable=False, cmake_clean_cache=False, cmake_clean_first=False, cmake_force_configure=False, ament_cmake_args=None, catkin_cmake_args=None, catkin_skip_building_tests=False, verb_parser=<colcon_defaults.argument_parser.defaults.DefaultArgumentsDecorator object at 0x7fdd42d80490>, verb_extension=<colcon_core.verb.build.BuildVerb object at 0x7fdd43fdbf40>, main=<bound method BuildVerb.main of <colcon_core.verb.build.BuildVerb object at 0x7fdd43fdbf40>>)
[2.063s] Level 1:colcon.colcon_core.package_discovery:discover_packages(colcon_meta) check parameters
[2.063s] Level 1:colcon.colcon_core.package_discovery:discover_packages(recursive) check parameters
[2.063s] Level 1:colcon.colcon_core.package_discovery:discover_packages(ignore) check parameters
[2.063s] Level 1:colcon.colcon_core.package_discovery:discover_packages(path) check parameters
[2.063s] Level 1:colcon.colcon_core.package_discovery:discover_packages(colcon_meta) discover
[2.063s] Level 1:colcon.colcon_core.package_discovery:discover_packages(recursive) discover
[2.064s] INFO:colcon.colcon_core.package_discovery:Crawling recursively for packages in '/home/dcole3/arduinobot_ws'
[2.064s] Level 1:colcon.colcon_core.package_identification:_identify(.) by extensions ['ignore', 'ignore_ament_install']
[2.064s] Level 1:colcon.colcon_core.package_identification:_identify(.) by extension 'ignore'
[2.064s] Level 1:colcon.colcon_core.package_identification:_identify(.) by extension 'ignore_ament_install'
[2.064s] Level 1:colcon.colcon_core.package_identification:_identify(.) by extensions ['colcon_pkg']
[2.064s] Level 1:colcon.colcon_core.package_identification:_identify(.) by extension 'colcon_pkg'
[2.065s] Level 1:colcon.colcon_core.package_identification:_identify(.) by extensions ['colcon_meta']
[2.065s] Level 1:colcon.colcon_core.package_identification:_identify(.) by extension 'colcon_meta'
[2.065s] Level 1:colcon.colcon_core.package_identification:_identify(.) by extensions ['ros']
[2.065s] Level 1:colcon.colcon_core.package_identification:_identify(.) by extension 'ros'
[2.109s] Level 1:colcon.colcon_core.package_identification:_identify(.) by extensions ['cmake', 'python']
[2.109s] Level 1:colcon.colcon_core.package_identification:_identify(.) by extension 'cmake'
[2.109s] Level 1:colcon.colcon_core.package_identification:_identify(.) by extension 'python'
[2.109s] Level 1:colcon.colcon_core.package_identification:_identify(.) by extensions ['python_setup_py']
[2.109s] Level 1:colcon.colcon_core.package_identification:_identify(.) by extension 'python_setup_py'
[2.109s] Level 1:colcon.colcon_core.package_identification:_identify(build) by extensions ['ignore', 'ignore_ament_install']
[2.110s] Level 1:colcon.colcon_core.package_identification:_identify(build) by extension 'ignore'
[2.110s] Level 1:colcon.colcon_core.package_identification:_identify(build) ignored
[2.110s] Level 1:colcon.colcon_core.package_identification:_identify(install) by extensions ['ignore', 'ignore_ament_install']
[2.112s] Level 1:colcon.colcon_core.package_identification:_identify(install) by extension 'ignore'
[2.112s] Level 1:colcon.colcon_core.package_identification:_identify(install) ignored
[2.113s] Level 1:colcon.colcon_core.package_identification:_identify(log) by extensions ['ignore', 'ignore_ament_install']
[2.113s] Level 1:colcon.colcon_core.package_identification:_identify(log) by extension 'ignore'
[2.113s] Level 1:colcon.colcon_core.package_identification:_identify(log) ignored
[2.113s] Level 1:colcon.colcon_core.package_identification:_identify(src) by extensions ['ignore', 'ignore_ament_install']
[2.114s] Level 1:colcon.colcon_core.package_identification:_identify(src) by extension 'ignore'
[2.114s] Level 1:colcon.colcon_core.package_identification:_identify(src) by extension 'ignore_ament_install'
[2.114s] Level 1:colcon.colcon_core.package_identification:_identify(src) by extensions ['colcon_pkg']
[2.114s] Level 1:colcon.colcon_core.package_identification:_identify(src) by extension 'colcon_pkg'
[2.114s] Level 1:colcon.colcon_core.package_identification:_identify(src) by extensions ['colcon_meta']
[2.114s] Level 1:colcon.colcon_core.package_identification:_identify(src) by extension 'colcon_meta'
[2.114s] Level 1:colcon.colcon_core.package_identification:_identify(src) by extensions ['ros']
[2.115s] Level 1:colcon.colcon_core.package_identification:_identify(src) by extension 'ros'
[2.115s] Level 1:colcon.colcon_core.package_identification:_identify(src) by extensions ['cmake', 'python']
[2.115s] Level 1:colcon.colcon_core.package_identification:_identify(src) by extension 'cmake'
[2.115s] Level 1:colcon.colcon_core.package_identification:_identify(src) by extension 'python'
[2.115s] Level 1:colcon.colcon_core.package_identification:_identify(src) by extensions ['python_setup_py']
[2.115s] Level 1:colcon.colcon_core.package_identification:_identify(src) by extension 'python_setup_py'
[2.115s] Level 1:colcon.colcon_core.package_identification:_identify(src/arduinobot_cpp_examples) by extensions ['ignore', 'ignore_ament_install']
[2.116s] Level 1:colcon.colcon_core.package_identification:_identify(src/arduinobot_cpp_examples) by extension 'ignore'
[2.116s] Level 1:colcon.colcon_core.package_identification:_identify(src/arduinobot_cpp_examples) by extension 'ignore_ament_install'
[2.116s] Level 1:colcon.colcon_core.package_identification:_identify(src/arduinobot_cpp_examples) by extensions ['colcon_pkg']
[2.116s] Level 1:colcon.colcon_core.package_identification:_identify(src/arduinobot_cpp_examples) by extension 'colcon_pkg'
[2.116s] Level 1:colcon.colcon_core.package_identification:_identify(src/arduinobot_cpp_examples) by extensions ['colcon_meta']
[2.116s] Level 1:colcon.colcon_core.package_identification:_identify(src/arduinobot_cpp_examples) by extension 'colcon_meta'
[2.116s] Level 1:colcon.colcon_core.package_identification:_identify(src/arduinobot_cpp_examples) by extensions ['ros']
[2.116s] Level 1:colcon.colcon_core.package_identification:_identify(src/arduinobot_cpp_examples) by extension 'ros'
[2.123s] DEBUG:colcon.colcon_core.package_identification:Package 'src/arduinobot_cpp_examples' with type 'ros.ament_cmake' and name 'arduinobot_cpp_examples'
[2.124s] Level 1:colcon.colcon_core.package_identification:_identify(src/arduinobot_description) by extensions ['ignore', 'ignore_ament_install']
[2.124s] Level 1:colcon.colcon_core.package_identification:_identify(src/arduinobot_description) by extension 'ignore'
[2.125s] Level 1:colcon.colcon_core.package_identification:_identify(src/arduinobot_description) by extension 'ignore_ament_install'
[2.125s] Level 1:colcon.colcon_core.package_identification:_identify(src/arduinobot_description) by extensions ['colcon_pkg']
[2.125s] Level 1:colcon.colcon_core.package_identification:_identify(src/arduinobot_description) by extension 'colcon_pkg'
[2.125s] Level 1:colcon.colcon_core.package_identification:_identify(src/arduinobot_description) by extensions ['colcon_meta']
[2.125s] Level 1:colcon.colcon_core.package_identification:_identify(src/arduinobot_description) by extension 'colcon_meta'
[2.125s] Level 1:colcon.colcon_core.package_identification:_identify(src/arduinobot_description) by extensions ['ros']
[2.125s] Level 1:colcon.colcon_core.package_identification:_identify(src/arduinobot_description) by extension 'ros'
[2.131s] DEBUG:colcon.colcon_core.package_identification:Package 'src/arduinobot_description' with type 'ros.ament_cmake' and name 'arduinobot_description'
[2.132s] Level 1:colcon.colcon_core.package_identification:_identify(src/arduinobot_py_examples) by extensions ['ignore', 'ignore_ament_install']
[2.132s] Level 1:colcon.colcon_core.package_identification:_identify(src/arduinobot_py_examples) by extension 'ignore'
[2.133s] Level 1:colcon.colcon_core.package_identification:_identify(src/arduinobot_py_examples) by extension 'ignore_ament_install'
[2.133s] Level 1:colcon.colcon_core.package_identification:_identify(src/arduinobot_py_examples) by extensions ['colcon_pkg']
[2.133s] Level 1:colcon.colcon_core.package_identification:_identify(src/arduinobot_py_examples) by extension 'colcon_pkg'
[2.133s] Level 1:colcon.colcon_core.package_identification:_identify(src/arduinobot_py_examples) by extensions ['colcon_meta']
[2.133s] Level 1:colcon.colcon_core.package_identification:_identify(src/arduinobot_py_examples) by extension 'colcon_meta'
[2.133s] Level 1:colcon.colcon_core.package_identification:_identify(src/arduinobot_py_examples) by extensions ['ros']
[2.133s] Level 1:colcon.colcon_core.package_identification:_identify(src/arduinobot_py_examples) by extension 'ros'
[2.135s] DEBUG:colcon.colcon_core.package_identification:Package 'src/arduinobot_py_examples' with type 'ros.ament_python' and name 'arduinobot_py_examples'
[2.135s] Level 1:colcon.colcon_core.package_discovery:discover_packages(recursive) using defaults
[2.135s] Level 1:colcon.colcon_core.package_discovery:discover_packages(ignore) discover
[2.135s] Level 1:colcon.colcon_core.package_discovery:discover_packages(ignore) using defaults
[2.135s] Level 1:colcon.colcon_core.package_discovery:discover_packages(path) discover
[2.135s] Level 1:colcon.colcon_core.package_discovery:discover_packages(path) using defaults
[2.338s] Level 1:colcon.colcon_core.package_discovery:discover_packages(prefix_path) check parameters
[2.338s] Level 1:colcon.colcon_core.package_discovery:discover_packages(prefix_path) discover
[2.407s] DEBUG:colcon.colcon_installed_package_information.package_discovery:Found 354 installed packages in /opt/ros/humble
[2.410s] Level 1:colcon.colcon_core.package_discovery:discover_packages(prefix_path) using defaults
[2.723s] Level 5:colcon.colcon_core.verb:set package 'arduinobot_cpp_examples' build argument 'cmake_args' from command line to 'None'
[2.723s] Level 5:colcon.colcon_core.verb:set package 'arduinobot_cpp_examples' build argument 'cmake_target' from command line to 'None'
[2.723s] Level 5:colcon.colcon_core.verb:set package 'arduinobot_cpp_examples' build argument 'cmake_target_skip_unavailable' from command line to 'False'
[2.723s] Level 5:colcon.colcon_core.verb:set package 'arduinobot_cpp_examples' build argument 'cmake_clean_cache' from command line to 'False'
[2.723s] Level 5:colcon.colcon_core.verb:set package 'arduinobot_cpp_examples' build argument 'cmake_clean_first' from command line to 'False'
[2.723s] Level 5:colcon.colcon_core.verb:set package 'arduinobot_cpp_examples' build argument 'cmake_force_configure' from command line to 'False'
[2.723s] Level 5:colcon.colcon_core.verb:set package 'arduinobot_cpp_examples' build argument 'ament_cmake_args' from command line to 'None'
[2.723s] Level 5:colcon.colcon_core.verb:set package 'arduinobot_cpp_examples' build argument 'catkin_cmake_args' from command line to 'None'
[2.723s] Level 5:colcon.colcon_core.verb:set package 'arduinobot_cpp_examples' build argument 'catkin_skip_building_tests' from command line to 'False'
[2.723s] DEBUG:colcon.colcon_core.verb:Building package 'arduinobot_cpp_examples' with the following arguments: {'ament_cmake_args': None, 'build_base': '/home/dcole3/arduinobot_ws/build/arduinobot_cpp_examples', 'catkin_cmake_args': None, 'catkin_skip_building_tests': False, 'cmake_args': None, 'cmake_clean_cache': False, 'cmake_clean_first': False, 'cmake_force_configure': False, 'cmake_target': None, 'cmake_target_skip_unavailable': False, 'install_base': '/home/dcole3/arduinobot_ws/install/arduinobot_cpp_examples', 'merge_install': False, 'path': '/home/dcole3/arduinobot_ws/src/arduinobot_cpp_examples', 'symlink_install': False, 'test_result_base': None}
[2.746s] Level 5:colcon.colcon_core.verb:set package 'arduinobot_description' build argument 'cmake_args' from command line to 'None'
[2.747s] Level 5:colcon.colcon_core.verb:set package 'arduinobot_description' build argument 'cmake_target' from command line to 'None'
[2.747s] Level 5:colcon.colcon_core.verb:set package 'arduinobot_description' build argument 'cmake_target_skip_unavailable' from command line to 'False'
[2.747s] Level 5:colcon.colcon_core.verb:set package 'arduinobot_description' build argument 'cmake_clean_cache' from command line to 'False'
[2.747s] Level 5:colcon.colcon_core.verb:set package 'arduinobot_description' build argument 'cmake_clean_first' from command line to 'False'
[2.747s] Level 5:colcon.colcon_core.verb:set package 'arduinobot_description' build argument 'cmake_force_configure' from command line to 'False'
[2.747s] Level 5:colcon.colcon_core.verb:set package 'arduinobot_description' build argument 'ament_cmake_args' from command line to 'None'
[2.747s] Level 5:colcon.colcon_core.verb:set package 'arduinobot_description' build argument 'catkin_cmake_args' from command line to 'None'
[2.747s] Level 5:colcon.colcon_core.verb:set package 'arduinobot_description' build argument 'catkin_skip_building_tests' from command line to 'False'
[2.747s] DEBUG:colcon.colcon_core.verb:Building package 'arduinobot_description' with the following arguments: {'ament_cmake_args': None, 'build_base': '/home/dcole3/arduinobot_ws/build/arduinobot_description', 'catkin_cmake_args': None, 'catkin_skip_building_tests': False, 'cmake_args': None, 'cmake_clean_cache': False, 'cmake_clean_first': False, 'cmake_force_configure': False, 'cmake_target': None, 'cmake_target_skip_unavailable': False, 'install_base': '/home/dcole3/arduinobot_ws/install/arduinobot_description', 'merge_install': False, 'path': '/home/dcole3/arduinobot_ws/src/arduinobot_description', 'symlink_install': False, 'test_result_base': None}
[2.768s] Level 5:colcon.colcon_core.verb:set package 'arduinobot_py_examples' build argument 'cmake_args' from command line to 'None'
[2.768s] Level 5:colcon.colcon_core.verb:set package 'arduinobot_py_examples' build argument 'cmake_target' from command line to 'None'
[2.768s] Level 5:colcon.colcon_core.verb:set package 'arduinobot_py_examples' build argument 'cmake_target_skip_unavailable' from command line to 'False'
[2.768s] Level 5:colcon.colcon_core.verb:set package 'arduinobot_py_examples' build argument 'cmake_clean_cache' from command line to 'False'
[2.768s] Level 5:colcon.colcon_core.verb:set package 'arduinobot_py_examples' build argument 'cmake_clean_first' from command line to 'False'
[2.768s] Level 5:colcon.colcon_core.verb:set package 'arduinobot_py_examples' build argument 'cmake_force_configure' from command line to 'False'
[2.769s] Level 5:colcon.colcon_core.verb:set package 'arduinobot_py_examples' build argument 'ament_cmake_args' from command line to 'None'
[2.769s] Level 5:colcon.colcon_core.verb:set package 'arduinobot_py_examples' build argument 'catkin_cmake_args' from command line to 'None'
[2.769s] Level 5:colcon.colcon_core.verb:set package 'arduinobot_py_examples' build argument 'catkin_skip_building_tests' from command line to 'False'
[2.769s] DEBUG:colcon.colcon_core.verb:Building package 'arduinobot_py_examples' with the following arguments: {'ament_cmake_args': None, 'build_base': '/home/dcole3/arduinobot_ws/build/arduinobot_py_examples', 'catkin_cmake_args': None, 'catkin_skip_building_tests': False, 'cmake_args': None, 'cmake_clean_cache': False, 'cmake_clean_first': False, 'cmake_force_configure': False, 'cmake_target': None, 'cmake_target_skip_unavailable': False, 'install_base': '/home/dcole3/arduinobot_ws/install/arduinobot_py_examples', 'merge_install': False, 'path': '/home/dcole3/arduinobot_ws/src/arduinobot_py_examples', 'symlink_install': False, 'test_result_base': None}
[2.791s] INFO:colcon.colcon_core.executor:Executing jobs using 'parallel' executor
[2.814s] DEBUG:colcon.colcon_parallel_executor.executor.parallel:run_until_complete
[2.815s] INFO:colcon.colcon_ros.task.ament_cmake.build:Building ROS package in '/home/dcole3/arduinobot_ws/src/arduinobot_cpp_examples' with build type 'ament_cmake'
[2.816s] INFO:colcon.colcon_cmake.task.cmake.build:Building CMake package in '/home/dcole3/arduinobot_ws/src/arduinobot_cpp_examples'
[2.847s] INFO:colcon.colcon_core.plugin_system:Skipping extension 'colcon_core.shell.bat': Not used on non-Windows systems
[2.848s] INFO:colcon.colcon_core.shell:Skip shell extension 'powershell' for command environment: Not usable outside of PowerShell
[2.848s] DEBUG:colcon.colcon_core.shell:Skip shell extension 'dsv' for command environment
[2.899s] INFO:colcon.colcon_ros.task.ament_cmake.build:Building ROS package in '/home/dcole3/arduinobot_ws/src/arduinobot_description' with build type 'ament_cmake'
[2.900s] INFO:colcon.colcon_cmake.task.cmake.build:Building CMake package in '/home/dcole3/arduinobot_ws/src/arduinobot_description'
[2.926s] INFO:colcon.colcon_core.shell:Skip shell extension 'powershell' for command environment: Not usable outside of PowerShell
[2.926s] DEBUG:colcon.colcon_core.shell:Skip shell extension 'dsv' for command environment
[2.975s] INFO:colcon.colcon_ros.task.ament_python.build:Building ROS package in '/home/dcole3/arduinobot_ws/src/arduinobot_py_examples' with build type 'ament_python'
[2.975s] Level 1:colcon.colcon_core.shell:create_environment_hook('arduinobot_py_examples', 'ament_prefix_path')
[2.998s] INFO:colcon.colcon_core.shell:Creating environment hook '/home/dcole3/arduinobot_ws/install/arduinobot_py_examples/share/arduinobot_py_examples/hook/ament_prefix_path.ps1'
[3.000s] INFO:colcon.colcon_core.shell:Creating environment descriptor '/home/dcole3/arduinobot_ws/install/arduinobot_py_examples/share/arduinobot_py_examples/hook/ament_prefix_path.dsv'
[3.001s] INFO:colcon.colcon_core.shell:Creating environment hook '/home/dcole3/arduinobot_ws/install/arduinobot_py_examples/share/arduinobot_py_examples/hook/ament_prefix_path.sh'
[3.027s] INFO:colcon.colcon_core.shell:Skip shell extension 'powershell' for command environment: Not usable outside of PowerShell
[3.027s] DEBUG:colcon.colcon_core.shell:Skip shell extension 'dsv' for command environment
[3.091s] DEBUG:colcon.colcon_core.event_handler.log_command:Invoking command in '/home/dcole3/arduinobot_ws/build/arduinobot_cpp_examples': CMAKE_PREFIX_PATH=/opt/ros/humble /usr/bin/cmake --build /home/dcole3/arduinobot_ws/build/arduinobot_cpp_examples -- -j4 -l4
[3.099s] DEBUG:colcon.colcon_core.event_handler.log_command:Invoking command in '/home/dcole3/arduinobot_ws/build/arduinobot_description': CMAKE_PREFIX_PATH=/opt/ros/humble /usr/bin/cmake --build /home/dcole3/arduinobot_ws/build/arduinobot_description -- -j4 -l4
[3.729s] INFO:colcon.colcon_core.task.python.build:Building Python package in '/home/dcole3/arduinobot_ws/src/arduinobot_py_examples'
[3.775s] INFO:colcon.colcon_core.shell:Skip shell extension 'powershell' for command environment: Not usable outside of PowerShell
[3.775s] DEBUG:colcon.colcon_core.shell:Skip shell extension 'dsv' for command environment
[3.871s] DEBUG:colcon.colcon_core.event_handler.log_command:Invoked command in '/home/dcole3/arduinobot_ws/build/arduinobot_description' returned '0': CMAKE_PREFIX_PATH=/opt/ros/humble /usr/bin/cmake --build /home/dcole3/arduinobot_ws/build/arduinobot_description -- -j4 -l4
[3.929s] DEBUG:colcon.colcon_core.event_handler.log_command:Invoking command in '/home/dcole3/arduinobot_ws/build/arduinobot_description': CMAKE_PREFIX_PATH=/opt/ros/humble /usr/bin/cmake --install /home/dcole3/arduinobot_ws/build/arduinobot_description
[3.965s] Level 1:colcon.colcon_core.environment:create_environment_scripts_only(arduinobot_description)
[3.979s] DEBUG:colcon.colcon_core.event_handler.log_command:Invoked command in '/home/dcole3/arduinobot_ws/build/arduinobot_description' returned '0': CMAKE_PREFIX_PATH=/opt/ros/humble /usr/bin/cmake --install /home/dcole3/arduinobot_ws/build/arduinobot_description
[4.018s] Level 1:colcon.colcon_core.environment:checking '/home/dcole3/arduinobot_ws/install/arduinobot_description' for CMake module files
[4.019s] Level 1:colcon.colcon_core.environment:checking '/home/dcole3/arduinobot_ws/install/arduinobot_description' for CMake config files
[4.020s] Level 1:colcon.colcon_core.shell:create_environment_hook('arduinobot_description', 'cmake_prefix_path')
[4.061s] INFO:colcon.colcon_core.shell:Creating environment hook '/home/dcole3/arduinobot_ws/install/arduinobot_description/share/arduinobot_description/hook/cmake_prefix_path.ps1'
[4.063s] INFO:colcon.colcon_core.shell:Creating environment descriptor '/home/dcole3/arduinobot_ws/install/arduinobot_description/share/arduinobot_description/hook/cmake_prefix_path.dsv'
[4.064s] INFO:colcon.colcon_core.shell:Creating environment hook '/home/dcole3/arduinobot_ws/install/arduinobot_description/share/arduinobot_description/hook/cmake_prefix_path.sh'
[4.069s] Level 1:colcon.colcon_core.environment:checking '/home/dcole3/arduinobot_ws/install/arduinobot_description/bin'
[4.069s] Level 1:colcon.colcon_core.environment:checking '/home/dcole3/arduinobot_ws/install/arduinobot_description/lib/pkgconfig/arduinobot_description.pc'
[4.070s] Level 1:colcon.colcon_core.environment:checking '/home/dcole3/arduinobot_ws/install/arduinobot_description/lib/python3.10/site-packages'
[4.070s] Level 1:colcon.colcon_core.environment:checking '/home/dcole3/arduinobot_ws/install/arduinobot_description/bin'
[4.117s] INFO:colcon.colcon_core.shell:Creating package script '/home/dcole3/arduinobot_ws/install/arduinobot_description/share/arduinobot_description/package.ps1'
[4.121s] INFO:colcon.colcon_core.shell:Creating package descriptor '/home/dcole3/arduinobot_ws/install/arduinobot_description/share/arduinobot_description/package.dsv'
[4.124s] INFO:colcon.colcon_core.shell:Creating package script '/home/dcole3/arduinobot_ws/install/arduinobot_description/share/arduinobot_description/package.sh'
[4.127s] INFO:colcon.colcon_core.shell:Creating package script '/home/dcole3/arduinobot_ws/install/arduinobot_description/share/arduinobot_description/package.bash'
[4.130s] INFO:colcon.colcon_core.shell:Creating package script '/home/dcole3/arduinobot_ws/install/arduinobot_description/share/arduinobot_description/package.zsh'
[4.133s] Level 1:colcon.colcon_core.environment:create_file_with_runtime_dependencies(/home/dcole3/arduinobot_ws/install/arduinobot_description/share/colcon-core/packages/arduinobot_description)
[4.203s] Level 1:colcon.colcon_core.environment:create_environment_scripts_only(arduinobot_description)
[4.260s] Level 1:colcon.colcon_core.environment:checking '/home/dcole3/arduinobot_ws/install/arduinobot_description' for CMake module files
[4.262s] Level 1:colcon.colcon_core.environment:checking '/home/dcole3/arduinobot_ws/install/arduinobot_description' for CMake config files
[4.263s] Level 1:colcon.colcon_core.shell:create_environment_hook('arduinobot_description', 'cmake_prefix_path')
[4.308s] INFO:colcon.colcon_core.shell:Creating environment hook '/home/dcole3/arduinobot_ws/install/arduinobot_description/share/arduinobot_description/hook/cmake_prefix_path.ps1'
[4.311s] INFO:colcon.colcon_core.shell:Creating environment descriptor '/home/dcole3/arduinobot_ws/install/arduinobot_description/share/arduinobot_description/hook/cmake_prefix_path.dsv'
[4.311s] INFO:colcon.colcon_core.shell:Creating environment hook '/home/dcole3/arduinobot_ws/install/arduinobot_description/share/arduinobot_description/hook/cmake_prefix_path.sh'
[4.312s] Level 1:colcon.colcon_core.environment:checking '/home/dcole3/arduinobot_ws/install/arduinobot_description/bin'
[4.313s] Level 1:colcon.colcon_core.environment:checking '/home/dcole3/arduinobot_ws/install/arduinobot_description/lib/pkgconfig/arduinobot_description.pc'
[4.313s] Level 1:colcon.colcon_core.environment:checking '/home/dcole3/arduinobot_ws/install/arduinobot_description/lib/python3.10/site-packages'
[4.314s] Level 1:colcon.colcon_core.environment:checking '/home/dcole3/arduinobot_ws/install/arduinobot_description/bin'
[4.339s] INFO:colcon.colcon_core.shell:Creating package script '/home/dcole3/arduinobot_ws/install/arduinobot_description/share/arduinobot_description/package.ps1'
[4.340s] INFO:colcon.colcon_core.shell:Creating package descriptor '/home/dcole3/arduinobot_ws/install/arduinobot_description/share/arduinobot_description/package.dsv'
[4.341s] INFO:colcon.colcon_core.shell:Creating package script '/home/dcole3/arduinobot_ws/install/arduinobot_description/share/arduinobot_description/package.sh'
[4.342s] INFO:colcon.colcon_core.shell:Creating package script '/home/dcole3/arduinobot_ws/install/arduinobot_description/share/arduinobot_description/package.bash'
[4.343s] INFO:colcon.colcon_core.shell:Creating package script '/home/dcole3/arduinobot_ws/install/arduinobot_description/share/arduinobot_description/package.zsh'
[4.344s] Level 1:colcon.colcon_core.environment:create_file_with_runtime_dependencies(/home/dcole3/arduinobot_ws/install/arduinobot_description/share/colcon-core/packages/arduinobot_description)
[4.839s] DEBUG:colcon.colcon_core.event_handler.log_command:Invoking command in '/home/dcole3/arduinobot_ws/src/arduinobot_py_examples': PYTHONPATH=/home/dcole3/arduinobot_ws/build/arduinobot_py_examples/prefix_override:/home/dcole3/arduinobot_ws/install/arduinobot_py_examples/lib/python3.10/site-packages:${PYTHONPATH} /usr/bin/python3 setup.py egg_info --egg-base ../../build/arduinobot_py_examples build --build-base /home/dcole3/arduinobot_ws/build/arduinobot_py_examples/build install --record /home/dcole3/arduinobot_ws/build/arduinobot_py_examples/install.log --single-version-externally-managed
[5.476s] DEBUG:colcon.colcon_core.event_handler.log_command:Invoked command in '/home/dcole3/arduinobot_ws/src/arduinobot_py_examples' returned '0': PYTHONPATH=/home/dcole3/arduinobot_ws/build/arduinobot_py_examples/prefix_override:/home/dcole3/arduinobot_ws/install/arduinobot_py_examples/lib/python3.10/site-packages:${PYTHONPATH} /usr/bin/python3 setup.py egg_info --egg-base ../../build/arduinobot_py_examples build --build-base /home/dcole3/arduinobot_ws/build/arduinobot_py_examples/build install --record /home/dcole3/arduinobot_ws/build/arduinobot_py_examples/install.log --single-version-externally-managed
[5.499s] Level 1:colcon.colcon_core.environment:checking '/home/dcole3/arduinobot_ws/install/arduinobot_py_examples' for CMake module files
[5.500s] Level 1:colcon.colcon_core.environment:checking '/home/dcole3/arduinobot_ws/install/arduinobot_py_examples' for CMake config files
[5.501s] Level 1:colcon.colcon_core.environment:checking '/home/dcole3/arduinobot_ws/install/arduinobot_py_examples/lib'
[5.501s] Level 1:colcon.colcon_core.environment:checking '/home/dcole3/arduinobot_ws/install/arduinobot_py_examples/bin'
[5.502s] Level 1:colcon.colcon_core.environment:checking '/home/dcole3/arduinobot_ws/install/arduinobot_py_examples/lib/pkgconfig/arduinobot_py_examples.pc'
[5.502s] Level 1:colcon.colcon_core.environment:checking '/home/dcole3/arduinobot_ws/install/arduinobot_py_examples/lib/python3.10/site-packages'
[5.502s] Level 1:colcon.colcon_core.shell:create_environment_hook('arduinobot_py_examples', 'pythonpath')
[5.527s] INFO:colcon.colcon_core.shell:Creating environment hook '/home/dcole3/arduinobot_ws/install/arduinobot_py_examples/share/arduinobot_py_examples/hook/pythonpath.ps1'
[5.528s] INFO:colcon.colcon_core.shell:Creating environment descriptor '/home/dcole3/arduinobot_ws/install/arduinobot_py_examples/share/arduinobot_py_examples/hook/pythonpath.dsv'
[5.529s] INFO:colcon.colcon_core.shell:Creating environment hook '/home/dcole3/arduinobot_ws/install/arduinobot_py_examples/share/arduinobot_py_examples/hook/pythonpath.sh'
[5.530s] Level 1:colcon.colcon_core.environment:checking '/home/dcole3/arduinobot_ws/install/arduinobot_py_examples/bin'
[5.530s] Level 1:colcon.colcon_core.environment:create_environment_scripts_only(arduinobot_py_examples)
[5.555s] INFO:colcon.colcon_core.shell:Creating package script '/home/dcole3/arduinobot_ws/install/arduinobot_py_examples/share/arduinobot_py_examples/package.ps1'
[5.556s] INFO:colcon.colcon_core.shell:Creating package descriptor '/home/dcole3/arduinobot_ws/install/arduinobot_py_examples/share/arduinobot_py_examples/package.dsv'
[5.557s] INFO:colcon.colcon_core.shell:Creating package script '/home/dcole3/arduinobot_ws/install/arduinobot_py_examples/share/arduinobot_py_examples/package.sh'
[5.559s] INFO:colcon.colcon_core.shell:Creating package script '/home/dcole3/arduinobot_ws/install/arduinobot_py_examples/share/arduinobot_py_examples/package.bash'
[5.560s] INFO:colcon.colcon_core.shell:Creating package script '/home/dcole3/arduinobot_ws/install/arduinobot_py_examples/share/arduinobot_py_examples/package.zsh'
[5.560s] Level 1:colcon.colcon_core.environment:create_file_with_runtime_dependencies(/home/dcole3/arduinobot_ws/install/arduinobot_py_examples/share/colcon-core/packages/arduinobot_py_examples)
[12.625s] DEBUG:colcon.colcon_core.event_handler.log_command:Invoked command in '/home/dcole3/arduinobot_ws/build/arduinobot_cpp_examples' returned '0': CMAKE_PREFIX_PATH=/opt/ros/humble /usr/bin/cmake --build /home/dcole3/arduinobot_ws/build/arduinobot_cpp_examples -- -j4 -l4
[12.698s] DEBUG:colcon.colcon_core.event_handler.log_command:Invoking command in '/home/dcole3/arduinobot_ws/build/arduinobot_cpp_examples': CMAKE_PREFIX_PATH=/opt/ros/humble /usr/bin/cmake --install /home/dcole3/arduinobot_ws/build/arduinobot_cpp_examples
[12.735s] Level 1:colcon.colcon_core.environment:create_environment_scripts_only(arduinobot_cpp_examples)
[12.737s] DEBUG:colcon.colcon_core.event_handler.log_command:Invoked command in '/home/dcole3/arduinobot_ws/build/arduinobot_cpp_examples' returned '0': CMAKE_PREFIX_PATH=/opt/ros/humble /usr/bin/cmake --install /home/dcole3/arduinobot_ws/build/arduinobot_cpp_examples
[12.939s] Level 1:colcon.colcon_core.environment:checking '/home/dcole3/arduinobot_ws/install/arduinobot_cpp_examples' for CMake module files
[12.940s] Level 1:colcon.colcon_core.environment:checking '/home/dcole3/arduinobot_ws/install/arduinobot_cpp_examples' for CMake config files
[12.942s] Level 1:colcon.colcon_core.shell:create_environment_hook('arduinobot_cpp_examples', 'cmake_prefix_path')
[12.981s] INFO:colcon.colcon_core.shell:Creating environment hook '/home/dcole3/arduinobot_ws/install/arduinobot_cpp_examples/share/arduinobot_cpp_examples/hook/cmake_prefix_path.ps1'
[12.984s] INFO:colcon.colcon_core.shell:Creating environment descriptor '/home/dcole3/arduinobot_ws/install/arduinobot_cpp_examples/share/arduinobot_cpp_examples/hook/cmake_prefix_path.dsv'
[12.986s] INFO:colcon.colcon_core.shell:Creating environment hook '/home/dcole3/arduinobot_ws/install/arduinobot_cpp_examples/share/arduinobot_cpp_examples/hook/cmake_prefix_path.sh'
[12.987s] Level 1:colcon.colcon_core.environment:checking '/home/dcole3/arduinobot_ws/install/arduinobot_cpp_examples/lib'
[12.987s] Level 1:colcon.colcon_core.environment:checking '/home/dcole3/arduinobot_ws/install/arduinobot_cpp_examples/bin'
[12.987s] Level 1:colcon.colcon_core.environment:checking '/home/dcole3/arduinobot_ws/install/arduinobot_cpp_examples/lib/pkgconfig/arduinobot_cpp_examples.pc'
[12.988s] Level 1:colcon.colcon_core.environment:checking '/home/dcole3/arduinobot_ws/install/arduinobot_cpp_examples/lib/python3.10/site-packages'
[12.988s] Level 1:colcon.colcon_core.environment:checking '/home/dcole3/arduinobot_ws/install/arduinobot_cpp_examples/bin'
[13.019s] INFO:colcon.colcon_core.shell:Creating package script '/home/dcole3/arduinobot_ws/install/arduinobot_cpp_examples/share/arduinobot_cpp_examples/package.ps1'
[13.020s] INFO:colcon.colcon_core.shell:Creating package descriptor '/home/dcole3/arduinobot_ws/install/arduinobot_cpp_examples/share/arduinobot_cpp_examples/package.dsv'
[13.021s] INFO:colcon.colcon_core.shell:Creating package script '/home/dcole3/arduinobot_ws/install/arduinobot_cpp_examples/share/arduinobot_cpp_examples/package.sh'
[13.022s] INFO:colcon.colcon_core.shell:Creating package script '/home/dcole3/arduinobot_ws/install/arduinobot_cpp_examples/share/arduinobot_cpp_examples/package.bash'
[13.023s] INFO:colcon.colcon_core.shell:Creating package script '/home/dcole3/arduinobot_ws/install/arduinobot_cpp_examples/share/arduinobot_cpp_examples/package.zsh'
[13.025s] Level 1:colcon.colcon_core.environment:create_file_with_runtime_dependencies(/home/dcole3/arduinobot_ws/install/arduinobot_cpp_examples/share/colcon-core/packages/arduinobot_cpp_examples)
[13.123s] Level 1:colcon.colcon_core.environment:create_environment_scripts_only(arduinobot_cpp_examples)
[13.180s] Level 1:colcon.colcon_core.environment:checking '/home/dcole3/arduinobot_ws/install/arduinobot_cpp_examples' for CMake module files
[13.182s] Level 1:colcon.colcon_core.environment:checking '/home/dcole3/arduinobot_ws/install/arduinobot_cpp_examples' for CMake config files
[13.183s] Level 1:colcon.colcon_core.shell:create_environment_hook('arduinobot_cpp_examples', 'cmake_prefix_path')
[13.240s] INFO:colcon.colcon_core.shell:Creating environment hook '/home/dcole3/arduinobot_ws/install/arduinobot_cpp_examples/share/arduinobot_cpp_examples/hook/cmake_prefix_path.ps1'
[13.241s] INFO:colcon.colcon_core.shell:Creating environment descriptor '/home/dcole3/arduinobot_ws/install/arduinobot_cpp_examples/share/arduinobot_cpp_examples/hook/cmake_prefix_path.dsv'
[13.242s] INFO:colcon.colcon_core.shell:Creating environment hook '/home/dcole3/arduinobot_ws/install/arduinobot_cpp_examples/share/arduinobot_cpp_examples/hook/cmake_prefix_path.sh'
[13.244s] Level 1:colcon.colcon_core.environment:checking '/home/dcole3/arduinobot_ws/install/arduinobot_cpp_examples/lib'
[13.245s] Level 1:colcon.colcon_core.environment:checking '/home/dcole3/arduinobot_ws/install/arduinobot_cpp_examples/bin'
[13.245s] Level 1:colcon.colcon_core.environment:checking '/home/dcole3/arduinobot_ws/install/arduinobot_cpp_examples/lib/pkgconfig/arduinobot_cpp_examples.pc'
[13.246s] Level 1:colcon.colcon_core.environment:checking '/home/dcole3/arduinobot_ws/install/arduinobot_cpp_examples/lib/python3.10/site-packages'
[13.247s] Level 1:colcon.colcon_core.environment:checking '/home/dcole3/arduinobot_ws/install/arduinobot_cpp_examples/bin'
[13.310s] INFO:colcon.colcon_core.shell:Creating package script '/home/dcole3/arduinobot_ws/install/arduinobot_cpp_examples/share/arduinobot_cpp_examples/package.ps1'
[13.312s] INFO:colcon.colcon_core.shell:Creating package descriptor '/home/dcole3/arduinobot_ws/install/arduinobot_cpp_examples/share/arduinobot_cpp_examples/package.dsv'
[13.313s] INFO:colcon.colcon_core.shell:Creating package script '/home/dcole3/arduinobot_ws/install/arduinobot_cpp_examples/share/arduinobot_cpp_examples/package.sh'
[13.315s] INFO:colcon.colcon_core.shell:Creating package script '/home/dcole3/arduinobot_ws/install/arduinobot_cpp_examples/share/arduinobot_cpp_examples/package.bash'
[13.316s] INFO:colcon.colcon_core.shell:Creating package script '/home/dcole3/arduinobot_ws/install/arduinobot_cpp_examples/share/arduinobot_cpp_examples/package.zsh'
[13.317s] Level 1:colcon.colcon_core.environment:create_file_with_runtime_dependencies(/home/dcole3/arduinobot_ws/install/arduinobot_cpp_examples/share/colcon-core/packages/arduinobot_cpp_examples)
[13.318s] DEBUG:colcon.colcon_parallel_executor.executor.parallel:closing loop
[13.318s] DEBUG:colcon.colcon_parallel_executor.executor.parallel:loop closed
[13.319s] DEBUG:colcon.colcon_parallel_executor.executor.parallel:run_until_complete finished with '0'
[13.319s] DEBUG:colcon.colcon_core.event_reactor:joining thread
[13.394s] INFO:colcon.colcon_core.plugin_system:Skipping extension 'colcon_notification.desktop_notification.terminal_notifier': Not used on non-Darwin systems
[13.394s] INFO:colcon.colcon_core.plugin_system:Skipping extension 'colcon_notification.desktop_notification.win32': Not used on non-Windows systems
[13.394s] INFO:colcon.colcon_notification.desktop_notification:Sending desktop notification using 'notify2'
[13.520s] DEBUG:colcon.colcon_core.event_reactor:joined thread
[13.557s] INFO:colcon.colcon_core.shell:Creating prefix script '/home/dcole3/arduinobot_ws/install/local_setup.ps1'
[13.559s] INFO:colcon.colcon_core.shell:Creating prefix util module '/home/dcole3/arduinobot_ws/install/_local_setup_util_ps1.py'
[13.563s] INFO:colcon.colcon_core.shell:Creating prefix chain script '/home/dcole3/arduinobot_ws/install/setup.ps1'
[13.602s] INFO:colcon.colcon_core.shell:Creating prefix script '/home/dcole3/arduinobot_ws/install/local_setup.sh'
[13.603s] INFO:colcon.colcon_core.shell:Creating prefix util module '/home/dcole3/arduinobot_ws/install/_local_setup_util_sh.py'
[13.604s] INFO:colcon.colcon_core.shell:Creating prefix chain script '/home/dcole3/arduinobot_ws/install/setup.sh'
[13.646s] INFO:colcon.colcon_core.shell:Creating prefix script '/home/dcole3/arduinobot_ws/install/local_setup.bash'
[13.648s] INFO:colcon.colcon_core.shell:Creating prefix chain script '/home/dcole3/arduinobot_ws/install/setup.bash'
[13.693s] INFO:colcon.colcon_core.shell:Creating prefix script '/home/dcole3/arduinobot_ws/install/local_setup.zsh'
[13.695s] INFO:colcon.colcon_core.shell:Creating prefix chain script '/home/dcole3/arduinobot_ws/install/setup.zsh'
