[1.725s] Invoking command in '/home/dcole3/arduinobot_ws/src/arduinobot_py_examples': PYTHONPATH=/home/dcole3/arduinobot_ws/build/arduinobot_py_examples/prefix_override:/home/dcole3/arduinobot_ws/install/arduinobot_py_examples/lib/python3.10/site-packages:${PYTHONPATH} /usr/bin/python3 setup.py egg_info --egg-base ../../build/arduinobot_py_examples build --build-base /home/dcole3/arduinobot_ws/build/arduinobot_py_examples/build install --record /home/dcole3/arduinobot_ws/build/arduinobot_py_examples/install.log --single-version-externally-managed
[2.386s] running egg_info
[2.392s] creating ../../build/arduinobot_py_examples/arduinobot_py_examples.egg-info
[2.393s] writing ../../build/arduinobot_py_examples/arduinobot_py_examples.egg-info/PKG-INFO
[2.394s] writing dependency_links to ../../build/arduinobot_py_examples/arduinobot_py_examples.egg-info/dependency_links.txt
[2.395s] writing entry points to ../../build/arduinobot_py_examples/arduinobot_py_examples.egg-info/entry_points.txt
[2.396s] writing requirements to ../../build/arduinobot_py_examples/arduinobot_py_examples.egg-info/requires.txt
[2.396s] writing top-level names to ../../build/arduinobot_py_examples/arduinobot_py_examples.egg-info/top_level.txt
[2.397s] writing manifest file '../../build/arduinobot_py_examples/arduinobot_py_examples.egg-info/SOURCES.txt'
[2.402s] reading manifest file '../../build/arduinobot_py_examples/arduinobot_py_examples.egg-info/SOURCES.txt'
[2.403s] writing manifest file '../../build/arduinobot_py_examples/arduinobot_py_examples.egg-info/SOURCES.txt'
[2.403s] running build
[2.404s] running build_py
[2.404s] creating /home/dcole3/arduinobot_ws/build/arduinobot_py_examples/build
[2.404s] creating /home/dcole3/arduinobot_ws/build/arduinobot_py_examples/build/lib
[2.405s] creating /home/dcole3/arduinobot_ws/build/arduinobot_py_examples/build/lib/arduinobot_py_examples
[2.406s] /usr/lib/python3/dist-packages/setuptools/command/install.py:34: SetuptoolsDeprecationWarning: setup.py install is deprecated. Use build and pip and other standards-based tools.
[2.407s]   warnings.warn(
[2.407s] copying arduinobot_py_examples/__init__.py -> /home/dcole3/arduinobot_ws/build/arduinobot_py_examples/build/lib/arduinobot_py_examples
[2.407s] running install
[2.407s] running install_lib
[2.409s] creating /home/dcole3/arduinobot_ws/install/arduinobot_py_examples/lib/python3.10/site-packages/arduinobot_py_examples
[2.410s] copying /home/dcole3/arduinobot_ws/build/arduinobot_py_examples/build/lib/arduinobot_py_examples/__init__.py -> /home/dcole3/arduinobot_ws/install/arduinobot_py_examples/lib/python3.10/site-packages/arduinobot_py_examples
[2.410s] byte-compiling /home/dcole3/arduinobot_ws/install/arduinobot_py_examples/lib/python3.10/site-packages/arduinobot_py_examples/__init__.py to __init__.cpython-310.pyc
[2.411s] running install_data
[2.413s] creating /home/dcole3/arduinobot_ws/install/arduinobot_py_examples/share/ament_index
[2.413s] creating /home/dcole3/arduinobot_ws/install/arduinobot_py_examples/share/ament_index/resource_index
[2.413s] creating /home/dcole3/arduinobot_ws/install/arduinobot_py_examples/share/ament_index/resource_index/packages
[2.414s] copying resource/arduinobot_py_examples -> /home/dcole3/arduinobot_ws/install/arduinobot_py_examples/share/ament_index/resource_index/packages
[2.414s] copying package.xml -> /home/dcole3/arduinobot_ws/install/arduinobot_py_examples/share/arduinobot_py_examples
[2.414s] running install_egg_info
[2.418s] Copying ../../build/arduinobot_py_examples/arduinobot_py_examples.egg-info to /home/dcole3/arduinobot_ws/install/arduinobot_py_examples/lib/python3.10/site-packages/arduinobot_py_examples-0.0.0-py3.10.egg-info
[2.421s] running install_scripts
[2.477s] writing list of installed files to '/home/dcole3/arduinobot_ws/build/arduinobot_py_examples/install.log'
[2.560s] Invoked command in '/home/dcole3/arduinobot_ws/src/arduinobot_py_examples' returned '0': PYTHONPATH=/home/dcole3/arduinobot_ws/build/arduinobot_py_examples/prefix_override:/home/dcole3/arduinobot_ws/install/arduinobot_py_examples/lib/python3.10/site-packages:${PYTHONPATH} /usr/bin/python3 setup.py egg_info --egg-base ../../build/arduinobot_py_examples build --build-base /home/dcole3/arduinobot_ws/build/arduinobot_py_examples/build install --record /home/dcole3/arduinobot_ws/build/arduinobot_py_examples/install.log --single-version-externally-managed
