[0.383s] Invoking command in '/home/dcole3/arduinobot_ws/build/arduinobot_controller': CMAKE_PREFIX_PATH=/opt/ros/humble /usr/bin/cmake --build /home/dcole3/arduinobot_ws/build/arduinobot_controller -- -j4 -l4
[0.922s] Invoked command in '/home/dcole3/arduinobot_ws/build/arduinobot_controller' returned '0': CMAKE_PREFIX_PATH=/opt/ros/humble /usr/bin/cmake --build /home/dcole3/arduinobot_ws/build/arduinobot_controller -- -j4 -l4
[0.987s] Invoking command in '/home/dcole3/arduinobot_ws/build/arduinobot_controller': CMAKE_PREFIX_PATH=/opt/ros/humble /usr/bin/cmake --install /home/dcole3/arduinobot_ws/build/arduinobot_controller
[1.038s] -- Install configuration: ""
[1.039s] -- Up-to-date: /home/dcole3/arduinobot_ws/install/arduinobot_controller/share/arduinobot_controller/config
[1.039s] -- Up-to-date: /home/dcole3/arduinobot_ws/install/arduinobot_controller/share/arduinobot_controller/config/arduinobot_controllers.yaml
[1.039s] -- Up-to-date: /home/dcole3/arduinobot_ws/install/arduinobot_controller/share/ament_index/resource_index/package_run_dependencies/arduinobot_controller
[1.039s] -- Up-to-date: /home/dcole3/arduinobot_ws/install/arduinobot_controller/share/ament_index/resource_index/parent_prefix_path/arduinobot_controller
[1.040s] -- Up-to-date: /home/dcole3/arduinobot_ws/install/arduinobot_controller/share/arduinobot_controller/environment/ament_prefix_path.sh
[1.040s] -- Up-to-date: /home/dcole3/arduinobot_ws/install/arduinobot_controller/share/arduinobot_controller/environment/ament_prefix_path.dsv
[1.041s] -- Up-to-date: /home/dcole3/arduinobot_ws/install/arduinobot_controller/share/arduinobot_controller/environment/path.sh
[1.041s] -- Up-to-date: /home/dcole3/arduinobot_ws/install/arduinobot_controller/share/arduinobot_controller/environment/path.dsv
[1.042s] -- Up-to-date: /home/dcole3/arduinobot_ws/install/arduinobot_controller/share/arduinobot_controller/local_setup.bash
[1.042s] -- Up-to-date: /home/dcole3/arduinobot_ws/install/arduinobot_controller/share/arduinobot_controller/local_setup.sh
[1.042s] -- Up-to-date: /home/dcole3/arduinobot_ws/install/arduinobot_controller/share/arduinobot_controller/local_setup.zsh
[1.043s] -- Up-to-date: /home/dcole3/arduinobot_ws/install/arduinobot_controller/share/arduinobot_controller/local_setup.dsv
[1.045s] -- Up-to-date: /home/dcole3/arduinobot_ws/install/arduinobot_controller/share/arduinobot_controller/package.dsv
[1.046s] -- Up-to-date: /home/dcole3/arduinobot_ws/install/arduinobot_controller/share/ament_index/resource_index/packages/arduinobot_controller
[1.047s] -- Up-to-date: /home/dcole3/arduinobot_ws/install/arduinobot_controller/share/arduinobot_controller/cmake/arduinobot_controllerConfig.cmake
[1.047s] -- Up-to-date: /home/dcole3/arduinobot_ws/install/arduinobot_controller/share/arduinobot_controller/cmake/arduinobot_controllerConfig-version.cmake
[1.048s] -- Up-to-date: /home/dcole3/arduinobot_ws/install/arduinobot_controller/share/arduinobot_controller/package.xml
[1.158s] Invoked command in '/home/dcole3/arduinobot_ws/build/arduinobot_controller' returned '0': CMAKE_PREFIX_PATH=/opt/ros/humble /usr/bin/cmake --install /home/dcole3/arduinobot_ws/build/arduinobot_controller
