[1.692s] DEBUG:colcon:Command line arguments: ['/usr/bin/colcon', 'build']
[1.692s] DEBUG:colcon:Parsed command line arguments: Namespace(log_base=None, log_level=None, verb_name='build', build_base='build', install_base='install', merge_install=False, symlink_install=False, test_result_base=None, continue_on_error=False, executor='parallel', parallel_workers=4, event_handlers=None, ignore_user_meta=False, metas=['./colcon.meta'], base_paths=['.'], packages_ignore=None, packages_ignore_regex=None, paths=None, packages_up_to=None, packages_up_to_regex=None, packages_above=None, packages_above_and_dependencies=None, packages_above_depth=None, packages_select_by_dep=None, packages_skip_by_dep=None, packages_skip_up_to=None, packages_select_build_failed=False, packages_skip_build_finished=False, packages_select_test_failures=False, packages_skip_test_passed=False, packages_select=None, packages_skip=None, packages_select_regex=None, packages_skip_regex=None, packages_start=None, packages_end=None, allow_overriding=[], cmake_args=None, cmake_target=None, cmake_target_skip_unavailable=False, cmake_clean_cache=False, cmake_clean_first=False, cmake_force_configure=False, ament_cmake_args=None, catkin_cmake_args=None, catkin_skip_building_tests=False, verb_parser=<colcon_defaults.argument_parser.defaults.DefaultArgumentsDecorator object at 0x7f18fdfc7490>, verb_extension=<colcon_core.verb.build.BuildVerb object at 0x7f18fdfc5b70>, main=<bound method BuildVerb.main of <colcon_core.verb.build.BuildVerb object at 0x7f18fdfc5b70>>)
[1.791s] Level 1:colcon.colcon_core.package_discovery:discover_packages(colcon_meta) check parameters
[1.791s] Level 1:colcon.colcon_core.package_discovery:discover_packages(recursive) check parameters
[1.791s] Level 1:colcon.colcon_core.package_discovery:discover_packages(ignore) check parameters
[1.791s] Level 1:colcon.colcon_core.package_discovery:discover_packages(path) check parameters
[1.791s] Level 1:colcon.colcon_core.package_discovery:discover_packages(colcon_meta) discover
[1.791s] Level 1:colcon.colcon_core.package_discovery:discover_packages(recursive) discover
[1.791s] INFO:colcon.colcon_core.package_discovery:Crawling recursively for packages in '/home/dcole3/GitHub/arduinobot_ws'
[1.791s] Level 1:colcon.colcon_core.package_identification:_identify(.) by extensions ['ignore', 'ignore_ament_install']
[1.792s] Level 1:colcon.colcon_core.package_identification:_identify(.) by extension 'ignore'
[1.792s] Level 1:colcon.colcon_core.package_identification:_identify(.) by extension 'ignore_ament_install'
[1.792s] Level 1:colcon.colcon_core.package_identification:_identify(.) by extensions ['colcon_pkg']
[1.792s] Level 1:colcon.colcon_core.package_identification:_identify(.) by extension 'colcon_pkg'
[1.792s] Level 1:colcon.colcon_core.package_identification:_identify(.) by extensions ['colcon_meta']
[1.792s] Level 1:colcon.colcon_core.package_identification:_identify(.) by extension 'colcon_meta'
[1.792s] Level 1:colcon.colcon_core.package_identification:_identify(.) by extensions ['ros']
[1.792s] Level 1:colcon.colcon_core.package_identification:_identify(.) by extension 'ros'
[1.811s] Level 1:colcon.colcon_core.package_identification:_identify(.) by extensions ['cmake', 'python']
[1.811s] Level 1:colcon.colcon_core.package_identification:_identify(.) by extension 'cmake'
[1.811s] Level 1:colcon.colcon_core.package_identification:_identify(.) by extension 'python'
[1.811s] Level 1:colcon.colcon_core.package_identification:_identify(.) by extensions ['python_setup_py']
[1.811s] Level 1:colcon.colcon_core.package_identification:_identify(.) by extension 'python_setup_py'
[1.811s] Level 1:colcon.colcon_core.package_identification:_identify(build) by extensions ['ignore', 'ignore_ament_install']
[1.812s] Level 1:colcon.colcon_core.package_identification:_identify(build) by extension 'ignore'
[1.812s] Level 1:colcon.colcon_core.package_identification:_identify(build) ignored
[1.812s] Level 1:colcon.colcon_core.package_identification:_identify(install) by extensions ['ignore', 'ignore_ament_install']
[1.812s] Level 1:colcon.colcon_core.package_identification:_identify(install) by extension 'ignore'
[1.812s] Level 1:colcon.colcon_core.package_identification:_identify(install) ignored
[1.813s] Level 1:colcon.colcon_core.package_identification:_identify(log) by extensions ['ignore', 'ignore_ament_install']
[1.813s] Level 1:colcon.colcon_core.package_identification:_identify(log) by extension 'ignore'
[1.813s] Level 1:colcon.colcon_core.package_identification:_identify(log) ignored
[1.813s] Level 1:colcon.colcon_core.package_identification:_identify(src) by extensions ['ignore', 'ignore_ament_install']
[1.813s] Level 1:colcon.colcon_core.package_identification:_identify(src) by extension 'ignore'
[1.813s] Level 1:colcon.colcon_core.package_identification:_identify(src) by extension 'ignore_ament_install'
[1.814s] Level 1:colcon.colcon_core.package_identification:_identify(src) by extensions ['colcon_pkg']
[1.814s] Level 1:colcon.colcon_core.package_identification:_identify(src) by extension 'colcon_pkg'
[1.814s] Level 1:colcon.colcon_core.package_identification:_identify(src) by extensions ['colcon_meta']
[1.814s] Level 1:colcon.colcon_core.package_identification:_identify(src) by extension 'colcon_meta'
[1.814s] Level 1:colcon.colcon_core.package_identification:_identify(src) by extensions ['ros']
[1.814s] Level 1:colcon.colcon_core.package_identification:_identify(src) by extension 'ros'
[1.814s] Level 1:colcon.colcon_core.package_identification:_identify(src) by extensions ['cmake', 'python']
[1.814s] Level 1:colcon.colcon_core.package_identification:_identify(src) by extension 'cmake'
[1.814s] Level 1:colcon.colcon_core.package_identification:_identify(src) by extension 'python'
[1.815s] Level 1:colcon.colcon_core.package_identification:_identify(src) by extensions ['python_setup_py']
[1.815s] Level 1:colcon.colcon_core.package_identification:_identify(src) by extension 'python_setup_py'
[1.815s] Level 1:colcon.colcon_core.package_identification:_identify(src/arduinobot_controller) by extensions ['ignore', 'ignore_ament_install']
[1.815s] Level 1:colcon.colcon_core.package_identification:_identify(src/arduinobot_controller) by extension 'ignore'
[1.815s] Level 1:colcon.colcon_core.package_identification:_identify(src/arduinobot_controller) by extension 'ignore_ament_install'
[1.815s] Level 1:colcon.colcon_core.package_identification:_identify(src/arduinobot_controller) by extensions ['colcon_pkg']
[1.815s] Level 1:colcon.colcon_core.package_identification:_identify(src/arduinobot_controller) by extension 'colcon_pkg'
[1.816s] Level 1:colcon.colcon_core.package_identification:_identify(src/arduinobot_controller) by extensions ['colcon_meta']
[1.816s] Level 1:colcon.colcon_core.package_identification:_identify(src/arduinobot_controller) by extension 'colcon_meta'
[1.816s] Level 1:colcon.colcon_core.package_identification:_identify(src/arduinobot_controller) by extensions ['ros']
[1.816s] Level 1:colcon.colcon_core.package_identification:_identify(src/arduinobot_controller) by extension 'ros'
[1.819s] DEBUG:colcon.colcon_core.package_identification:Package 'src/arduinobot_controller' with type 'ros.ament_cmake' and name 'arduinobot_controller'
[1.820s] Level 1:colcon.colcon_core.package_identification:_identify(src/arduinobot_cpp_examples) by extensions ['ignore', 'ignore_ament_install']
[1.820s] Level 1:colcon.colcon_core.package_identification:_identify(src/arduinobot_cpp_examples) by extension 'ignore'
[1.820s] Level 1:colcon.colcon_core.package_identification:_identify(src/arduinobot_cpp_examples) by extension 'ignore_ament_install'
[1.820s] Level 1:colcon.colcon_core.package_identification:_identify(src/arduinobot_cpp_examples) by extensions ['colcon_pkg']
[1.820s] Level 1:colcon.colcon_core.package_identification:_identify(src/arduinobot_cpp_examples) by extension 'colcon_pkg'
[1.820s] Level 1:colcon.colcon_core.package_identification:_identify(src/arduinobot_cpp_examples) by extensions ['colcon_meta']
[1.821s] Level 1:colcon.colcon_core.package_identification:_identify(src/arduinobot_cpp_examples) by extension 'colcon_meta'
[1.821s] Level 1:colcon.colcon_core.package_identification:_identify(src/arduinobot_cpp_examples) by extensions ['ros']
[1.821s] Level 1:colcon.colcon_core.package_identification:_identify(src/arduinobot_cpp_examples) by extension 'ros'
[1.822s] DEBUG:colcon.colcon_core.package_identification:Package 'src/arduinobot_cpp_examples' with type 'ros.ament_cmake' and name 'arduinobot_cpp_examples'
[1.822s] Level 1:colcon.colcon_core.package_identification:_identify(src/arduinobot_description) by extensions ['ignore', 'ignore_ament_install']
[1.823s] Level 1:colcon.colcon_core.package_identification:_identify(src/arduinobot_description) by extension 'ignore'
[1.823s] Level 1:colcon.colcon_core.package_identification:_identify(src/arduinobot_description) by extension 'ignore_ament_install'
[1.823s] Level 1:colcon.colcon_core.package_identification:_identify(src/arduinobot_description) by extensions ['colcon_pkg']
[1.823s] Level 1:colcon.colcon_core.package_identification:_identify(src/arduinobot_description) by extension 'colcon_pkg'
[1.823s] Level 1:colcon.colcon_core.package_identification:_identify(src/arduinobot_description) by extensions ['colcon_meta']
[1.823s] Level 1:colcon.colcon_core.package_identification:_identify(src/arduinobot_description) by extension 'colcon_meta'
[1.823s] Level 1:colcon.colcon_core.package_identification:_identify(src/arduinobot_description) by extensions ['ros']
[1.823s] Level 1:colcon.colcon_core.package_identification:_identify(src/arduinobot_description) by extension 'ros'
[1.824s] DEBUG:colcon.colcon_core.package_identification:Package 'src/arduinobot_description' with type 'ros.ament_cmake' and name 'arduinobot_description'
[1.825s] Level 1:colcon.colcon_core.package_identification:_identify(src/arduinobot_py_examples) by extensions ['ignore', 'ignore_ament_install']
[1.825s] Level 1:colcon.colcon_core.package_identification:_identify(src/arduinobot_py_examples) by extension 'ignore'
[1.825s] Level 1:colcon.colcon_core.package_identification:_identify(src/arduinobot_py_examples) by extension 'ignore_ament_install'
[1.825s] Level 1:colcon.colcon_core.package_identification:_identify(src/arduinobot_py_examples) by extensions ['colcon_pkg']
[1.825s] Level 1:colcon.colcon_core.package_identification:_identify(src/arduinobot_py_examples) by extension 'colcon_pkg'
[1.825s] Level 1:colcon.colcon_core.package_identification:_identify(src/arduinobot_py_examples) by extensions ['colcon_meta']
[1.825s] Level 1:colcon.colcon_core.package_identification:_identify(src/arduinobot_py_examples) by extension 'colcon_meta'
[1.825s] Level 1:colcon.colcon_core.package_identification:_identify(src/arduinobot_py_examples) by extensions ['ros']
[1.825s] Level 1:colcon.colcon_core.package_identification:_identify(src/arduinobot_py_examples) by extension 'ros'
[1.826s] DEBUG:colcon.colcon_core.package_identification:Package 'src/arduinobot_py_examples' with type 'ros.ament_python' and name 'arduinobot_py_examples'
[1.826s] Level 1:colcon.colcon_core.package_discovery:discover_packages(recursive) using defaults
[1.827s] Level 1:colcon.colcon_core.package_discovery:discover_packages(ignore) discover
[1.827s] Level 1:colcon.colcon_core.package_discovery:discover_packages(ignore) using defaults
[1.827s] Level 1:colcon.colcon_core.package_discovery:discover_packages(path) discover
[1.827s] Level 1:colcon.colcon_core.package_discovery:discover_packages(path) using defaults
[1.970s] Level 1:colcon.colcon_core.package_discovery:discover_packages(prefix_path) check parameters
[1.970s] Level 1:colcon.colcon_core.package_discovery:discover_packages(prefix_path) discover
[2.017s] DEBUG:colcon.colcon_installed_package_information.package_discovery:Found 358 installed packages in /opt/ros/humble
[2.019s] Level 1:colcon.colcon_core.package_discovery:discover_packages(prefix_path) using defaults
[2.185s] Level 5:colcon.colcon_core.verb:set package 'arduinobot_controller' build argument 'cmake_args' from command line to 'None'
[2.185s] Level 5:colcon.colcon_core.verb:set package 'arduinobot_controller' build argument 'cmake_target' from command line to 'None'
[2.185s] Level 5:colcon.colcon_core.verb:set package 'arduinobot_controller' build argument 'cmake_target_skip_unavailable' from command line to 'False'
[2.185s] Level 5:colcon.colcon_core.verb:set package 'arduinobot_controller' build argument 'cmake_clean_cache' from command line to 'False'
[2.185s] Level 5:colcon.colcon_core.verb:set package 'arduinobot_controller' build argument 'cmake_clean_first' from command line to 'False'
[2.185s] Level 5:colcon.colcon_core.verb:set package 'arduinobot_controller' build argument 'cmake_force_configure' from command line to 'False'
[2.185s] Level 5:colcon.colcon_core.verb:set package 'arduinobot_controller' build argument 'ament_cmake_args' from command line to 'None'
[2.185s] Level 5:colcon.colcon_core.verb:set package 'arduinobot_controller' build argument 'catkin_cmake_args' from command line to 'None'
[2.185s] Level 5:colcon.colcon_core.verb:set package 'arduinobot_controller' build argument 'catkin_skip_building_tests' from command line to 'False'
[2.185s] DEBUG:colcon.colcon_core.verb:Building package 'arduinobot_controller' with the following arguments: {'ament_cmake_args': None, 'build_base': '/home/dcole3/GitHub/arduinobot_ws/build/arduinobot_controller', 'catkin_cmake_args': None, 'catkin_skip_building_tests': False, 'cmake_args': None, 'cmake_clean_cache': False, 'cmake_clean_first': False, 'cmake_force_configure': False, 'cmake_target': None, 'cmake_target_skip_unavailable': False, 'install_base': '/home/dcole3/GitHub/arduinobot_ws/install/arduinobot_controller', 'merge_install': False, 'path': '/home/dcole3/GitHub/arduinobot_ws/src/arduinobot_controller', 'symlink_install': False, 'test_result_base': None}
[2.207s] Level 5:colcon.colcon_core.verb:set package 'arduinobot_cpp_examples' build argument 'cmake_args' from command line to 'None'
[2.207s] Level 5:colcon.colcon_core.verb:set package 'arduinobot_cpp_examples' build argument 'cmake_target' from command line to 'None'
[2.207s] Level 5:colcon.colcon_core.verb:set package 'arduinobot_cpp_examples' build argument 'cmake_target_skip_unavailable' from command line to 'False'
[2.207s] Level 5:colcon.colcon_core.verb:set package 'arduinobot_cpp_examples' build argument 'cmake_clean_cache' from command line to 'False'
[2.207s] Level 5:colcon.colcon_core.verb:set package 'arduinobot_cpp_examples' build argument 'cmake_clean_first' from command line to 'False'
[2.207s] Level 5:colcon.colcon_core.verb:set package 'arduinobot_cpp_examples' build argument 'cmake_force_configure' from command line to 'False'
[2.207s] Level 5:colcon.colcon_core.verb:set package 'arduinobot_cpp_examples' build argument 'ament_cmake_args' from command line to 'None'
[2.207s] Level 5:colcon.colcon_core.verb:set package 'arduinobot_cpp_examples' build argument 'catkin_cmake_args' from command line to 'None'
[2.207s] Level 5:colcon.colcon_core.verb:set package 'arduinobot_cpp_examples' build argument 'catkin_skip_building_tests' from command line to 'False'
[2.207s] DEBUG:colcon.colcon_core.verb:Building package 'arduinobot_cpp_examples' with the following arguments: {'ament_cmake_args': None, 'build_base': '/home/dcole3/GitHub/arduinobot_ws/build/arduinobot_cpp_examples', 'catkin_cmake_args': None, 'catkin_skip_building_tests': False, 'cmake_args': None, 'cmake_clean_cache': False, 'cmake_clean_first': False, 'cmake_force_configure': False, 'cmake_target': None, 'cmake_target_skip_unavailable': False, 'install_base': '/home/dcole3/GitHub/arduinobot_ws/install/arduinobot_cpp_examples', 'merge_install': False, 'path': '/home/dcole3/GitHub/arduinobot_ws/src/arduinobot_cpp_examples', 'symlink_install': False, 'test_result_base': None}
[2.228s] Level 5:colcon.colcon_core.verb:set package 'arduinobot_description' build argument 'cmake_args' from command line to 'None'
[2.228s] Level 5:colcon.colcon_core.verb:set package 'arduinobot_description' build argument 'cmake_target' from command line to 'None'
[2.228s] Level 5:colcon.colcon_core.verb:set package 'arduinobot_description' build argument 'cmake_target_skip_unavailable' from command line to 'False'
[2.228s] Level 5:colcon.colcon_core.verb:set package 'arduinobot_description' build argument 'cmake_clean_cache' from command line to 'False'
[2.229s] Level 5:colcon.colcon_core.verb:set package 'arduinobot_description' build argument 'cmake_clean_first' from command line to 'False'
[2.229s] Level 5:colcon.colcon_core.verb:set package 'arduinobot_description' build argument 'cmake_force_configure' from command line to 'False'
[2.229s] Level 5:colcon.colcon_core.verb:set package 'arduinobot_description' build argument 'ament_cmake_args' from command line to 'None'
[2.229s] Level 5:colcon.colcon_core.verb:set package 'arduinobot_description' build argument 'catkin_cmake_args' from command line to 'None'
[2.229s] Level 5:colcon.colcon_core.verb:set package 'arduinobot_description' build argument 'catkin_skip_building_tests' from command line to 'False'
[2.229s] DEBUG:colcon.colcon_core.verb:Building package 'arduinobot_description' with the following arguments: {'ament_cmake_args': None, 'build_base': '/home/dcole3/GitHub/arduinobot_ws/build/arduinobot_description', 'catkin_cmake_args': None, 'catkin_skip_building_tests': False, 'cmake_args': None, 'cmake_clean_cache': False, 'cmake_clean_first': False, 'cmake_force_configure': False, 'cmake_target': None, 'cmake_target_skip_unavailable': False, 'install_base': '/home/dcole3/GitHub/arduinobot_ws/install/arduinobot_description', 'merge_install': False, 'path': '/home/dcole3/GitHub/arduinobot_ws/src/arduinobot_description', 'symlink_install': False, 'test_result_base': None}
[2.250s] Level 5:colcon.colcon_core.verb:set package 'arduinobot_py_examples' build argument 'cmake_args' from command line to 'None'
[2.250s] Level 5:colcon.colcon_core.verb:set package 'arduinobot_py_examples' build argument 'cmake_target' from command line to 'None'
[2.250s] Level 5:colcon.colcon_core.verb:set package 'arduinobot_py_examples' build argument 'cmake_target_skip_unavailable' from command line to 'False'
[2.250s] Level 5:colcon.colcon_core.verb:set package 'arduinobot_py_examples' build argument 'cmake_clean_cache' from command line to 'False'
[2.250s] Level 5:colcon.colcon_core.verb:set package 'arduinobot_py_examples' build argument 'cmake_clean_first' from command line to 'False'
[2.250s] Level 5:colcon.colcon_core.verb:set package 'arduinobot_py_examples' build argument 'cmake_force_configure' from command line to 'False'
[2.250s] Level 5:colcon.colcon_core.verb:set package 'arduinobot_py_examples' build argument 'ament_cmake_args' from command line to 'None'
[2.250s] Level 5:colcon.colcon_core.verb:set package 'arduinobot_py_examples' build argument 'catkin_cmake_args' from command line to 'None'
[2.250s] Level 5:colcon.colcon_core.verb:set package 'arduinobot_py_examples' build argument 'catkin_skip_building_tests' from command line to 'False'
[2.251s] DEBUG:colcon.colcon_core.verb:Building package 'arduinobot_py_examples' with the following arguments: {'ament_cmake_args': None, 'build_base': '/home/dcole3/GitHub/arduinobot_ws/build/arduinobot_py_examples', 'catkin_cmake_args': None, 'catkin_skip_building_tests': False, 'cmake_args': None, 'cmake_clean_cache': False, 'cmake_clean_first': False, 'cmake_force_configure': False, 'cmake_target': None, 'cmake_target_skip_unavailable': False, 'install_base': '/home/dcole3/GitHub/arduinobot_ws/install/arduinobot_py_examples', 'merge_install': False, 'path': '/home/dcole3/GitHub/arduinobot_ws/src/arduinobot_py_examples', 'symlink_install': False, 'test_result_base': None}
[2.277s] INFO:colcon.colcon_core.executor:Executing jobs using 'parallel' executor
[2.302s] DEBUG:colcon.colcon_parallel_executor.executor.parallel:run_until_complete
[2.303s] INFO:colcon.colcon_ros.task.ament_cmake.build:Building ROS package in '/home/dcole3/GitHub/arduinobot_ws/src/arduinobot_controller' with build type 'ament_cmake'
[2.303s] INFO:colcon.colcon_cmake.task.cmake.build:Building CMake package in '/home/dcole3/GitHub/arduinobot_ws/src/arduinobot_controller'
[2.331s] INFO:colcon.colcon_core.plugin_system:Skipping extension 'colcon_core.shell.bat': Not used on non-Windows systems
[2.331s] INFO:colcon.colcon_core.shell:Skip shell extension 'powershell' for command environment: Not usable outside of PowerShell
[2.331s] DEBUG:colcon.colcon_core.shell:Skip shell extension 'dsv' for command environment
[2.379s] INFO:colcon.colcon_ros.task.ament_cmake.build:Building ROS package in '/home/dcole3/GitHub/arduinobot_ws/src/arduinobot_cpp_examples' with build type 'ament_cmake'
[2.379s] INFO:colcon.colcon_cmake.task.cmake.build:Building CMake package in '/home/dcole3/GitHub/arduinobot_ws/src/arduinobot_cpp_examples'
[2.404s] INFO:colcon.colcon_core.shell:Skip shell extension 'powershell' for command environment: Not usable outside of PowerShell
[2.404s] DEBUG:colcon.colcon_core.shell:Skip shell extension 'dsv' for command environment
[2.453s] INFO:colcon.colcon_ros.task.ament_cmake.build:Building ROS package in '/home/dcole3/GitHub/arduinobot_ws/src/arduinobot_description' with build type 'ament_cmake'
[2.453s] INFO:colcon.colcon_cmake.task.cmake.build:Building CMake package in '/home/dcole3/GitHub/arduinobot_ws/src/arduinobot_description'
[2.476s] INFO:colcon.colcon_core.shell:Skip shell extension 'powershell' for command environment: Not usable outside of PowerShell
[2.477s] DEBUG:colcon.colcon_core.shell:Skip shell extension 'dsv' for command environment
[2.527s] INFO:colcon.colcon_ros.task.ament_python.build:Building ROS package in '/home/dcole3/GitHub/arduinobot_ws/src/arduinobot_py_examples' with build type 'ament_python'
[2.528s] Level 1:colcon.colcon_core.shell:create_environment_hook('arduinobot_py_examples', 'ament_prefix_path')
[2.552s] INFO:colcon.colcon_core.shell:Creating environment hook '/home/dcole3/GitHub/arduinobot_ws/install/arduinobot_py_examples/share/arduinobot_py_examples/hook/ament_prefix_path.ps1'
[2.553s] INFO:colcon.colcon_core.shell:Creating environment descriptor '/home/dcole3/GitHub/arduinobot_ws/install/arduinobot_py_examples/share/arduinobot_py_examples/hook/ament_prefix_path.dsv'
[2.553s] INFO:colcon.colcon_core.shell:Creating environment hook '/home/dcole3/GitHub/arduinobot_ws/install/arduinobot_py_examples/share/arduinobot_py_examples/hook/ament_prefix_path.sh'
[2.576s] INFO:colcon.colcon_core.shell:Skip shell extension 'powershell' for command environment: Not usable outside of PowerShell
[2.576s] DEBUG:colcon.colcon_core.shell:Skip shell extension 'dsv' for command environment
[2.634s] DEBUG:colcon.colcon_core.event_handler.log_command:Invoking command in '/home/dcole3/GitHub/arduinobot_ws/build/arduinobot_controller': CMAKE_PREFIX_PATH=/opt/ros/humble /usr/bin/cmake --build /home/dcole3/GitHub/arduinobot_ws/build/arduinobot_controller -- -j4 -l4
[2.639s] DEBUG:colcon.colcon_core.event_handler.log_command:Invoking command in '/home/dcole3/GitHub/arduinobot_ws/build/arduinobot_cpp_examples': CMAKE_PREFIX_PATH=/opt/ros/humble /usr/bin/cmake --build /home/dcole3/GitHub/arduinobot_ws/build/arduinobot_cpp_examples -- -j4 -l4
[2.644s] DEBUG:colcon.colcon_core.event_handler.log_command:Invoking command in '/home/dcole3/GitHub/arduinobot_ws/build/arduinobot_description': CMAKE_PREFIX_PATH=/opt/ros/humble /usr/bin/cmake --build /home/dcole3/GitHub/arduinobot_ws/build/arduinobot_description -- -j4 -l4
[3.100s] INFO:colcon.colcon_core.task.python.build:Building Python package in '/home/dcole3/GitHub/arduinobot_ws/src/arduinobot_py_examples'
[3.122s] INFO:colcon.colcon_core.shell:Skip shell extension 'powershell' for command environment: Not usable outside of PowerShell
[3.122s] DEBUG:colcon.colcon_core.shell:Skip shell extension 'dsv' for command environment
[3.172s] DEBUG:colcon.colcon_core.event_handler.log_command:Invoked command in '/home/dcole3/GitHub/arduinobot_ws/build/arduinobot_controller' returned '0': CMAKE_PREFIX_PATH=/opt/ros/humble /usr/bin/cmake --build /home/dcole3/GitHub/arduinobot_ws/build/arduinobot_controller -- -j4 -l4
[3.174s] DEBUG:colcon.colcon_core.event_handler.log_command:Invoked command in '/home/dcole3/GitHub/arduinobot_ws/build/arduinobot_cpp_examples' returned '0': CMAKE_PREFIX_PATH=/opt/ros/humble /usr/bin/cmake --build /home/dcole3/GitHub/arduinobot_ws/build/arduinobot_cpp_examples -- -j4 -l4
[3.177s] DEBUG:colcon.colcon_core.event_handler.log_command:Invoked command in '/home/dcole3/GitHub/arduinobot_ws/build/arduinobot_description' returned '0': CMAKE_PREFIX_PATH=/opt/ros/humble /usr/bin/cmake --build /home/dcole3/GitHub/arduinobot_ws/build/arduinobot_description -- -j4 -l4
[3.236s] DEBUG:colcon.colcon_core.event_handler.log_command:Invoking command in '/home/dcole3/GitHub/arduinobot_ws/build/arduinobot_controller': CMAKE_PREFIX_PATH=/opt/ros/humble /usr/bin/cmake --install /home/dcole3/GitHub/arduinobot_ws/build/arduinobot_controller
[3.241s] DEBUG:colcon.colcon_core.event_handler.log_command:Invoking command in '/home/dcole3/GitHub/arduinobot_ws/build/arduinobot_cpp_examples': CMAKE_PREFIX_PATH=/opt/ros/humble /usr/bin/cmake --install /home/dcole3/GitHub/arduinobot_ws/build/arduinobot_cpp_examples
[3.245s] DEBUG:colcon.colcon_core.event_handler.log_command:Invoking command in '/home/dcole3/GitHub/arduinobot_ws/build/arduinobot_description': CMAKE_PREFIX_PATH=/opt/ros/humble /usr/bin/cmake --install /home/dcole3/GitHub/arduinobot_ws/build/arduinobot_description
[3.267s] Level 1:colcon.colcon_core.environment:create_environment_scripts_only(arduinobot_controller)
[3.271s] DEBUG:colcon.colcon_core.event_handler.log_command:Invoked command in '/home/dcole3/GitHub/arduinobot_ws/build/arduinobot_controller' returned '0': CMAKE_PREFIX_PATH=/opt/ros/humble /usr/bin/cmake --install /home/dcole3/GitHub/arduinobot_ws/build/arduinobot_controller
[3.336s] Level 1:colcon.colcon_core.environment:checking '/home/dcole3/GitHub/arduinobot_ws/install/arduinobot_controller' for CMake module files
[3.338s] Level 1:colcon.colcon_core.environment:checking '/home/dcole3/GitHub/arduinobot_ws/install/arduinobot_controller' for CMake config files
[3.341s] Level 1:colcon.colcon_core.shell:create_environment_hook('arduinobot_controller', 'cmake_prefix_path')
[3.380s] INFO:colcon.colcon_core.shell:Creating environment hook '/home/dcole3/GitHub/arduinobot_ws/install/arduinobot_controller/share/arduinobot_controller/hook/cmake_prefix_path.ps1'
[3.381s] INFO:colcon.colcon_core.shell:Creating environment descriptor '/home/dcole3/GitHub/arduinobot_ws/install/arduinobot_controller/share/arduinobot_controller/hook/cmake_prefix_path.dsv'
[3.382s] INFO:colcon.colcon_core.shell:Creating environment hook '/home/dcole3/GitHub/arduinobot_ws/install/arduinobot_controller/share/arduinobot_controller/hook/cmake_prefix_path.sh'
[3.384s] Level 1:colcon.colcon_core.environment:checking '/home/dcole3/GitHub/arduinobot_ws/install/arduinobot_controller/bin'
[3.384s] Level 1:colcon.colcon_core.environment:checking '/home/dcole3/GitHub/arduinobot_ws/install/arduinobot_controller/lib/pkgconfig/arduinobot_controller.pc'
[3.385s] Level 1:colcon.colcon_core.environment:checking '/home/dcole3/GitHub/arduinobot_ws/install/arduinobot_controller/lib/python3.10/site-packages'
[3.385s] Level 1:colcon.colcon_core.environment:checking '/home/dcole3/GitHub/arduinobot_ws/install/arduinobot_controller/bin'
[3.421s] INFO:colcon.colcon_core.shell:Creating package script '/home/dcole3/GitHub/arduinobot_ws/install/arduinobot_controller/share/arduinobot_controller/package.ps1'
[3.423s] INFO:colcon.colcon_core.shell:Creating package descriptor '/home/dcole3/GitHub/arduinobot_ws/install/arduinobot_controller/share/arduinobot_controller/package.dsv'
[3.425s] INFO:colcon.colcon_core.shell:Creating package script '/home/dcole3/GitHub/arduinobot_ws/install/arduinobot_controller/share/arduinobot_controller/package.sh'
[3.426s] INFO:colcon.colcon_core.shell:Creating package script '/home/dcole3/GitHub/arduinobot_ws/install/arduinobot_controller/share/arduinobot_controller/package.bash'
[3.428s] INFO:colcon.colcon_core.shell:Creating package script '/home/dcole3/GitHub/arduinobot_ws/install/arduinobot_controller/share/arduinobot_controller/package.zsh'
[3.430s] Level 1:colcon.colcon_core.environment:create_file_with_runtime_dependencies(/home/dcole3/GitHub/arduinobot_ws/install/arduinobot_controller/share/colcon-core/packages/arduinobot_controller)
[3.433s] Level 1:colcon.colcon_core.environment:create_environment_scripts_only(arduinobot_cpp_examples)
[3.435s] DEBUG:colcon.colcon_core.event_handler.log_command:Invoked command in '/home/dcole3/GitHub/arduinobot_ws/build/arduinobot_cpp_examples' returned '0': CMAKE_PREFIX_PATH=/opt/ros/humble /usr/bin/cmake --install /home/dcole3/GitHub/arduinobot_ws/build/arduinobot_cpp_examples
[3.470s] Level 1:colcon.colcon_core.environment:checking '/home/dcole3/GitHub/arduinobot_ws/install/arduinobot_cpp_examples' for CMake module files
[3.472s] Level 1:colcon.colcon_core.environment:checking '/home/dcole3/GitHub/arduinobot_ws/install/arduinobot_cpp_examples' for CMake config files
[3.475s] Level 1:colcon.colcon_core.shell:create_environment_hook('arduinobot_cpp_examples', 'cmake_prefix_path')
[3.512s] INFO:colcon.colcon_core.shell:Creating environment hook '/home/dcole3/GitHub/arduinobot_ws/install/arduinobot_cpp_examples/share/arduinobot_cpp_examples/hook/cmake_prefix_path.ps1'
[3.513s] INFO:colcon.colcon_core.shell:Creating environment descriptor '/home/dcole3/GitHub/arduinobot_ws/install/arduinobot_cpp_examples/share/arduinobot_cpp_examples/hook/cmake_prefix_path.dsv'
[3.513s] INFO:colcon.colcon_core.shell:Creating environment hook '/home/dcole3/GitHub/arduinobot_ws/install/arduinobot_cpp_examples/share/arduinobot_cpp_examples/hook/cmake_prefix_path.sh'
[3.514s] Level 1:colcon.colcon_core.environment:checking '/home/dcole3/GitHub/arduinobot_ws/install/arduinobot_cpp_examples/lib'
[3.515s] Level 1:colcon.colcon_core.environment:checking '/home/dcole3/GitHub/arduinobot_ws/install/arduinobot_cpp_examples/bin'
[3.515s] Level 1:colcon.colcon_core.environment:checking '/home/dcole3/GitHub/arduinobot_ws/install/arduinobot_cpp_examples/lib/pkgconfig/arduinobot_cpp_examples.pc'
[3.515s] Level 1:colcon.colcon_core.environment:checking '/home/dcole3/GitHub/arduinobot_ws/install/arduinobot_cpp_examples/lib/python3.10/site-packages'
[3.516s] Level 1:colcon.colcon_core.environment:checking '/home/dcole3/GitHub/arduinobot_ws/install/arduinobot_cpp_examples/bin'
[3.541s] INFO:colcon.colcon_core.shell:Creating package script '/home/dcole3/GitHub/arduinobot_ws/install/arduinobot_cpp_examples/share/arduinobot_cpp_examples/package.ps1'
[3.542s] INFO:colcon.colcon_core.shell:Creating package descriptor '/home/dcole3/GitHub/arduinobot_ws/install/arduinobot_cpp_examples/share/arduinobot_cpp_examples/package.dsv'
[3.543s] INFO:colcon.colcon_core.shell:Creating package script '/home/dcole3/GitHub/arduinobot_ws/install/arduinobot_cpp_examples/share/arduinobot_cpp_examples/package.sh'
[3.543s] INFO:colcon.colcon_core.shell:Creating package script '/home/dcole3/GitHub/arduinobot_ws/install/arduinobot_cpp_examples/share/arduinobot_cpp_examples/package.bash'
[3.544s] INFO:colcon.colcon_core.shell:Creating package script '/home/dcole3/GitHub/arduinobot_ws/install/arduinobot_cpp_examples/share/arduinobot_cpp_examples/package.zsh'
[3.545s] Level 1:colcon.colcon_core.environment:create_file_with_runtime_dependencies(/home/dcole3/GitHub/arduinobot_ws/install/arduinobot_cpp_examples/share/colcon-core/packages/arduinobot_cpp_examples)
[3.546s] Level 1:colcon.colcon_core.environment:create_environment_scripts_only(arduinobot_description)
[3.548s] DEBUG:colcon.colcon_core.event_handler.log_command:Invoked command in '/home/dcole3/GitHub/arduinobot_ws/build/arduinobot_description' returned '0': CMAKE_PREFIX_PATH=/opt/ros/humble /usr/bin/cmake --install /home/dcole3/GitHub/arduinobot_ws/build/arduinobot_description
[3.592s] Level 1:colcon.colcon_core.environment:checking '/home/dcole3/GitHub/arduinobot_ws/install/arduinobot_description' for CMake module files
[3.594s] Level 1:colcon.colcon_core.environment:checking '/home/dcole3/GitHub/arduinobot_ws/install/arduinobot_description' for CMake config files
[3.597s] Level 1:colcon.colcon_core.shell:create_environment_hook('arduinobot_description', 'cmake_prefix_path')
[3.638s] INFO:colcon.colcon_core.shell:Creating environment hook '/home/dcole3/GitHub/arduinobot_ws/install/arduinobot_description/share/arduinobot_description/hook/cmake_prefix_path.ps1'
[3.639s] INFO:colcon.colcon_core.shell:Creating environment descriptor '/home/dcole3/GitHub/arduinobot_ws/install/arduinobot_description/share/arduinobot_description/hook/cmake_prefix_path.dsv'
[3.640s] INFO:colcon.colcon_core.shell:Creating environment hook '/home/dcole3/GitHub/arduinobot_ws/install/arduinobot_description/share/arduinobot_description/hook/cmake_prefix_path.sh'
[3.641s] Level 1:colcon.colcon_core.environment:checking '/home/dcole3/GitHub/arduinobot_ws/install/arduinobot_description/bin'
[3.641s] Level 1:colcon.colcon_core.environment:checking '/home/dcole3/GitHub/arduinobot_ws/install/arduinobot_description/lib/pkgconfig/arduinobot_description.pc'
[3.642s] Level 1:colcon.colcon_core.environment:checking '/home/dcole3/GitHub/arduinobot_ws/install/arduinobot_description/lib/python3.10/site-packages'
[3.642s] Level 1:colcon.colcon_core.environment:checking '/home/dcole3/GitHub/arduinobot_ws/install/arduinobot_description/bin'
[3.684s] INFO:colcon.colcon_core.shell:Creating package script '/home/dcole3/GitHub/arduinobot_ws/install/arduinobot_description/share/arduinobot_description/package.ps1'
[3.685s] INFO:colcon.colcon_core.shell:Creating package descriptor '/home/dcole3/GitHub/arduinobot_ws/install/arduinobot_description/share/arduinobot_description/package.dsv'
[3.686s] INFO:colcon.colcon_core.shell:Creating package script '/home/dcole3/GitHub/arduinobot_ws/install/arduinobot_description/share/arduinobot_description/package.sh'
[3.687s] INFO:colcon.colcon_core.shell:Creating package script '/home/dcole3/GitHub/arduinobot_ws/install/arduinobot_description/share/arduinobot_description/package.bash'
[3.687s] INFO:colcon.colcon_core.shell:Creating package script '/home/dcole3/GitHub/arduinobot_ws/install/arduinobot_description/share/arduinobot_description/package.zsh'
[3.688s] Level 1:colcon.colcon_core.environment:create_file_with_runtime_dependencies(/home/dcole3/GitHub/arduinobot_ws/install/arduinobot_description/share/colcon-core/packages/arduinobot_description)
[3.735s] Level 1:colcon.colcon_core.environment:create_environment_scripts_only(arduinobot_controller)
[3.773s] Level 1:colcon.colcon_core.environment:checking '/home/dcole3/GitHub/arduinobot_ws/install/arduinobot_controller' for CMake module files
[3.774s] Level 1:colcon.colcon_core.environment:checking '/home/dcole3/GitHub/arduinobot_ws/install/arduinobot_controller' for CMake config files
[3.775s] Level 1:colcon.colcon_core.shell:create_environment_hook('arduinobot_controller', 'cmake_prefix_path')
[3.811s] INFO:colcon.colcon_core.shell:Creating environment hook '/home/dcole3/GitHub/arduinobot_ws/install/arduinobot_controller/share/arduinobot_controller/hook/cmake_prefix_path.ps1'
[3.812s] INFO:colcon.colcon_core.shell:Creating environment descriptor '/home/dcole3/GitHub/arduinobot_ws/install/arduinobot_controller/share/arduinobot_controller/hook/cmake_prefix_path.dsv'
[3.813s] INFO:colcon.colcon_core.shell:Creating environment hook '/home/dcole3/GitHub/arduinobot_ws/install/arduinobot_controller/share/arduinobot_controller/hook/cmake_prefix_path.sh'
[3.813s] Level 1:colcon.colcon_core.environment:checking '/home/dcole3/GitHub/arduinobot_ws/install/arduinobot_controller/bin'
[3.814s] Level 1:colcon.colcon_core.environment:checking '/home/dcole3/GitHub/arduinobot_ws/install/arduinobot_controller/lib/pkgconfig/arduinobot_controller.pc'
[3.814s] Level 1:colcon.colcon_core.environment:checking '/home/dcole3/GitHub/arduinobot_ws/install/arduinobot_controller/lib/python3.10/site-packages'
[3.815s] Level 1:colcon.colcon_core.environment:checking '/home/dcole3/GitHub/arduinobot_ws/install/arduinobot_controller/bin'
[3.842s] INFO:colcon.colcon_core.shell:Creating package script '/home/dcole3/GitHub/arduinobot_ws/install/arduinobot_controller/share/arduinobot_controller/package.ps1'
[3.843s] INFO:colcon.colcon_core.shell:Creating package descriptor '/home/dcole3/GitHub/arduinobot_ws/install/arduinobot_controller/share/arduinobot_controller/package.dsv'
[3.843s] INFO:colcon.colcon_core.shell:Creating package script '/home/dcole3/GitHub/arduinobot_ws/install/arduinobot_controller/share/arduinobot_controller/package.sh'
[3.844s] INFO:colcon.colcon_core.shell:Creating package script '/home/dcole3/GitHub/arduinobot_ws/install/arduinobot_controller/share/arduinobot_controller/package.bash'
[3.845s] INFO:colcon.colcon_core.shell:Creating package script '/home/dcole3/GitHub/arduinobot_ws/install/arduinobot_controller/share/arduinobot_controller/package.zsh'
[3.845s] Level 1:colcon.colcon_core.environment:create_file_with_runtime_dependencies(/home/dcole3/GitHub/arduinobot_ws/install/arduinobot_controller/share/colcon-core/packages/arduinobot_controller)
[3.882s] Level 1:colcon.colcon_core.environment:create_environment_scripts_only(arduinobot_cpp_examples)
[3.911s] Level 1:colcon.colcon_core.environment:checking '/home/dcole3/GitHub/arduinobot_ws/install/arduinobot_cpp_examples' for CMake module files
[3.912s] Level 1:colcon.colcon_core.environment:checking '/home/dcole3/GitHub/arduinobot_ws/install/arduinobot_cpp_examples' for CMake config files
[3.912s] Level 1:colcon.colcon_core.shell:create_environment_hook('arduinobot_cpp_examples', 'cmake_prefix_path')
[3.945s] INFO:colcon.colcon_core.shell:Creating environment hook '/home/dcole3/GitHub/arduinobot_ws/install/arduinobot_cpp_examples/share/arduinobot_cpp_examples/hook/cmake_prefix_path.ps1'
[3.945s] INFO:colcon.colcon_core.shell:Creating environment descriptor '/home/dcole3/GitHub/arduinobot_ws/install/arduinobot_cpp_examples/share/arduinobot_cpp_examples/hook/cmake_prefix_path.dsv'
[3.946s] INFO:colcon.colcon_core.shell:Creating environment hook '/home/dcole3/GitHub/arduinobot_ws/install/arduinobot_cpp_examples/share/arduinobot_cpp_examples/hook/cmake_prefix_path.sh'
[3.947s] Level 1:colcon.colcon_core.environment:checking '/home/dcole3/GitHub/arduinobot_ws/install/arduinobot_cpp_examples/lib'
[3.947s] Level 1:colcon.colcon_core.environment:checking '/home/dcole3/GitHub/arduinobot_ws/install/arduinobot_cpp_examples/bin'
[3.947s] Level 1:colcon.colcon_core.environment:checking '/home/dcole3/GitHub/arduinobot_ws/install/arduinobot_cpp_examples/lib/pkgconfig/arduinobot_cpp_examples.pc'
[3.948s] Level 1:colcon.colcon_core.environment:checking '/home/dcole3/GitHub/arduinobot_ws/install/arduinobot_cpp_examples/lib/python3.10/site-packages'
[3.948s] Level 1:colcon.colcon_core.environment:checking '/home/dcole3/GitHub/arduinobot_ws/install/arduinobot_cpp_examples/bin'
[3.976s] INFO:colcon.colcon_core.shell:Creating package script '/home/dcole3/GitHub/arduinobot_ws/install/arduinobot_cpp_examples/share/arduinobot_cpp_examples/package.ps1'
[3.977s] INFO:colcon.colcon_core.shell:Creating package descriptor '/home/dcole3/GitHub/arduinobot_ws/install/arduinobot_cpp_examples/share/arduinobot_cpp_examples/package.dsv'
[3.978s] INFO:colcon.colcon_core.shell:Creating package script '/home/dcole3/GitHub/arduinobot_ws/install/arduinobot_cpp_examples/share/arduinobot_cpp_examples/package.sh'
[3.979s] INFO:colcon.colcon_core.shell:Creating package script '/home/dcole3/GitHub/arduinobot_ws/install/arduinobot_cpp_examples/share/arduinobot_cpp_examples/package.bash'
[3.980s] INFO:colcon.colcon_core.shell:Creating package script '/home/dcole3/GitHub/arduinobot_ws/install/arduinobot_cpp_examples/share/arduinobot_cpp_examples/package.zsh'
[3.981s] Level 1:colcon.colcon_core.environment:create_file_with_runtime_dependencies(/home/dcole3/GitHub/arduinobot_ws/install/arduinobot_cpp_examples/share/colcon-core/packages/arduinobot_cpp_examples)
[4.018s] Level 1:colcon.colcon_core.environment:create_environment_scripts_only(arduinobot_description)
[4.054s] Level 1:colcon.colcon_core.environment:checking '/home/dcole3/GitHub/arduinobot_ws/install/arduinobot_description' for CMake module files
[4.055s] Level 1:colcon.colcon_core.environment:checking '/home/dcole3/GitHub/arduinobot_ws/install/arduinobot_description' for CMake config files
[4.056s] Level 1:colcon.colcon_core.shell:create_environment_hook('arduinobot_description', 'cmake_prefix_path')
[4.091s] INFO:colcon.colcon_core.shell:Creating environment hook '/home/dcole3/GitHub/arduinobot_ws/install/arduinobot_description/share/arduinobot_description/hook/cmake_prefix_path.ps1'
[4.092s] INFO:colcon.colcon_core.shell:Creating environment descriptor '/home/dcole3/GitHub/arduinobot_ws/install/arduinobot_description/share/arduinobot_description/hook/cmake_prefix_path.dsv'
[4.093s] INFO:colcon.colcon_core.shell:Creating environment hook '/home/dcole3/GitHub/arduinobot_ws/install/arduinobot_description/share/arduinobot_description/hook/cmake_prefix_path.sh'
[4.094s] Level 1:colcon.colcon_core.environment:checking '/home/dcole3/GitHub/arduinobot_ws/install/arduinobot_description/bin'
[4.094s] Level 1:colcon.colcon_core.environment:checking '/home/dcole3/GitHub/arduinobot_ws/install/arduinobot_description/lib/pkgconfig/arduinobot_description.pc'
[4.094s] Level 1:colcon.colcon_core.environment:checking '/home/dcole3/GitHub/arduinobot_ws/install/arduinobot_description/lib/python3.10/site-packages'
[4.095s] Level 1:colcon.colcon_core.environment:checking '/home/dcole3/GitHub/arduinobot_ws/install/arduinobot_description/bin'
[4.118s] INFO:colcon.colcon_core.shell:Creating package script '/home/dcole3/GitHub/arduinobot_ws/install/arduinobot_description/share/arduinobot_description/package.ps1'
[4.118s] INFO:colcon.colcon_core.shell:Creating package descriptor '/home/dcole3/GitHub/arduinobot_ws/install/arduinobot_description/share/arduinobot_description/package.dsv'
[4.119s] INFO:colcon.colcon_core.shell:Creating package script '/home/dcole3/GitHub/arduinobot_ws/install/arduinobot_description/share/arduinobot_description/package.sh'
[4.120s] INFO:colcon.colcon_core.shell:Creating package script '/home/dcole3/GitHub/arduinobot_ws/install/arduinobot_description/share/arduinobot_description/package.bash'
[4.120s] INFO:colcon.colcon_core.shell:Creating package script '/home/dcole3/GitHub/arduinobot_ws/install/arduinobot_description/share/arduinobot_description/package.zsh'
[4.121s] Level 1:colcon.colcon_core.environment:create_file_with_runtime_dependencies(/home/dcole3/GitHub/arduinobot_ws/install/arduinobot_description/share/colcon-core/packages/arduinobot_description)
[4.126s] DEBUG:colcon.colcon_core.event_handler.log_command:Invoking command in '/home/dcole3/GitHub/arduinobot_ws/src/arduinobot_py_examples': PYTHONPATH=/home/dcole3/GitHub/arduinobot_ws/build/arduinobot_py_examples/prefix_override:/home/dcole3/GitHub/arduinobot_ws/install/arduinobot_py_examples/lib/python3.10/site-packages:${PYTHONPATH} /usr/bin/python3 setup.py egg_info --egg-base ../../build/arduinobot_py_examples build --build-base /home/dcole3/GitHub/arduinobot_ws/build/arduinobot_py_examples/build install --record /home/dcole3/GitHub/arduinobot_ws/build/arduinobot_py_examples/install.log --single-version-externally-managed
[4.553s] DEBUG:colcon.colcon_core.event_handler.log_command:Invoked command in '/home/dcole3/GitHub/arduinobot_ws/src/arduinobot_py_examples' returned '0': PYTHONPATH=/home/dcole3/GitHub/arduinobot_ws/build/arduinobot_py_examples/prefix_override:/home/dcole3/GitHub/arduinobot_ws/install/arduinobot_py_examples/lib/python3.10/site-packages:${PYTHONPATH} /usr/bin/python3 setup.py egg_info --egg-base ../../build/arduinobot_py_examples build --build-base /home/dcole3/GitHub/arduinobot_ws/build/arduinobot_py_examples/build install --record /home/dcole3/GitHub/arduinobot_ws/build/arduinobot_py_examples/install.log --single-version-externally-managed
[4.575s] Level 1:colcon.colcon_core.environment:checking '/home/dcole3/GitHub/arduinobot_ws/install/arduinobot_py_examples' for CMake module files
[4.576s] Level 1:colcon.colcon_core.environment:checking '/home/dcole3/GitHub/arduinobot_ws/install/arduinobot_py_examples' for CMake config files
[4.580s] Level 1:colcon.colcon_core.environment:checking '/home/dcole3/GitHub/arduinobot_ws/install/arduinobot_py_examples/lib'
[4.580s] Level 1:colcon.colcon_core.environment:checking '/home/dcole3/GitHub/arduinobot_ws/install/arduinobot_py_examples/bin'
[4.580s] Level 1:colcon.colcon_core.environment:checking '/home/dcole3/GitHub/arduinobot_ws/install/arduinobot_py_examples/lib/pkgconfig/arduinobot_py_examples.pc'
[4.580s] Level 1:colcon.colcon_core.environment:checking '/home/dcole3/GitHub/arduinobot_ws/install/arduinobot_py_examples/lib/python3.10/site-packages'
[4.580s] Level 1:colcon.colcon_core.shell:create_environment_hook('arduinobot_py_examples', 'pythonpath')
[4.602s] INFO:colcon.colcon_core.shell:Creating environment hook '/home/dcole3/GitHub/arduinobot_ws/install/arduinobot_py_examples/share/arduinobot_py_examples/hook/pythonpath.ps1'
[4.602s] INFO:colcon.colcon_core.shell:Creating environment descriptor '/home/dcole3/GitHub/arduinobot_ws/install/arduinobot_py_examples/share/arduinobot_py_examples/hook/pythonpath.dsv'
[4.603s] INFO:colcon.colcon_core.shell:Creating environment hook '/home/dcole3/GitHub/arduinobot_ws/install/arduinobot_py_examples/share/arduinobot_py_examples/hook/pythonpath.sh'
[4.604s] Level 1:colcon.colcon_core.environment:checking '/home/dcole3/GitHub/arduinobot_ws/install/arduinobot_py_examples/bin'
[4.604s] Level 1:colcon.colcon_core.environment:create_environment_scripts_only(arduinobot_py_examples)
[4.626s] INFO:colcon.colcon_core.shell:Creating package script '/home/dcole3/GitHub/arduinobot_ws/install/arduinobot_py_examples/share/arduinobot_py_examples/package.ps1'
[4.626s] INFO:colcon.colcon_core.shell:Creating package descriptor '/home/dcole3/GitHub/arduinobot_ws/install/arduinobot_py_examples/share/arduinobot_py_examples/package.dsv'
[4.627s] INFO:colcon.colcon_core.shell:Creating package script '/home/dcole3/GitHub/arduinobot_ws/install/arduinobot_py_examples/share/arduinobot_py_examples/package.sh'
[4.628s] INFO:colcon.colcon_core.shell:Creating package script '/home/dcole3/GitHub/arduinobot_ws/install/arduinobot_py_examples/share/arduinobot_py_examples/package.bash'
[4.628s] INFO:colcon.colcon_core.shell:Creating package script '/home/dcole3/GitHub/arduinobot_ws/install/arduinobot_py_examples/share/arduinobot_py_examples/package.zsh'
[4.629s] Level 1:colcon.colcon_core.environment:create_file_with_runtime_dependencies(/home/dcole3/GitHub/arduinobot_ws/install/arduinobot_py_examples/share/colcon-core/packages/arduinobot_py_examples)
[4.629s] DEBUG:colcon.colcon_parallel_executor.executor.parallel:closing loop
[4.630s] DEBUG:colcon.colcon_parallel_executor.executor.parallel:loop closed
[4.630s] DEBUG:colcon.colcon_parallel_executor.executor.parallel:run_until_complete finished with '0'
[4.630s] DEBUG:colcon.colcon_core.event_reactor:joining thread
[4.663s] INFO:colcon.colcon_core.plugin_system:Skipping extension 'colcon_notification.desktop_notification.terminal_notifier': Not used on non-Darwin systems
[4.663s] INFO:colcon.colcon_core.plugin_system:Skipping extension 'colcon_notification.desktop_notification.win32': Not used on non-Windows systems
[4.663s] INFO:colcon.colcon_notification.desktop_notification:Sending desktop notification using 'notify2'
[4.679s] DEBUG:colcon.colcon_core.event_reactor:joined thread
[4.702s] INFO:colcon.colcon_core.shell:Creating prefix script '/home/dcole3/GitHub/arduinobot_ws/install/local_setup.ps1'
[4.704s] INFO:colcon.colcon_core.shell:Creating prefix util module '/home/dcole3/GitHub/arduinobot_ws/install/_local_setup_util_ps1.py'
[4.707s] INFO:colcon.colcon_core.shell:Creating prefix chain script '/home/dcole3/GitHub/arduinobot_ws/install/setup.ps1'
[4.730s] INFO:colcon.colcon_core.shell:Creating prefix script '/home/dcole3/GitHub/arduinobot_ws/install/local_setup.sh'
[4.731s] INFO:colcon.colcon_core.shell:Creating prefix util module '/home/dcole3/GitHub/arduinobot_ws/install/_local_setup_util_sh.py'
[4.732s] INFO:colcon.colcon_core.shell:Creating prefix chain script '/home/dcole3/GitHub/arduinobot_ws/install/setup.sh'
[4.755s] INFO:colcon.colcon_core.shell:Creating prefix script '/home/dcole3/GitHub/arduinobot_ws/install/local_setup.bash'
[4.755s] INFO:colcon.colcon_core.shell:Creating prefix chain script '/home/dcole3/GitHub/arduinobot_ws/install/setup.bash'
[4.778s] INFO:colcon.colcon_core.shell:Creating prefix script '/home/dcole3/GitHub/arduinobot_ws/install/local_setup.zsh'
[4.779s] INFO:colcon.colcon_core.shell:Creating prefix chain script '/home/dcole3/GitHub/arduinobot_ws/install/setup.zsh'
