[0.267s] Invoking command in '/home/dcole3/GitHub/arduinobot_ws/build/arduinobot_cpp_examples': CMAKE_PREFIX_PATH=/opt/ros/humble /usr/bin/cmake --build /home/dcole3/GitHub/arduinobot_ws/build/arduinobot_cpp_examples -- -j4 -l4
[0.392s] [ 33%] Built target simple_subscriber
[0.398s] [ 66%] Built target simple_publisher
[0.419s] [100%] Built target simple_parameter
[0.871s] Invoked command in '/home/dcole3/GitHub/arduinobot_ws/build/arduinobot_cpp_examples' returned '0': CMAKE_PREFIX_PATH=/opt/ros/humble /usr/bin/cmake --build /home/dcole3/GitHub/arduinobot_ws/build/arduinobot_cpp_examples -- -j4 -l4
[0.947s] Invoking command in '/home/dcole3/GitHub/arduinobot_ws/build/arduinobot_cpp_examples': CMAKE_PREFIX_PATH=/opt/ros/humble /usr/bin/cmake --install /home/dcole3/GitHub/arduinobot_ws/build/arduinobot_cpp_examples
[0.981s] -- Install configuration: ""
[0.982s] -- Up-to-date: /home/dcole3/GitHub/arduinobot_ws/install/arduinobot_cpp_examples/lib/arduinobot_cpp_examples/simple_publisher
[0.982s] -- Up-to-date: /home/dcole3/GitHub/arduinobot_ws/install/arduinobot_cpp_examples/lib/arduinobot_cpp_examples/simple_subscriber
[0.982s] -- Up-to-date: /home/dcole3/GitHub/arduinobot_ws/install/arduinobot_cpp_examples/lib/arduinobot_cpp_examples/simple_parameter
[0.982s] -- Up-to-date: /home/dcole3/GitHub/arduinobot_ws/install/arduinobot_cpp_examples/share/ament_index/resource_index/package_run_dependencies/arduinobot_cpp_examples
[0.982s] -- Up-to-date: /home/dcole3/GitHub/arduinobot_ws/install/arduinobot_cpp_examples/share/ament_index/resource_index/parent_prefix_path/arduinobot_cpp_examples
[0.983s] -- Up-to-date: /home/dcole3/GitHub/arduinobot_ws/install/arduinobot_cpp_examples/share/arduinobot_cpp_examples/environment/ament_prefix_path.sh
[0.983s] -- Up-to-date: /home/dcole3/GitHub/arduinobot_ws/install/arduinobot_cpp_examples/share/arduinobot_cpp_examples/environment/ament_prefix_path.dsv
[0.983s] -- Up-to-date: /home/dcole3/GitHub/arduinobot_ws/install/arduinobot_cpp_examples/share/arduinobot_cpp_examples/environment/path.sh
[0.983s] -- Up-to-date: /home/dcole3/GitHub/arduinobot_ws/install/arduinobot_cpp_examples/share/arduinobot_cpp_examples/environment/path.dsv
[0.983s] -- Up-to-date: /home/dcole3/GitHub/arduinobot_ws/install/arduinobot_cpp_examples/share/arduinobot_cpp_examples/local_setup.bash
[0.983s] -- Up-to-date: /home/dcole3/GitHub/arduinobot_ws/install/arduinobot_cpp_examples/share/arduinobot_cpp_examples/local_setup.sh
[0.984s] -- Up-to-date: /home/dcole3/GitHub/arduinobot_ws/install/arduinobot_cpp_examples/share/arduinobot_cpp_examples/local_setup.zsh
[0.984s] -- Up-to-date: /home/dcole3/GitHub/arduinobot_ws/install/arduinobot_cpp_examples/share/arduinobot_cpp_examples/local_setup.dsv
[0.985s] -- Installing: /home/dcole3/GitHub/arduinobot_ws/install/arduinobot_cpp_examples/share/arduinobot_cpp_examples/package.dsv
[0.985s] -- Up-to-date: /home/dcole3/GitHub/arduinobot_ws/install/arduinobot_cpp_examples/share/ament_index/resource_index/packages/arduinobot_cpp_examples
[0.985s] -- Up-to-date: /home/dcole3/GitHub/arduinobot_ws/install/arduinobot_cpp_examples/share/arduinobot_cpp_examples/cmake/arduinobot_cpp_examplesConfig.cmake
[0.986s] -- Up-to-date: /home/dcole3/GitHub/arduinobot_ws/install/arduinobot_cpp_examples/share/arduinobot_cpp_examples/cmake/arduinobot_cpp_examplesConfig-version.cmake
[0.986s] -- Up-to-date: /home/dcole3/GitHub/arduinobot_ws/install/arduinobot_cpp_examples/share/arduinobot_cpp_examples/package.xml
[1.229s] Invoked command in '/home/dcole3/GitHub/arduinobot_ws/build/arduinobot_cpp_examples' returned '0': CMAKE_PREFIX_PATH=/opt/ros/humble /usr/bin/cmake --install /home/dcole3/GitHub/arduinobot_ws/build/arduinobot_cpp_examples
